<?xml version="1.0" encoding="UTF-8" ?>
<testsuite tests="3" failures="0" name="com.ashutosh.socialhub.UserDAOTestCase" time="1.236" errors="0" skipped="1">
  <properties>
    <property name="java.runtime.name" value="Java(TM) SE Runtime Environment"/>
    <property name="java.vm.version" value="9.0.4+11"/>
    <property name="sun.boot.library.path" value="C:\Program Files\Java\jdk-9.0.4\bin"/>
    <property name="maven.multiModuleProjectDirectory" value="C:\Users\Ashutosh\eclipse-workspace1\SocialHubBackEnd"/>
    <property name="java.vm.vendor" value="Oracle Corporation"/>
    <property name="java.vendor.url" value="http://java.oracle.com/"/>
    <property name="guice.disable.misplaced.annotation.check" value="true"/>
    <property name="path.separator" value=";"/>
    <property name="java.vm.name" value="Java HotSpot(TM) 64-Bit Server VM"/>
    <property name="file.encoding.pkg" value="sun.io"/>
    <property name="sun.os.patch.level" value=""/>
    <property name="user.script" value=""/>
    <property name="user.country" value="IN"/>
    <property name="sun.java.launcher" value="SUN_STANDARD"/>
    <property name="java.vm.specification.name" value="Java Virtual Machine Specification"/>
    <property name="user.dir" value="C:\Users\Ashutosh\eclipse-workspace1\SocialHubBackEnd"/>
    <property name="java.vm.compressedOopsMode" value="32-bit"/>
    <property name="java.runtime.version" value="9.0.4+11"/>
    <property name="java.awt.graphicsenv" value="sun.awt.Win32GraphicsEnvironment"/>
    <property name="os.arch" value="amd64"/>
    <property name="java.io.tmpdir" value="C:\Users\Ashutosh\AppData\Local\Temp\"/>
    <property name="line.separator" value="
"/>
    <property name="java.vm.specification.vendor" value="Oracle Corporation"/>
    <property name="user.variant" value=""/>
    <property name="os.name" value="Windows 10"/>
    <property name="classworlds.conf" value="C:\Users\Ashutosh\eclipse-workspace1\.metadata\.plugins\org.eclipse.m2e.launching\launches\m2conf18011920757181240572.tmp"/>
    <property name="sun.jnu.encoding" value="Cp1252"/>
    <property name="java.library.path" value="C:\Program Files\Java\jdk-9.0.4\bin;C:\WINDOWS\Sun\Java\bin;C:\WINDOWS\system32;C:\WINDOWS;C:\oraclexe\app\oracle\product\11.2.0\server\bin;C:\ProgramData\Oracle\Java\javapath;C:\WINDOWS\system32;C:\WINDOWS;C:\WINDOWS\System32\Wbem;C:\WINDOWS\System32\WindowsPowerShell\v1.0\;C:\Program Files\dotnet\;C:\Program Files\Java\jdk-9.0.4;C:\apache-maven-3.5.3\bin;C:\Program Files\Git\cmd;C:\WINDOWS\System32\OpenSSH\;C:\apache-maven-3.5.3\bin;C:\Program Files\Java\jdk-9.0.4\bin;C:\Users\Ashutosh\AppData\Local\Microsoft\WindowsApps;;."/>
    <property name="jdk.debug" value="release"/>
    <property name="java.class.version" value="53.0"/>
    <property name="java.specification.name" value="Java Platform API Specification"/>
    <property name="sun.management.compiler" value="HotSpot 64-Bit Tiered Compilers"/>
    <property name="os.version" value="10.0"/>
    <property name="user.home" value="C:\Users\Ashutosh"/>
    <property name="user.timezone" value="Asia/Calcutta"/>
    <property name="java.awt.printerjob" value="sun.awt.windows.WPrinterJob"/>
    <property name="file.encoding" value="Cp1252"/>
    <property name="java.specification.version" value="9"/>
    <property name="user.name" value="Ashutosh"/>
    <property name="java.class.path" value="C:\eclipse\plugins\org.eclipse.m2e.maven.runtime_1.8.3.20180227-2135\jars\plexus-classworlds-2.5.2.jar"/>
    <property name="java.vm.specification.version" value="9"/>
    <property name="sun.arch.data.model" value="64"/>
    <property name="sun.java.command" value="org.codehaus.plexus.classworlds.launcher.Launcher -B install"/>
    <property name="java.home" value="C:\Program Files\Java\jdk-9.0.4"/>
    <property name="user.language" value="en"/>
    <property name="java.specification.vendor" value="Oracle Corporation"/>
    <property name="awt.toolkit" value="sun.awt.windows.WToolkit"/>
    <property name="java.vm.info" value="mixed mode"/>
    <property name="java.version" value="9.0.4"/>
    <property name="java.vendor" value="Oracle Corporation"/>
    <property name="maven.home" value="C:\Users\Ashutosh\eclipse-workspace1\SocialHubBackEnd\EMBEDDED"/>
    <property name="file.separator" value="\"/>
    <property name="java.vendor.url.bug" value="http://bugreport.java.com/bugreport/"/>
    <property name="sun.io.unicode.encoding" value="UnicodeLittle"/>
    <property name="sun.cpu.endian" value="little"/>
    <property name="sun.desktop" value="windows"/>
    <property name="sun.cpu.isalist" value="amd64"/>
  </properties>
  <testcase classname="com.ashutosh.socialhub.UserDAOTestCase" name="UpdateUserDetailTest" time="1.021">
    <skipped/>
    <system-out>11:31:59.781 [main] DEBUG org.springframework.core.env.StandardEnvironment - Adding PropertySource &apos;systemProperties&apos; with lowest search precedence
11:31:59.781 [main] DEBUG org.springframework.core.env.StandardEnvironment - Adding PropertySource &apos;systemEnvironment&apos; with lowest search precedence
11:31:59.782 [main] DEBUG org.springframework.core.env.StandardEnvironment - Initialized StandardEnvironment with PropertySources [MapPropertySource@10624116 {name=&apos;systemProperties&apos;, properties={sun.desktop=windows, awt.toolkit=sun.awt.windows.WToolkit, java.specification.version=9, file.encoding.pkg=sun.io, sun.cpu.isalist=amd64, sun.jnu.encoding=Cp1252, java.class.path=C:\Users\Ashutosh\eclipse-workspace1\SocialHubBackEnd\target\test-classes;C:\Users\Ashutosh\eclipse-workspace1\SocialHubBackEnd\target\classes;C:\Users\Ashutosh\.m2\repository\org\springframework\spring-core\5.0.4.RELEASE\spring-core-5.0.4.RELEASE.jar;C:\Users\Ashutosh\.m2\repository\org\springframework\spring-jcl\5.0.4.RELEASE\spring-jcl-5.0.4.RELEASE.jar;C:\Users\Ashutosh\.m2\repository\org\springframework\spring-context\5.0.4.RELEASE\spring-context-5.0.4.RELEASE.jar;C:\Users\Ashutosh\.m2\repository\org\springframework\spring-aop\5.0.4.RELEASE\spring-aop-5.0.4.RELEASE.jar;C:\Users\Ashutosh\.m2\repository\org\springframework\spring-beans\5.0.4.RELEASE\spring-beans-5.0.4.RELEASE.jar;C:\Users\Ashutosh\.m2\repository\org\springframework\spring-expression\5.0.4.RELEASE\spring-expression-5.0.4.RELEASE.jar;C:\Users\Ashutosh\.m2\repository\org\hibernate\hibernate-core\5.2.13.Final\hibernate-core-5.2.13.Final.jar;C:\Users\Ashutosh\.m2\repository\org\jboss\logging\jboss-logging\3.3.1.Final\jboss-logging-3.3.1.Final.jar;C:\Users\Ashutosh\.m2\repository\org\hibernate\javax\persistence\hibernate-jpa-2.1-api\1.0.0.Final\hibernate-jpa-2.1-api-1.0.0.Final.jar;C:\Users\Ashutosh\.m2\repository\org\javassist\javassist\3.22.0-GA\javassist-3.22.0-GA.jar;C:\Users\Ashutosh\.m2\repository\antlr\antlr\2.7.7\antlr-2.7.7.jar;C:\Users\Ashutosh\.m2\repository\org\jboss\spec\javax\transaction\jboss-transaction-api_1.2_spec\1.0.1.Final\jboss-transaction-api_1.2_spec-1.0.1.Final.jar;C:\Users\Ashutosh\.m2\repository\org\jboss\jandex\2.0.3.Final\jandex-2.0.3.Final.jar;C:\Users\Ashutosh\.m2\repository\com\fasterxml\classmate\1.3.0\classmate-1.3.0.jar;C:\Users\Ashutosh\.m2\repository\dom4j\dom4j\1.6.1\dom4j-1.6.1.jar;C:\Users\Ashutosh\.m2\repository\org\hibernate\common\hibernate-commons-annotations\5.0.1.Final\hibernate-commons-annotations-5.0.1.Final.jar;C:\Users\Ashutosh\.m2\repository\org\springframework\spring-orm\5.0.4.RELEASE\spring-orm-5.0.4.RELEASE.jar;C:\Users\Ashutosh\.m2\repository\org\springframework\spring-jdbc\5.0.4.RELEASE\spring-jdbc-5.0.4.RELEASE.jar;C:\Users\Ashutosh\.m2\repository\org\springframework\spring-tx\5.0.4.RELEASE\spring-tx-5.0.4.RELEASE.jar;C:\Users\Ashutosh\.m2\repository\junit\junit\4.12\junit-4.12.jar;C:\Users\Ashutosh\.m2\repository\org\hamcrest\hamcrest-core\1.3\hamcrest-core-1.3.jar;C:\Users\Ashutosh\.m2\repository\com\oracle\ojdbc6\11.2.0\ojdbc6-11.2.0.jar;C:\Users\Ashutosh\.m2\repository\org\slf4j\slf4j-api\1.7.25\slf4j-api-1.7.25.jar;C:\Users\Ashutosh\.m2\repository\javax\xml\bind\jaxb-api\2.3.0\jaxb-api-2.3.0.jar;C:\Users\Ashutosh\.m2\repository\ch\qos\logback\logback-classic\1.2.3\logback-classic-1.2.3.jar;C:\Users\Ashutosh\.m2\repository\ch\qos\logback\logback-core\1.2.3\logback-core-1.2.3.jar;C:\Users\Ashutosh\.m2\repository\com\fasterxml\jackson\core\jackson-databind\2.9.5\jackson-databind-2.9.5.jar;C:\Users\Ashutosh\.m2\repository\com\fasterxml\jackson\core\jackson-annotations\2.9.0\jackson-annotations-2.9.0.jar;C:\Users\Ashutosh\.m2\repository\com\fasterxml\jackson\core\jackson-core\2.9.5\jackson-core-2.9.5.jar;, java.vm.vendor=Oracle Corporation, sun.arch.data.model=64, user.variant=, java.vendor.url=http://java.oracle.com/, user.timezone=Asia/Calcutta, os.name=Windows 10, java.vm.specification.version=9, sun.java.launcher=SUN_STANDARD, user.country=IN, sun.boot.library.path=C:\Program Files\Java\jdk-9.0.4\bin, sun.java.command=C:\Users\Ashutosh\eclipse-workspace1\SocialHubBackEnd\target\surefire\surefirebooter9580665172787951511.jar C:\Users\Ashutosh\eclipse-workspace1\SocialHubBackEnd\target\surefire\surefire17604293487585802327tmp C:\Users\Ashutosh\eclipse-workspace1\SocialHubBackEnd\target\surefire\surefire_016517866731660405499tmp, jdk.debug=release, surefire.test.class.path=C:\Users\Ashutosh\eclipse-workspace1\SocialHubBackEnd\target\test-classes;C:\Users\Ashutosh\eclipse-workspace1\SocialHubBackEnd\target\classes;C:\Users\Ashutosh\.m2\repository\org\springframework\spring-core\5.0.4.RELEASE\spring-core-5.0.4.RELEASE.jar;C:\Users\Ashutosh\.m2\repository\org\springframework\spring-jcl\5.0.4.RELEASE\spring-jcl-5.0.4.RELEASE.jar;C:\Users\Ashutosh\.m2\repository\org\springframework\spring-context\5.0.4.RELEASE\spring-context-5.0.4.RELEASE.jar;C:\Users\Ashutosh\.m2\repository\org\springframework\spring-aop\5.0.4.RELEASE\spring-aop-5.0.4.RELEASE.jar;C:\Users\Ashutosh\.m2\repository\org\springframework\spring-beans\5.0.4.RELEASE\spring-beans-5.0.4.RELEASE.jar;C:\Users\Ashutosh\.m2\repository\org\springframework\spring-expression\5.0.4.RELEASE\spring-expression-5.0.4.RELEASE.jar;C:\Users\Ashutosh\.m2\repository\org\hibernate\hibernate-core\5.2.13.Final\hibernate-core-5.2.13.Final.jar;C:\Users\Ashutosh\.m2\repository\org\jboss\logging\jboss-logging\3.3.1.Final\jboss-logging-3.3.1.Final.jar;C:\Users\Ashutosh\.m2\repository\org\hibernate\javax\persistence\hibernate-jpa-2.1-api\1.0.0.Final\hibernate-jpa-2.1-api-1.0.0.Final.jar;C:\Users\Ashutosh\.m2\repository\org\javassist\javassist\3.22.0-GA\javassist-3.22.0-GA.jar;C:\Users\Ashutosh\.m2\repository\antlr\antlr\2.7.7\antlr-2.7.7.jar;C:\Users\Ashutosh\.m2\repository\org\jboss\spec\javax\transaction\jboss-transaction-api_1.2_spec\1.0.1.Final\jboss-transaction-api_1.2_spec-1.0.1.Final.jar;C:\Users\Ashutosh\.m2\repository\org\jboss\jandex\2.0.3.Final\jandex-2.0.3.Final.jar;C:\Users\Ashutosh\.m2\repository\com\fasterxml\classmate\1.3.0\classmate-1.3.0.jar;C:\Users\Ashutosh\.m2\repository\dom4j\dom4j\1.6.1\dom4j-1.6.1.jar;C:\Users\Ashutosh\.m2\repository\org\hibernate\common\hibernate-commons-annotations\5.0.1.Final\hibernate-commons-annotations-5.0.1.Final.jar;C:\Users\Ashutosh\.m2\repository\org\springframework\spring-orm\5.0.4.RELEASE\spring-orm-5.0.4.RELEASE.jar;C:\Users\Ashutosh\.m2\repository\org\springframework\spring-jdbc\5.0.4.RELEASE\spring-jdbc-5.0.4.RELEASE.jar;C:\Users\Ashutosh\.m2\repository\org\springframework\spring-tx\5.0.4.RELEASE\spring-tx-5.0.4.RELEASE.jar;C:\Users\Ashutosh\.m2\repository\junit\junit\4.12\junit-4.12.jar;C:\Users\Ashutosh\.m2\repository\org\hamcrest\hamcrest-core\1.3\hamcrest-core-1.3.jar;C:\Users\Ashutosh\.m2\repository\com\oracle\ojdbc6\11.2.0\ojdbc6-11.2.0.jar;C:\Users\Ashutosh\.m2\repository\org\slf4j\slf4j-api\1.7.25\slf4j-api-1.7.25.jar;C:\Users\Ashutosh\.m2\repository\javax\xml\bind\jaxb-api\2.3.0\jaxb-api-2.3.0.jar;C:\Users\Ashutosh\.m2\repository\ch\qos\logback\logback-classic\1.2.3\logback-classic-1.2.3.jar;C:\Users\Ashutosh\.m2\repository\ch\qos\logback\logback-core\1.2.3\logback-core-1.2.3.jar;C:\Users\Ashutosh\.m2\repository\com\fasterxml\jackson\core\jackson-databind\2.9.5\jackson-databind-2.9.5.jar;C:\Users\Ashutosh\.m2\repository\com\fasterxml\jackson\core\jackson-annotations\2.9.0\jackson-annotations-2.9.0.jar;C:\Users\Ashutosh\.m2\repository\com\fasterxml\jackson\core\jackson-core\2.9.5\jackson-core-2.9.5.jar;, sun.cpu.endian=little, user.home=C:\Users\Ashutosh, user.language=en, java.specification.vendor=Oracle Corporation, java.home=C:\Program Files\Java\jdk-9.0.4, file.separator=\, basedir=C:\Users\Ashutosh\eclipse-workspace1\SocialHubBackEnd, java.vm.compressedOopsMode=32-bit, line.separator=
, java.vm.specification.vendor=Oracle Corporation, java.specification.name=Java Platform API Specification, java.awt.graphicsenv=sun.awt.Win32GraphicsEnvironment, surefire.real.class.path=C:\Users\Ashutosh\eclipse-workspace1\SocialHubBackEnd\target\surefire\surefirebooter9580665172787951511.jar, user.script=, sun.management.compiler=HotSpot 64-Bit Tiered Compilers, java.runtime.version=9.0.4+11, user.name=Ashutosh, path.separator=;, os.version=10.0, java.runtime.name=Java(TM) SE Runtime Environment, file.encoding=Cp1252, java.vm.name=Java HotSpot(TM) 64-Bit Server VM, localRepository=C:\Users\Ashutosh\.m2\repository, java.vendor.url.bug=http://bugreport.java.com/bugreport/, java.io.tmpdir=C:\Users\Ashutosh\AppData\Local\Temp\, java.version=9.0.4, user.dir=C:\Users\Ashutosh\eclipse-workspace1\SocialHubBackEnd, os.arch=amd64, java.vm.specification.name=Java Virtual Machine Specification, java.awt.printerjob=sun.awt.windows.WPrinterJob, sun.os.patch.level=, java.library.path=C:\Program Files\Java\jdk-9.0.4\bin;C:\WINDOWS\Sun\Java\bin;C:\WINDOWS\system32;C:\WINDOWS;C:\oraclexe\app\oracle\product\11.2.0\server\bin;C:\ProgramData\Oracle\Java\javapath;C:\WINDOWS\system32;C:\WINDOWS;C:\WINDOWS\System32\Wbem;C:\WINDOWS\System32\WindowsPowerShell\v1.0\;C:\Program Files\dotnet\;C:\Program Files\Java\jdk-9.0.4;C:\apache-maven-3.5.3\bin;C:\Program Files\Git\cmd;C:\WINDOWS\System32\OpenSSH\;C:\apache-maven-3.5.3\bin;C:\Program Files\Java\jdk-9.0.4\bin;C:\Users\Ashutosh\AppData\Local\Microsoft\WindowsApps;;., java.vm.info=mixed mode, java.vendor=Oracle Corporation, java.vm.version=9.0.4+11, sun.io.unicode.encoding=UnicodeLittle, java.class.version=53.0}}, SystemEnvironmentPropertySource@193598542 {name=&apos;systemEnvironment&apos;, properties={PATH=C:\oraclexe\app\oracle\product\11.2.0\server\bin;C:\ProgramData\Oracle\Java\javapath;C:\WINDOWS\system32;C:\WINDOWS;C:\WINDOWS\System32\Wbem;C:\WINDOWS\System32\WindowsPowerShell\v1.0\;C:\Program Files\dotnet\;C:\Program Files\Java\jdk-9.0.4;C:\apache-maven-3.5.3\bin;C:\Program Files\Git\cmd;C:\WINDOWS\System32\OpenSSH\;C:\apache-maven-3.5.3\bin;C:\Program Files\Java\jdk-9.0.4\bin;C:\Users\Ashutosh\AppData\Local\Microsoft\WindowsApps;, USERDOMAIN_ROAMINGPROFILE=DESKTOP-UOVIHKU, LOCALAPPDATA=C:\Users\Ashutosh\AppData\Local, PROCESSOR_LEVEL=6, SYSTEMDRIVE=C:, COMMONPROGRAMFILES(X86)=C:\Program Files (x86)\Common Files, USERDOMAIN=DESKTOP-UOVIHKU, FPS_BROWSER_APP_PROFILE_STRING=Internet Explorer, LOGONSERVER=\\DESKTOP-UOVIHKU, JAVA_HOME=C:\Program Files\Java\jdk-9.0.4, PROMPT=$P$G, SESSIONNAME=Console, ALLUSERSPROFILE=C:\ProgramData, PROGRAMFILES(X86)=C:\Program Files (x86), PROCESSOR_ARCHITECTURE=AMD64, DRIVERDATA=C:\Windows\System32\Drivers\DriverData, PROGRAMFILES=C:\Program Files, =C:=C:\Users\Ashutosh\eclipse-workspace1\SocialHubBackEnd, APPDATA=C:\Users\Ashutosh\AppData\Roaming, PSMODULEPATH=C:\Program Files\WindowsPowerShell\Modules;C:\WINDOWS\system32\WindowsPowerShell\v1.0\Modules, PROGRAMW6432=C:\Program Files, PROGRAMDATA=C:\ProgramData, SYSTEMROOT=C:\WINDOWS, USERNAME=Ashutosh, FPS_BROWSER_USER_PROFILE_STRING=Default, ONEDRIVE=C:\Users\Ashutosh\OneDrive, PATHEXT=.COM;.EXE;.BAT;.CMD;.VBS;.VBE;.JS;.JSE;.WSF;.WSH;.MSC, OS=Windows_NT, COMMONPROGRAMW6432=C:\Program Files\Common Files, COMPUTERNAME=DESKTOP-UOVIHKU, COMMONPROGRAMFILES=C:\Program Files\Common Files, COMSPEC=C:\WINDOWS\system32\cmd.exe, PROCESSOR_REVISION=2505, WINDIR=C:\WINDOWS, HOMEPATH=\Users\Ashutosh, TEMP=C:\Users\Ashutosh\AppData\Local\Temp, HOMEDRIVE=C:, PROCESSOR_IDENTIFIER=Intel64 Family 6 Model 37 Stepping 5, GenuineIntel, USERPROFILE=C:\Users\Ashutosh, TMP=C:\Users\Ashutosh\AppData\Local\Temp, M2_HOME=C:\apache-maven-3.5.3;, PUBLIC=C:\Users\Public, NUMBER_OF_PROCESSORS=4, =::=::\}}]
11:31:59.784 [main] DEBUG org.springframework.core.io.support.PathMatchingResourcePatternResolver - Resolved classpath location [com/ashutosh/] to resources [URL [file:/C:/Users/Ashutosh/eclipse-workspace1/SocialHubBackEnd/target/test-classes/com/ashutosh/], URL [file:/C:/Users/Ashutosh/eclipse-workspace1/SocialHubBackEnd/target/classes/com/ashutosh/]]
11:31:59.785 [main] DEBUG org.springframework.core.io.support.PathMatchingResourcePatternResolver - Looking for matching resources in directory tree [C:\Users\Ashutosh\eclipse-workspace1\SocialHubBackEnd\target\test-classes\com\ashutosh]
11:31:59.785 [main] DEBUG org.springframework.core.io.support.PathMatchingResourcePatternResolver - Searching directory [C:\Users\Ashutosh\eclipse-workspace1\SocialHubBackEnd\target\test-classes\com\ashutosh] for files matching pattern [C:/Users/Ashutosh/eclipse-workspace1/SocialHubBackEnd/target/test-classes/com/ashutosh/**/*.class]
11:31:59.786 [main] DEBUG org.springframework.core.io.support.PathMatchingResourcePatternResolver - Searching directory [C:\Users\Ashutosh\eclipse-workspace1\SocialHubBackEnd\target\test-classes\com\ashutosh\socialhub] for files matching pattern [C:/Users/Ashutosh/eclipse-workspace1/SocialHubBackEnd/target/test-classes/com/ashutosh/**/*.class]
11:31:59.787 [main] DEBUG org.springframework.core.io.support.PathMatchingResourcePatternResolver - Looking for matching resources in directory tree [C:\Users\Ashutosh\eclipse-workspace1\SocialHubBackEnd\target\classes\com\ashutosh]
11:31:59.788 [main] DEBUG org.springframework.core.io.support.PathMatchingResourcePatternResolver - Searching directory [C:\Users\Ashutosh\eclipse-workspace1\SocialHubBackEnd\target\classes\com\ashutosh] for files matching pattern [C:/Users/Ashutosh/eclipse-workspace1/SocialHubBackEnd/target/classes/com/ashutosh/**/*.class]
11:31:59.788 [main] DEBUG org.springframework.core.io.support.PathMatchingResourcePatternResolver - Searching directory [C:\Users\Ashutosh\eclipse-workspace1\SocialHubBackEnd\target\classes\com\ashutosh\socialhub] for files matching pattern [C:/Users/Ashutosh/eclipse-workspace1/SocialHubBackEnd/target/classes/com/ashutosh/**/*.class]
11:31:59.789 [main] DEBUG org.springframework.core.io.support.PathMatchingResourcePatternResolver - Searching directory [C:\Users\Ashutosh\eclipse-workspace1\SocialHubBackEnd\target\classes\com\ashutosh\socialhub\config] for files matching pattern [C:/Users/Ashutosh/eclipse-workspace1/SocialHubBackEnd/target/classes/com/ashutosh/**/*.class]
11:31:59.789 [main] DEBUG org.springframework.core.io.support.PathMatchingResourcePatternResolver - Searching directory [C:\Users\Ashutosh\eclipse-workspace1\SocialHubBackEnd\target\classes\com\ashutosh\socialhub\dao] for files matching pattern [C:/Users/Ashutosh/eclipse-workspace1/SocialHubBackEnd/target/classes/com/ashutosh/**/*.class]
11:31:59.790 [main] DEBUG org.springframework.core.io.support.PathMatchingResourcePatternResolver - Searching directory [C:\Users\Ashutosh\eclipse-workspace1\SocialHubBackEnd\target\classes\com\ashutosh\socialhub\dao\impl] for files matching pattern [C:/Users/Ashutosh/eclipse-workspace1/SocialHubBackEnd/target/classes/com/ashutosh/**/*.class]
11:31:59.792 [main] DEBUG org.springframework.core.io.support.PathMatchingResourcePatternResolver - Searching directory [C:\Users\Ashutosh\eclipse-workspace1\SocialHubBackEnd\target\classes\com\ashutosh\socialhub\domain] for files matching pattern [C:/Users/Ashutosh/eclipse-workspace1/SocialHubBackEnd/target/classes/com/ashutosh/**/*.class]
11:31:59.794 [main] DEBUG org.springframework.core.io.support.PathMatchingResourcePatternResolver - Resolved location pattern [classpath*:com/ashutosh/**/*.class] to resources [file [C:\Users\Ashutosh\eclipse-workspace1\SocialHubBackEnd\target\test-classes\com\ashutosh\socialhub\BlogcommentTestCase.class], file [C:\Users\Ashutosh\eclipse-workspace1\SocialHubBackEnd\target\test-classes\com\ashutosh\socialhub\BlogDAOTestCase.class], file [C:\Users\Ashutosh\eclipse-workspace1\SocialHubBackEnd\target\test-classes\com\ashutosh\socialhub\ForumCommentTestCase.class], file [C:\Users\Ashutosh\eclipse-workspace1\SocialHubBackEnd\target\test-classes\com\ashutosh\socialhub\ForumDAOTestCase.class], file [C:\Users\Ashutosh\eclipse-workspace1\SocialHubBackEnd\target\test-classes\com\ashutosh\socialhub\FriendDAOTestCase.class], file [C:\Users\Ashutosh\eclipse-workspace1\SocialHubBackEnd\target\test-classes\com\ashutosh\socialhub\JobDetailDAOTestCase.class], file [C:\Users\Ashutosh\eclipse-workspace1\SocialHubBackEnd\target\test-classes\com\ashutosh\socialhub\UserDAOTestCase.class], file [C:\Users\Ashutosh\eclipse-workspace1\SocialHubBackEnd\target\classes\com\ashutosh\socialhub\config\ApplicationContextConfig.class], file [C:\Users\Ashutosh\eclipse-workspace1\SocialHubBackEnd\target\classes\com\ashutosh\socialhub\dao\BlogcommentDAO.class], file [C:\Users\Ashutosh\eclipse-workspace1\SocialHubBackEnd\target\classes\com\ashutosh\socialhub\dao\BlogDAO.class], file [C:\Users\Ashutosh\eclipse-workspace1\SocialHubBackEnd\target\classes\com\ashutosh\socialhub\dao\ForumCommentDAO.class], file [C:\Users\Ashutosh\eclipse-workspace1\SocialHubBackEnd\target\classes\com\ashutosh\socialhub\dao\ForumDAO.class], file [C:\Users\Ashutosh\eclipse-workspace1\SocialHubBackEnd\target\classes\com\ashutosh\socialhub\dao\FriendDAO.class], file [C:\Users\Ashutosh\eclipse-workspace1\SocialHubBackEnd\target\classes\com\ashutosh\socialhub\dao\impl\BlogcommentDAOImpl.class], file [C:\Users\Ashutosh\eclipse-workspace1\SocialHubBackEnd\target\classes\com\ashutosh\socialhub\dao\impl\BlogDAOImpl.class], file [C:\Users\Ashutosh\eclipse-workspace1\SocialHubBackEnd\target\classes\com\ashutosh\socialhub\dao\impl\ForumCommentDAOImpl.class], file [C:\Users\Ashutosh\eclipse-workspace1\SocialHubBackEnd\target\classes\com\ashutosh\socialhub\dao\impl\ForumDAOImpl.class], file [C:\Users\Ashutosh\eclipse-workspace1\SocialHubBackEnd\target\classes\com\ashutosh\socialhub\dao\impl\FriendDAOImpl.class], file [C:\Users\Ashutosh\eclipse-workspace1\SocialHubBackEnd\target\classes\com\ashutosh\socialhub\dao\impl\JobDetailDAOImpl.class], file [C:\Users\Ashutosh\eclipse-workspace1\SocialHubBackEnd\target\classes\com\ashutosh\socialhub\dao\impl\ProfilePictureDAOImpl.class], file [C:\Users\Ashutosh\eclipse-workspace1\SocialHubBackEnd\target\classes\com\ashutosh\socialhub\dao\impl\UserDAOImpl.class], file [C:\Users\Ashutosh\eclipse-workspace1\SocialHubBackEnd\target\classes\com\ashutosh\socialhub\dao\JobDetailDAO.class], file [C:\Users\Ashutosh\eclipse-workspace1\SocialHubBackEnd\target\classes\com\ashutosh\socialhub\dao\ProfilePictureDAO.class], file [C:\Users\Ashutosh\eclipse-workspace1\SocialHubBackEnd\target\classes\com\ashutosh\socialhub\dao\UserDAO.class], file [C:\Users\Ashutosh\eclipse-workspace1\SocialHubBackEnd\target\classes\com\ashutosh\socialhub\domain\Blog.class], file [C:\Users\Ashutosh\eclipse-workspace1\SocialHubBackEnd\target\classes\com\ashutosh\socialhub\domain\Blogcomment.class], file [C:\Users\Ashutosh\eclipse-workspace1\SocialHubBackEnd\target\classes\com\ashutosh\socialhub\domain\Forum.class], file [C:\Users\Ashutosh\eclipse-workspace1\SocialHubBackEnd\target\classes\com\ashutosh\socialhub\domain\ForumComment.class], file [C:\Users\Ashutosh\eclipse-workspace1\SocialHubBackEnd\target\classes\com\ashutosh\socialhub\domain\Friend.class], file [C:\Users\Ashutosh\eclipse-workspace1\SocialHubBackEnd\target\classes\com\ashutosh\socialhub\domain\JobDetail.class], file [C:\Users\Ashutosh\eclipse-workspace1\SocialHubBackEnd\target\classes\com\ashutosh\socialhub\domain\ProfileImage.class], file [C:\Users\Ashutosh\eclipse-workspace1\SocialHubBackEnd\target\classes\com\ashutosh\socialhub\domain\UserDetail.class]]
11:31:59.907 [main] DEBUG org.springframework.context.annotation.ClassPathBeanDefinitionScanner - Identified candidate component class: file [C:\Users\Ashutosh\eclipse-workspace1\SocialHubBackEnd\target\classes\com\ashutosh\socialhub\config\ApplicationContextConfig.class]
11:31:59.925 [main] DEBUG org.springframework.context.annotation.ClassPathBeanDefinitionScanner - Identified candidate component class: file [C:\Users\Ashutosh\eclipse-workspace1\SocialHubBackEnd\target\classes\com\ashutosh\socialhub\dao\impl\BlogcommentDAOImpl.class]
11:31:59.930 [main] DEBUG org.springframework.context.annotation.ClassPathBeanDefinitionScanner - Identified candidate component class: file [C:\Users\Ashutosh\eclipse-workspace1\SocialHubBackEnd\target\classes\com\ashutosh\socialhub\dao\impl\BlogDAOImpl.class]
11:31:59.941 [main] DEBUG org.springframework.context.annotation.ClassPathBeanDefinitionScanner - Identified candidate component class: file [C:\Users\Ashutosh\eclipse-workspace1\SocialHubBackEnd\target\classes\com\ashutosh\socialhub\dao\impl\ForumCommentDAOImpl.class]
11:31:59.948 [main] DEBUG org.springframework.context.annotation.ClassPathBeanDefinitionScanner - Identified candidate component class: file [C:\Users\Ashutosh\eclipse-workspace1\SocialHubBackEnd\target\classes\com\ashutosh\socialhub\dao\impl\ForumDAOImpl.class]
11:31:59.990 [main] DEBUG org.springframework.context.annotation.ClassPathBeanDefinitionScanner - Identified candidate component class: file [C:\Users\Ashutosh\eclipse-workspace1\SocialHubBackEnd\target\classes\com\ashutosh\socialhub\dao\impl\FriendDAOImpl.class]
11:31:59.998 [main] DEBUG org.springframework.context.annotation.ClassPathBeanDefinitionScanner - Identified candidate component class: file [C:\Users\Ashutosh\eclipse-workspace1\SocialHubBackEnd\target\classes\com\ashutosh\socialhub\dao\impl\JobDetailDAOImpl.class]
11:32:00.004 [main] DEBUG org.springframework.context.annotation.ClassPathBeanDefinitionScanner - Identified candidate component class: file [C:\Users\Ashutosh\eclipse-workspace1\SocialHubBackEnd\target\classes\com\ashutosh\socialhub\dao\impl\ProfilePictureDAOImpl.class]
11:32:00.010 [main] DEBUG org.springframework.context.annotation.ClassPathBeanDefinitionScanner - Identified candidate component class: file [C:\Users\Ashutosh\eclipse-workspace1\SocialHubBackEnd\target\classes\com\ashutosh\socialhub\dao\impl\UserDAOImpl.class]
11:32:00.012 [main] DEBUG org.springframework.context.annotation.ClassPathBeanDefinitionScanner - Ignored because not a concrete top-level class: file [C:\Users\Ashutosh\eclipse-workspace1\SocialHubBackEnd\target\classes\com\ashutosh\socialhub\dao\ProfilePictureDAO.class]
11:32:00.019 [main] DEBUG org.springframework.context.annotation.ClassPathBeanDefinitionScanner - Identified candidate component class: file [C:\Users\Ashutosh\eclipse-workspace1\SocialHubBackEnd\target\classes\com\ashutosh\socialhub\domain\Blog.class]
11:32:00.033 [main] DEBUG org.springframework.context.annotation.ClassPathBeanDefinitionScanner - Identified candidate component class: file [C:\Users\Ashutosh\eclipse-workspace1\SocialHubBackEnd\target\classes\com\ashutosh\socialhub\domain\Blogcomment.class]
11:32:00.034 [main] DEBUG org.springframework.context.annotation.ClassPathBeanDefinitionScanner - Identified candidate component class: file [C:\Users\Ashutosh\eclipse-workspace1\SocialHubBackEnd\target\classes\com\ashutosh\socialhub\domain\Forum.class]
11:32:00.049 [main] DEBUG org.springframework.context.annotation.ClassPathBeanDefinitionScanner - Identified candidate component class: file [C:\Users\Ashutosh\eclipse-workspace1\SocialHubBackEnd\target\classes\com\ashutosh\socialhub\domain\ForumComment.class]
11:32:00.049 [main] DEBUG org.springframework.context.annotation.ClassPathBeanDefinitionScanner - Identified candidate component class: file [C:\Users\Ashutosh\eclipse-workspace1\SocialHubBackEnd\target\classes\com\ashutosh\socialhub\domain\Friend.class]
11:32:00.056 [main] DEBUG org.springframework.context.annotation.ClassPathBeanDefinitionScanner - Identified candidate component class: file [C:\Users\Ashutosh\eclipse-workspace1\SocialHubBackEnd\target\classes\com\ashutosh\socialhub\domain\JobDetail.class]
11:32:00.057 [main] DEBUG org.springframework.context.annotation.ClassPathBeanDefinitionScanner - Identified candidate component class: file [C:\Users\Ashutosh\eclipse-workspace1\SocialHubBackEnd\target\classes\com\ashutosh\socialhub\domain\ProfileImage.class]
11:32:00.058 [main] DEBUG org.springframework.context.annotation.ClassPathBeanDefinitionScanner - Identified candidate component class: file [C:\Users\Ashutosh\eclipse-workspace1\SocialHubBackEnd\target\classes\com\ashutosh\socialhub\domain\UserDetail.class]
11:32:00.059 [main] INFO org.springframework.context.annotation.AnnotationConfigApplicationContext - Refreshing org.springframework.context.annotation.AnnotationConfigApplicationContext@7772d266: startup date [Fri Jul 06 11:32:00 IST 2018]; root of context hierarchy
11:32:00.060 [main] DEBUG org.springframework.context.annotation.AnnotationConfigApplicationContext - Bean factory for org.springframework.context.annotation.AnnotationConfigApplicationContext@7772d266: org.springframework.beans.factory.support.DefaultListableBeanFactory@41f785e3: defining beans [org.springframework.context.annotation.internalConfigurationAnnotationProcessor,org.springframework.context.annotation.internalAutowiredAnnotationProcessor,org.springframework.context.annotation.internalRequiredAnnotationProcessor,org.springframework.context.annotation.internalPersistenceAnnotationProcessor,org.springframework.context.event.internalEventListenerProcessor,org.springframework.context.event.internalEventListenerFactory,applicationContextConfig,blogcommentDAO,blogDAO,forumcommentDAO,forumDAO,friendDAO,jobdetailDAO,profilepictureDAO,userDAO,blog,blogcomment,forum,forumComment,friend,jobDetail,profileImage,userDetail]; root of factory hierarchy
11:32:00.061 [main] DEBUG org.springframework.beans.factory.support.DefaultListableBeanFactory - Creating shared instance of singleton bean &apos;org.springframework.context.annotation.internalConfigurationAnnotationProcessor&apos;
11:32:00.061 [main] DEBUG org.springframework.beans.factory.support.DefaultListableBeanFactory - Creating instance of bean &apos;org.springframework.context.annotation.internalConfigurationAnnotationProcessor&apos;
11:32:00.061 [main] DEBUG org.springframework.beans.factory.support.DefaultListableBeanFactory - Eagerly caching bean &apos;org.springframework.context.annotation.internalConfigurationAnnotationProcessor&apos; to allow for resolving potential circular references
11:32:00.061 [main] DEBUG org.springframework.beans.factory.support.DefaultListableBeanFactory - Finished creating instance of bean &apos;org.springframework.context.annotation.internalConfigurationAnnotationProcessor&apos;
11:32:00.066 [main] DEBUG org.springframework.core.io.support.PathMatchingResourcePatternResolver - Resolved classpath location [com/ashutosh/] to resources [URL [file:/C:/Users/Ashutosh/eclipse-workspace1/SocialHubBackEnd/target/test-classes/com/ashutosh/], URL [file:/C:/Users/Ashutosh/eclipse-workspace1/SocialHubBackEnd/target/classes/com/ashutosh/]]
11:32:00.066 [main] DEBUG org.springframework.core.io.support.PathMatchingResourcePatternResolver - Looking for matching resources in directory tree [C:\Users\Ashutosh\eclipse-workspace1\SocialHubBackEnd\target\test-classes\com\ashutosh]
11:32:00.066 [main] DEBUG org.springframework.core.io.support.PathMatchingResourcePatternResolver - Searching directory [C:\Users\Ashutosh\eclipse-workspace1\SocialHubBackEnd\target\test-classes\com\ashutosh] for files matching pattern [C:/Users/Ashutosh/eclipse-workspace1/SocialHubBackEnd/target/test-classes/com/ashutosh/**/*.class]
11:32:00.067 [main] DEBUG org.springframework.core.io.support.PathMatchingResourcePatternResolver - Searching directory [C:\Users\Ashutosh\eclipse-workspace1\SocialHubBackEnd\target\test-classes\com\ashutosh\socialhub] for files matching pattern [C:/Users/Ashutosh/eclipse-workspace1/SocialHubBackEnd/target/test-classes/com/ashutosh/**/*.class]
11:32:00.068 [main] DEBUG org.springframework.core.io.support.PathMatchingResourcePatternResolver - Looking for matching resources in directory tree [C:\Users\Ashutosh\eclipse-workspace1\SocialHubBackEnd\target\classes\com\ashutosh]
11:32:00.068 [main] DEBUG org.springframework.core.io.support.PathMatchingResourcePatternResolver - Searching directory [C:\Users\Ashutosh\eclipse-workspace1\SocialHubBackEnd\target\classes\com\ashutosh] for files matching pattern [C:/Users/Ashutosh/eclipse-workspace1/SocialHubBackEnd/target/classes/com/ashutosh/**/*.class]
11:32:00.069 [main] DEBUG org.springframework.core.io.support.PathMatchingResourcePatternResolver - Searching directory [C:\Users\Ashutosh\eclipse-workspace1\SocialHubBackEnd\target\classes\com\ashutosh\socialhub] for files matching pattern [C:/Users/Ashutosh/eclipse-workspace1/SocialHubBackEnd/target/classes/com/ashutosh/**/*.class]
11:32:00.069 [main] DEBUG org.springframework.core.io.support.PathMatchingResourcePatternResolver - Searching directory [C:\Users\Ashutosh\eclipse-workspace1\SocialHubBackEnd\target\classes\com\ashutosh\socialhub\config] for files matching pattern [C:/Users/Ashutosh/eclipse-workspace1/SocialHubBackEnd/target/classes/com/ashutosh/**/*.class]
11:32:00.070 [main] DEBUG org.springframework.core.io.support.PathMatchingResourcePatternResolver - Searching directory [C:\Users\Ashutosh\eclipse-workspace1\SocialHubBackEnd\target\classes\com\ashutosh\socialhub\dao] for files matching pattern [C:/Users/Ashutosh/eclipse-workspace1/SocialHubBackEnd/target/classes/com/ashutosh/**/*.class]
11:32:00.071 [main] DEBUG org.springframework.core.io.support.PathMatchingResourcePatternResolver - Searching directory [C:\Users\Ashutosh\eclipse-workspace1\SocialHubBackEnd\target\classes\com\ashutosh\socialhub\dao\impl] for files matching pattern [C:/Users/Ashutosh/eclipse-workspace1/SocialHubBackEnd/target/classes/com/ashutosh/**/*.class]
11:32:00.072 [main] DEBUG org.springframework.core.io.support.PathMatchingResourcePatternResolver - Searching directory [C:\Users\Ashutosh\eclipse-workspace1\SocialHubBackEnd\target\classes\com\ashutosh\socialhub\domain] for files matching pattern [C:/Users/Ashutosh/eclipse-workspace1/SocialHubBackEnd/target/classes/com/ashutosh/**/*.class]
11:32:00.074 [main] DEBUG org.springframework.core.io.support.PathMatchingResourcePatternResolver - Resolved location pattern [classpath*:com/ashutosh/**/*.class] to resources [file [C:\Users\Ashutosh\eclipse-workspace1\SocialHubBackEnd\target\test-classes\com\ashutosh\socialhub\BlogcommentTestCase.class], file [C:\Users\Ashutosh\eclipse-workspace1\SocialHubBackEnd\target\test-classes\com\ashutosh\socialhub\BlogDAOTestCase.class], file [C:\Users\Ashutosh\eclipse-workspace1\SocialHubBackEnd\target\test-classes\com\ashutosh\socialhub\ForumCommentTestCase.class], file [C:\Users\Ashutosh\eclipse-workspace1\SocialHubBackEnd\target\test-classes\com\ashutosh\socialhub\ForumDAOTestCase.class], file [C:\Users\Ashutosh\eclipse-workspace1\SocialHubBackEnd\target\test-classes\com\ashutosh\socialhub\FriendDAOTestCase.class], file [C:\Users\Ashutosh\eclipse-workspace1\SocialHubBackEnd\target\test-classes\com\ashutosh\socialhub\JobDetailDAOTestCase.class], file [C:\Users\Ashutosh\eclipse-workspace1\SocialHubBackEnd\target\test-classes\com\ashutosh\socialhub\UserDAOTestCase.class], file [C:\Users\Ashutosh\eclipse-workspace1\SocialHubBackEnd\target\classes\com\ashutosh\socialhub\config\ApplicationContextConfig.class], file [C:\Users\Ashutosh\eclipse-workspace1\SocialHubBackEnd\target\classes\com\ashutosh\socialhub\dao\BlogcommentDAO.class], file [C:\Users\Ashutosh\eclipse-workspace1\SocialHubBackEnd\target\classes\com\ashutosh\socialhub\dao\BlogDAO.class], file [C:\Users\Ashutosh\eclipse-workspace1\SocialHubBackEnd\target\classes\com\ashutosh\socialhub\dao\ForumCommentDAO.class], file [C:\Users\Ashutosh\eclipse-workspace1\SocialHubBackEnd\target\classes\com\ashutosh\socialhub\dao\ForumDAO.class], file [C:\Users\Ashutosh\eclipse-workspace1\SocialHubBackEnd\target\classes\com\ashutosh\socialhub\dao\FriendDAO.class], file [C:\Users\Ashutosh\eclipse-workspace1\SocialHubBackEnd\target\classes\com\ashutosh\socialhub\dao\impl\BlogcommentDAOImpl.class], file [C:\Users\Ashutosh\eclipse-workspace1\SocialHubBackEnd\target\classes\com\ashutosh\socialhub\dao\impl\BlogDAOImpl.class], file [C:\Users\Ashutosh\eclipse-workspace1\SocialHubBackEnd\target\classes\com\ashutosh\socialhub\dao\impl\ForumCommentDAOImpl.class], file [C:\Users\Ashutosh\eclipse-workspace1\SocialHubBackEnd\target\classes\com\ashutosh\socialhub\dao\impl\ForumDAOImpl.class], file [C:\Users\Ashutosh\eclipse-workspace1\SocialHubBackEnd\target\classes\com\ashutosh\socialhub\dao\impl\FriendDAOImpl.class], file [C:\Users\Ashutosh\eclipse-workspace1\SocialHubBackEnd\target\classes\com\ashutosh\socialhub\dao\impl\JobDetailDAOImpl.class], file [C:\Users\Ashutosh\eclipse-workspace1\SocialHubBackEnd\target\classes\com\ashutosh\socialhub\dao\impl\ProfilePictureDAOImpl.class], file [C:\Users\Ashutosh\eclipse-workspace1\SocialHubBackEnd\target\classes\com\ashutosh\socialhub\dao\impl\UserDAOImpl.class], file [C:\Users\Ashutosh\eclipse-workspace1\SocialHubBackEnd\target\classes\com\ashutosh\socialhub\dao\JobDetailDAO.class], file [C:\Users\Ashutosh\eclipse-workspace1\SocialHubBackEnd\target\classes\com\ashutosh\socialhub\dao\ProfilePictureDAO.class], file [C:\Users\Ashutosh\eclipse-workspace1\SocialHubBackEnd\target\classes\com\ashutosh\socialhub\dao\UserDAO.class], file [C:\Users\Ashutosh\eclipse-workspace1\SocialHubBackEnd\target\classes\com\ashutosh\socialhub\domain\Blog.class], file [C:\Users\Ashutosh\eclipse-workspace1\SocialHubBackEnd\target\classes\com\ashutosh\socialhub\domain\Blogcomment.class], file [C:\Users\Ashutosh\eclipse-workspace1\SocialHubBackEnd\target\classes\com\ashutosh\socialhub\domain\Forum.class], file [C:\Users\Ashutosh\eclipse-workspace1\SocialHubBackEnd\target\classes\com\ashutosh\socialhub\domain\ForumComment.class], file [C:\Users\Ashutosh\eclipse-workspace1\SocialHubBackEnd\target\classes\com\ashutosh\socialhub\domain\Friend.class], file [C:\Users\Ashutosh\eclipse-workspace1\SocialHubBackEnd\target\classes\com\ashutosh\socialhub\domain\JobDetail.class], file [C:\Users\Ashutosh\eclipse-workspace1\SocialHubBackEnd\target\classes\com\ashutosh\socialhub\domain\ProfileImage.class], file [C:\Users\Ashutosh\eclipse-workspace1\SocialHubBackEnd\target\classes\com\ashutosh\socialhub\domain\UserDetail.class]]
11:32:00.076 [main] DEBUG org.springframework.context.annotation.ClassPathBeanDefinitionScanner - Identified candidate component class: file [C:\Users\Ashutosh\eclipse-workspace1\SocialHubBackEnd\target\classes\com\ashutosh\socialhub\dao\impl\BlogcommentDAOImpl.class]
11:32:00.076 [main] DEBUG org.springframework.context.annotation.ClassPathBeanDefinitionScanner - Identified candidate component class: file [C:\Users\Ashutosh\eclipse-workspace1\SocialHubBackEnd\target\classes\com\ashutosh\socialhub\dao\impl\BlogDAOImpl.class]
11:32:00.076 [main] DEBUG org.springframework.context.annotation.ClassPathBeanDefinitionScanner - Identified candidate component class: file [C:\Users\Ashutosh\eclipse-workspace1\SocialHubBackEnd\target\classes\com\ashutosh\socialhub\dao\impl\ForumCommentDAOImpl.class]
11:32:00.076 [main] DEBUG org.springframework.context.annotation.ClassPathBeanDefinitionScanner - Identified candidate component class: file [C:\Users\Ashutosh\eclipse-workspace1\SocialHubBackEnd\target\classes\com\ashutosh\socialhub\dao\impl\ForumDAOImpl.class]
11:32:00.077 [main] DEBUG org.springframework.context.annotation.ClassPathBeanDefinitionScanner - Identified candidate component class: file [C:\Users\Ashutosh\eclipse-workspace1\SocialHubBackEnd\target\classes\com\ashutosh\socialhub\dao\impl\FriendDAOImpl.class]
11:32:00.077 [main] DEBUG org.springframework.context.annotation.ClassPathBeanDefinitionScanner - Identified candidate component class: file [C:\Users\Ashutosh\eclipse-workspace1\SocialHubBackEnd\target\classes\com\ashutosh\socialhub\dao\impl\JobDetailDAOImpl.class]
11:32:00.077 [main] DEBUG org.springframework.context.annotation.ClassPathBeanDefinitionScanner - Identified candidate component class: file [C:\Users\Ashutosh\eclipse-workspace1\SocialHubBackEnd\target\classes\com\ashutosh\socialhub\dao\impl\ProfilePictureDAOImpl.class]
11:32:00.077 [main] DEBUG org.springframework.context.annotation.ClassPathBeanDefinitionScanner - Identified candidate component class: file [C:\Users\Ashutosh\eclipse-workspace1\SocialHubBackEnd\target\classes\com\ashutosh\socialhub\dao\impl\UserDAOImpl.class]
11:32:00.077 [main] DEBUG org.springframework.context.annotation.ClassPathBeanDefinitionScanner - Ignored because not a concrete top-level class: file [C:\Users\Ashutosh\eclipse-workspace1\SocialHubBackEnd\target\classes\com\ashutosh\socialhub\dao\ProfilePictureDAO.class]
11:32:00.078 [main] DEBUG org.springframework.context.annotation.ClassPathBeanDefinitionScanner - Identified candidate component class: file [C:\Users\Ashutosh\eclipse-workspace1\SocialHubBackEnd\target\classes\com\ashutosh\socialhub\domain\Blog.class]
11:32:00.078 [main] DEBUG org.springframework.context.annotation.ClassPathBeanDefinitionScanner - Identified candidate component class: file [C:\Users\Ashutosh\eclipse-workspace1\SocialHubBackEnd\target\classes\com\ashutosh\socialhub\domain\Blogcomment.class]
11:32:00.078 [main] DEBUG org.springframework.context.annotation.ClassPathBeanDefinitionScanner - Identified candidate component class: file [C:\Users\Ashutosh\eclipse-workspace1\SocialHubBackEnd\target\classes\com\ashutosh\socialhub\domain\Forum.class]
11:32:00.078 [main] DEBUG org.springframework.context.annotation.ClassPathBeanDefinitionScanner - Identified candidate component class: file [C:\Users\Ashutosh\eclipse-workspace1\SocialHubBackEnd\target\classes\com\ashutosh\socialhub\domain\ForumComment.class]
11:32:00.078 [main] DEBUG org.springframework.context.annotation.ClassPathBeanDefinitionScanner - Identified candidate component class: file [C:\Users\Ashutosh\eclipse-workspace1\SocialHubBackEnd\target\classes\com\ashutosh\socialhub\domain\Friend.class]
11:32:00.079 [main] DEBUG org.springframework.context.annotation.ClassPathBeanDefinitionScanner - Identified candidate component class: file [C:\Users\Ashutosh\eclipse-workspace1\SocialHubBackEnd\target\classes\com\ashutosh\socialhub\domain\JobDetail.class]
11:32:00.079 [main] DEBUG org.springframework.context.annotation.ClassPathBeanDefinitionScanner - Identified candidate component class: file [C:\Users\Ashutosh\eclipse-workspace1\SocialHubBackEnd\target\classes\com\ashutosh\socialhub\domain\ProfileImage.class]
11:32:00.079 [main] DEBUG org.springframework.context.annotation.ClassPathBeanDefinitionScanner - Identified candidate component class: file [C:\Users\Ashutosh\eclipse-workspace1\SocialHubBackEnd\target\classes\com\ashutosh\socialhub\domain\UserDetail.class]
11:32:00.117 [main] DEBUG org.springframework.context.annotation.ConfigurationClassBeanDefinitionReader - Registered bean definition for imported class &apos;org.springframework.transaction.annotation.ProxyTransactionManagementConfiguration&apos;
11:32:00.118 [main] DEBUG org.springframework.context.annotation.ConfigurationClassBeanDefinitionReader - Registering bean definition for @Bean method org.springframework.transaction.annotation.ProxyTransactionManagementConfiguration.org.springframework.transaction.config.internalTransactionAdvisor()
11:32:00.118 [main] DEBUG org.springframework.context.annotation.ConfigurationClassBeanDefinitionReader - Registering bean definition for @Bean method org.springframework.transaction.annotation.ProxyTransactionManagementConfiguration.transactionAttributeSource()
11:32:00.119 [main] DEBUG org.springframework.context.annotation.ConfigurationClassBeanDefinitionReader - Registering bean definition for @Bean method org.springframework.transaction.annotation.ProxyTransactionManagementConfiguration.transactionInterceptor()
11:32:00.119 [main] DEBUG org.springframework.context.annotation.ConfigurationClassBeanDefinitionReader - Registering bean definition for @Bean method org.springframework.transaction.annotation.ProxyTransactionManagementConfiguration.org.springframework.transaction.config.internalTransactionalEventListenerFactory()
11:32:00.119 [main] DEBUG org.springframework.context.annotation.ConfigurationClassBeanDefinitionReader - Registering bean definition for @Bean method com.ashutosh.socialhub.config.ApplicationContextConfig.dataSource()
11:32:00.120 [main] DEBUG org.springframework.context.annotation.ConfigurationClassBeanDefinitionReader - Registering bean definition for @Bean method com.ashutosh.socialhub.config.ApplicationContextConfig.sessionFactory()
11:32:00.120 [main] DEBUG org.springframework.context.annotation.ConfigurationClassBeanDefinitionReader - Registering bean definition for @Bean method com.ashutosh.socialhub.config.ApplicationContextConfig.transactionManager()
11:32:00.122 [main] DEBUG org.springframework.context.annotation.ConfigurationClassEnhancer - Successfully enhanced com.ashutosh.socialhub.config.ApplicationContextConfig; enhanced class name is: com.ashutosh.socialhub.config.ApplicationContextConfig$$EnhancerBySpringCGLIB$$de2efc27
11:32:00.122 [main] DEBUG org.springframework.context.annotation.ConfigurationClassPostProcessor - Replacing bean definition &apos;applicationContextConfig&apos; existing class &apos;com.ashutosh.socialhub.config.ApplicationContextConfig&apos; with enhanced class &apos;com.ashutosh.socialhub.config.ApplicationContextConfig$$EnhancerBySpringCGLIB$$de2efc27&apos;
11:32:00.122 [main] DEBUG org.springframework.context.annotation.ConfigurationClassEnhancer - Successfully enhanced org.springframework.transaction.annotation.ProxyTransactionManagementConfiguration; enhanced class name is: org.springframework.transaction.annotation.ProxyTransactionManagementConfiguration$$EnhancerBySpringCGLIB$$5843554d
11:32:00.122 [main] DEBUG org.springframework.context.annotation.ConfigurationClassPostProcessor - Replacing bean definition &apos;org.springframework.transaction.annotation.ProxyTransactionManagementConfiguration&apos; existing class &apos;org.springframework.transaction.annotation.ProxyTransactionManagementConfiguration&apos; with enhanced class &apos;org.springframework.transaction.annotation.ProxyTransactionManagementConfiguration$$EnhancerBySpringCGLIB$$5843554d&apos;
11:32:00.124 [main] DEBUG org.springframework.beans.factory.support.DefaultListableBeanFactory - Creating shared instance of singleton bean &apos;org.springframework.context.annotation.internalAutowiredAnnotationProcessor&apos;
11:32:00.124 [main] DEBUG org.springframework.beans.factory.support.DefaultListableBeanFactory - Creating instance of bean &apos;org.springframework.context.annotation.internalAutowiredAnnotationProcessor&apos;
11:32:00.126 [main] DEBUG org.springframework.beans.factory.support.DefaultListableBeanFactory - Eagerly caching bean &apos;org.springframework.context.annotation.internalAutowiredAnnotationProcessor&apos; to allow for resolving potential circular references
11:32:00.130 [main] DEBUG org.springframework.beans.factory.support.DefaultListableBeanFactory - Finished creating instance of bean &apos;org.springframework.context.annotation.internalAutowiredAnnotationProcessor&apos;
11:32:00.131 [main] DEBUG org.springframework.beans.factory.support.DefaultListableBeanFactory - Creating shared instance of singleton bean &apos;org.springframework.context.annotation.internalRequiredAnnotationProcessor&apos;
11:32:00.131 [main] DEBUG org.springframework.beans.factory.support.DefaultListableBeanFactory - Creating instance of bean &apos;org.springframework.context.annotation.internalRequiredAnnotationProcessor&apos;
11:32:00.131 [main] DEBUG org.springframework.beans.factory.support.DefaultListableBeanFactory - Eagerly caching bean &apos;org.springframework.context.annotation.internalRequiredAnnotationProcessor&apos; to allow for resolving potential circular references
11:32:00.161 [main] DEBUG org.springframework.beans.factory.support.DefaultListableBeanFactory - Finished creating instance of bean &apos;org.springframework.context.annotation.internalRequiredAnnotationProcessor&apos;
11:32:00.161 [main] DEBUG org.springframework.beans.factory.support.DefaultListableBeanFactory - Creating shared instance of singleton bean &apos;org.springframework.context.annotation.internalPersistenceAnnotationProcessor&apos;
11:32:00.162 [main] DEBUG org.springframework.beans.factory.support.DefaultListableBeanFactory - Creating instance of bean &apos;org.springframework.context.annotation.internalPersistenceAnnotationProcessor&apos;
11:32:00.162 [main] DEBUG org.springframework.beans.factory.support.DefaultListableBeanFactory - Eagerly caching bean &apos;org.springframework.context.annotation.internalPersistenceAnnotationProcessor&apos; to allow for resolving potential circular references
11:32:00.167 [main] DEBUG org.springframework.beans.factory.support.DefaultListableBeanFactory - Finished creating instance of bean &apos;org.springframework.context.annotation.internalPersistenceAnnotationProcessor&apos;
11:32:00.168 [main] DEBUG org.springframework.beans.factory.support.DefaultListableBeanFactory - Creating shared instance of singleton bean &apos;org.springframework.aop.config.internalAutoProxyCreator&apos;
11:32:00.168 [main] DEBUG org.springframework.beans.factory.support.DefaultListableBeanFactory - Creating instance of bean &apos;org.springframework.aop.config.internalAutoProxyCreator&apos;
11:32:00.169 [main] DEBUG org.springframework.beans.factory.support.DefaultListableBeanFactory - Eagerly caching bean &apos;org.springframework.aop.config.internalAutoProxyCreator&apos; to allow for resolving potential circular references
11:32:00.176 [main] DEBUG org.springframework.beans.factory.support.DefaultListableBeanFactory - Finished creating instance of bean &apos;org.springframework.aop.config.internalAutoProxyCreator&apos;
11:32:00.176 [main] DEBUG org.springframework.context.annotation.AnnotationConfigApplicationContext - Unable to locate MessageSource with name &apos;messageSource&apos;: using default [org.springframework.context.support.DelegatingMessageSource@25567581]
11:32:00.176 [main] DEBUG org.springframework.context.annotation.AnnotationConfigApplicationContext - Unable to locate ApplicationEventMulticaster with name &apos;applicationEventMulticaster&apos;: using default [org.springframework.context.event.SimpleApplicationEventMulticaster@179ee36b]
11:32:00.177 [main] DEBUG org.springframework.beans.factory.support.DefaultListableBeanFactory - Pre-instantiating singletons in org.springframework.beans.factory.support.DefaultListableBeanFactory@41f785e3: defining beans [org.springframework.context.annotation.internalConfigurationAnnotationProcessor,org.springframework.context.annotation.internalAutowiredAnnotationProcessor,org.springframework.context.annotation.internalRequiredAnnotationProcessor,org.springframework.context.annotation.internalPersistenceAnnotationProcessor,org.springframework.context.event.internalEventListenerProcessor,org.springframework.context.event.internalEventListenerFactory,applicationContextConfig,blogcommentDAO,blogDAO,forumcommentDAO,forumDAO,friendDAO,jobdetailDAO,profilepictureDAO,userDAO,blog,blogcomment,forum,forumComment,friend,jobDetail,profileImage,userDetail,org.springframework.transaction.annotation.ProxyTransactionManagementConfiguration,org.springframework.transaction.config.internalTransactionAdvisor,transactionAttributeSource,transactionInterceptor,org.springframework.transaction.config.internalTransactionalEventListenerFactory,dataSource,sessionFactory,transactionManager,org.springframework.aop.config.internalAutoProxyCreator]; root of factory hierarchy
11:32:00.177 [main] DEBUG org.springframework.beans.factory.support.DefaultListableBeanFactory - Returning cached instance of singleton bean &apos;org.springframework.context.annotation.internalConfigurationAnnotationProcessor&apos;
11:32:00.177 [main] DEBUG org.springframework.beans.factory.support.DefaultListableBeanFactory - Returning cached instance of singleton bean &apos;org.springframework.context.annotation.internalAutowiredAnnotationProcessor&apos;
11:32:00.177 [main] DEBUG org.springframework.beans.factory.support.DefaultListableBeanFactory - Returning cached instance of singleton bean &apos;org.springframework.context.annotation.internalRequiredAnnotationProcessor&apos;
11:32:00.177 [main] DEBUG org.springframework.beans.factory.support.DefaultListableBeanFactory - Returning cached instance of singleton bean &apos;org.springframework.context.annotation.internalPersistenceAnnotationProcessor&apos;
11:32:00.177 [main] DEBUG org.springframework.beans.factory.support.DefaultListableBeanFactory - Creating shared instance of singleton bean &apos;org.springframework.context.event.internalEventListenerProcessor&apos;
11:32:00.177 [main] DEBUG org.springframework.beans.factory.support.DefaultListableBeanFactory - Creating instance of bean &apos;org.springframework.context.event.internalEventListenerProcessor&apos;
11:32:00.178 [main] DEBUG org.springframework.beans.factory.support.DefaultListableBeanFactory - Eagerly caching bean &apos;org.springframework.context.event.internalEventListenerProcessor&apos; to allow for resolving potential circular references
11:32:00.180 [main] DEBUG org.springframework.beans.factory.support.DefaultListableBeanFactory - Creating shared instance of singleton bean &apos;org.springframework.transaction.config.internalTransactionAdvisor&apos;
11:32:00.181 [main] DEBUG org.springframework.beans.factory.support.DefaultListableBeanFactory - Creating instance of bean &apos;org.springframework.transaction.config.internalTransactionAdvisor&apos;
11:32:00.181 [main] DEBUG org.springframework.beans.factory.support.DefaultListableBeanFactory - Creating shared instance of singleton bean &apos;org.springframework.transaction.annotation.ProxyTransactionManagementConfiguration&apos;
11:32:00.181 [main] DEBUG org.springframework.beans.factory.support.DefaultListableBeanFactory - Creating instance of bean &apos;org.springframework.transaction.annotation.ProxyTransactionManagementConfiguration&apos;
11:32:00.183 [main] DEBUG org.springframework.beans.factory.annotation.InjectionMetadata - Registered injected element on class [org.springframework.transaction.annotation.ProxyTransactionManagementConfiguration$$EnhancerBySpringCGLIB$$5843554d]: AutowiredMethodElement for void org.springframework.transaction.annotation.AbstractTransactionManagementConfiguration.setConfigurers(java.util.Collection)
11:32:00.183 [main] DEBUG org.springframework.beans.factory.support.DefaultListableBeanFactory - Eagerly caching bean &apos;org.springframework.transaction.annotation.ProxyTransactionManagementConfiguration&apos; to allow for resolving potential circular references
11:32:00.184 [main] DEBUG org.springframework.beans.factory.annotation.InjectionMetadata - Processing injected element of bean &apos;org.springframework.transaction.annotation.ProxyTransactionManagementConfiguration&apos;: AutowiredMethodElement for void org.springframework.transaction.annotation.AbstractTransactionManagementConfiguration.setConfigurers(java.util.Collection)
11:32:00.185 [main] DEBUG org.springframework.beans.factory.support.DefaultListableBeanFactory - Returning cached instance of singleton bean &apos;org.springframework.context.annotation.ConfigurationClassPostProcessor.importRegistry&apos;
11:32:00.186 [main] DEBUG org.springframework.aop.framework.autoproxy.BeanFactoryAdvisorRetrievalHelper - Skipping currently created advisor &apos;org.springframework.transaction.config.internalTransactionAdvisor&apos;
11:32:00.186 [main] DEBUG org.springframework.beans.factory.support.DefaultListableBeanFactory - Finished creating instance of bean &apos;org.springframework.transaction.annotation.ProxyTransactionManagementConfiguration&apos;
11:32:00.186 [main] DEBUG org.springframework.beans.factory.support.DefaultListableBeanFactory - Creating shared instance of singleton bean &apos;transactionAttributeSource&apos;
11:32:00.186 [main] DEBUG org.springframework.beans.factory.support.DefaultListableBeanFactory - Creating instance of bean &apos;transactionAttributeSource&apos;
11:32:00.195 [main] DEBUG org.springframework.beans.factory.support.DefaultListableBeanFactory - Returning cached instance of singleton bean &apos;org.springframework.transaction.annotation.ProxyTransactionManagementConfiguration&apos;
11:32:00.197 [main] DEBUG org.springframework.beans.factory.support.DefaultListableBeanFactory - Eagerly caching bean &apos;transactionAttributeSource&apos; to allow for resolving potential circular references
11:32:00.199 [main] DEBUG org.springframework.aop.framework.autoproxy.BeanFactoryAdvisorRetrievalHelper - Skipping currently created advisor &apos;org.springframework.transaction.config.internalTransactionAdvisor&apos;
11:32:00.200 [main] DEBUG org.springframework.beans.factory.support.DefaultListableBeanFactory - Finished creating instance of bean &apos;transactionAttributeSource&apos;
11:32:00.200 [main] DEBUG org.springframework.beans.factory.support.DefaultListableBeanFactory - Creating shared instance of singleton bean &apos;transactionInterceptor&apos;
11:32:00.200 [main] DEBUG org.springframework.beans.factory.support.DefaultListableBeanFactory - Creating instance of bean &apos;transactionInterceptor&apos;
11:32:00.201 [main] DEBUG org.springframework.beans.factory.support.DefaultListableBeanFactory - Returning cached instance of singleton bean &apos;org.springframework.transaction.annotation.ProxyTransactionManagementConfiguration&apos;
11:32:00.203 [main] DEBUG org.springframework.beans.factory.support.DefaultListableBeanFactory - Returning cached instance of singleton bean &apos;transactionAttributeSource&apos;
11:32:00.204 [main] DEBUG org.springframework.beans.factory.support.DefaultListableBeanFactory - Eagerly caching bean &apos;transactionInterceptor&apos; to allow for resolving potential circular references
11:32:00.208 [main] DEBUG org.springframework.beans.factory.support.DefaultListableBeanFactory - Invoking afterPropertiesSet() on bean with name &apos;transactionInterceptor&apos;
11:32:00.209 [main] DEBUG org.springframework.beans.factory.support.DefaultListableBeanFactory - Finished creating instance of bean &apos;transactionInterceptor&apos;
11:32:00.209 [main] DEBUG org.springframework.beans.factory.support.DefaultListableBeanFactory - Eagerly caching bean &apos;org.springframework.transaction.config.internalTransactionAdvisor&apos; to allow for resolving potential circular references
11:32:00.213 [main] DEBUG org.springframework.beans.factory.support.DefaultListableBeanFactory - Finished creating instance of bean &apos;org.springframework.transaction.config.internalTransactionAdvisor&apos;
11:32:00.213 [main] DEBUG org.springframework.beans.factory.support.DefaultListableBeanFactory - Finished creating instance of bean &apos;org.springframework.context.event.internalEventListenerProcessor&apos;
11:32:00.213 [main] DEBUG org.springframework.beans.factory.support.DefaultListableBeanFactory - Creating shared instance of singleton bean &apos;org.springframework.context.event.internalEventListenerFactory&apos;
11:32:00.213 [main] DEBUG org.springframework.beans.factory.support.DefaultListableBeanFactory - Creating instance of bean &apos;org.springframework.context.event.internalEventListenerFactory&apos;
11:32:00.214 [main] DEBUG org.springframework.beans.factory.support.DefaultListableBeanFactory - Eagerly caching bean &apos;org.springframework.context.event.internalEventListenerFactory&apos; to allow for resolving potential circular references
11:32:00.222 [main] DEBUG org.springframework.beans.factory.support.DefaultListableBeanFactory - Returning cached instance of singleton bean &apos;org.springframework.transaction.config.internalTransactionAdvisor&apos;
11:32:00.223 [main] DEBUG org.springframework.beans.factory.support.DefaultListableBeanFactory - Finished creating instance of bean &apos;org.springframework.context.event.internalEventListenerFactory&apos;
11:32:00.223 [main] DEBUG org.springframework.beans.factory.support.DefaultListableBeanFactory - Creating shared instance of singleton bean &apos;applicationContextConfig&apos;
11:32:00.223 [main] DEBUG org.springframework.beans.factory.support.DefaultListableBeanFactory - Creating instance of bean &apos;applicationContextConfig&apos;
11:32:00.224 [main] DEBUG org.springframework.beans.factory.support.DefaultListableBeanFactory - Eagerly caching bean &apos;applicationContextConfig&apos; to allow for resolving potential circular references
11:32:00.225 [main] DEBUG org.springframework.beans.factory.support.DefaultListableBeanFactory - Returning cached instance of singleton bean &apos;org.springframework.transaction.config.internalTransactionAdvisor&apos;
11:32:00.226 [main] DEBUG org.springframework.beans.factory.support.DefaultListableBeanFactory - Finished creating instance of bean &apos;applicationContextConfig&apos;
11:32:00.227 [main] DEBUG org.springframework.beans.factory.support.DefaultListableBeanFactory - Creating shared instance of singleton bean &apos;blogcommentDAO&apos;
11:32:00.227 [main] DEBUG org.springframework.beans.factory.support.DefaultListableBeanFactory - Creating instance of bean &apos;blogcommentDAO&apos;
11:32:00.227 [main] DEBUG org.springframework.beans.factory.annotation.InjectionMetadata - Registered injected element on class [com.ashutosh.socialhub.dao.impl.BlogcommentDAOImpl]: AutowiredFieldElement for org.hibernate.SessionFactory com.ashutosh.socialhub.dao.impl.BlogcommentDAOImpl.sessionFactory
11:32:00.228 [main] DEBUG org.springframework.beans.factory.support.DefaultListableBeanFactory - Eagerly caching bean &apos;blogcommentDAO&apos; to allow for resolving potential circular references
11:32:00.229 [main] DEBUG org.springframework.beans.factory.annotation.InjectionMetadata - Processing injected element of bean &apos;blogcommentDAO&apos;: AutowiredFieldElement for org.hibernate.SessionFactory com.ashutosh.socialhub.dao.impl.BlogcommentDAOImpl.sessionFactory
11:32:00.229 [main] DEBUG org.springframework.core.annotation.AnnotationUtils - Failed to meta-introspect annotation [interface org.springframework.beans.factory.annotation.Autowired]: java.lang.NullPointerException
11:32:00.230 [main] DEBUG org.springframework.beans.factory.support.DefaultListableBeanFactory - Creating shared instance of singleton bean &apos;sessionFactory&apos;
11:32:00.230 [main] DEBUG org.springframework.beans.factory.support.DefaultListableBeanFactory - Creating instance of bean &apos;sessionFactory&apos;
11:32:00.230 [main] DEBUG org.springframework.beans.factory.support.DefaultListableBeanFactory - Returning cached instance of singleton bean &apos;applicationContextConfig&apos;
11:32:00.232 [main] DEBUG org.springframework.beans.factory.support.DefaultListableBeanFactory - Creating shared instance of singleton bean &apos;dataSource&apos;
11:32:00.232 [main] DEBUG org.springframework.beans.factory.support.DefaultListableBeanFactory - Creating instance of bean &apos;dataSource&apos;
11:32:00.232 [main] DEBUG org.springframework.beans.factory.support.DefaultListableBeanFactory - Returning cached instance of singleton bean &apos;applicationContextConfig&apos;
11:32:00.233 [main] INFO org.springframework.jdbc.datasource.DriverManagerDataSource - Loaded JDBC driver: oracle.jdbc.driver.OracleDriver
11:32:00.233 [main] DEBUG org.springframework.beans.factory.support.DefaultListableBeanFactory - Eagerly caching bean &apos;dataSource&apos; to allow for resolving potential circular references
11:32:00.235 [main] DEBUG org.springframework.beans.factory.support.DefaultListableBeanFactory - Returning cached instance of singleton bean &apos;org.springframework.transaction.config.internalTransactionAdvisor&apos;
11:32:00.237 [main] DEBUG org.springframework.beans.factory.support.DefaultListableBeanFactory - Finished creating instance of bean &apos;dataSource&apos;
11:32:00.237 [main] DEBUG org.springframework.beans.factory.support.DefaultListableBeanFactory - Autowiring by type from bean name &apos;sessionFactory&apos; via factory method to bean named &apos;dataSource&apos;
11:32:00.237 [main] DEBUG org.hibernate.integrator.internal.IntegratorServiceImpl - Adding Integrator [org.hibernate.cfg.beanvalidation.BeanValidationIntegrator].
11:32:00.237 [main] DEBUG org.hibernate.integrator.internal.IntegratorServiceImpl - Adding Integrator [org.hibernate.secure.spi.JaccIntegrator].
11:32:00.237 [main] DEBUG org.hibernate.integrator.internal.IntegratorServiceImpl - Adding Integrator [org.hibernate.cache.internal.CollectionCacheInvalidator].
11:32:00.243 [main] DEBUG org.springframework.core.io.support.PathMatchingResourcePatternResolver - Resolved classpath location [com/ashutosh/] to resources [URL [file:/C:/Users/Ashutosh/eclipse-workspace1/SocialHubBackEnd/target/test-classes/com/ashutosh/], URL [file:/C:/Users/Ashutosh/eclipse-workspace1/SocialHubBackEnd/target/classes/com/ashutosh/]]
11:32:00.244 [main] DEBUG org.springframework.core.io.support.PathMatchingResourcePatternResolver - Looking for matching resources in directory tree [C:\Users\Ashutosh\eclipse-workspace1\SocialHubBackEnd\target\test-classes\com\ashutosh]
11:32:00.244 [main] DEBUG org.springframework.core.io.support.PathMatchingResourcePatternResolver - Searching directory [C:\Users\Ashutosh\eclipse-workspace1\SocialHubBackEnd\target\test-classes\com\ashutosh] for files matching pattern [C:/Users/Ashutosh/eclipse-workspace1/SocialHubBackEnd/target/test-classes/com/ashutosh/**/*.class]
11:32:00.245 [main] DEBUG org.springframework.core.io.support.PathMatchingResourcePatternResolver - Searching directory [C:\Users\Ashutosh\eclipse-workspace1\SocialHubBackEnd\target\test-classes\com\ashutosh\socialhub] for files matching pattern [C:/Users/Ashutosh/eclipse-workspace1/SocialHubBackEnd/target/test-classes/com/ashutosh/**/*.class]
11:32:00.247 [main] DEBUG org.springframework.core.io.support.PathMatchingResourcePatternResolver - Looking for matching resources in directory tree [C:\Users\Ashutosh\eclipse-workspace1\SocialHubBackEnd\target\classes\com\ashutosh]
11:32:00.248 [main] DEBUG org.springframework.core.io.support.PathMatchingResourcePatternResolver - Searching directory [C:\Users\Ashutosh\eclipse-workspace1\SocialHubBackEnd\target\classes\com\ashutosh] for files matching pattern [C:/Users/Ashutosh/eclipse-workspace1/SocialHubBackEnd/target/classes/com/ashutosh/**/*.class]
11:32:00.249 [main] DEBUG org.springframework.core.io.support.PathMatchingResourcePatternResolver - Searching directory [C:\Users\Ashutosh\eclipse-workspace1\SocialHubBackEnd\target\classes\com\ashutosh\socialhub] for files matching pattern [C:/Users/Ashutosh/eclipse-workspace1/SocialHubBackEnd/target/classes/com/ashutosh/**/*.class]
11:32:00.249 [main] DEBUG org.springframework.core.io.support.PathMatchingResourcePatternResolver - Searching directory [C:\Users\Ashutosh\eclipse-workspace1\SocialHubBackEnd\target\classes\com\ashutosh\socialhub\config] for files matching pattern [C:/Users/Ashutosh/eclipse-workspace1/SocialHubBackEnd/target/classes/com/ashutosh/**/*.class]
11:32:00.250 [main] DEBUG org.springframework.core.io.support.PathMatchingResourcePatternResolver - Searching directory [C:\Users\Ashutosh\eclipse-workspace1\SocialHubBackEnd\target\classes\com\ashutosh\socialhub\dao] for files matching pattern [C:/Users/Ashutosh/eclipse-workspace1/SocialHubBackEnd/target/classes/com/ashutosh/**/*.class]
11:32:00.251 [main] DEBUG org.springframework.core.io.support.PathMatchingResourcePatternResolver - Searching directory [C:\Users\Ashutosh\eclipse-workspace1\SocialHubBackEnd\target\classes\com\ashutosh\socialhub\dao\impl] for files matching pattern [C:/Users/Ashutosh/eclipse-workspace1/SocialHubBackEnd/target/classes/com/ashutosh/**/*.class]
11:32:00.253 [main] DEBUG org.springframework.core.io.support.PathMatchingResourcePatternResolver - Searching directory [C:\Users\Ashutosh\eclipse-workspace1\SocialHubBackEnd\target\classes\com\ashutosh\socialhub\domain] for files matching pattern [C:/Users/Ashutosh/eclipse-workspace1/SocialHubBackEnd/target/classes/com/ashutosh/**/*.class]
11:32:00.255 [main] DEBUG org.springframework.core.io.support.PathMatchingResourcePatternResolver - Resolved location pattern [classpath*:com/ashutosh/**/*.class] to resources [file [C:\Users\Ashutosh\eclipse-workspace1\SocialHubBackEnd\target\test-classes\com\ashutosh\socialhub\BlogcommentTestCase.class], file [C:\Users\Ashutosh\eclipse-workspace1\SocialHubBackEnd\target\test-classes\com\ashutosh\socialhub\BlogDAOTestCase.class], file [C:\Users\Ashutosh\eclipse-workspace1\SocialHubBackEnd\target\test-classes\com\ashutosh\socialhub\ForumCommentTestCase.class], file [C:\Users\Ashutosh\eclipse-workspace1\SocialHubBackEnd\target\test-classes\com\ashutosh\socialhub\ForumDAOTestCase.class], file [C:\Users\Ashutosh\eclipse-workspace1\SocialHubBackEnd\target\test-classes\com\ashutosh\socialhub\FriendDAOTestCase.class], file [C:\Users\Ashutosh\eclipse-workspace1\SocialHubBackEnd\target\test-classes\com\ashutosh\socialhub\JobDetailDAOTestCase.class], file [C:\Users\Ashutosh\eclipse-workspace1\SocialHubBackEnd\target\test-classes\com\ashutosh\socialhub\UserDAOTestCase.class], file [C:\Users\Ashutosh\eclipse-workspace1\SocialHubBackEnd\target\classes\com\ashutosh\socialhub\config\ApplicationContextConfig.class], file [C:\Users\Ashutosh\eclipse-workspace1\SocialHubBackEnd\target\classes\com\ashutosh\socialhub\dao\BlogcommentDAO.class], file [C:\Users\Ashutosh\eclipse-workspace1\SocialHubBackEnd\target\classes\com\ashutosh\socialhub\dao\BlogDAO.class], file [C:\Users\Ashutosh\eclipse-workspace1\SocialHubBackEnd\target\classes\com\ashutosh\socialhub\dao\ForumCommentDAO.class], file [C:\Users\Ashutosh\eclipse-workspace1\SocialHubBackEnd\target\classes\com\ashutosh\socialhub\dao\ForumDAO.class], file [C:\Users\Ashutosh\eclipse-workspace1\SocialHubBackEnd\target\classes\com\ashutosh\socialhub\dao\FriendDAO.class], file [C:\Users\Ashutosh\eclipse-workspace1\SocialHubBackEnd\target\classes\com\ashutosh\socialhub\dao\impl\BlogcommentDAOImpl.class], file [C:\Users\Ashutosh\eclipse-workspace1\SocialHubBackEnd\target\classes\com\ashutosh\socialhub\dao\impl\BlogDAOImpl.class], file [C:\Users\Ashutosh\eclipse-workspace1\SocialHubBackEnd\target\classes\com\ashutosh\socialhub\dao\impl\ForumCommentDAOImpl.class], file [C:\Users\Ashutosh\eclipse-workspace1\SocialHubBackEnd\target\classes\com\ashutosh\socialhub\dao\impl\ForumDAOImpl.class], file [C:\Users\Ashutosh\eclipse-workspace1\SocialHubBackEnd\target\classes\com\ashutosh\socialhub\dao\impl\FriendDAOImpl.class], file [C:\Users\Ashutosh\eclipse-workspace1\SocialHubBackEnd\target\classes\com\ashutosh\socialhub\dao\impl\JobDetailDAOImpl.class], file [C:\Users\Ashutosh\eclipse-workspace1\SocialHubBackEnd\target\classes\com\ashutosh\socialhub\dao\impl\ProfilePictureDAOImpl.class], file [C:\Users\Ashutosh\eclipse-workspace1\SocialHubBackEnd\target\classes\com\ashutosh\socialhub\dao\impl\UserDAOImpl.class], file [C:\Users\Ashutosh\eclipse-workspace1\SocialHubBackEnd\target\classes\com\ashutosh\socialhub\dao\JobDetailDAO.class], file [C:\Users\Ashutosh\eclipse-workspace1\SocialHubBackEnd\target\classes\com\ashutosh\socialhub\dao\ProfilePictureDAO.class], file [C:\Users\Ashutosh\eclipse-workspace1\SocialHubBackEnd\target\classes\com\ashutosh\socialhub\dao\UserDAO.class], file [C:\Users\Ashutosh\eclipse-workspace1\SocialHubBackEnd\target\classes\com\ashutosh\socialhub\domain\Blog.class], file [C:\Users\Ashutosh\eclipse-workspace1\SocialHubBackEnd\target\classes\com\ashutosh\socialhub\domain\Blogcomment.class], file [C:\Users\Ashutosh\eclipse-workspace1\SocialHubBackEnd\target\classes\com\ashutosh\socialhub\domain\Forum.class], file [C:\Users\Ashutosh\eclipse-workspace1\SocialHubBackEnd\target\classes\com\ashutosh\socialhub\domain\ForumComment.class], file [C:\Users\Ashutosh\eclipse-workspace1\SocialHubBackEnd\target\classes\com\ashutosh\socialhub\domain\Friend.class], file [C:\Users\Ashutosh\eclipse-workspace1\SocialHubBackEnd\target\classes\com\ashutosh\socialhub\domain\JobDetail.class], file [C:\Users\Ashutosh\eclipse-workspace1\SocialHubBackEnd\target\classes\com\ashutosh\socialhub\domain\ProfileImage.class], file [C:\Users\Ashutosh\eclipse-workspace1\SocialHubBackEnd\target\classes\com\ashutosh\socialhub\domain\UserDetail.class]]
11:32:00.280 [main] DEBUG org.hibernate.cfg.Configuration - Building session factory using internal StandardServiceRegistryBuilder
11:32:00.282 [main] DEBUG org.hibernate.service.spi.ServiceBinding - Overriding existing service binding [org.hibernate.secure.spi.JaccService]
11:32:00.282 [main] DEBUG org.hibernate.cfg.Configuration - Building session factory using provided StandardServiceRegistry
11:32:00.282 [main] DEBUG org.hibernate.cache.internal.RegionFactoryInitiator - Cache region factory : org.hibernate.cache.internal.NoCachingRegionFactory
11:32:00.287 [main] DEBUG org.hibernate.type.BasicTypeRegistry - Adding type registration boolean -&gt; org.hibernate.type.BooleanType@e72dba7
11:32:00.287 [main] DEBUG org.hibernate.type.BasicTypeRegistry - Adding type registration boolean -&gt; org.hibernate.type.BooleanType@e72dba7
11:32:00.287 [main] DEBUG org.hibernate.type.BasicTypeRegistry - Adding type registration java.lang.Boolean -&gt; org.hibernate.type.BooleanType@e72dba7
11:32:00.288 [main] DEBUG org.hibernate.type.BasicTypeRegistry - Adding type registration numeric_boolean -&gt; org.hibernate.type.NumericBooleanType@610db97e
11:32:00.288 [main] DEBUG org.hibernate.type.BasicTypeRegistry - Adding type registration true_false -&gt; org.hibernate.type.TrueFalseType@6831d8fd
11:32:00.288 [main] DEBUG org.hibernate.type.BasicTypeRegistry - Adding type registration yes_no -&gt; org.hibernate.type.YesNoType@5a2f016d
11:32:00.288 [main] DEBUG org.hibernate.type.BasicTypeRegistry - Adding type registration byte -&gt; org.hibernate.type.ByteType@79f227a9
11:32:00.288 [main] DEBUG org.hibernate.type.BasicTypeRegistry - Adding type registration byte -&gt; org.hibernate.type.ByteType@79f227a9
11:32:00.289 [main] DEBUG org.hibernate.type.BasicTypeRegistry - Adding type registration java.lang.Byte -&gt; org.hibernate.type.ByteType@79f227a9
11:32:00.289 [main] DEBUG org.hibernate.type.BasicTypeRegistry - Adding type registration character -&gt; org.hibernate.type.CharacterType@619bd14c
11:32:00.289 [main] DEBUG org.hibernate.type.BasicTypeRegistry - Adding type registration char -&gt; org.hibernate.type.CharacterType@619bd14c
11:32:00.289 [main] DEBUG org.hibernate.type.BasicTypeRegistry - Adding type registration java.lang.Character -&gt; org.hibernate.type.CharacterType@619bd14c
11:32:00.289 [main] DEBUG org.hibernate.type.BasicTypeRegistry - Adding type registration short -&gt; org.hibernate.type.ShortType@5af5def9
11:32:00.289 [main] DEBUG org.hibernate.type.BasicTypeRegistry - Adding type registration short -&gt; org.hibernate.type.ShortType@5af5def9
11:32:00.289 [main] DEBUG org.hibernate.type.BasicTypeRegistry - Adding type registration java.lang.Short -&gt; org.hibernate.type.ShortType@5af5def9
11:32:00.289 [main] DEBUG org.hibernate.type.BasicTypeRegistry - Adding type registration integer -&gt; org.hibernate.type.IntegerType@33aa93c
11:32:00.289 [main] DEBUG org.hibernate.type.BasicTypeRegistry - Adding type registration int -&gt; org.hibernate.type.IntegerType@33aa93c
11:32:00.290 [main] DEBUG org.hibernate.type.BasicTypeRegistry - Adding type registration java.lang.Integer -&gt; org.hibernate.type.IntegerType@33aa93c
11:32:00.290 [main] DEBUG org.hibernate.type.BasicTypeRegistry - Adding type registration long -&gt; org.hibernate.type.LongType@3e792ce3
11:32:00.290 [main] DEBUG org.hibernate.type.BasicTypeRegistry - Adding type registration long -&gt; org.hibernate.type.LongType@3e792ce3
11:32:00.290 [main] DEBUG org.hibernate.type.BasicTypeRegistry - Adding type registration java.lang.Long -&gt; org.hibernate.type.LongType@3e792ce3
11:32:00.290 [main] DEBUG org.hibernate.type.BasicTypeRegistry - Adding type registration float -&gt; org.hibernate.type.FloatType@3ef41c66
11:32:00.290 [main] DEBUG org.hibernate.type.BasicTypeRegistry - Adding type registration float -&gt; org.hibernate.type.FloatType@3ef41c66
11:32:00.290 [main] DEBUG org.hibernate.type.BasicTypeRegistry - Adding type registration java.lang.Float -&gt; org.hibernate.type.FloatType@3ef41c66
11:32:00.290 [main] DEBUG org.hibernate.type.BasicTypeRegistry - Adding type registration double -&gt; org.hibernate.type.DoubleType@3f3c966c
11:32:00.290 [main] DEBUG org.hibernate.type.BasicTypeRegistry - Adding type registration double -&gt; org.hibernate.type.DoubleType@3f3c966c
11:32:00.290 [main] DEBUG org.hibernate.type.BasicTypeRegistry - Adding type registration java.lang.Double -&gt; org.hibernate.type.DoubleType@3f3c966c
11:32:00.292 [main] DEBUG org.hibernate.type.BasicTypeRegistry - Adding type registration big_decimal -&gt; org.hibernate.type.BigDecimalType@6bd51ed8
11:32:00.292 [main] DEBUG org.hibernate.type.BasicTypeRegistry - Adding type registration java.math.BigDecimal -&gt; org.hibernate.type.BigDecimalType@6bd51ed8
11:32:00.292 [main] DEBUG org.hibernate.type.BasicTypeRegistry - Adding type registration big_integer -&gt; org.hibernate.type.BigIntegerType@5cad8b7d
11:32:00.292 [main] DEBUG org.hibernate.type.BasicTypeRegistry - Adding type registration java.math.BigInteger -&gt; org.hibernate.type.BigIntegerType@5cad8b7d
11:32:00.292 [main] DEBUG org.hibernate.type.BasicTypeRegistry - Adding type registration string -&gt; org.hibernate.type.StringType@1bb9aa43
11:32:00.292 [main] DEBUG org.hibernate.type.BasicTypeRegistry - Adding type registration java.lang.String -&gt; org.hibernate.type.StringType@1bb9aa43
11:32:00.293 [main] DEBUG org.hibernate.type.BasicTypeRegistry - Adding type registration nstring -&gt; org.hibernate.type.StringNVarcharType@3be8821f
11:32:00.293 [main] DEBUG org.hibernate.type.BasicTypeRegistry - Adding type registration ncharacter -&gt; org.hibernate.type.CharacterNCharType@65ef722a
11:32:00.295 [main] DEBUG org.hibernate.type.BasicTypeRegistry - Adding type registration url -&gt; org.hibernate.type.UrlType@5aa360ea
11:32:00.295 [main] DEBUG org.hibernate.type.BasicTypeRegistry - Adding type registration java.net.URL -&gt; org.hibernate.type.UrlType@5aa360ea
11:32:00.295 [main] DEBUG org.hibernate.type.BasicTypeRegistry - Adding type registration Duration -&gt; org.hibernate.type.DurationType@49bd54f7
11:32:00.295 [main] DEBUG org.hibernate.type.BasicTypeRegistry - Adding type registration java.time.Duration -&gt; org.hibernate.type.DurationType@49bd54f7
11:32:00.295 [main] DEBUG org.hibernate.type.BasicTypeRegistry - Adding type registration Instant -&gt; org.hibernate.type.InstantType@4a8b5227
11:32:00.296 [main] DEBUG org.hibernate.type.BasicTypeRegistry - Adding type registration java.time.Instant -&gt; org.hibernate.type.InstantType@4a8b5227
11:32:00.296 [main] DEBUG org.hibernate.type.BasicTypeRegistry - Adding type registration LocalDateTime -&gt; org.hibernate.type.LocalDateTimeType@27f0ad19
11:32:00.296 [main] DEBUG org.hibernate.type.BasicTypeRegistry - Adding type registration java.time.LocalDateTime -&gt; org.hibernate.type.LocalDateTimeType@27f0ad19
11:32:00.296 [main] DEBUG org.hibernate.type.BasicTypeRegistry - Adding type registration LocalDate -&gt; org.hibernate.type.LocalDateType@632aa1a3
11:32:00.296 [main] DEBUG org.hibernate.type.BasicTypeRegistry - Adding type registration java.time.LocalDate -&gt; org.hibernate.type.LocalDateType@632aa1a3
11:32:00.296 [main] DEBUG org.hibernate.type.BasicTypeRegistry - Adding type registration LocalTime -&gt; org.hibernate.type.LocalTimeType@6105f8a3
11:32:00.296 [main] DEBUG org.hibernate.type.BasicTypeRegistry - Adding type registration java.time.LocalTime -&gt; org.hibernate.type.LocalTimeType@6105f8a3
11:32:00.296 [main] DEBUG org.hibernate.type.BasicTypeRegistry - Adding type registration OffsetDateTime -&gt; org.hibernate.type.OffsetDateTimeType@30272916
11:32:00.296 [main] DEBUG org.hibernate.type.BasicTypeRegistry - Adding type registration java.time.OffsetDateTime -&gt; org.hibernate.type.OffsetDateTimeType@30272916
11:32:00.296 [main] DEBUG org.hibernate.type.BasicTypeRegistry - Adding type registration OffsetTime -&gt; org.hibernate.type.OffsetTimeType@29b732a2
11:32:00.297 [main] DEBUG org.hibernate.type.BasicTypeRegistry - Adding type registration java.time.OffsetTime -&gt; org.hibernate.type.OffsetTimeType@29b732a2
11:32:00.297 [main] DEBUG org.hibernate.type.BasicTypeRegistry - Adding type registration ZonedDateTime -&gt; org.hibernate.type.ZonedDateTimeType@14c053c6
11:32:00.297 [main] DEBUG org.hibernate.type.BasicTypeRegistry - Adding type registration java.time.ZonedDateTime -&gt; org.hibernate.type.ZonedDateTimeType@14c053c6
11:32:00.297 [main] DEBUG org.hibernate.type.BasicTypeRegistry - Adding type registration date -&gt; org.hibernate.type.DateType@9fecdf1
11:32:00.297 [main] DEBUG org.hibernate.type.BasicTypeRegistry - Adding type registration java.sql.Date -&gt; org.hibernate.type.DateType@9fecdf1
11:32:00.297 [main] DEBUG org.hibernate.type.BasicTypeRegistry - Adding type registration time -&gt; org.hibernate.type.TimeType@2a415aa9
11:32:00.297 [main] DEBUG org.hibernate.type.BasicTypeRegistry - Adding type registration java.sql.Time -&gt; org.hibernate.type.TimeType@2a415aa9
11:32:00.297 [main] DEBUG org.hibernate.type.BasicTypeRegistry - Adding type registration timestamp -&gt; org.hibernate.type.TimestampType@5b43e173
11:32:00.297 [main] DEBUG org.hibernate.type.BasicTypeRegistry - Adding type registration java.sql.Timestamp -&gt; org.hibernate.type.TimestampType@5b43e173
11:32:00.297 [main] DEBUG org.hibernate.type.BasicTypeRegistry - Adding type registration java.util.Date -&gt; org.hibernate.type.TimestampType@5b43e173
11:32:00.298 [main] DEBUG org.hibernate.type.BasicTypeRegistry - Adding type registration dbtimestamp -&gt; org.hibernate.type.DbTimestampType@22fa55b2
11:32:00.298 [main] DEBUG org.hibernate.type.BasicTypeRegistry - Adding type registration calendar -&gt; org.hibernate.type.CalendarType@350b3a17
11:32:00.298 [main] DEBUG org.hibernate.type.BasicTypeRegistry - Adding type registration java.util.Calendar -&gt; org.hibernate.type.CalendarType@350b3a17
11:32:00.298 [main] DEBUG org.hibernate.type.BasicTypeRegistry - Adding type registration java.util.GregorianCalendar -&gt; org.hibernate.type.CalendarType@350b3a17
11:32:00.298 [main] DEBUG org.hibernate.type.BasicTypeRegistry - Adding type registration calendar_date -&gt; org.hibernate.type.CalendarDateType@5d52e3ef
11:32:00.298 [main] DEBUG org.hibernate.type.BasicTypeRegistry - Adding type registration locale -&gt; org.hibernate.type.LocaleType@4f8caaf3
11:32:00.298 [main] DEBUG org.hibernate.type.BasicTypeRegistry - Adding type registration java.util.Locale -&gt; org.hibernate.type.LocaleType@4f8caaf3
11:32:00.298 [main] DEBUG org.hibernate.type.BasicTypeRegistry - Adding type registration currency -&gt; org.hibernate.type.CurrencyType@678040b3
11:32:00.298 [main] DEBUG org.hibernate.type.BasicTypeRegistry - Adding type registration java.util.Currency -&gt; org.hibernate.type.CurrencyType@678040b3
11:32:00.298 [main] DEBUG org.hibernate.type.BasicTypeRegistry - Adding type registration timezone -&gt; org.hibernate.type.TimeZoneType@6aa648b9
11:32:00.299 [main] DEBUG org.hibernate.type.BasicTypeRegistry - Adding type registration java.util.TimeZone -&gt; org.hibernate.type.TimeZoneType@6aa648b9
11:32:00.299 [main] DEBUG org.hibernate.type.BasicTypeRegistry - Adding type registration class -&gt; org.hibernate.type.ClassType@3e681bc
11:32:00.299 [main] DEBUG org.hibernate.type.BasicTypeRegistry - Adding type registration java.lang.Class -&gt; org.hibernate.type.ClassType@3e681bc
11:32:00.299 [main] DEBUG org.hibernate.type.BasicTypeRegistry - Adding type registration uuid-binary -&gt; org.hibernate.type.UUIDBinaryType@a68df9
11:32:00.299 [main] DEBUG org.hibernate.type.BasicTypeRegistry - Adding type registration java.util.UUID -&gt; org.hibernate.type.UUIDBinaryType@a68df9
11:32:00.299 [main] DEBUG org.hibernate.type.BasicTypeRegistry - Adding type registration uuid-char -&gt; org.hibernate.type.UUIDCharType@1b1637e1
11:32:00.299 [main] DEBUG org.hibernate.type.BasicTypeRegistry - Adding type registration binary -&gt; org.hibernate.type.BinaryType@56bc3fac
11:32:00.299 [main] DEBUG org.hibernate.type.BasicTypeRegistry - Adding type registration byte[] -&gt; org.hibernate.type.BinaryType@56bc3fac
11:32:00.299 [main] DEBUG org.hibernate.type.BasicTypeRegistry - Adding type registration [B -&gt; org.hibernate.type.BinaryType@56bc3fac
11:32:00.300 [main] DEBUG org.hibernate.type.BasicTypeRegistry - Adding type registration wrapper-binary -&gt; org.hibernate.type.WrapperBinaryType@3ecedf21
11:32:00.300 [main] DEBUG org.hibernate.type.BasicTypeRegistry - Adding type registration Byte[] -&gt; org.hibernate.type.WrapperBinaryType@3ecedf21
11:32:00.300 [main] DEBUG org.hibernate.type.BasicTypeRegistry - Adding type registration [Ljava.lang.Byte; -&gt; org.hibernate.type.WrapperBinaryType@3ecedf21
11:32:00.300 [main] DEBUG org.hibernate.type.BasicTypeRegistry - Adding type registration row_version -&gt; org.hibernate.type.RowVersionType@125c082e
11:32:00.300 [main] DEBUG org.hibernate.type.BasicTypeRegistry - Adding type registration image -&gt; org.hibernate.type.ImageType@341a8659
11:32:00.300 [main] DEBUG org.hibernate.type.BasicTypeRegistry - Adding type registration characters -&gt; org.hibernate.type.CharArrayType@7f4d9395
11:32:00.300 [main] DEBUG org.hibernate.type.BasicTypeRegistry - Adding type registration char[] -&gt; org.hibernate.type.CharArrayType@7f4d9395
11:32:00.300 [main] DEBUG org.hibernate.type.BasicTypeRegistry - Adding type registration [C -&gt; org.hibernate.type.CharArrayType@7f4d9395
11:32:00.300 [main] DEBUG org.hibernate.type.BasicTypeRegistry - Adding type registration wrapper-characters -&gt; org.hibernate.type.CharacterArrayType@27f3b6d6
11:32:00.300 [main] DEBUG org.hibernate.type.BasicTypeRegistry - Adding type registration [Ljava.lang.Character; -&gt; org.hibernate.type.CharacterArrayType@27f3b6d6
11:32:00.301 [main] DEBUG org.hibernate.type.BasicTypeRegistry - Adding type registration Character[] -&gt; org.hibernate.type.CharacterArrayType@27f3b6d6
11:32:00.301 [main] DEBUG org.hibernate.type.BasicTypeRegistry - Adding type registration text -&gt; org.hibernate.type.TextType@55b62629
11:32:00.301 [main] DEBUG org.hibernate.type.BasicTypeRegistry - Adding type registration ntext -&gt; org.hibernate.type.NTextType@867ba60
11:32:00.301 [main] DEBUG org.hibernate.type.BasicTypeRegistry - Adding type registration blob -&gt; org.hibernate.type.BlobType@410e94e
11:32:00.301 [main] DEBUG org.hibernate.type.BasicTypeRegistry - Adding type registration java.sql.Blob -&gt; org.hibernate.type.BlobType@410e94e
11:32:00.301 [main] DEBUG org.hibernate.type.BasicTypeRegistry - Adding type registration materialized_blob -&gt; org.hibernate.type.MaterializedBlobType@1da6ee17
11:32:00.301 [main] DEBUG org.hibernate.type.BasicTypeRegistry - Adding type registration clob -&gt; org.hibernate.type.ClobType@2c30b71f
11:32:00.301 [main] DEBUG org.hibernate.type.BasicTypeRegistry - Adding type registration java.sql.Clob -&gt; org.hibernate.type.ClobType@2c30b71f
11:32:00.301 [main] DEBUG org.hibernate.type.BasicTypeRegistry - Adding type registration nclob -&gt; org.hibernate.type.NClobType@4287d447
11:32:00.301 [main] DEBUG org.hibernate.type.BasicTypeRegistry - Adding type registration java.sql.NClob -&gt; org.hibernate.type.NClobType@4287d447
11:32:00.302 [main] DEBUG org.hibernate.type.BasicTypeRegistry - Adding type registration materialized_clob -&gt; org.hibernate.type.MaterializedClobType@d4602a
11:32:00.302 [main] DEBUG org.hibernate.type.BasicTypeRegistry - Adding type registration materialized_nclob -&gt; org.hibernate.type.MaterializedNClobType@36a7abe1
11:32:00.302 [main] DEBUG org.hibernate.type.BasicTypeRegistry - Adding type registration serializable -&gt; org.hibernate.type.SerializableType@3961a41a
11:32:00.302 [main] DEBUG org.hibernate.type.BasicTypeRegistry - Adding type registration object -&gt; org.hibernate.type.ObjectType@c827db
11:32:00.302 [main] DEBUG org.hibernate.type.BasicTypeRegistry - Adding type registration java.lang.Object -&gt; org.hibernate.type.ObjectType@c827db
11:32:00.302 [main] DEBUG org.hibernate.type.BasicTypeRegistry - Adding type registration imm_date -&gt; org.hibernate.type.AdaptedImmutableType@ac4915e
11:32:00.311 [main] DEBUG org.hibernate.type.BasicTypeRegistry - Adding type registration imm_time -&gt; org.hibernate.type.AdaptedImmutableType@10fb4575
11:32:00.311 [main] DEBUG org.hibernate.type.BasicTypeRegistry - Adding type registration imm_timestamp -&gt; org.hibernate.type.AdaptedImmutableType@7cc2c551
11:32:00.312 [main] DEBUG org.hibernate.type.BasicTypeRegistry - Adding type registration imm_dbtimestamp -&gt; org.hibernate.type.AdaptedImmutableType@d84b3a2
11:32:00.312 [main] DEBUG org.hibernate.type.BasicTypeRegistry - Adding type registration imm_calendar -&gt; org.hibernate.type.AdaptedImmutableType@23648d2d
11:32:00.312 [main] DEBUG org.hibernate.type.BasicTypeRegistry - Adding type registration imm_calendar_date -&gt; org.hibernate.type.AdaptedImmutableType@69feb4d9
11:32:00.312 [main] DEBUG org.hibernate.type.BasicTypeRegistry - Adding type registration imm_binary -&gt; org.hibernate.type.AdaptedImmutableType@37c1cfa
11:32:00.312 [main] DEBUG org.hibernate.type.BasicTypeRegistry - Adding type registration imm_serializable -&gt; org.hibernate.type.AdaptedImmutableType@2bcda694
11:32:00.315 [main] DEBUG org.springframework.jdbc.datasource.DriverManagerDataSource - Creating new JDBC DriverManager Connection to [jdbc:oracle:thin:@localhost:1521:XE]
11:32:00.359 [main] DEBUG org.hibernate.engine.jdbc.env.internal.JdbcEnvironmentInitiator - Database -&gt;
       name : Oracle
    version : Oracle Database 11g Express Edition Release 11.2.0.2.0 - 64bit Production
      major : 11
      minor : 2
11:32:00.359 [main] DEBUG org.hibernate.engine.jdbc.env.internal.JdbcEnvironmentInitiator - Driver -&gt;
       name : Oracle JDBC driver
    version : 11.2.0.4.0
      major : 11
      minor : 2
11:32:00.359 [main] DEBUG org.hibernate.engine.jdbc.env.internal.JdbcEnvironmentInitiator - JDBC version : 11.2
11:32:00.359 [main] INFO org.hibernate.dialect.Dialect - HHH000400: Using dialect: org.hibernate.dialect.Oracle10gDialect
11:32:00.374 [main] DEBUG org.hibernate.id.factory.internal.DefaultIdentifierGeneratorFactory - Registering IdentifierGenerator strategy [uuid2] -&gt; [org.hibernate.id.UUIDGenerator]
11:32:00.374 [main] DEBUG org.hibernate.id.factory.internal.DefaultIdentifierGeneratorFactory - Registering IdentifierGenerator strategy [guid] -&gt; [org.hibernate.id.GUIDGenerator]
11:32:00.374 [main] DEBUG org.hibernate.id.factory.internal.DefaultIdentifierGeneratorFactory - Registering IdentifierGenerator strategy [uuid] -&gt; [org.hibernate.id.UUIDHexGenerator]
11:32:00.374 [main] DEBUG org.hibernate.id.factory.internal.DefaultIdentifierGeneratorFactory - Registering IdentifierGenerator strategy [uuid.hex] -&gt; [org.hibernate.id.UUIDHexGenerator]
11:32:00.374 [main] DEBUG org.hibernate.id.factory.internal.DefaultIdentifierGeneratorFactory - Registering IdentifierGenerator strategy [assigned] -&gt; [org.hibernate.id.Assigned]
11:32:00.374 [main] DEBUG org.hibernate.id.factory.internal.DefaultIdentifierGeneratorFactory - Registering IdentifierGenerator strategy [identity] -&gt; [org.hibernate.id.IdentityGenerator]
11:32:00.374 [main] DEBUG org.hibernate.id.factory.internal.DefaultIdentifierGeneratorFactory - Registering IdentifierGenerator strategy [select] -&gt; [org.hibernate.id.SelectGenerator]
11:32:00.374 [main] DEBUG org.hibernate.id.factory.internal.DefaultIdentifierGeneratorFactory - Registering IdentifierGenerator strategy [sequence] -&gt; [org.hibernate.id.enhanced.SequenceStyleGenerator]
11:32:00.374 [main] DEBUG org.hibernate.id.factory.internal.DefaultIdentifierGeneratorFactory - Registering IdentifierGenerator strategy [seqhilo] -&gt; [org.hibernate.id.SequenceHiLoGenerator]
11:32:00.374 [main] DEBUG org.hibernate.id.factory.internal.DefaultIdentifierGeneratorFactory - Registering IdentifierGenerator strategy [increment] -&gt; [org.hibernate.id.IncrementGenerator]
11:32:00.374 [main] DEBUG org.hibernate.id.factory.internal.DefaultIdentifierGeneratorFactory - Registering IdentifierGenerator strategy [foreign] -&gt; [org.hibernate.id.ForeignGenerator]
11:32:00.374 [main] DEBUG org.hibernate.id.factory.internal.DefaultIdentifierGeneratorFactory - Registering IdentifierGenerator strategy [sequence-identity] -&gt; [org.hibernate.id.SequenceIdentityGenerator]
11:32:00.374 [main] DEBUG org.hibernate.id.factory.internal.DefaultIdentifierGeneratorFactory - Registering IdentifierGenerator strategy [enhanced-sequence] -&gt; [org.hibernate.id.enhanced.SequenceStyleGenerator]
11:32:00.374 [main] DEBUG org.hibernate.id.factory.internal.DefaultIdentifierGeneratorFactory - Registering IdentifierGenerator strategy [enhanced-table] -&gt; [org.hibernate.id.enhanced.TableGenerator]
11:32:00.374 [main] DEBUG org.hibernate.boot.model.relational.Namespace - Created database namespace [logicalName=Name{catalog=null, schema=null}, physicalName=Name{catalog=null, schema=null}]
11:32:00.375 [main] DEBUG org.hibernate.cfg.AnnotationBinder - Binding entity from annotated class: com.ashutosh.socialhub.domain.Blog
11:32:00.375 [main] DEBUG org.hibernate.cfg.Ejb3Column - Binding column: Ejb3DiscriminatorColumn{logicalColumnName&apos;DTYPE&apos;, discriminatorTypeName=&apos;string&apos;}
11:32:00.375 [main] DEBUG org.hibernate.cfg.annotations.EntityBinder - Import with entity name Blog
11:32:00.375 [main] DEBUG org.hibernate.cfg.annotations.EntityBinder - Bind entity com.ashutosh.socialhub.domain.Blog on table Blog
11:32:00.376 [main] DEBUG org.hibernate.cfg.Ejb3Column - Binding column: Ejb3Column{table=org.hibernate.mapping.Table(Blog), mappingColumn=blogId, insertable=true, updatable=true, unique=false}
11:32:00.377 [main] DEBUG org.hibernate.cfg.annotations.PropertyBinder - MetadataSourceProcessor property blogId with lazy=false
11:32:00.377 [main] DEBUG org.hibernate.cfg.AbstractPropertyHolder - Attempting to locate auto-apply AttributeConverter for property [com.ashutosh.socialhub.domain.Blog:blogId]
11:32:00.378 [main] DEBUG org.hibernate.cfg.annotations.SimpleValueBinder - building SimpleValue for blogId
11:32:00.378 [main] DEBUG org.hibernate.cfg.annotations.PropertyBinder - Building property blogId
11:32:00.378 [main] DEBUG org.hibernate.cfg.Ejb3Column - Binding column: Ejb3Column{table=org.hibernate.mapping.Table(Blog), mappingColumn=blogcontent, insertable=true, updatable=true, unique=false}
11:32:00.378 [main] DEBUG org.hibernate.cfg.annotations.PropertyBinder - MetadataSourceProcessor property blogcontent with lazy=false
11:32:00.378 [main] DEBUG org.hibernate.cfg.AbstractPropertyHolder - Attempting to locate auto-apply AttributeConverter for property [com.ashutosh.socialhub.domain.Blog:blogcontent]
11:32:00.379 [main] DEBUG org.hibernate.cfg.annotations.SimpleValueBinder - building SimpleValue for blogcontent
11:32:00.379 [main] DEBUG org.hibernate.cfg.annotations.PropertyBinder - Building property blogcontent
11:32:00.379 [main] DEBUG org.hibernate.cfg.Ejb3Column - Binding column: Ejb3Column{table=org.hibernate.mapping.Table(Blog), mappingColumn=blogname, insertable=true, updatable=true, unique=false}
11:32:00.379 [main] DEBUG org.hibernate.cfg.annotations.PropertyBinder - MetadataSourceProcessor property blogname with lazy=false
11:32:00.379 [main] DEBUG org.hibernate.cfg.AbstractPropertyHolder - Attempting to locate auto-apply AttributeConverter for property [com.ashutosh.socialhub.domain.Blog:blogname]
11:32:00.379 [main] DEBUG org.hibernate.cfg.annotations.SimpleValueBinder - building SimpleValue for blogname
11:32:00.379 [main] DEBUG org.hibernate.cfg.annotations.PropertyBinder - Building property blogname
11:32:00.379 [main] DEBUG org.hibernate.cfg.Ejb3Column - Binding column: Ejb3Column{table=org.hibernate.mapping.Table(Blog), mappingColumn=createdate, insertable=true, updatable=true, unique=false}
11:32:00.379 [main] DEBUG org.hibernate.cfg.annotations.PropertyBinder - MetadataSourceProcessor property createdate with lazy=false
11:32:00.379 [main] DEBUG org.hibernate.cfg.AbstractPropertyHolder - Attempting to locate auto-apply AttributeConverter for property [com.ashutosh.socialhub.domain.Blog:createdate]
11:32:00.379 [main] DEBUG org.hibernate.cfg.annotations.SimpleValueBinder - building SimpleValue for createdate
11:32:00.379 [main] DEBUG org.hibernate.cfg.annotations.PropertyBinder - Building property createdate
11:32:00.379 [main] DEBUG org.hibernate.cfg.Ejb3Column - Binding column: Ejb3Column{table=org.hibernate.mapping.Table(Blog), mappingColumn=dislikes, insertable=true, updatable=true, unique=false}
11:32:00.379 [main] DEBUG org.hibernate.cfg.annotations.PropertyBinder - MetadataSourceProcessor property dislikes with lazy=false
11:32:00.379 [main] DEBUG org.hibernate.cfg.AbstractPropertyHolder - Attempting to locate auto-apply AttributeConverter for property [com.ashutosh.socialhub.domain.Blog:dislikes]
11:32:00.380 [main] DEBUG org.hibernate.cfg.annotations.SimpleValueBinder - building SimpleValue for dislikes
11:32:00.380 [main] DEBUG org.hibernate.cfg.annotations.PropertyBinder - Building property dislikes
11:32:00.380 [main] DEBUG org.hibernate.cfg.Ejb3Column - Binding column: Ejb3Column{table=org.hibernate.mapping.Table(Blog), mappingColumn=likes, insertable=true, updatable=true, unique=false}
11:32:00.380 [main] DEBUG org.hibernate.cfg.annotations.PropertyBinder - MetadataSourceProcessor property likes with lazy=false
11:32:00.380 [main] DEBUG org.hibernate.cfg.AbstractPropertyHolder - Attempting to locate auto-apply AttributeConverter for property [com.ashutosh.socialhub.domain.Blog:likes]
11:32:00.380 [main] DEBUG org.hibernate.cfg.annotations.SimpleValueBinder - building SimpleValue for likes
11:32:00.380 [main] DEBUG org.hibernate.cfg.annotations.PropertyBinder - Building property likes
11:32:00.380 [main] DEBUG org.hibernate.cfg.Ejb3Column - Binding column: Ejb3Column{table=org.hibernate.mapping.Table(Blog), mappingColumn=loginname, insertable=true, updatable=true, unique=false}
11:32:00.380 [main] DEBUG org.hibernate.cfg.annotations.PropertyBinder - MetadataSourceProcessor property loginname with lazy=false
11:32:00.380 [main] DEBUG org.hibernate.cfg.AbstractPropertyHolder - Attempting to locate auto-apply AttributeConverter for property [com.ashutosh.socialhub.domain.Blog:loginname]
11:32:00.380 [main] DEBUG org.hibernate.cfg.annotations.SimpleValueBinder - building SimpleValue for loginname
11:32:00.380 [main] DEBUG org.hibernate.cfg.annotations.PropertyBinder - Building property loginname
11:32:00.380 [main] DEBUG org.hibernate.cfg.Ejb3Column - Binding column: Ejb3Column{table=org.hibernate.mapping.Table(Blog), mappingColumn=status, insertable=true, updatable=true, unique=false}
11:32:00.380 [main] DEBUG org.hibernate.cfg.annotations.PropertyBinder - MetadataSourceProcessor property status with lazy=false
11:32:00.380 [main] DEBUG org.hibernate.cfg.AbstractPropertyHolder - Attempting to locate auto-apply AttributeConverter for property [com.ashutosh.socialhub.domain.Blog:status]
11:32:00.380 [main] DEBUG org.hibernate.cfg.annotations.SimpleValueBinder - building SimpleValue for status
11:32:00.381 [main] DEBUG org.hibernate.cfg.annotations.PropertyBinder - Building property status
11:32:00.381 [main] DEBUG org.hibernate.cfg.AnnotationBinder - Binding entity from annotated class: com.ashutosh.socialhub.domain.Blogcomment
11:32:00.381 [main] DEBUG org.hibernate.cfg.Ejb3Column - Binding column: Ejb3DiscriminatorColumn{logicalColumnName&apos;DTYPE&apos;, discriminatorTypeName=&apos;string&apos;}
11:32:00.381 [main] DEBUG org.hibernate.cfg.annotations.EntityBinder - Import with entity name Blogcomment
11:32:00.381 [main] DEBUG org.hibernate.cfg.annotations.EntityBinder - Bind entity com.ashutosh.socialhub.domain.Blogcomment on table Blogcomment
11:32:00.381 [main] DEBUG org.hibernate.cfg.Ejb3Column - Binding column: Ejb3Column{table=org.hibernate.mapping.Table(Blogcomment), mappingColumn=commentid, insertable=true, updatable=true, unique=false}
11:32:00.382 [main] DEBUG org.hibernate.cfg.annotations.PropertyBinder - MetadataSourceProcessor property commentid with lazy=false
11:32:00.382 [main] DEBUG org.hibernate.cfg.AbstractPropertyHolder - Attempting to locate auto-apply AttributeConverter for property [com.ashutosh.socialhub.domain.Blogcomment:commentid]
11:32:00.382 [main] DEBUG org.hibernate.cfg.annotations.SimpleValueBinder - building SimpleValue for commentid
11:32:00.382 [main] DEBUG org.hibernate.cfg.annotations.PropertyBinder - Building property commentid
11:32:00.382 [main] DEBUG org.hibernate.cfg.Ejb3Column - Binding column: Ejb3Column{table=org.hibernate.mapping.Table(Blogcomment), mappingColumn=blogid, insertable=true, updatable=true, unique=false}
11:32:00.382 [main] DEBUG org.hibernate.cfg.annotations.PropertyBinder - MetadataSourceProcessor property blogid with lazy=false
11:32:00.382 [main] DEBUG org.hibernate.cfg.AbstractPropertyHolder - Attempting to locate auto-apply AttributeConverter for property [com.ashutosh.socialhub.domain.Blogcomment:blogid]
11:32:00.382 [main] DEBUG org.hibernate.cfg.annotations.SimpleValueBinder - building SimpleValue for blogid
11:32:00.382 [main] DEBUG org.hibernate.cfg.annotations.PropertyBinder - Building property blogid
11:32:00.382 [main] DEBUG org.hibernate.cfg.Ejb3Column - Binding column: Ejb3Column{table=org.hibernate.mapping.Table(Blogcomment), mappingColumn=commentdate, insertable=true, updatable=true, unique=false}
11:32:00.382 [main] DEBUG org.hibernate.cfg.annotations.PropertyBinder - MetadataSourceProcessor property commentdate with lazy=false
11:32:00.382 [main] DEBUG org.hibernate.cfg.AbstractPropertyHolder - Attempting to locate auto-apply AttributeConverter for property [com.ashutosh.socialhub.domain.Blogcomment:commentdate]
11:32:00.383 [main] DEBUG org.hibernate.cfg.annotations.SimpleValueBinder - building SimpleValue for commentdate
11:32:00.383 [main] DEBUG org.hibernate.cfg.annotations.PropertyBinder - Building property commentdate
11:32:00.383 [main] DEBUG org.hibernate.cfg.Ejb3Column - Binding column: Ejb3Column{table=org.hibernate.mapping.Table(Blogcomment), mappingColumn=commenttext, insertable=true, updatable=true, unique=false}
11:32:00.383 [main] DEBUG org.hibernate.cfg.annotations.PropertyBinder - MetadataSourceProcessor property commenttext with lazy=false
11:32:00.383 [main] DEBUG org.hibernate.cfg.AbstractPropertyHolder - Attempting to locate auto-apply AttributeConverter for property [com.ashutosh.socialhub.domain.Blogcomment:commenttext]
11:32:00.383 [main] DEBUG org.hibernate.cfg.annotations.SimpleValueBinder - building SimpleValue for commenttext
11:32:00.383 [main] DEBUG org.hibernate.cfg.annotations.PropertyBinder - Building property commenttext
11:32:00.383 [main] DEBUG org.hibernate.cfg.Ejb3Column - Binding column: Ejb3Column{table=org.hibernate.mapping.Table(Blogcomment), mappingColumn=loginname, insertable=true, updatable=true, unique=false}
11:32:00.383 [main] DEBUG org.hibernate.cfg.annotations.PropertyBinder - MetadataSourceProcessor property loginname with lazy=false
11:32:00.383 [main] DEBUG org.hibernate.cfg.AbstractPropertyHolder - Attempting to locate auto-apply AttributeConverter for property [com.ashutosh.socialhub.domain.Blogcomment:loginname]
11:32:00.383 [main] DEBUG org.hibernate.cfg.annotations.SimpleValueBinder - building SimpleValue for loginname
11:32:00.383 [main] DEBUG org.hibernate.cfg.annotations.PropertyBinder - Building property loginname
11:32:00.383 [main] DEBUG org.hibernate.cfg.AnnotationBinder - Binding entity from annotated class: com.ashutosh.socialhub.domain.Forum
11:32:00.383 [main] DEBUG org.hibernate.cfg.Ejb3Column - Binding column: Ejb3DiscriminatorColumn{logicalColumnName&apos;DTYPE&apos;, discriminatorTypeName=&apos;string&apos;}
11:32:00.384 [main] DEBUG org.hibernate.cfg.annotations.EntityBinder - Import with entity name Forum
11:32:00.384 [main] DEBUG org.hibernate.cfg.annotations.EntityBinder - Bind entity com.ashutosh.socialhub.domain.Forum on table Forum
11:32:00.384 [main] DEBUG org.hibernate.cfg.Ejb3Column - Binding column: Ejb3Column{table=org.hibernate.mapping.Table(Forum), mappingColumn=forumId, insertable=true, updatable=true, unique=false}
11:32:00.384 [main] DEBUG org.hibernate.cfg.annotations.PropertyBinder - MetadataSourceProcessor property forumId with lazy=false
11:32:00.384 [main] DEBUG org.hibernate.cfg.AbstractPropertyHolder - Attempting to locate auto-apply AttributeConverter for property [com.ashutosh.socialhub.domain.Forum:forumId]
11:32:00.384 [main] DEBUG org.hibernate.cfg.annotations.SimpleValueBinder - building SimpleValue for forumId
11:32:00.385 [main] DEBUG org.hibernate.cfg.annotations.PropertyBinder - Building property forumId
11:32:00.385 [main] DEBUG org.hibernate.cfg.Ejb3Column - Binding column: Ejb3Column{table=org.hibernate.mapping.Table(Forum), mappingColumn=createDate, insertable=true, updatable=true, unique=false}
11:32:00.385 [main] DEBUG org.hibernate.cfg.annotations.PropertyBinder - MetadataSourceProcessor property createDate with lazy=false
11:32:00.385 [main] DEBUG org.hibernate.cfg.AbstractPropertyHolder - Attempting to locate auto-apply AttributeConverter for property [com.ashutosh.socialhub.domain.Forum:createDate]
11:32:00.385 [main] DEBUG org.hibernate.cfg.annotations.SimpleValueBinder - building SimpleValue for createDate
11:32:00.385 [main] DEBUG org.hibernate.cfg.annotations.PropertyBinder - Building property createDate
11:32:00.385 [main] DEBUG org.hibernate.cfg.Ejb3Column - Binding column: Ejb3Column{table=org.hibernate.mapping.Table(Forum), mappingColumn=forumContent, insertable=true, updatable=true, unique=false}
11:32:00.385 [main] DEBUG org.hibernate.cfg.annotations.PropertyBinder - MetadataSourceProcessor property forumContent with lazy=false
11:32:00.385 [main] DEBUG org.hibernate.cfg.AbstractPropertyHolder - Attempting to locate auto-apply AttributeConverter for property [com.ashutosh.socialhub.domain.Forum:forumContent]
11:32:00.385 [main] DEBUG org.hibernate.cfg.annotations.SimpleValueBinder - building SimpleValue for forumContent
11:32:00.385 [main] DEBUG org.hibernate.cfg.annotations.PropertyBinder - Building property forumContent
11:32:00.386 [main] DEBUG org.hibernate.cfg.Ejb3Column - Binding column: Ejb3Column{table=org.hibernate.mapping.Table(Forum), mappingColumn=forumName, insertable=true, updatable=true, unique=false}
11:32:00.386 [main] DEBUG org.hibernate.cfg.annotations.PropertyBinder - MetadataSourceProcessor property forumName with lazy=false
11:32:00.386 [main] DEBUG org.hibernate.cfg.AbstractPropertyHolder - Attempting to locate auto-apply AttributeConverter for property [com.ashutosh.socialhub.domain.Forum:forumName]
11:32:00.386 [main] DEBUG org.hibernate.cfg.annotations.SimpleValueBinder - building SimpleValue for forumName
11:32:00.386 [main] DEBUG org.hibernate.cfg.annotations.PropertyBinder - Building property forumName
11:32:00.386 [main] DEBUG org.hibernate.cfg.Ejb3Column - Binding column: Ejb3Column{table=org.hibernate.mapping.Table(Forum), mappingColumn=loginname, insertable=true, updatable=true, unique=false}
11:32:00.386 [main] DEBUG org.hibernate.cfg.annotations.PropertyBinder - MetadataSourceProcessor property loginname with lazy=false
11:32:00.386 [main] DEBUG org.hibernate.cfg.AbstractPropertyHolder - Attempting to locate auto-apply AttributeConverter for property [com.ashutosh.socialhub.domain.Forum:loginname]
11:32:00.386 [main] DEBUG org.hibernate.cfg.annotations.SimpleValueBinder - building SimpleValue for loginname
11:32:00.386 [main] DEBUG org.hibernate.cfg.annotations.PropertyBinder - Building property loginname
11:32:00.386 [main] DEBUG org.hibernate.cfg.Ejb3Column - Binding column: Ejb3Column{table=org.hibernate.mapping.Table(Forum), mappingColumn=status, insertable=true, updatable=true, unique=false}
11:32:00.386 [main] DEBUG org.hibernate.cfg.annotations.PropertyBinder - MetadataSourceProcessor property status with lazy=false
11:32:00.387 [main] DEBUG org.hibernate.cfg.AbstractPropertyHolder - Attempting to locate auto-apply AttributeConverter for property [com.ashutosh.socialhub.domain.Forum:status]
11:32:00.387 [main] DEBUG org.hibernate.cfg.annotations.SimpleValueBinder - building SimpleValue for status
11:32:00.387 [main] DEBUG org.hibernate.cfg.annotations.PropertyBinder - Building property status
11:32:00.387 [main] DEBUG org.hibernate.cfg.AnnotationBinder - Binding entity from annotated class: com.ashutosh.socialhub.domain.ForumComment
11:32:00.387 [main] DEBUG org.hibernate.cfg.Ejb3Column - Binding column: Ejb3DiscriminatorColumn{logicalColumnName&apos;DTYPE&apos;, discriminatorTypeName=&apos;string&apos;}
11:32:00.387 [main] DEBUG org.hibernate.cfg.annotations.EntityBinder - Import with entity name ForumComment
11:32:00.387 [main] DEBUG org.hibernate.cfg.annotations.EntityBinder - Bind entity com.ashutosh.socialhub.domain.ForumComment on table ForumComment
11:32:00.388 [main] DEBUG org.hibernate.cfg.Ejb3Column - Binding column: Ejb3Column{table=org.hibernate.mapping.Table(ForumComment), mappingColumn=commentid, insertable=true, updatable=true, unique=false}
11:32:00.388 [main] DEBUG org.hibernate.cfg.annotations.PropertyBinder - MetadataSourceProcessor property commentid with lazy=false
11:32:00.388 [main] DEBUG org.hibernate.cfg.AbstractPropertyHolder - Attempting to locate auto-apply AttributeConverter for property [com.ashutosh.socialhub.domain.ForumComment:commentid]
11:32:00.388 [main] DEBUG org.hibernate.cfg.annotations.SimpleValueBinder - building SimpleValue for commentid
11:32:00.388 [main] DEBUG org.hibernate.cfg.annotations.PropertyBinder - Building property commentid
11:32:00.388 [main] DEBUG org.hibernate.cfg.Ejb3Column - Binding column: Ejb3Column{table=org.hibernate.mapping.Table(ForumComment), mappingColumn=discussionDate, insertable=true, updatable=true, unique=false}
11:32:00.389 [main] DEBUG org.hibernate.cfg.annotations.PropertyBinder - MetadataSourceProcessor property discussionDate with lazy=false
11:32:00.389 [main] DEBUG org.hibernate.cfg.AbstractPropertyHolder - Attempting to locate auto-apply AttributeConverter for property [com.ashutosh.socialhub.domain.ForumComment:discussionDate]
11:32:00.389 [main] DEBUG org.hibernate.cfg.annotations.SimpleValueBinder - building SimpleValue for discussionDate
11:32:00.389 [main] DEBUG org.hibernate.cfg.annotations.PropertyBinder - Building property discussionDate
11:32:00.389 [main] DEBUG org.hibernate.cfg.Ejb3Column - Binding column: Ejb3Column{table=org.hibernate.mapping.Table(ForumComment), mappingColumn=discussiontext, insertable=true, updatable=true, unique=false}
11:32:00.389 [main] DEBUG org.hibernate.cfg.annotations.PropertyBinder - MetadataSourceProcessor property discussiontext with lazy=false
11:32:00.390 [main] DEBUG org.hibernate.cfg.AbstractPropertyHolder - Attempting to locate auto-apply AttributeConverter for property [com.ashutosh.socialhub.domain.ForumComment:discussiontext]
11:32:00.390 [main] DEBUG org.hibernate.cfg.annotations.SimpleValueBinder - building SimpleValue for discussiontext
11:32:00.390 [main] DEBUG org.hibernate.cfg.annotations.PropertyBinder - Building property discussiontext
11:32:00.390 [main] DEBUG org.hibernate.cfg.Ejb3Column - Binding column: Ejb3Column{table=org.hibernate.mapping.Table(ForumComment), mappingColumn=forumid, insertable=true, updatable=true, unique=false}
11:32:00.390 [main] DEBUG org.hibernate.cfg.annotations.PropertyBinder - MetadataSourceProcessor property forumid with lazy=false
11:32:00.390 [main] DEBUG org.hibernate.cfg.AbstractPropertyHolder - Attempting to locate auto-apply AttributeConverter for property [com.ashutosh.socialhub.domain.ForumComment:forumid]
11:32:00.390 [main] DEBUG org.hibernate.cfg.annotations.SimpleValueBinder - building SimpleValue for forumid
11:32:00.390 [main] DEBUG org.hibernate.cfg.annotations.PropertyBinder - Building property forumid
11:32:00.390 [main] DEBUG org.hibernate.cfg.Ejb3Column - Binding column: Ejb3Column{table=org.hibernate.mapping.Table(ForumComment), mappingColumn=loginname, insertable=true, updatable=true, unique=false}
11:32:00.390 [main] DEBUG org.hibernate.cfg.annotations.PropertyBinder - MetadataSourceProcessor property loginname with lazy=false
11:32:00.390 [main] DEBUG org.hibernate.cfg.AbstractPropertyHolder - Attempting to locate auto-apply AttributeConverter for property [com.ashutosh.socialhub.domain.ForumComment:loginname]
11:32:00.390 [main] DEBUG org.hibernate.cfg.annotations.SimpleValueBinder - building SimpleValue for loginname
11:32:00.390 [main] DEBUG org.hibernate.cfg.annotations.PropertyBinder - Building property loginname
11:32:00.391 [main] DEBUG org.hibernate.cfg.AnnotationBinder - Binding entity from annotated class: com.ashutosh.socialhub.domain.Friend
11:32:00.391 [main] DEBUG org.hibernate.cfg.Ejb3Column - Binding column: Ejb3DiscriminatorColumn{logicalColumnName&apos;DTYPE&apos;, discriminatorTypeName=&apos;string&apos;}
11:32:00.391 [main] DEBUG org.hibernate.cfg.annotations.EntityBinder - Import with entity name Friend
11:32:00.391 [main] DEBUG org.hibernate.cfg.annotations.EntityBinder - Bind entity com.ashutosh.socialhub.domain.Friend on table Friend
11:32:00.399 [main] DEBUG org.hibernate.cfg.Ejb3Column - Binding column: Ejb3Column{table=org.hibernate.mapping.Table(Friend), mappingColumn=friendid, insertable=true, updatable=true, unique=false}
11:32:00.401 [main] DEBUG org.hibernate.cfg.annotations.PropertyBinder - MetadataSourceProcessor property friendid with lazy=false
11:32:00.401 [main] DEBUG org.hibernate.cfg.AbstractPropertyHolder - Attempting to locate auto-apply AttributeConverter for property [com.ashutosh.socialhub.domain.Friend:friendid]
11:32:00.401 [main] DEBUG org.hibernate.cfg.annotations.SimpleValueBinder - building SimpleValue for friendid
11:32:00.401 [main] DEBUG org.hibernate.cfg.annotations.PropertyBinder - Building property friendid
11:32:00.401 [main] DEBUG org.hibernate.cfg.Ejb3Column - Binding column: Ejb3Column{table=org.hibernate.mapping.Table(Friend), mappingColumn=friendloginname, insertable=true, updatable=true, unique=false}
11:32:00.401 [main] DEBUG org.hibernate.cfg.annotations.PropertyBinder - MetadataSourceProcessor property friendloginname with lazy=false
11:32:00.402 [main] DEBUG org.hibernate.cfg.AbstractPropertyHolder - Attempting to locate auto-apply AttributeConverter for property [com.ashutosh.socialhub.domain.Friend:friendloginname]
11:32:00.402 [main] DEBUG org.hibernate.cfg.annotations.SimpleValueBinder - building SimpleValue for friendloginname
11:32:00.402 [main] DEBUG org.hibernate.cfg.annotations.PropertyBinder - Building property friendloginname
11:32:00.402 [main] DEBUG org.hibernate.cfg.Ejb3Column - Binding column: Ejb3Column{table=org.hibernate.mapping.Table(Friend), mappingColumn=loginname, insertable=true, updatable=true, unique=false}
11:32:00.402 [main] DEBUG org.hibernate.cfg.annotations.PropertyBinder - MetadataSourceProcessor property loginname with lazy=false
11:32:00.402 [main] DEBUG org.hibernate.cfg.AbstractPropertyHolder - Attempting to locate auto-apply AttributeConverter for property [com.ashutosh.socialhub.domain.Friend:loginname]
11:32:00.402 [main] DEBUG org.hibernate.cfg.annotations.SimpleValueBinder - building SimpleValue for loginname
11:32:00.402 [main] DEBUG org.hibernate.cfg.annotations.PropertyBinder - Building property loginname
11:32:00.402 [main] DEBUG org.hibernate.cfg.Ejb3Column - Binding column: Ejb3Column{table=org.hibernate.mapping.Table(Friend), mappingColumn=status, insertable=true, updatable=true, unique=false}
11:32:00.402 [main] DEBUG org.hibernate.cfg.annotations.PropertyBinder - MetadataSourceProcessor property status with lazy=false
11:32:00.402 [main] DEBUG org.hibernate.cfg.AbstractPropertyHolder - Attempting to locate auto-apply AttributeConverter for property [com.ashutosh.socialhub.domain.Friend:status]
11:32:00.402 [main] DEBUG org.hibernate.cfg.annotations.SimpleValueBinder - building SimpleValue for status
11:32:00.402 [main] DEBUG org.hibernate.cfg.annotations.PropertyBinder - Building property status
11:32:00.402 [main] DEBUG org.hibernate.cfg.AnnotationBinder - Binding entity from annotated class: com.ashutosh.socialhub.domain.JobDetail
11:32:00.403 [main] DEBUG org.hibernate.cfg.Ejb3Column - Binding column: Ejb3DiscriminatorColumn{logicalColumnName&apos;DTYPE&apos;, discriminatorTypeName=&apos;string&apos;}
11:32:00.403 [main] DEBUG org.hibernate.cfg.annotations.EntityBinder - Import with entity name JobDetail
11:32:00.403 [main] DEBUG org.hibernate.cfg.annotations.EntityBinder - Bind entity com.ashutosh.socialhub.domain.JobDetail on table JobDetail
11:32:00.403 [main] DEBUG org.hibernate.cfg.Ejb3Column - Binding column: Ejb3Column{table=org.hibernate.mapping.Table(JobDetail), mappingColumn=jobId, insertable=true, updatable=true, unique=false}
11:32:00.404 [main] DEBUG org.hibernate.cfg.annotations.PropertyBinder - MetadataSourceProcessor property jobId with lazy=false
11:32:00.404 [main] DEBUG org.hibernate.cfg.AbstractPropertyHolder - Attempting to locate auto-apply AttributeConverter for property [com.ashutosh.socialhub.domain.JobDetail:jobId]
11:32:00.404 [main] DEBUG org.hibernate.cfg.annotations.SimpleValueBinder - building SimpleValue for jobId
11:32:00.404 [main] DEBUG org.hibernate.cfg.annotations.PropertyBinder - Building property jobId
11:32:00.404 [main] DEBUG org.hibernate.cfg.Ejb3Column - Binding column: Ejb3Column{table=org.hibernate.mapping.Table(JobDetail), mappingColumn=Designation, insertable=true, updatable=true, unique=false}
11:32:00.404 [main] DEBUG org.hibernate.cfg.annotations.PropertyBinder - MetadataSourceProcessor property Designation with lazy=false
11:32:00.405 [main] DEBUG org.hibernate.cfg.AbstractPropertyHolder - Attempting to locate auto-apply AttributeConverter for property [com.ashutosh.socialhub.domain.JobDetail:Designation]
11:32:00.405 [main] DEBUG org.hibernate.cfg.annotations.SimpleValueBinder - building SimpleValue for Designation
11:32:00.405 [main] DEBUG org.hibernate.cfg.annotations.PropertyBinder - Building property Designation
11:32:00.405 [main] DEBUG org.hibernate.cfg.Ejb3Column - Binding column: Ejb3Column{table=org.hibernate.mapping.Table(JobDetail), mappingColumn=LastDate, insertable=true, updatable=true, unique=false}
11:32:00.405 [main] DEBUG org.hibernate.cfg.annotations.PropertyBinder - MetadataSourceProcessor property LastDate with lazy=false
11:32:00.405 [main] DEBUG org.hibernate.cfg.AbstractPropertyHolder - Attempting to locate auto-apply AttributeConverter for property [com.ashutosh.socialhub.domain.JobDetail:LastDate]
11:32:00.405 [main] DEBUG org.hibernate.cfg.annotations.SimpleValueBinder - building SimpleValue for LastDate
11:32:00.405 [main] DEBUG org.hibernate.cfg.annotations.PropertyBinder - Building property LastDate
11:32:00.406 [main] DEBUG org.hibernate.cfg.Ejb3Column - Binding column: Ejb3Column{table=org.hibernate.mapping.Table(JobDetail), mappingColumn=company, insertable=true, updatable=true, unique=false}
11:32:00.406 [main] DEBUG org.hibernate.cfg.annotations.PropertyBinder - MetadataSourceProcessor property company with lazy=false
11:32:00.406 [main] DEBUG org.hibernate.cfg.AbstractPropertyHolder - Attempting to locate auto-apply AttributeConverter for property [com.ashutosh.socialhub.domain.JobDetail:company]
11:32:00.406 [main] DEBUG org.hibernate.cfg.annotations.SimpleValueBinder - building SimpleValue for company
11:32:00.406 [main] DEBUG org.hibernate.cfg.annotations.PropertyBinder - Building property company
11:32:00.406 [main] DEBUG org.hibernate.cfg.Ejb3Column - Binding column: Ejb3Column{table=org.hibernate.mapping.Table(JobDetail), mappingColumn=ctc, insertable=true, updatable=true, unique=false}
11:32:00.407 [main] DEBUG org.hibernate.cfg.annotations.PropertyBinder - MetadataSourceProcessor property ctc with lazy=false
11:32:00.407 [main] DEBUG org.hibernate.cfg.AbstractPropertyHolder - Attempting to locate auto-apply AttributeConverter for property [com.ashutosh.socialhub.domain.JobDetail:ctc]
11:32:00.407 [main] DEBUG org.hibernate.cfg.annotations.SimpleValueBinder - building SimpleValue for ctc
11:32:00.407 [main] DEBUG org.hibernate.cfg.annotations.PropertyBinder - Building property ctc
11:32:00.407 [main] DEBUG org.hibernate.cfg.Ejb3Column - Binding column: Ejb3Column{table=org.hibernate.mapping.Table(JobDetail), mappingColumn=location, insertable=true, updatable=true, unique=false}
11:32:00.407 [main] DEBUG org.hibernate.cfg.annotations.PropertyBinder - MetadataSourceProcessor property location with lazy=false
11:32:00.408 [main] DEBUG org.hibernate.cfg.AbstractPropertyHolder - Attempting to locate auto-apply AttributeConverter for property [com.ashutosh.socialhub.domain.JobDetail:location]
11:32:00.408 [main] DEBUG org.hibernate.cfg.annotations.SimpleValueBinder - building SimpleValue for location
11:32:00.408 [main] DEBUG org.hibernate.cfg.annotations.PropertyBinder - Building property location
11:32:00.408 [main] DEBUG org.hibernate.cfg.Ejb3Column - Binding column: Ejb3Column{table=org.hibernate.mapping.Table(JobDetail), mappingColumn=roles, insertable=true, updatable=true, unique=false}
11:32:00.408 [main] DEBUG org.hibernate.cfg.annotations.PropertyBinder - MetadataSourceProcessor property roles with lazy=false
11:32:00.408 [main] DEBUG org.hibernate.cfg.AbstractPropertyHolder - Attempting to locate auto-apply AttributeConverter for property [com.ashutosh.socialhub.domain.JobDetail:roles]
11:32:00.408 [main] DEBUG org.hibernate.cfg.annotations.SimpleValueBinder - building SimpleValue for roles
11:32:00.408 [main] DEBUG org.hibernate.cfg.annotations.PropertyBinder - Building property roles
11:32:00.408 [main] DEBUG org.hibernate.cfg.Ejb3Column - Binding column: Ejb3Column{table=org.hibernate.mapping.Table(JobDetail), mappingColumn=skills, insertable=true, updatable=true, unique=false}
11:32:00.408 [main] DEBUG org.hibernate.cfg.annotations.PropertyBinder - MetadataSourceProcessor property skills with lazy=false
11:32:00.408 [main] DEBUG org.hibernate.cfg.AbstractPropertyHolder - Attempting to locate auto-apply AttributeConverter for property [com.ashutosh.socialhub.domain.JobDetail:skills]
11:32:00.408 [main] DEBUG org.hibernate.cfg.annotations.SimpleValueBinder - building SimpleValue for skills
11:32:00.409 [main] DEBUG org.hibernate.cfg.annotations.PropertyBinder - Building property skills
11:32:00.409 [main] DEBUG org.hibernate.cfg.AnnotationBinder - Binding entity from annotated class: com.ashutosh.socialhub.domain.ProfileImage
11:32:00.409 [main] DEBUG org.hibernate.cfg.Ejb3Column - Binding column: Ejb3DiscriminatorColumn{logicalColumnName&apos;DTYPE&apos;, discriminatorTypeName=&apos;string&apos;}
11:32:00.409 [main] DEBUG org.hibernate.cfg.annotations.EntityBinder - Import with entity name ProfileImage
11:32:00.409 [main] DEBUG org.hibernate.cfg.annotations.EntityBinder - Bind entity com.ashutosh.socialhub.domain.ProfileImage on table ProfileImage
11:32:00.410 [main] DEBUG org.hibernate.cfg.Ejb3Column - Binding column: Ejb3Column{table=org.hibernate.mapping.Table(ProfileImage), mappingColumn=loginname, insertable=true, updatable=true, unique=false}
11:32:00.410 [main] DEBUG org.hibernate.cfg.annotations.PropertyBinder - MetadataSourceProcessor property loginname with lazy=false
11:32:00.410 [main] DEBUG org.hibernate.cfg.AbstractPropertyHolder - Attempting to locate auto-apply AttributeConverter for property [com.ashutosh.socialhub.domain.ProfileImage:loginname]
11:32:00.410 [main] DEBUG org.hibernate.cfg.annotations.SimpleValueBinder - building SimpleValue for loginname
11:32:00.410 [main] DEBUG org.hibernate.cfg.annotations.PropertyBinder - Building property loginname
11:32:00.410 [main] DEBUG org.hibernate.cfg.Ejb3Column - Binding column: Ejb3Column{table=org.hibernate.mapping.Table(ProfileImage), mappingColumn=picture, insertable=true, updatable=true, unique=false}
11:32:00.410 [main] DEBUG org.hibernate.cfg.annotations.PropertyBinder - MetadataSourceProcessor property picture with lazy=false
11:32:00.410 [main] DEBUG org.hibernate.cfg.AbstractPropertyHolder - Attempting to locate auto-apply AttributeConverter for property [com.ashutosh.socialhub.domain.ProfileImage:picture]
11:32:00.410 [main] DEBUG org.hibernate.cfg.annotations.SimpleValueBinder - building SimpleValue for picture
11:32:00.410 [main] DEBUG org.hibernate.cfg.annotations.PropertyBinder - Building property picture
11:32:00.411 [main] DEBUG org.hibernate.cfg.AnnotationBinder - Binding entity from annotated class: com.ashutosh.socialhub.domain.UserDetail
11:32:00.411 [main] DEBUG org.hibernate.cfg.Ejb3Column - Binding column: Ejb3DiscriminatorColumn{logicalColumnName&apos;DTYPE&apos;, discriminatorTypeName=&apos;string&apos;}
11:32:00.411 [main] DEBUG org.hibernate.cfg.annotations.EntityBinder - Import with entity name UserDetail
11:32:00.411 [main] DEBUG org.hibernate.cfg.annotations.EntityBinder - Bind entity com.ashutosh.socialhub.domain.UserDetail on table UserDetail
11:32:00.412 [main] DEBUG org.hibernate.cfg.Ejb3Column - Binding column: Ejb3Column{table=org.hibernate.mapping.Table(UserDetail), mappingColumn=loginname, insertable=true, updatable=true, unique=false}
11:32:00.412 [main] DEBUG org.hibernate.cfg.annotations.PropertyBinder - MetadataSourceProcessor property loginname with lazy=false
11:32:00.412 [main] DEBUG org.hibernate.cfg.AbstractPropertyHolder - Attempting to locate auto-apply AttributeConverter for property [com.ashutosh.socialhub.domain.UserDetail:loginname]
11:32:00.412 [main] DEBUG org.hibernate.cfg.annotations.SimpleValueBinder - building SimpleValue for loginname
11:32:00.412 [main] DEBUG org.hibernate.cfg.annotations.PropertyBinder - Building property loginname
11:32:00.412 [main] DEBUG org.hibernate.cfg.Ejb3Column - Binding column: Ejb3Column{table=org.hibernate.mapping.Table(UserDetail), mappingColumn=Username, insertable=true, updatable=true, unique=false}
11:32:00.413 [main] DEBUG org.hibernate.cfg.annotations.PropertyBinder - MetadataSourceProcessor property Username with lazy=false
11:32:00.413 [main] DEBUG org.hibernate.cfg.AbstractPropertyHolder - Attempting to locate auto-apply AttributeConverter for property [com.ashutosh.socialhub.domain.UserDetail:Username]
11:32:00.413 [main] DEBUG org.hibernate.cfg.annotations.SimpleValueBinder - building SimpleValue for Username
11:32:00.413 [main] DEBUG org.hibernate.cfg.annotations.PropertyBinder - Building property Username
11:32:00.413 [main] DEBUG org.hibernate.cfg.Ejb3Column - Binding column: Ejb3Column{table=org.hibernate.mapping.Table(UserDetail), mappingColumn=address, insertable=true, updatable=true, unique=false}
11:32:00.413 [main] DEBUG org.hibernate.cfg.annotations.PropertyBinder - MetadataSourceProcessor property address with lazy=false
11:32:00.413 [main] DEBUG org.hibernate.cfg.AbstractPropertyHolder - Attempting to locate auto-apply AttributeConverter for property [com.ashutosh.socialhub.domain.UserDetail:address]
11:32:00.413 [main] DEBUG org.hibernate.cfg.annotations.SimpleValueBinder - building SimpleValue for address
11:32:00.413 [main] DEBUG org.hibernate.cfg.annotations.PropertyBinder - Building property address
11:32:00.413 [main] DEBUG org.hibernate.cfg.Ejb3Column - Binding column: Ejb3Column{table=org.hibernate.mapping.Table(UserDetail), mappingColumn=emailId, insertable=true, updatable=true, unique=false}
11:32:00.414 [main] DEBUG org.hibernate.cfg.annotations.PropertyBinder - MetadataSourceProcessor property emailId with lazy=false
11:32:00.414 [main] DEBUG org.hibernate.cfg.AbstractPropertyHolder - Attempting to locate auto-apply AttributeConverter for property [com.ashutosh.socialhub.domain.UserDetail:emailId]
11:32:00.414 [main] DEBUG org.hibernate.cfg.annotations.SimpleValueBinder - building SimpleValue for emailId
11:32:00.414 [main] DEBUG org.hibernate.cfg.annotations.PropertyBinder - Building property emailId
11:32:00.414 [main] DEBUG org.hibernate.cfg.Ejb3Column - Binding column: Ejb3Column{table=org.hibernate.mapping.Table(UserDetail), mappingColumn=mobile, insertable=true, updatable=true, unique=false}
11:32:00.414 [main] DEBUG org.hibernate.cfg.annotations.PropertyBinder - MetadataSourceProcessor property mobile with lazy=false
11:32:00.414 [main] DEBUG org.hibernate.cfg.AbstractPropertyHolder - Attempting to locate auto-apply AttributeConverter for property [com.ashutosh.socialhub.domain.UserDetail:mobile]
11:32:00.414 [main] DEBUG org.hibernate.cfg.annotations.SimpleValueBinder - building SimpleValue for mobile
11:32:00.414 [main] DEBUG org.hibernate.cfg.annotations.PropertyBinder - Building property mobile
11:32:00.415 [main] DEBUG org.hibernate.cfg.Ejb3Column - Binding column: Ejb3Column{table=org.hibernate.mapping.Table(UserDetail), mappingColumn=password, insertable=true, updatable=true, unique=false}
11:32:00.415 [main] DEBUG org.hibernate.cfg.annotations.PropertyBinder - MetadataSourceProcessor property password with lazy=false
11:32:00.415 [main] DEBUG org.hibernate.cfg.AbstractPropertyHolder - Attempting to locate auto-apply AttributeConverter for property [com.ashutosh.socialhub.domain.UserDetail:password]
11:32:00.415 [main] DEBUG org.hibernate.cfg.annotations.SimpleValueBinder - building SimpleValue for password
11:32:00.415 [main] DEBUG org.hibernate.cfg.annotations.PropertyBinder - Building property password
11:32:00.416 [main] DEBUG org.hibernate.cfg.Ejb3Column - Binding column: Ejb3Column{table=org.hibernate.mapping.Table(UserDetail), mappingColumn=roles, insertable=true, updatable=true, unique=false}
11:32:00.416 [main] DEBUG org.hibernate.cfg.annotations.PropertyBinder - MetadataSourceProcessor property roles with lazy=false
11:32:00.416 [main] DEBUG org.hibernate.cfg.AbstractPropertyHolder - Attempting to locate auto-apply AttributeConverter for property [com.ashutosh.socialhub.domain.UserDetail:roles]
11:32:00.416 [main] DEBUG org.hibernate.cfg.annotations.SimpleValueBinder - building SimpleValue for roles
11:32:00.416 [main] DEBUG org.hibernate.cfg.annotations.PropertyBinder - Building property roles
11:32:00.418 [main] DEBUG org.hibernate.cfg.annotations.SimpleValueBinder - Starting fillSimpleValue for blogId
11:32:00.418 [main] DEBUG org.hibernate.cfg.annotations.SimpleValueBinder - Starting fillSimpleValue for blogcontent
11:32:00.418 [main] DEBUG org.hibernate.cfg.annotations.SimpleValueBinder - Starting fillSimpleValue for blogname
11:32:00.418 [main] DEBUG org.hibernate.cfg.annotations.SimpleValueBinder - Starting fillSimpleValue for createdate
11:32:00.419 [main] DEBUG org.hibernate.cfg.annotations.SimpleValueBinder - Starting fillSimpleValue for dislikes
11:32:00.419 [main] DEBUG org.hibernate.cfg.annotations.SimpleValueBinder - Starting fillSimpleValue for likes
11:32:00.419 [main] DEBUG org.hibernate.cfg.annotations.SimpleValueBinder - Starting fillSimpleValue for loginname
11:32:00.419 [main] DEBUG org.hibernate.cfg.annotations.SimpleValueBinder - Starting fillSimpleValue for status
11:32:00.419 [main] DEBUG org.hibernate.cfg.annotations.SimpleValueBinder - Starting fillSimpleValue for commentid
11:32:00.419 [main] DEBUG org.hibernate.cfg.annotations.SimpleValueBinder - Starting fillSimpleValue for blogid
11:32:00.419 [main] DEBUG org.hibernate.cfg.annotations.SimpleValueBinder - Starting fillSimpleValue for commentdate
11:32:00.419 [main] DEBUG org.hibernate.cfg.annotations.SimpleValueBinder - Starting fillSimpleValue for commenttext
11:32:00.419 [main] DEBUG org.hibernate.cfg.annotations.SimpleValueBinder - Starting fillSimpleValue for loginname
11:32:00.419 [main] DEBUG org.hibernate.cfg.annotations.SimpleValueBinder - Starting fillSimpleValue for forumId
11:32:00.420 [main] DEBUG org.hibernate.cfg.annotations.SimpleValueBinder - Starting fillSimpleValue for createDate
11:32:00.420 [main] DEBUG org.hibernate.cfg.annotations.SimpleValueBinder - Starting fillSimpleValue for forumContent
11:32:00.420 [main] DEBUG org.hibernate.cfg.annotations.SimpleValueBinder - Starting fillSimpleValue for forumName
11:32:00.420 [main] DEBUG org.hibernate.cfg.annotations.SimpleValueBinder - Starting fillSimpleValue for loginname
11:32:00.420 [main] DEBUG org.hibernate.cfg.annotations.SimpleValueBinder - Starting fillSimpleValue for status
11:32:00.420 [main] DEBUG org.hibernate.cfg.annotations.SimpleValueBinder - Starting fillSimpleValue for commentid
11:32:00.420 [main] DEBUG org.hibernate.cfg.annotations.SimpleValueBinder - Starting fillSimpleValue for discussionDate
11:32:00.420 [main] DEBUG org.hibernate.cfg.annotations.SimpleValueBinder - Starting fillSimpleValue for discussiontext
11:32:00.420 [main] DEBUG org.hibernate.cfg.annotations.SimpleValueBinder - Starting fillSimpleValue for forumid
11:32:00.421 [main] DEBUG org.hibernate.cfg.annotations.SimpleValueBinder - Starting fillSimpleValue for loginname
11:32:00.421 [main] DEBUG org.hibernate.cfg.annotations.SimpleValueBinder - Starting fillSimpleValue for friendid
11:32:00.421 [main] DEBUG org.hibernate.cfg.annotations.SimpleValueBinder - Starting fillSimpleValue for friendloginname
11:32:00.422 [main] DEBUG org.hibernate.cfg.annotations.SimpleValueBinder - Starting fillSimpleValue for loginname
11:32:00.423 [main] DEBUG org.hibernate.cfg.annotations.SimpleValueBinder - Starting fillSimpleValue for status
11:32:00.423 [main] DEBUG org.hibernate.cfg.annotations.SimpleValueBinder - Starting fillSimpleValue for jobId
11:32:00.423 [main] DEBUG org.hibernate.cfg.annotations.SimpleValueBinder - Starting fillSimpleValue for Designation
11:32:00.423 [main] DEBUG org.hibernate.cfg.annotations.SimpleValueBinder - Starting fillSimpleValue for LastDate
11:32:00.423 [main] DEBUG org.hibernate.cfg.annotations.SimpleValueBinder - Starting fillSimpleValue for company
11:32:00.423 [main] DEBUG org.hibernate.cfg.annotations.SimpleValueBinder - Starting fillSimpleValue for ctc
11:32:00.423 [main] DEBUG org.hibernate.cfg.annotations.SimpleValueBinder - Starting fillSimpleValue for location
11:32:00.423 [main] DEBUG org.hibernate.cfg.annotations.SimpleValueBinder - Starting fillSimpleValue for roles
11:32:00.424 [main] DEBUG org.hibernate.cfg.annotations.SimpleValueBinder - Starting fillSimpleValue for skills
11:32:00.424 [main] DEBUG org.hibernate.cfg.annotations.SimpleValueBinder - Starting fillSimpleValue for loginname
11:32:00.424 [main] DEBUG org.hibernate.cfg.annotations.SimpleValueBinder - Starting fillSimpleValue for picture
11:32:00.424 [main] DEBUG org.hibernate.cfg.annotations.SimpleValueBinder - Starting fillSimpleValue for loginname
11:32:00.424 [main] DEBUG org.hibernate.cfg.annotations.SimpleValueBinder - Starting fillSimpleValue for Username
11:32:00.424 [main] DEBUG org.hibernate.cfg.annotations.SimpleValueBinder - Starting fillSimpleValue for address
11:32:00.424 [main] DEBUG org.hibernate.cfg.annotations.SimpleValueBinder - Starting fillSimpleValue for emailId
11:32:00.424 [main] DEBUG org.hibernate.cfg.annotations.SimpleValueBinder - Starting fillSimpleValue for mobile
11:32:00.424 [main] DEBUG org.hibernate.cfg.annotations.SimpleValueBinder - Starting fillSimpleValue for password
11:32:00.424 [main] DEBUG org.hibernate.cfg.annotations.SimpleValueBinder - Starting fillSimpleValue for roles
11:32:00.425 [main] DEBUG org.hibernate.mapping.PrimaryKey - Forcing column [blogid] to be non-null as it is part of the primary key for table [blog]
11:32:00.426 [main] DEBUG org.hibernate.mapping.PrimaryKey - Forcing column [commentid] to be non-null as it is part of the primary key for table [blogcomment]
11:32:00.426 [main] DEBUG org.hibernate.mapping.PrimaryKey - Forcing column [forumid] to be non-null as it is part of the primary key for table [forum]
11:32:00.426 [main] DEBUG org.hibernate.mapping.PrimaryKey - Forcing column [commentid] to be non-null as it is part of the primary key for table [forumcomment]
11:32:00.426 [main] DEBUG org.hibernate.mapping.PrimaryKey - Forcing column [friendid] to be non-null as it is part of the primary key for table [friend]
11:32:00.426 [main] DEBUG org.hibernate.mapping.PrimaryKey - Forcing column [jobid] to be non-null as it is part of the primary key for table [jobdetail]
11:32:00.426 [main] DEBUG org.hibernate.mapping.PrimaryKey - Forcing column [loginname] to be non-null as it is part of the primary key for table [profileimage]
11:32:00.426 [main] DEBUG org.hibernate.mapping.PrimaryKey - Forcing column [loginname] to be non-null as it is part of the primary key for table [userdetail]
11:32:00.434 [main] DEBUG org.hibernate.internal.SessionFactoryImpl - Building session factory
11:32:00.435 [main] DEBUG org.hibernate.cfg.Settings - SessionFactory name : null
11:32:00.435 [main] DEBUG org.hibernate.cfg.Settings - Automatic flush during beforeCompletion(): enabled
11:32:00.435 [main] DEBUG org.hibernate.cfg.Settings - Automatic session close at end of transaction: disabled
11:32:00.435 [main] DEBUG org.hibernate.cfg.Settings - Statistics: disabled
11:32:00.435 [main] DEBUG org.hibernate.cfg.Settings - Deleted entity synthetic identifier rollback: disabled
11:32:00.435 [main] DEBUG org.hibernate.cfg.Settings - Default entity-mode: pojo
11:32:00.435 [main] DEBUG org.hibernate.cfg.Settings - Check Nullability in Core (should be disabled when Bean Validation is on): enabled
11:32:00.435 [main] DEBUG org.hibernate.cfg.Settings - Allow initialization of lazy state outside session : enabled
11:32:00.435 [main] DEBUG org.hibernate.cfg.Settings - Using BatchFetchStyle : LEGACY
11:32:00.436 [main] DEBUG org.hibernate.cfg.Settings - Default batch fetch size: -1
11:32:00.436 [main] DEBUG org.hibernate.cfg.Settings - Maximum outer join fetch depth: null
11:32:00.436 [main] DEBUG org.hibernate.cfg.Settings - Default null ordering: NONE
11:32:00.436 [main] DEBUG org.hibernate.cfg.Settings - Order SQL updates by primary key: disabled
11:32:00.436 [main] DEBUG org.hibernate.cfg.Settings - Order SQL inserts for batching: disabled
11:32:00.436 [main] DEBUG org.hibernate.cfg.Settings - multi-tenancy strategy : NONE
11:32:00.436 [main] DEBUG org.hibernate.cfg.Settings - JTA Track by Thread: enabled
11:32:00.436 [main] DEBUG org.hibernate.cfg.Settings - Query language substitutions: {}
11:32:00.436 [main] DEBUG org.hibernate.cfg.Settings - JPA query language strict compliance: disabled
11:32:00.436 [main] DEBUG org.hibernate.cfg.Settings - Named query checking : enabled
11:32:00.437 [main] DEBUG org.hibernate.cfg.Settings - Second-level cache: enabled
11:32:00.437 [main] DEBUG org.hibernate.cfg.Settings - Second-level query cache: disabled
11:32:00.437 [main] DEBUG org.hibernate.cfg.Settings - Second-level query cache factory: org.hibernate.cache.internal.StandardQueryCacheFactory@6c42f2a1
11:32:00.437 [main] DEBUG org.hibernate.cfg.Settings - Second-level cache region prefix: null
11:32:00.437 [main] DEBUG org.hibernate.cfg.Settings - Optimize second-level cache for minimal puts: disabled
11:32:00.437 [main] DEBUG org.hibernate.cfg.Settings - Structured second-level cache entries: disabled
11:32:00.437 [main] DEBUG org.hibernate.cfg.Settings - Second-level cache direct-reference entries: disabled
11:32:00.437 [main] DEBUG org.hibernate.cfg.Settings - Automatic eviction of collection cache: disabled
11:32:00.437 [main] DEBUG org.hibernate.cfg.Settings - JDBC batch size: 15
11:32:00.437 [main] DEBUG org.hibernate.cfg.Settings - JDBC batch updates for versioned data: disabled
11:32:00.439 [main] DEBUG org.hibernate.cfg.Settings - Scrollable result sets: enabled
11:32:00.439 [main] DEBUG org.hibernate.cfg.Settings - Wrap result sets: disabled
11:32:00.439 [main] DEBUG org.hibernate.cfg.Settings - JDBC3 getGeneratedKeys(): disabled
11:32:00.439 [main] DEBUG org.hibernate.cfg.Settings - JDBC result set fetch size: null
11:32:00.439 [main] DEBUG org.hibernate.cfg.Settings - Connection release mode: ON_CLOSE
11:32:00.440 [main] DEBUG org.hibernate.cfg.Settings - Generate SQL with comments: disabled
11:32:00.442 [main] DEBUG org.hibernate.internal.SessionFactoryImpl - Session factory constructed with filter configurations : {}
11:32:00.443 [main] DEBUG org.hibernate.internal.SessionFactoryImpl - Instantiating session factory with properties: {sun.desktop=windows, awt.toolkit=sun.awt.windows.WToolkit, java.specification.version=9, file.encoding.pkg=sun.io, sun.cpu.isalist=amd64, hibernate.connection.handling_mode=DELAYED_ACQUISITION_AND_HOLD, sun.jnu.encoding=Cp1252, hibernate.dialect=org.hibernate.dialect.Oracle10gDialect, java.class.path=C:\Users\Ashutosh\eclipse-workspace1\SocialHubBackEnd\target\test-classes;C:\Users\Ashutosh\eclipse-workspace1\SocialHubBackEnd\target\classes;C:\Users\Ashutosh\.m2\repository\org\springframework\spring-core\5.0.4.RELEASE\spring-core-5.0.4.RELEASE.jar;C:\Users\Ashutosh\.m2\repository\org\springframework\spring-jcl\5.0.4.RELEASE\spring-jcl-5.0.4.RELEASE.jar;C:\Users\Ashutosh\.m2\repository\org\springframework\spring-context\5.0.4.RELEASE\spring-context-5.0.4.RELEASE.jar;C:\Users\Ashutosh\.m2\repository\org\springframework\spring-aop\5.0.4.RELEASE\spring-aop-5.0.4.RELEASE.jar;C:\Users\Ashutosh\.m2\repository\org\springframework\spring-beans\5.0.4.RELEASE\spring-beans-5.0.4.RELEASE.jar;C:\Users\Ashutosh\.m2\repository\org\springframework\spring-expression\5.0.4.RELEASE\spring-expression-5.0.4.RELEASE.jar;C:\Users\Ashutosh\.m2\repository\org\hibernate\hibernate-core\5.2.13.Final\hibernate-core-5.2.13.Final.jar;C:\Users\Ashutosh\.m2\repository\org\jboss\logging\jboss-logging\3.3.1.Final\jboss-logging-3.3.1.Final.jar;C:\Users\Ashutosh\.m2\repository\org\hibernate\javax\persistence\hibernate-jpa-2.1-api\1.0.0.Final\hibernate-jpa-2.1-api-1.0.0.Final.jar;C:\Users\Ashutosh\.m2\repository\org\javassist\javassist\3.22.0-GA\javassist-3.22.0-GA.jar;C:\Users\Ashutosh\.m2\repository\antlr\antlr\2.7.7\antlr-2.7.7.jar;C:\Users\Ashutosh\.m2\repository\org\jboss\spec\javax\transaction\jboss-transaction-api_1.2_spec\1.0.1.Final\jboss-transaction-api_1.2_spec-1.0.1.Final.jar;C:\Users\Ashutosh\.m2\repository\org\jboss\jandex\2.0.3.Final\jandex-2.0.3.Final.jar;C:\Users\Ashutosh\.m2\repository\com\fasterxml\classmate\1.3.0\classmate-1.3.0.jar;C:\Users\Ashutosh\.m2\repository\dom4j\dom4j\1.6.1\dom4j-1.6.1.jar;C:\Users\Ashutosh\.m2\repository\org\hibernate\common\hibernate-commons-annotations\5.0.1.Final\hibernate-commons-annotations-5.0.1.Final.jar;C:\Users\Ashutosh\.m2\repository\org\springframework\spring-orm\5.0.4.RELEASE\spring-orm-5.0.4.RELEASE.jar;C:\Users\Ashutosh\.m2\repository\org\springframework\spring-jdbc\5.0.4.RELEASE\spring-jdbc-5.0.4.RELEASE.jar;C:\Users\Ashutosh\.m2\repository\org\springframework\spring-tx\5.0.4.RELEASE\spring-tx-5.0.4.RELEASE.jar;C:\Users\Ashutosh\.m2\repository\junit\junit\4.12\junit-4.12.jar;C:\Users\Ashutosh\.m2\repository\org\hamcrest\hamcrest-core\1.3\hamcrest-core-1.3.jar;C:\Users\Ashutosh\.m2\repository\com\oracle\ojdbc6\11.2.0\ojdbc6-11.2.0.jar;C:\Users\Ashutosh\.m2\repository\org\slf4j\slf4j-api\1.7.25\slf4j-api-1.7.25.jar;C:\Users\Ashutosh\.m2\repository\javax\xml\bind\jaxb-api\2.3.0\jaxb-api-2.3.0.jar;C:\Users\Ashutosh\.m2\repository\ch\qos\logback\logback-classic\1.2.3\logback-classic-1.2.3.jar;C:\Users\Ashutosh\.m2\repository\ch\qos\logback\logback-core\1.2.3\logback-core-1.2.3.jar;C:\Users\Ashutosh\.m2\repository\com\fasterxml\jackson\core\jackson-databind\2.9.5\jackson-databind-2.9.5.jar;C:\Users\Ashutosh\.m2\repository\com\fasterxml\jackson\core\jackson-annotations\2.9.0\jackson-annotations-2.9.0.jar;C:\Users\Ashutosh\.m2\repository\com\fasterxml\jackson\core\jackson-core\2.9.5\jackson-core-2.9.5.jar;, java.vm.vendor=Oracle Corporation, sun.arch.data.model=64, user.variant=, java.vendor.url=http://java.oracle.com/, user.timezone=Asia/Calcutta, os.name=Windows 10, java.vm.specification.version=9, sun.java.launcher=SUN_STANDARD, user.country=IN, sun.boot.library.path=C:\Program Files\Java\jdk-9.0.4\bin, sun.java.command=C:\Users\Ashutosh\eclipse-workspace1\SocialHubBackEnd\target\surefire\surefirebooter9580665172787951511.jar C:\Users\Ashutosh\eclipse-workspace1\SocialHubBackEnd\target\surefire\surefire17604293487585802327tmp C:\Users\Ashutosh\eclipse-workspace1\SocialHubBackEnd\target\surefire\surefire_016517866731660405499tmp, jdk.debug=release, surefire.test.class.path=C:\Users\Ashutosh\eclipse-workspace1\SocialHubBackEnd\target\test-classes;C:\Users\Ashutosh\eclipse-workspace1\SocialHubBackEnd\target\classes;C:\Users\Ashutosh\.m2\repository\org\springframework\spring-core\5.0.4.RELEASE\spring-core-5.0.4.RELEASE.jar;C:\Users\Ashutosh\.m2\repository\org\springframework\spring-jcl\5.0.4.RELEASE\spring-jcl-5.0.4.RELEASE.jar;C:\Users\Ashutosh\.m2\repository\org\springframework\spring-context\5.0.4.RELEASE\spring-context-5.0.4.RELEASE.jar;C:\Users\Ashutosh\.m2\repository\org\springframework\spring-aop\5.0.4.RELEASE\spring-aop-5.0.4.RELEASE.jar;C:\Users\Ashutosh\.m2\repository\org\springframework\spring-beans\5.0.4.RELEASE\spring-beans-5.0.4.RELEASE.jar;C:\Users\Ashutosh\.m2\repository\org\springframework\spring-expression\5.0.4.RELEASE\spring-expression-5.0.4.RELEASE.jar;C:\Users\Ashutosh\.m2\repository\org\hibernate\hibernate-core\5.2.13.Final\hibernate-core-5.2.13.Final.jar;C:\Users\Ashutosh\.m2\repository\org\jboss\logging\jboss-logging\3.3.1.Final\jboss-logging-3.3.1.Final.jar;C:\Users\Ashutosh\.m2\repository\org\hibernate\javax\persistence\hibernate-jpa-2.1-api\1.0.0.Final\hibernate-jpa-2.1-api-1.0.0.Final.jar;C:\Users\Ashutosh\.m2\repository\org\javassist\javassist\3.22.0-GA\javassist-3.22.0-GA.jar;C:\Users\Ashutosh\.m2\repository\antlr\antlr\2.7.7\antlr-2.7.7.jar;C:\Users\Ashutosh\.m2\repository\org\jboss\spec\javax\transaction\jboss-transaction-api_1.2_spec\1.0.1.Final\jboss-transaction-api_1.2_spec-1.0.1.Final.jar;C:\Users\Ashutosh\.m2\repository\org\jboss\jandex\2.0.3.Final\jandex-2.0.3.Final.jar;C:\Users\Ashutosh\.m2\repository\com\fasterxml\classmate\1.3.0\classmate-1.3.0.jar;C:\Users\Ashutosh\.m2\repository\dom4j\dom4j\1.6.1\dom4j-1.6.1.jar;C:\Users\Ashutosh\.m2\repository\org\hibernate\common\hibernate-commons-annotations\5.0.1.Final\hibernate-commons-annotations-5.0.1.Final.jar;C:\Users\Ashutosh\.m2\repository\org\springframework\spring-orm\5.0.4.RELEASE\spring-orm-5.0.4.RELEASE.jar;C:\Users\Ashutosh\.m2\repository\org\springframework\spring-jdbc\5.0.4.RELEASE\spring-jdbc-5.0.4.RELEASE.jar;C:\Users\Ashutosh\.m2\repository\org\springframework\spring-tx\5.0.4.RELEASE\spring-tx-5.0.4.RELEASE.jar;C:\Users\Ashutosh\.m2\repository\junit\junit\4.12\junit-4.12.jar;C:\Users\Ashutosh\.m2\repository\org\hamcrest\hamcrest-core\1.3\hamcrest-core-1.3.jar;C:\Users\Ashutosh\.m2\repository\com\oracle\ojdbc6\11.2.0\ojdbc6-11.2.0.jar;C:\Users\Ashutosh\.m2\repository\org\slf4j\slf4j-api\1.7.25\slf4j-api-1.7.25.jar;C:\Users\Ashutosh\.m2\repository\javax\xml\bind\jaxb-api\2.3.0\jaxb-api-2.3.0.jar;C:\Users\Ashutosh\.m2\repository\ch\qos\logback\logback-classic\1.2.3\logback-classic-1.2.3.jar;C:\Users\Ashutosh\.m2\repository\ch\qos\logback\logback-core\1.2.3\logback-core-1.2.3.jar;C:\Users\Ashutosh\.m2\repository\com\fasterxml\jackson\core\jackson-databind\2.9.5\jackson-databind-2.9.5.jar;C:\Users\Ashutosh\.m2\repository\com\fasterxml\jackson\core\jackson-annotations\2.9.0\jackson-annotations-2.9.0.jar;C:\Users\Ashutosh\.m2\repository\com\fasterxml\jackson\core\jackson-core\2.9.5\jackson-core-2.9.5.jar;, sun.cpu.endian=little, user.home=C:\Users\Ashutosh, user.language=en, java.specification.vendor=Oracle Corporation, java.home=C:\Program Files\Java\jdk-9.0.4, file.separator=\, basedir=C:\Users\Ashutosh\eclipse-workspace1\SocialHubBackEnd, java.vm.compressedOopsMode=32-bit, line.separator=
, java.vm.specification.vendor=Oracle Corporation, java.specification.name=Java Platform API Specification, java.awt.graphicsenv=sun.awt.Win32GraphicsEnvironment, surefire.real.class.path=C:\Users\Ashutosh\eclipse-workspace1\SocialHubBackEnd\target\surefire\surefirebooter9580665172787951511.jar, user.script=, sun.management.compiler=HotSpot 64-Bit Tiered Compilers, java.runtime.version=9.0.4+11, user.name=Ashutosh, path.separator=;, os.version=10.0, hibernate.enable_lazy_load_no_trans=true, java.runtime.name=Java(TM) SE Runtime Environment, file.encoding=Cp1252, java.vm.name=Java HotSpot(TM) 64-Bit Server VM, hibernate.show_sql=true, hibernate.classLoaders=[jdk.internal.loader.ClassLoaders$AppClassLoader@4f8e5cde], hibernate.current_session_context_class=org.springframework.orm.hibernate5.SpringSessionContext, localRepository=C:\Users\Ashutosh\.m2\repository, java.vendor.url.bug=http://bugreport.java.com/bugreport/, java.io.tmpdir=C:\Users\Ashutosh\AppData\Local\Temp\, java.version=9.0.4, user.dir=C:\Users\Ashutosh\eclipse-workspace1\SocialHubBackEnd, os.arch=amd64, java.vm.specification.name=Java Virtual Machine Specification, java.awt.printerjob=sun.awt.windows.WPrinterJob, sun.os.patch.level=, hibernate.boot.CfgXmlAccessService.key=org.hibernate.boot.cfgxml.spi.LoadedConfig@27bcb4ad, java.library.path=C:\Program Files\Java\jdk-9.0.4\bin;C:\WINDOWS\Sun\Java\bin;C:\WINDOWS\system32;C:\WINDOWS;C:\oraclexe\app\oracle\product\11.2.0\server\bin;C:\ProgramData\Oracle\Java\javapath;C:\WINDOWS\system32;C:\WINDOWS;C:\WINDOWS\System32\Wbem;C:\WINDOWS\System32\WindowsPowerShell\v1.0\;C:\Program Files\dotnet\;C:\Program Files\Java\jdk-9.0.4;C:\apache-maven-3.5.3\bin;C:\Program Files\Git\cmd;C:\WINDOWS\System32\OpenSSH\;C:\apache-maven-3.5.3\bin;C:\Program Files\Java\jdk-9.0.4\bin;C:\Users\Ashutosh\AppData\Local\Microsoft\WindowsApps;;., java.vendor=Oracle Corporation, java.vm.info=mixed mode, java.vm.version=9.0.4+11, hibernate.bytecode.use_reflection_optimizer=false, sun.io.unicode.encoding=UnicodeLittle, hibernate.connection.datasource=org.springframework.jdbc.datasource.DriverManagerDataSource@685d7ba5, java.class.version=53.0}
11:32:00.445 [main] DEBUG org.hibernate.secure.spi.JaccIntegrator - Skipping JACC integration as it was not enabled
11:32:00.446 [main] DEBUG org.hibernate.internal.SessionFactoryImpl - Instantiated session factory
11:32:00.446 [main] DEBUG org.hibernate.boot.internal.ClassLoaderAccessImpl - Not known whether passed class name [com.ashutosh.socialhub.domain.Friend] is safe
11:32:00.446 [main] DEBUG org.hibernate.boot.internal.ClassLoaderAccessImpl - No temp ClassLoader provided; using live ClassLoader for loading potentially unsafe class : com.ashutosh.socialhub.domain.Friend
11:32:00.450 [main] DEBUG org.hibernate.boot.internal.ClassLoaderAccessImpl - Not known whether passed class name [com.ashutosh.socialhub.domain.Friend] is safe
11:32:00.450 [main] DEBUG org.hibernate.boot.internal.ClassLoaderAccessImpl - No temp ClassLoader provided; using live ClassLoader for loading potentially unsafe class : com.ashutosh.socialhub.domain.Friend
11:32:00.456 [main] DEBUG org.hibernate.boot.internal.ClassLoaderAccessImpl - Not known whether passed class name [com.ashutosh.socialhub.domain.JobDetail] is safe
11:32:00.461 [main] DEBUG org.hibernate.boot.internal.ClassLoaderAccessImpl - No temp ClassLoader provided; using live ClassLoader for loading potentially unsafe class : com.ashutosh.socialhub.domain.JobDetail
11:32:00.461 [main] DEBUG org.hibernate.boot.internal.ClassLoaderAccessImpl - Not known whether passed class name [com.ashutosh.socialhub.domain.JobDetail] is safe
11:32:00.461 [main] DEBUG org.hibernate.boot.internal.ClassLoaderAccessImpl - No temp ClassLoader provided; using live ClassLoader for loading potentially unsafe class : com.ashutosh.socialhub.domain.JobDetail
11:32:00.463 [main] DEBUG org.hibernate.boot.internal.ClassLoaderAccessImpl - Not known whether passed class name [com.ashutosh.socialhub.domain.Blog] is safe
11:32:00.464 [main] DEBUG org.hibernate.boot.internal.ClassLoaderAccessImpl - No temp ClassLoader provided; using live ClassLoader for loading potentially unsafe class : com.ashutosh.socialhub.domain.Blog
11:32:00.464 [main] DEBUG org.hibernate.boot.internal.ClassLoaderAccessImpl - Not known whether passed class name [com.ashutosh.socialhub.domain.Blog] is safe
11:32:00.464 [main] DEBUG org.hibernate.boot.internal.ClassLoaderAccessImpl - No temp ClassLoader provided; using live ClassLoader for loading potentially unsafe class : com.ashutosh.socialhub.domain.Blog
11:32:00.468 [main] DEBUG org.hibernate.boot.internal.ClassLoaderAccessImpl - Not known whether passed class name [com.ashutosh.socialhub.domain.Forum] is safe
11:32:00.468 [main] DEBUG org.hibernate.boot.internal.ClassLoaderAccessImpl - No temp ClassLoader provided; using live ClassLoader for loading potentially unsafe class : com.ashutosh.socialhub.domain.Forum
11:32:00.468 [main] DEBUG org.hibernate.boot.internal.ClassLoaderAccessImpl - Not known whether passed class name [com.ashutosh.socialhub.domain.Forum] is safe
11:32:00.468 [main] DEBUG org.hibernate.boot.internal.ClassLoaderAccessImpl - No temp ClassLoader provided; using live ClassLoader for loading potentially unsafe class : com.ashutosh.socialhub.domain.Forum
11:32:00.470 [main] DEBUG org.hibernate.boot.internal.ClassLoaderAccessImpl - Not known whether passed class name [com.ashutosh.socialhub.domain.UserDetail] is safe
11:32:00.470 [main] DEBUG org.hibernate.boot.internal.ClassLoaderAccessImpl - No temp ClassLoader provided; using live ClassLoader for loading potentially unsafe class : com.ashutosh.socialhub.domain.UserDetail
11:32:00.470 [main] DEBUG org.hibernate.boot.internal.ClassLoaderAccessImpl - Not known whether passed class name [com.ashutosh.socialhub.domain.UserDetail] is safe
11:32:00.470 [main] DEBUG org.hibernate.boot.internal.ClassLoaderAccessImpl - No temp ClassLoader provided; using live ClassLoader for loading potentially unsafe class : com.ashutosh.socialhub.domain.UserDetail
11:32:00.472 [main] DEBUG org.hibernate.boot.internal.ClassLoaderAccessImpl - Not known whether passed class name [com.ashutosh.socialhub.domain.ForumComment] is safe
11:32:00.472 [main] DEBUG org.hibernate.boot.internal.ClassLoaderAccessImpl - No temp ClassLoader provided; using live ClassLoader for loading potentially unsafe class : com.ashutosh.socialhub.domain.ForumComment
11:32:00.473 [main] DEBUG org.hibernate.boot.internal.ClassLoaderAccessImpl - Not known whether passed class name [com.ashutosh.socialhub.domain.ForumComment] is safe
11:32:00.473 [main] DEBUG org.hibernate.boot.internal.ClassLoaderAccessImpl - No temp ClassLoader provided; using live ClassLoader for loading potentially unsafe class : com.ashutosh.socialhub.domain.ForumComment
11:32:00.489 [main] DEBUG org.hibernate.boot.internal.ClassLoaderAccessImpl - Not known whether passed class name [com.ashutosh.socialhub.domain.ProfileImage] is safe
11:32:00.489 [main] DEBUG org.hibernate.boot.internal.ClassLoaderAccessImpl - No temp ClassLoader provided; using live ClassLoader for loading potentially unsafe class : com.ashutosh.socialhub.domain.ProfileImage
11:32:00.490 [main] DEBUG org.hibernate.boot.internal.ClassLoaderAccessImpl - Not known whether passed class name [com.ashutosh.socialhub.domain.ProfileImage] is safe
11:32:00.490 [main] DEBUG org.hibernate.boot.internal.ClassLoaderAccessImpl - No temp ClassLoader provided; using live ClassLoader for loading potentially unsafe class : com.ashutosh.socialhub.domain.ProfileImage
11:32:00.492 [main] DEBUG org.hibernate.boot.internal.ClassLoaderAccessImpl - Not known whether passed class name [com.ashutosh.socialhub.domain.Blogcomment] is safe
11:32:00.492 [main] DEBUG org.hibernate.boot.internal.ClassLoaderAccessImpl - No temp ClassLoader provided; using live ClassLoader for loading potentially unsafe class : com.ashutosh.socialhub.domain.Blogcomment
11:32:00.499 [main] DEBUG org.hibernate.boot.internal.ClassLoaderAccessImpl - Not known whether passed class name [com.ashutosh.socialhub.domain.Blogcomment] is safe
11:32:00.499 [main] DEBUG org.hibernate.boot.internal.ClassLoaderAccessImpl - No temp ClassLoader provided; using live ClassLoader for loading potentially unsafe class : com.ashutosh.socialhub.domain.Blogcomment
11:32:00.501 [main] DEBUG org.hibernate.persister.entity.AbstractEntityPersister - Static SQL for entity: com.ashutosh.socialhub.domain.Friend
11:32:00.501 [main] DEBUG org.hibernate.persister.entity.AbstractEntityPersister -  Version select: select friendid from Friend where friendid =?
11:32:00.501 [main] DEBUG org.hibernate.persister.entity.AbstractEntityPersister -  Snapshot select: select friend_.friendid, friend_.friendloginname as friendloginname2_4_, friend_.loginname as loginname3_4_, friend_.status as status4_4_ from Friend friend_ where friend_.friendid=?
11:32:00.501 [main] DEBUG org.hibernate.persister.entity.AbstractEntityPersister -  Insert 0: insert into Friend (friendloginname, loginname, status, friendid) values (?, ?, ?, ?)
11:32:00.502 [main] DEBUG org.hibernate.persister.entity.AbstractEntityPersister -  Update 0: update Friend set friendloginname=?, loginname=?, status=? where friendid=?
11:32:00.502 [main] DEBUG org.hibernate.persister.entity.AbstractEntityPersister -  Delete 0: delete from Friend where friendid=?
11:32:00.502 [main] DEBUG org.hibernate.loader.plan.build.internal.spaces.QuerySpacesImpl - Adding QuerySpace : uid = &lt;gen:0&gt; -&gt; org.hibernate.loader.plan.build.internal.spaces.EntityQuerySpaceImpl@7c901203]
11:32:00.502 [main] DEBUG org.hibernate.persister.walking.spi.MetamodelGraphWalker - Visiting attribute path : friendloginname
11:32:00.502 [main] DEBUG org.hibernate.persister.walking.spi.MetamodelGraphWalker - Visiting attribute path : loginname
11:32:00.502 [main] DEBUG org.hibernate.persister.walking.spi.MetamodelGraphWalker - Visiting attribute path : status
11:32:00.503 [main] DEBUG org.hibernate.loader.plan.build.internal.FetchStyleLoadPlanBuildingAssociationVisitationStrategy - Building LoadPlan...
11:32:00.503 [main] DEBUG org.hibernate.loader.plan.exec.internal.LoadQueryJoinAndFetchProcessor - processing queryspace &lt;gen:0&gt;
11:32:00.504 [main] DEBUG org.hibernate.loader.plan.build.spi.LoadPlanTreePrinter - LoadPlan(entity=com.ashutosh.socialhub.domain.Friend)
    - Returns
       - EntityReturnImpl(entity=com.ashutosh.socialhub.domain.Friend, querySpaceUid=&lt;gen:0&gt;, path=com.ashutosh.socialhub.domain.Friend)
    - QuerySpaces
       - EntityQuerySpaceImpl(uid=&lt;gen:0&gt;, entity=com.ashutosh.socialhub.domain.Friend)
          - SQL table alias mapping - friend0_
          - alias suffix - 0_
          - suffixed key columns - {friendid1_4_0_}

11:32:00.504 [main] DEBUG org.hibernate.loader.entity.plan.EntityLoader - Static select for entity com.ashutosh.socialhub.domain.Friend [NONE]: select friend0_.friendid as friendid1_4_0_, friend0_.friendloginname as friendloginname2_4_0_, friend0_.loginname as loginname3_4_0_, friend0_.status as status4_4_0_ from Friend friend0_ where friend0_.friendid=?
11:32:00.504 [main] DEBUG org.hibernate.loader.plan.build.internal.spaces.QuerySpacesImpl - Adding QuerySpace : uid = &lt;gen:0&gt; -&gt; org.hibernate.loader.plan.build.internal.spaces.EntityQuerySpaceImpl@79f5a6ed]
11:32:00.506 [main] DEBUG org.hibernate.persister.walking.spi.MetamodelGraphWalker - Visiting attribute path : friendloginname
11:32:00.506 [main] DEBUG org.hibernate.persister.walking.spi.MetamodelGraphWalker - Visiting attribute path : loginname
11:32:00.506 [main] DEBUG org.hibernate.persister.walking.spi.MetamodelGraphWalker - Visiting attribute path : status
11:32:00.506 [main] DEBUG org.hibernate.loader.plan.build.internal.FetchStyleLoadPlanBuildingAssociationVisitationStrategy - Building LoadPlan...
11:32:00.506 [main] DEBUG org.hibernate.loader.plan.exec.internal.LoadQueryJoinAndFetchProcessor - processing queryspace &lt;gen:0&gt;
11:32:00.507 [main] DEBUG org.hibernate.loader.plan.build.spi.LoadPlanTreePrinter - LoadPlan(entity=com.ashutosh.socialhub.domain.Friend)
    - Returns
       - EntityReturnImpl(entity=com.ashutosh.socialhub.domain.Friend, querySpaceUid=&lt;gen:0&gt;, path=com.ashutosh.socialhub.domain.Friend)
    - QuerySpaces
       - EntityQuerySpaceImpl(uid=&lt;gen:0&gt;, entity=com.ashutosh.socialhub.domain.Friend)
          - SQL table alias mapping - friend0_
          - alias suffix - 0_
          - suffixed key columns - {friendid1_4_0_}

11:32:00.507 [main] DEBUG org.hibernate.loader.entity.plan.EntityLoader - Static select for entity com.ashutosh.socialhub.domain.Friend [READ]: select friend0_.friendid as friendid1_4_0_, friend0_.friendloginname as friendloginname2_4_0_, friend0_.loginname as loginname3_4_0_, friend0_.status as status4_4_0_ from Friend friend0_ where friend0_.friendid=?
11:32:00.507 [main] DEBUG org.hibernate.loader.plan.build.internal.spaces.QuerySpacesImpl - Adding QuerySpace : uid = &lt;gen:0&gt; -&gt; org.hibernate.loader.plan.build.internal.spaces.EntityQuerySpaceImpl@edb83f8]
11:32:00.507 [main] DEBUG org.hibernate.persister.walking.spi.MetamodelGraphWalker - Visiting attribute path : friendloginname
11:32:00.507 [main] DEBUG org.hibernate.persister.walking.spi.MetamodelGraphWalker - Visiting attribute path : loginname
11:32:00.507 [main] DEBUG org.hibernate.persister.walking.spi.MetamodelGraphWalker - Visiting attribute path : status
11:32:00.507 [main] DEBUG org.hibernate.loader.plan.build.internal.FetchStyleLoadPlanBuildingAssociationVisitationStrategy - Building LoadPlan...
11:32:00.507 [main] DEBUG org.hibernate.loader.plan.exec.internal.LoadQueryJoinAndFetchProcessor - processing queryspace &lt;gen:0&gt;
11:32:00.508 [main] DEBUG org.hibernate.loader.plan.build.spi.LoadPlanTreePrinter - LoadPlan(entity=com.ashutosh.socialhub.domain.Friend)
    - Returns
       - EntityReturnImpl(entity=com.ashutosh.socialhub.domain.Friend, querySpaceUid=&lt;gen:0&gt;, path=com.ashutosh.socialhub.domain.Friend)
    - QuerySpaces
       - EntityQuerySpaceImpl(uid=&lt;gen:0&gt;, entity=com.ashutosh.socialhub.domain.Friend)
          - SQL table alias mapping - friend0_
          - alias suffix - 0_
          - suffixed key columns - {friendid1_4_0_}

11:32:00.508 [main] DEBUG org.hibernate.loader.entity.plan.EntityLoader - Static select for entity com.ashutosh.socialhub.domain.Friend [UPGRADE]: select friend0_.friendid as friendid1_4_0_, friend0_.friendloginname as friendloginname2_4_0_, friend0_.loginname as loginname3_4_0_, friend0_.status as status4_4_0_ from Friend friend0_ where friend0_.friendid=? for update
11:32:00.508 [main] DEBUG org.hibernate.loader.plan.build.internal.spaces.QuerySpacesImpl - Adding QuerySpace : uid = &lt;gen:0&gt; -&gt; org.hibernate.loader.plan.build.internal.spaces.EntityQuerySpaceImpl@541d4d9f]
11:32:00.508 [main] DEBUG org.hibernate.persister.walking.spi.MetamodelGraphWalker - Visiting attribute path : friendloginname
11:32:00.508 [main] DEBUG org.hibernate.persister.walking.spi.MetamodelGraphWalker - Visiting attribute path : loginname
11:32:00.508 [main] DEBUG org.hibernate.persister.walking.spi.MetamodelGraphWalker - Visiting attribute path : status
11:32:00.508 [main] DEBUG org.hibernate.loader.plan.build.internal.FetchStyleLoadPlanBuildingAssociationVisitationStrategy - Building LoadPlan...
11:32:00.508 [main] DEBUG org.hibernate.loader.plan.exec.internal.LoadQueryJoinAndFetchProcessor - processing queryspace &lt;gen:0&gt;
11:32:00.508 [main] DEBUG org.hibernate.loader.plan.build.spi.LoadPlanTreePrinter - LoadPlan(entity=com.ashutosh.socialhub.domain.Friend)
    - Returns
       - EntityReturnImpl(entity=com.ashutosh.socialhub.domain.Friend, querySpaceUid=&lt;gen:0&gt;, path=com.ashutosh.socialhub.domain.Friend)
    - QuerySpaces
       - EntityQuerySpaceImpl(uid=&lt;gen:0&gt;, entity=com.ashutosh.socialhub.domain.Friend)
          - SQL table alias mapping - friend0_
          - alias suffix - 0_
          - suffixed key columns - {friendid1_4_0_}

11:32:00.509 [main] DEBUG org.hibernate.loader.entity.plan.EntityLoader - Static select for entity com.ashutosh.socialhub.domain.Friend [UPGRADE_NOWAIT]: select friend0_.friendid as friendid1_4_0_, friend0_.friendloginname as friendloginname2_4_0_, friend0_.loginname as loginname3_4_0_, friend0_.status as status4_4_0_ from Friend friend0_ where friend0_.friendid=? for update nowait
11:32:00.509 [main] DEBUG org.hibernate.loader.plan.build.internal.spaces.QuerySpacesImpl - Adding QuerySpace : uid = &lt;gen:0&gt; -&gt; org.hibernate.loader.plan.build.internal.spaces.EntityQuerySpaceImpl@48dff674]
11:32:00.509 [main] DEBUG org.hibernate.persister.walking.spi.MetamodelGraphWalker - Visiting attribute path : friendloginname
11:32:00.509 [main] DEBUG org.hibernate.persister.walking.spi.MetamodelGraphWalker - Visiting attribute path : loginname
11:32:00.509 [main] DEBUG org.hibernate.persister.walking.spi.MetamodelGraphWalker - Visiting attribute path : status
11:32:00.509 [main] DEBUG org.hibernate.loader.plan.build.internal.FetchStyleLoadPlanBuildingAssociationVisitationStrategy - Building LoadPlan...
11:32:00.509 [main] DEBUG org.hibernate.loader.plan.exec.internal.LoadQueryJoinAndFetchProcessor - processing queryspace &lt;gen:0&gt;
11:32:00.509 [main] DEBUG org.hibernate.loader.plan.build.spi.LoadPlanTreePrinter - LoadPlan(entity=com.ashutosh.socialhub.domain.Friend)
    - Returns
       - EntityReturnImpl(entity=com.ashutosh.socialhub.domain.Friend, querySpaceUid=&lt;gen:0&gt;, path=com.ashutosh.socialhub.domain.Friend)
    - QuerySpaces
       - EntityQuerySpaceImpl(uid=&lt;gen:0&gt;, entity=com.ashutosh.socialhub.domain.Friend)
          - SQL table alias mapping - friend0_
          - alias suffix - 0_
          - suffixed key columns - {friendid1_4_0_}

11:32:00.509 [main] DEBUG org.hibernate.loader.entity.plan.EntityLoader - Static select for entity com.ashutosh.socialhub.domain.Friend [UPGRADE_SKIPLOCKED]: select friend0_.friendid as friendid1_4_0_, friend0_.friendloginname as friendloginname2_4_0_, friend0_.loginname as loginname3_4_0_, friend0_.status as status4_4_0_ from Friend friend0_ where friend0_.friendid=? for update skip locked
11:32:00.509 [main] DEBUG org.hibernate.loader.plan.build.internal.spaces.QuerySpacesImpl - Adding QuerySpace : uid = &lt;gen:0&gt; -&gt; org.hibernate.loader.plan.build.internal.spaces.EntityQuerySpaceImpl@2ccc9681]
11:32:00.510 [main] DEBUG org.hibernate.persister.walking.spi.MetamodelGraphWalker - Visiting attribute path : friendloginname
11:32:00.510 [main] DEBUG org.hibernate.persister.walking.spi.MetamodelGraphWalker - Visiting attribute path : loginname
11:32:00.510 [main] DEBUG org.hibernate.persister.walking.spi.MetamodelGraphWalker - Visiting attribute path : status
11:32:00.510 [main] DEBUG org.hibernate.loader.plan.build.internal.FetchStyleLoadPlanBuildingAssociationVisitationStrategy - Building LoadPlan...
11:32:00.510 [main] DEBUG org.hibernate.loader.plan.exec.internal.LoadQueryJoinAndFetchProcessor - processing queryspace &lt;gen:0&gt;
11:32:00.510 [main] DEBUG org.hibernate.loader.plan.build.spi.LoadPlanTreePrinter - LoadPlan(entity=com.ashutosh.socialhub.domain.Friend)
    - Returns
       - EntityReturnImpl(entity=com.ashutosh.socialhub.domain.Friend, querySpaceUid=&lt;gen:0&gt;, path=com.ashutosh.socialhub.domain.Friend)
    - QuerySpaces
       - EntityQuerySpaceImpl(uid=&lt;gen:0&gt;, entity=com.ashutosh.socialhub.domain.Friend)
          - SQL table alias mapping - friend0_
          - alias suffix - 0_
          - suffixed key columns - {friendid1_4_0_}

11:32:00.510 [main] DEBUG org.hibernate.loader.entity.plan.EntityLoader - Static select for entity com.ashutosh.socialhub.domain.Friend [FORCE]: select friend0_.friendid as friendid1_4_0_, friend0_.friendloginname as friendloginname2_4_0_, friend0_.loginname as loginname3_4_0_, friend0_.status as status4_4_0_ from Friend friend0_ where friend0_.friendid=? for update nowait
11:32:00.510 [main] DEBUG org.hibernate.loader.plan.build.internal.spaces.QuerySpacesImpl - Adding QuerySpace : uid = &lt;gen:0&gt; -&gt; org.hibernate.loader.plan.build.internal.spaces.EntityQuerySpaceImpl@4a9b3956]
11:32:00.511 [main] DEBUG org.hibernate.persister.walking.spi.MetamodelGraphWalker - Visiting attribute path : friendloginname
11:32:00.511 [main] DEBUG org.hibernate.persister.walking.spi.MetamodelGraphWalker - Visiting attribute path : loginname
11:32:00.511 [main] DEBUG org.hibernate.persister.walking.spi.MetamodelGraphWalker - Visiting attribute path : status
11:32:00.511 [main] DEBUG org.hibernate.loader.plan.build.internal.FetchStyleLoadPlanBuildingAssociationVisitationStrategy - Building LoadPlan...
11:32:00.511 [main] DEBUG org.hibernate.loader.plan.exec.internal.LoadQueryJoinAndFetchProcessor - processing queryspace &lt;gen:0&gt;
11:32:00.511 [main] DEBUG org.hibernate.loader.plan.build.spi.LoadPlanTreePrinter - LoadPlan(entity=com.ashutosh.socialhub.domain.Friend)
    - Returns
       - EntityReturnImpl(entity=com.ashutosh.socialhub.domain.Friend, querySpaceUid=&lt;gen:0&gt;, path=com.ashutosh.socialhub.domain.Friend)
    - QuerySpaces
       - EntityQuerySpaceImpl(uid=&lt;gen:0&gt;, entity=com.ashutosh.socialhub.domain.Friend)
          - SQL table alias mapping - friend0_
          - alias suffix - 0_
          - suffixed key columns - {friendid1_4_0_}

11:32:00.511 [main] DEBUG org.hibernate.loader.entity.plan.EntityLoader - Static select for entity com.ashutosh.socialhub.domain.Friend [PESSIMISTIC_READ]: select friend0_.friendid as friendid1_4_0_, friend0_.friendloginname as friendloginname2_4_0_, friend0_.loginname as loginname3_4_0_, friend0_.status as status4_4_0_ from Friend friend0_ where friend0_.friendid=? for update
11:32:00.511 [main] DEBUG org.hibernate.loader.plan.build.internal.spaces.QuerySpacesImpl - Adding QuerySpace : uid = &lt;gen:0&gt; -&gt; org.hibernate.loader.plan.build.internal.spaces.EntityQuerySpaceImpl@aa752bb]
11:32:00.511 [main] DEBUG org.hibernate.persister.walking.spi.MetamodelGraphWalker - Visiting attribute path : friendloginname
11:32:00.511 [main] DEBUG org.hibernate.persister.walking.spi.MetamodelGraphWalker - Visiting attribute path : loginname
11:32:00.511 [main] DEBUG org.hibernate.persister.walking.spi.MetamodelGraphWalker - Visiting attribute path : status
11:32:00.511 [main] DEBUG org.hibernate.loader.plan.build.internal.FetchStyleLoadPlanBuildingAssociationVisitationStrategy - Building LoadPlan...
11:32:00.512 [main] DEBUG org.hibernate.loader.plan.exec.internal.LoadQueryJoinAndFetchProcessor - processing queryspace &lt;gen:0&gt;
11:32:00.512 [main] DEBUG org.hibernate.loader.plan.build.spi.LoadPlanTreePrinter - LoadPlan(entity=com.ashutosh.socialhub.domain.Friend)
    - Returns
       - EntityReturnImpl(entity=com.ashutosh.socialhub.domain.Friend, querySpaceUid=&lt;gen:0&gt;, path=com.ashutosh.socialhub.domain.Friend)
    - QuerySpaces
       - EntityQuerySpaceImpl(uid=&lt;gen:0&gt;, entity=com.ashutosh.socialhub.domain.Friend)
          - SQL table alias mapping - friend0_
          - alias suffix - 0_
          - suffixed key columns - {friendid1_4_0_}

11:32:00.512 [main] DEBUG org.hibernate.loader.entity.plan.EntityLoader - Static select for entity com.ashutosh.socialhub.domain.Friend [PESSIMISTIC_WRITE]: select friend0_.friendid as friendid1_4_0_, friend0_.friendloginname as friendloginname2_4_0_, friend0_.loginname as loginname3_4_0_, friend0_.status as status4_4_0_ from Friend friend0_ where friend0_.friendid=? for update
11:32:00.512 [main] DEBUG org.hibernate.loader.plan.build.internal.spaces.QuerySpacesImpl - Adding QuerySpace : uid = &lt;gen:0&gt; -&gt; org.hibernate.loader.plan.build.internal.spaces.EntityQuerySpaceImpl@643ecfef]
11:32:00.512 [main] DEBUG org.hibernate.persister.walking.spi.MetamodelGraphWalker - Visiting attribute path : friendloginname
11:32:00.512 [main] DEBUG org.hibernate.persister.walking.spi.MetamodelGraphWalker - Visiting attribute path : loginname
11:32:00.512 [main] DEBUG org.hibernate.persister.walking.spi.MetamodelGraphWalker - Visiting attribute path : status
11:32:00.512 [main] DEBUG org.hibernate.loader.plan.build.internal.FetchStyleLoadPlanBuildingAssociationVisitationStrategy - Building LoadPlan...
11:32:00.512 [main] DEBUG org.hibernate.loader.plan.exec.internal.LoadQueryJoinAndFetchProcessor - processing queryspace &lt;gen:0&gt;
11:32:00.513 [main] DEBUG org.hibernate.loader.plan.build.spi.LoadPlanTreePrinter - LoadPlan(entity=com.ashutosh.socialhub.domain.Friend)
    - Returns
       - EntityReturnImpl(entity=com.ashutosh.socialhub.domain.Friend, querySpaceUid=&lt;gen:0&gt;, path=com.ashutosh.socialhub.domain.Friend)
    - QuerySpaces
       - EntityQuerySpaceImpl(uid=&lt;gen:0&gt;, entity=com.ashutosh.socialhub.domain.Friend)
          - SQL table alias mapping - friend0_
          - alias suffix - 0_
          - suffixed key columns - {friendid1_4_0_}

11:32:00.513 [main] DEBUG org.hibernate.loader.entity.plan.EntityLoader - Static select for entity com.ashutosh.socialhub.domain.Friend [PESSIMISTIC_FORCE_INCREMENT]: select friend0_.friendid as friendid1_4_0_, friend0_.friendloginname as friendloginname2_4_0_, friend0_.loginname as loginname3_4_0_, friend0_.status as status4_4_0_ from Friend friend0_ where friend0_.friendid=? for update nowait
11:32:00.513 [main] DEBUG org.hibernate.loader.plan.build.internal.spaces.QuerySpacesImpl - Adding QuerySpace : uid = &lt;gen:0&gt; -&gt; org.hibernate.loader.plan.build.internal.spaces.EntityQuerySpaceImpl@2bb31455]
11:32:00.513 [main] DEBUG org.hibernate.persister.walking.spi.MetamodelGraphWalker - Visiting attribute path : friendloginname
11:32:00.513 [main] DEBUG org.hibernate.persister.walking.spi.MetamodelGraphWalker - Visiting attribute path : loginname
11:32:00.513 [main] DEBUG org.hibernate.persister.walking.spi.MetamodelGraphWalker - Visiting attribute path : status
11:32:00.513 [main] DEBUG org.hibernate.loader.plan.build.internal.FetchStyleLoadPlanBuildingAssociationVisitationStrategy - Building LoadPlan...
11:32:00.513 [main] DEBUG org.hibernate.loader.plan.exec.internal.LoadQueryJoinAndFetchProcessor - processing queryspace &lt;gen:0&gt;
11:32:00.513 [main] DEBUG org.hibernate.loader.plan.build.spi.LoadPlanTreePrinter - LoadPlan(entity=com.ashutosh.socialhub.domain.Friend)
    - Returns
       - EntityReturnImpl(entity=com.ashutosh.socialhub.domain.Friend, querySpaceUid=&lt;gen:0&gt;, path=com.ashutosh.socialhub.domain.Friend)
    - QuerySpaces
       - EntityQuerySpaceImpl(uid=&lt;gen:0&gt;, entity=com.ashutosh.socialhub.domain.Friend)
          - SQL table alias mapping - friend0_
          - alias suffix - 0_
          - suffixed key columns - {friendid1_4_0_}

11:32:00.513 [main] DEBUG org.hibernate.loader.entity.plan.EntityLoader - Static select for entity com.ashutosh.socialhub.domain.Friend [OPTIMISTIC]: select friend0_.friendid as friendid1_4_0_, friend0_.friendloginname as friendloginname2_4_0_, friend0_.loginname as loginname3_4_0_, friend0_.status as status4_4_0_ from Friend friend0_ where friend0_.friendid=?
11:32:00.513 [main] DEBUG org.hibernate.loader.plan.build.internal.spaces.QuerySpacesImpl - Adding QuerySpace : uid = &lt;gen:0&gt; -&gt; org.hibernate.loader.plan.build.internal.spaces.EntityQuerySpaceImpl@2e45a357]
11:32:00.514 [main] DEBUG org.hibernate.persister.walking.spi.MetamodelGraphWalker - Visiting attribute path : friendloginname
11:32:00.514 [main] DEBUG org.hibernate.persister.walking.spi.MetamodelGraphWalker - Visiting attribute path : loginname
11:32:00.514 [main] DEBUG org.hibernate.persister.walking.spi.MetamodelGraphWalker - Visiting attribute path : status
11:32:00.514 [main] DEBUG org.hibernate.loader.plan.build.internal.FetchStyleLoadPlanBuildingAssociationVisitationStrategy - Building LoadPlan...
11:32:00.514 [main] DEBUG org.hibernate.loader.plan.exec.internal.LoadQueryJoinAndFetchProcessor - processing queryspace &lt;gen:0&gt;
11:32:00.514 [main] DEBUG org.hibernate.loader.plan.build.spi.LoadPlanTreePrinter - LoadPlan(entity=com.ashutosh.socialhub.domain.Friend)
    - Returns
       - EntityReturnImpl(entity=com.ashutosh.socialhub.domain.Friend, querySpaceUid=&lt;gen:0&gt;, path=com.ashutosh.socialhub.domain.Friend)
    - QuerySpaces
       - EntityQuerySpaceImpl(uid=&lt;gen:0&gt;, entity=com.ashutosh.socialhub.domain.Friend)
          - SQL table alias mapping - friend0_
          - alias suffix - 0_
          - suffixed key columns - {friendid1_4_0_}

11:32:00.515 [main] DEBUG org.hibernate.loader.entity.plan.EntityLoader - Static select for entity com.ashutosh.socialhub.domain.Friend [OPTIMISTIC_FORCE_INCREMENT]: select friend0_.friendid as friendid1_4_0_, friend0_.friendloginname as friendloginname2_4_0_, friend0_.loginname as loginname3_4_0_, friend0_.status as status4_4_0_ from Friend friend0_ where friend0_.friendid=?
11:32:00.515 [main] DEBUG org.hibernate.loader.Loader - Static select for action ACTION_MERGE on entity com.ashutosh.socialhub.domain.Friend: select friend0_.friendid as friendid1_4_0_, friend0_.friendloginname as friendloginname2_4_0_, friend0_.loginname as loginname3_4_0_, friend0_.status as status4_4_0_ from Friend friend0_ where friend0_.friendid=?
11:32:00.515 [main] DEBUG org.hibernate.loader.Loader - Static select for action ACTION_REFRESH on entity com.ashutosh.socialhub.domain.Friend: select friend0_.friendid as friendid1_4_0_, friend0_.friendloginname as friendloginname2_4_0_, friend0_.loginname as loginname3_4_0_, friend0_.status as status4_4_0_ from Friend friend0_ where friend0_.friendid=?
11:32:00.515 [main] DEBUG org.hibernate.persister.entity.AbstractEntityPersister - Static SQL for entity: com.ashutosh.socialhub.domain.JobDetail
11:32:00.516 [main] DEBUG org.hibernate.persister.entity.AbstractEntityPersister -  Version select: select jobId from JobDetail where jobId =?
11:32:00.516 [main] DEBUG org.hibernate.persister.entity.AbstractEntityPersister -  Snapshot select: select jobdetail_.jobId, jobdetail_.Designation as Designation2_5_, jobdetail_.LastDate as LastDate3_5_, jobdetail_.company as company4_5_, jobdetail_.ctc as ctc5_5_, jobdetail_.location as location6_5_, jobdetail_.roles as roles7_5_, jobdetail_.skills as skills8_5_ from JobDetail jobdetail_ where jobdetail_.jobId=?
11:32:00.516 [main] DEBUG org.hibernate.persister.entity.AbstractEntityPersister -  Insert 0: insert into JobDetail (Designation, LastDate, company, ctc, location, roles, skills, jobId) values (?, ?, ?, ?, ?, ?, ?, ?)
11:32:00.516 [main] DEBUG org.hibernate.persister.entity.AbstractEntityPersister -  Update 0: update JobDetail set Designation=?, LastDate=?, company=?, ctc=?, location=?, roles=?, skills=? where jobId=?
11:32:00.516 [main] DEBUG org.hibernate.persister.entity.AbstractEntityPersister -  Delete 0: delete from JobDetail where jobId=?
11:32:00.516 [main] DEBUG org.hibernate.loader.plan.build.internal.spaces.QuerySpacesImpl - Adding QuerySpace : uid = &lt;gen:0&gt; -&gt; org.hibernate.loader.plan.build.internal.spaces.EntityQuerySpaceImpl@bb8ead8]
11:32:00.516 [main] DEBUG org.hibernate.persister.walking.spi.MetamodelGraphWalker - Visiting attribute path : Designation
11:32:00.516 [main] DEBUG org.hibernate.persister.walking.spi.MetamodelGraphWalker - Visiting attribute path : LastDate
11:32:00.517 [main] DEBUG org.hibernate.persister.walking.spi.MetamodelGraphWalker - Visiting attribute path : company
11:32:00.517 [main] DEBUG org.hibernate.persister.walking.spi.MetamodelGraphWalker - Visiting attribute path : ctc
11:32:00.517 [main] DEBUG org.hibernate.persister.walking.spi.MetamodelGraphWalker - Visiting attribute path : location
11:32:00.517 [main] DEBUG org.hibernate.persister.walking.spi.MetamodelGraphWalker - Visiting attribute path : roles
11:32:00.517 [main] DEBUG org.hibernate.persister.walking.spi.MetamodelGraphWalker - Visiting attribute path : skills
11:32:00.517 [main] DEBUG org.hibernate.loader.plan.build.internal.FetchStyleLoadPlanBuildingAssociationVisitationStrategy - Building LoadPlan...
11:32:00.517 [main] DEBUG org.hibernate.loader.plan.exec.internal.LoadQueryJoinAndFetchProcessor - processing queryspace &lt;gen:0&gt;
11:32:00.517 [main] DEBUG org.hibernate.loader.plan.build.spi.LoadPlanTreePrinter - LoadPlan(entity=com.ashutosh.socialhub.domain.JobDetail)
    - Returns
       - EntityReturnImpl(entity=com.ashutosh.socialhub.domain.JobDetail, querySpaceUid=&lt;gen:0&gt;, path=com.ashutosh.socialhub.domain.JobDetail)
    - QuerySpaces
       - EntityQuerySpaceImpl(uid=&lt;gen:0&gt;, entity=com.ashutosh.socialhub.domain.JobDetail)
          - SQL table alias mapping - jobdetail0_
          - alias suffix - 0_
          - suffixed key columns - {jobId1_5_0_}

11:32:00.518 [main] DEBUG org.hibernate.loader.entity.plan.EntityLoader - Static select for entity com.ashutosh.socialhub.domain.JobDetail [NONE]: select jobdetail0_.jobId as jobId1_5_0_, jobdetail0_.Designation as Designation2_5_0_, jobdetail0_.LastDate as LastDate3_5_0_, jobdetail0_.company as company4_5_0_, jobdetail0_.ctc as ctc5_5_0_, jobdetail0_.location as location6_5_0_, jobdetail0_.roles as roles7_5_0_, jobdetail0_.skills as skills8_5_0_ from JobDetail jobdetail0_ where jobdetail0_.jobId=?
11:32:00.518 [main] DEBUG org.hibernate.loader.plan.build.internal.spaces.QuerySpacesImpl - Adding QuerySpace : uid = &lt;gen:0&gt; -&gt; org.hibernate.loader.plan.build.internal.spaces.EntityQuerySpaceImpl@6e807e2]
11:32:00.518 [main] DEBUG org.hibernate.persister.walking.spi.MetamodelGraphWalker - Visiting attribute path : Designation
11:32:00.518 [main] DEBUG org.hibernate.persister.walking.spi.MetamodelGraphWalker - Visiting attribute path : LastDate
11:32:00.518 [main] DEBUG org.hibernate.persister.walking.spi.MetamodelGraphWalker - Visiting attribute path : company
11:32:00.518 [main] DEBUG org.hibernate.persister.walking.spi.MetamodelGraphWalker - Visiting attribute path : ctc
11:32:00.518 [main] DEBUG org.hibernate.persister.walking.spi.MetamodelGraphWalker - Visiting attribute path : location
11:32:00.518 [main] DEBUG org.hibernate.persister.walking.spi.MetamodelGraphWalker - Visiting attribute path : roles
11:32:00.518 [main] DEBUG org.hibernate.persister.walking.spi.MetamodelGraphWalker - Visiting attribute path : skills
11:32:00.518 [main] DEBUG org.hibernate.loader.plan.build.internal.FetchStyleLoadPlanBuildingAssociationVisitationStrategy - Building LoadPlan...
11:32:00.519 [main] DEBUG org.hibernate.loader.plan.exec.internal.LoadQueryJoinAndFetchProcessor - processing queryspace &lt;gen:0&gt;
11:32:00.519 [main] DEBUG org.hibernate.loader.plan.build.spi.LoadPlanTreePrinter - LoadPlan(entity=com.ashutosh.socialhub.domain.JobDetail)
    - Returns
       - EntityReturnImpl(entity=com.ashutosh.socialhub.domain.JobDetail, querySpaceUid=&lt;gen:0&gt;, path=com.ashutosh.socialhub.domain.JobDetail)
    - QuerySpaces
       - EntityQuerySpaceImpl(uid=&lt;gen:0&gt;, entity=com.ashutosh.socialhub.domain.JobDetail)
          - SQL table alias mapping - jobdetail0_
          - alias suffix - 0_
          - suffixed key columns - {jobId1_5_0_}

11:32:00.519 [main] DEBUG org.hibernate.loader.entity.plan.EntityLoader - Static select for entity com.ashutosh.socialhub.domain.JobDetail [READ]: select jobdetail0_.jobId as jobId1_5_0_, jobdetail0_.Designation as Designation2_5_0_, jobdetail0_.LastDate as LastDate3_5_0_, jobdetail0_.company as company4_5_0_, jobdetail0_.ctc as ctc5_5_0_, jobdetail0_.location as location6_5_0_, jobdetail0_.roles as roles7_5_0_, jobdetail0_.skills as skills8_5_0_ from JobDetail jobdetail0_ where jobdetail0_.jobId=?
11:32:00.519 [main] DEBUG org.hibernate.loader.plan.build.internal.spaces.QuerySpacesImpl - Adding QuerySpace : uid = &lt;gen:0&gt; -&gt; org.hibernate.loader.plan.build.internal.spaces.EntityQuerySpaceImpl@203b953c]
11:32:00.519 [main] DEBUG org.hibernate.persister.walking.spi.MetamodelGraphWalker - Visiting attribute path : Designation
11:32:00.519 [main] DEBUG org.hibernate.persister.walking.spi.MetamodelGraphWalker - Visiting attribute path : LastDate
11:32:00.519 [main] DEBUG org.hibernate.persister.walking.spi.MetamodelGraphWalker - Visiting attribute path : company
11:32:00.519 [main] DEBUG org.hibernate.persister.walking.spi.MetamodelGraphWalker - Visiting attribute path : ctc
11:32:00.519 [main] DEBUG org.hibernate.persister.walking.spi.MetamodelGraphWalker - Visiting attribute path : location
11:32:00.519 [main] DEBUG org.hibernate.persister.walking.spi.MetamodelGraphWalker - Visiting attribute path : roles
11:32:00.519 [main] DEBUG org.hibernate.persister.walking.spi.MetamodelGraphWalker - Visiting attribute path : skills
11:32:00.519 [main] DEBUG org.hibernate.loader.plan.build.internal.FetchStyleLoadPlanBuildingAssociationVisitationStrategy - Building LoadPlan...
11:32:00.520 [main] DEBUG org.hibernate.loader.plan.exec.internal.LoadQueryJoinAndFetchProcessor - processing queryspace &lt;gen:0&gt;
11:32:00.520 [main] DEBUG org.hibernate.loader.plan.build.spi.LoadPlanTreePrinter - LoadPlan(entity=com.ashutosh.socialhub.domain.JobDetail)
    - Returns
       - EntityReturnImpl(entity=com.ashutosh.socialhub.domain.JobDetail, querySpaceUid=&lt;gen:0&gt;, path=com.ashutosh.socialhub.domain.JobDetail)
    - QuerySpaces
       - EntityQuerySpaceImpl(uid=&lt;gen:0&gt;, entity=com.ashutosh.socialhub.domain.JobDetail)
          - SQL table alias mapping - jobdetail0_
          - alias suffix - 0_
          - suffixed key columns - {jobId1_5_0_}

11:32:00.520 [main] DEBUG org.hibernate.loader.entity.plan.EntityLoader - Static select for entity com.ashutosh.socialhub.domain.JobDetail [UPGRADE]: select jobdetail0_.jobId as jobId1_5_0_, jobdetail0_.Designation as Designation2_5_0_, jobdetail0_.LastDate as LastDate3_5_0_, jobdetail0_.company as company4_5_0_, jobdetail0_.ctc as ctc5_5_0_, jobdetail0_.location as location6_5_0_, jobdetail0_.roles as roles7_5_0_, jobdetail0_.skills as skills8_5_0_ from JobDetail jobdetail0_ where jobdetail0_.jobId=? for update
11:32:00.520 [main] DEBUG org.hibernate.loader.plan.build.internal.spaces.QuerySpacesImpl - Adding QuerySpace : uid = &lt;gen:0&gt; -&gt; org.hibernate.loader.plan.build.internal.spaces.EntityQuerySpaceImpl@41a16eb3]
11:32:00.521 [main] DEBUG org.hibernate.persister.walking.spi.MetamodelGraphWalker - Visiting attribute path : Designation
11:32:00.522 [main] DEBUG org.hibernate.persister.walking.spi.MetamodelGraphWalker - Visiting attribute path : LastDate
11:32:00.522 [main] DEBUG org.hibernate.persister.walking.spi.MetamodelGraphWalker - Visiting attribute path : company
11:32:00.522 [main] DEBUG org.hibernate.persister.walking.spi.MetamodelGraphWalker - Visiting attribute path : ctc
11:32:00.523 [main] DEBUG org.hibernate.persister.walking.spi.MetamodelGraphWalker - Visiting attribute path : location
11:32:00.523 [main] DEBUG org.hibernate.persister.walking.spi.MetamodelGraphWalker - Visiting attribute path : roles
11:32:00.523 [main] DEBUG org.hibernate.persister.walking.spi.MetamodelGraphWalker - Visiting attribute path : skills
11:32:00.523 [main] DEBUG org.hibernate.loader.plan.build.internal.FetchStyleLoadPlanBuildingAssociationVisitationStrategy - Building LoadPlan...
11:32:00.524 [main] DEBUG org.hibernate.loader.plan.exec.internal.LoadQueryJoinAndFetchProcessor - processing queryspace &lt;gen:0&gt;
11:32:00.524 [main] DEBUG org.hibernate.loader.plan.build.spi.LoadPlanTreePrinter - LoadPlan(entity=com.ashutosh.socialhub.domain.JobDetail)
    - Returns
       - EntityReturnImpl(entity=com.ashutosh.socialhub.domain.JobDetail, querySpaceUid=&lt;gen:0&gt;, path=com.ashutosh.socialhub.domain.JobDetail)
    - QuerySpaces
       - EntityQuerySpaceImpl(uid=&lt;gen:0&gt;, entity=com.ashutosh.socialhub.domain.JobDetail)
          - SQL table alias mapping - jobdetail0_
          - alias suffix - 0_
          - suffixed key columns - {jobId1_5_0_}

11:32:00.524 [main] DEBUG org.hibernate.loader.entity.plan.EntityLoader - Static select for entity com.ashutosh.socialhub.domain.JobDetail [UPGRADE_NOWAIT]: select jobdetail0_.jobId as jobId1_5_0_, jobdetail0_.Designation as Designation2_5_0_, jobdetail0_.LastDate as LastDate3_5_0_, jobdetail0_.company as company4_5_0_, jobdetail0_.ctc as ctc5_5_0_, jobdetail0_.location as location6_5_0_, jobdetail0_.roles as roles7_5_0_, jobdetail0_.skills as skills8_5_0_ from JobDetail jobdetail0_ where jobdetail0_.jobId=? for update nowait
11:32:00.525 [main] DEBUG org.hibernate.loader.plan.build.internal.spaces.QuerySpacesImpl - Adding QuerySpace : uid = &lt;gen:0&gt; -&gt; org.hibernate.loader.plan.build.internal.spaces.EntityQuerySpaceImpl@1b1252c8]
11:32:00.525 [main] DEBUG org.hibernate.persister.walking.spi.MetamodelGraphWalker - Visiting attribute path : Designation
11:32:00.525 [main] DEBUG org.hibernate.persister.walking.spi.MetamodelGraphWalker - Visiting attribute path : LastDate
11:32:00.525 [main] DEBUG org.hibernate.persister.walking.spi.MetamodelGraphWalker - Visiting attribute path : company
11:32:00.525 [main] DEBUG org.hibernate.persister.walking.spi.MetamodelGraphWalker - Visiting attribute path : ctc
11:32:00.525 [main] DEBUG org.hibernate.persister.walking.spi.MetamodelGraphWalker - Visiting attribute path : location
11:32:00.525 [main] DEBUG org.hibernate.persister.walking.spi.MetamodelGraphWalker - Visiting attribute path : roles
11:32:00.525 [main] DEBUG org.hibernate.persister.walking.spi.MetamodelGraphWalker - Visiting attribute path : skills
11:32:00.525 [main] DEBUG org.hibernate.loader.plan.build.internal.FetchStyleLoadPlanBuildingAssociationVisitationStrategy - Building LoadPlan...
11:32:00.526 [main] DEBUG org.hibernate.loader.plan.exec.internal.LoadQueryJoinAndFetchProcessor - processing queryspace &lt;gen:0&gt;
11:32:00.526 [main] DEBUG org.hibernate.loader.plan.build.spi.LoadPlanTreePrinter - LoadPlan(entity=com.ashutosh.socialhub.domain.JobDetail)
    - Returns
       - EntityReturnImpl(entity=com.ashutosh.socialhub.domain.JobDetail, querySpaceUid=&lt;gen:0&gt;, path=com.ashutosh.socialhub.domain.JobDetail)
    - QuerySpaces
       - EntityQuerySpaceImpl(uid=&lt;gen:0&gt;, entity=com.ashutosh.socialhub.domain.JobDetail)
          - SQL table alias mapping - jobdetail0_
          - alias suffix - 0_
          - suffixed key columns - {jobId1_5_0_}

11:32:00.526 [main] DEBUG org.hibernate.loader.entity.plan.EntityLoader - Static select for entity com.ashutosh.socialhub.domain.JobDetail [UPGRADE_SKIPLOCKED]: select jobdetail0_.jobId as jobId1_5_0_, jobdetail0_.Designation as Designation2_5_0_, jobdetail0_.LastDate as LastDate3_5_0_, jobdetail0_.company as company4_5_0_, jobdetail0_.ctc as ctc5_5_0_, jobdetail0_.location as location6_5_0_, jobdetail0_.roles as roles7_5_0_, jobdetail0_.skills as skills8_5_0_ from JobDetail jobdetail0_ where jobdetail0_.jobId=? for update skip locked
11:32:00.526 [main] DEBUG org.hibernate.loader.plan.build.internal.spaces.QuerySpacesImpl - Adding QuerySpace : uid = &lt;gen:0&gt; -&gt; org.hibernate.loader.plan.build.internal.spaces.EntityQuerySpaceImpl@53cb0bcb]
11:32:00.526 [main] DEBUG org.hibernate.persister.walking.spi.MetamodelGraphWalker - Visiting attribute path : Designation
11:32:00.526 [main] DEBUG org.hibernate.persister.walking.spi.MetamodelGraphWalker - Visiting attribute path : LastDate
11:32:00.526 [main] DEBUG org.hibernate.persister.walking.spi.MetamodelGraphWalker - Visiting attribute path : company
11:32:00.526 [main] DEBUG org.hibernate.persister.walking.spi.MetamodelGraphWalker - Visiting attribute path : ctc
11:32:00.526 [main] DEBUG org.hibernate.persister.walking.spi.MetamodelGraphWalker - Visiting attribute path : location
11:32:00.526 [main] DEBUG org.hibernate.persister.walking.spi.MetamodelGraphWalker - Visiting attribute path : roles
11:32:00.526 [main] DEBUG org.hibernate.persister.walking.spi.MetamodelGraphWalker - Visiting attribute path : skills
11:32:00.527 [main] DEBUG org.hibernate.loader.plan.build.internal.FetchStyleLoadPlanBuildingAssociationVisitationStrategy - Building LoadPlan...
11:32:00.527 [main] DEBUG org.hibernate.loader.plan.exec.internal.LoadQueryJoinAndFetchProcessor - processing queryspace &lt;gen:0&gt;
11:32:00.527 [main] DEBUG org.hibernate.loader.plan.build.spi.LoadPlanTreePrinter - LoadPlan(entity=com.ashutosh.socialhub.domain.JobDetail)
    - Returns
       - EntityReturnImpl(entity=com.ashutosh.socialhub.domain.JobDetail, querySpaceUid=&lt;gen:0&gt;, path=com.ashutosh.socialhub.domain.JobDetail)
    - QuerySpaces
       - EntityQuerySpaceImpl(uid=&lt;gen:0&gt;, entity=com.ashutosh.socialhub.domain.JobDetail)
          - SQL table alias mapping - jobdetail0_
          - alias suffix - 0_
          - suffixed key columns - {jobId1_5_0_}

11:32:00.527 [main] DEBUG org.hibernate.loader.entity.plan.EntityLoader - Static select for entity com.ashutosh.socialhub.domain.JobDetail [FORCE]: select jobdetail0_.jobId as jobId1_5_0_, jobdetail0_.Designation as Designation2_5_0_, jobdetail0_.LastDate as LastDate3_5_0_, jobdetail0_.company as company4_5_0_, jobdetail0_.ctc as ctc5_5_0_, jobdetail0_.location as location6_5_0_, jobdetail0_.roles as roles7_5_0_, jobdetail0_.skills as skills8_5_0_ from JobDetail jobdetail0_ where jobdetail0_.jobId=? for update nowait
11:32:00.527 [main] DEBUG org.hibernate.loader.plan.build.internal.spaces.QuerySpacesImpl - Adding QuerySpace : uid = &lt;gen:0&gt; -&gt; org.hibernate.loader.plan.build.internal.spaces.EntityQuerySpaceImpl@5873f3f0]
11:32:00.528 [main] DEBUG org.hibernate.persister.walking.spi.MetamodelGraphWalker - Visiting attribute path : Designation
11:32:00.528 [main] DEBUG org.hibernate.persister.walking.spi.MetamodelGraphWalker - Visiting attribute path : LastDate
11:32:00.528 [main] DEBUG org.hibernate.persister.walking.spi.MetamodelGraphWalker - Visiting attribute path : company
11:32:00.528 [main] DEBUG org.hibernate.persister.walking.spi.MetamodelGraphWalker - Visiting attribute path : ctc
11:32:00.528 [main] DEBUG org.hibernate.persister.walking.spi.MetamodelGraphWalker - Visiting attribute path : location
11:32:00.528 [main] DEBUG org.hibernate.persister.walking.spi.MetamodelGraphWalker - Visiting attribute path : roles
11:32:00.528 [main] DEBUG org.hibernate.persister.walking.spi.MetamodelGraphWalker - Visiting attribute path : skills
11:32:00.528 [main] DEBUG org.hibernate.loader.plan.build.internal.FetchStyleLoadPlanBuildingAssociationVisitationStrategy - Building LoadPlan...
11:32:00.528 [main] DEBUG org.hibernate.loader.plan.exec.internal.LoadQueryJoinAndFetchProcessor - processing queryspace &lt;gen:0&gt;
11:32:00.528 [main] DEBUG org.hibernate.loader.plan.build.spi.LoadPlanTreePrinter - LoadPlan(entity=com.ashutosh.socialhub.domain.JobDetail)
    - Returns
       - EntityReturnImpl(entity=com.ashutosh.socialhub.domain.JobDetail, querySpaceUid=&lt;gen:0&gt;, path=com.ashutosh.socialhub.domain.JobDetail)
    - QuerySpaces
       - EntityQuerySpaceImpl(uid=&lt;gen:0&gt;, entity=com.ashutosh.socialhub.domain.JobDetail)
          - SQL table alias mapping - jobdetail0_
          - alias suffix - 0_
          - suffixed key columns - {jobId1_5_0_}

11:32:00.528 [main] DEBUG org.hibernate.loader.entity.plan.EntityLoader - Static select for entity com.ashutosh.socialhub.domain.JobDetail [PESSIMISTIC_READ]: select jobdetail0_.jobId as jobId1_5_0_, jobdetail0_.Designation as Designation2_5_0_, jobdetail0_.LastDate as LastDate3_5_0_, jobdetail0_.company as company4_5_0_, jobdetail0_.ctc as ctc5_5_0_, jobdetail0_.location as location6_5_0_, jobdetail0_.roles as roles7_5_0_, jobdetail0_.skills as skills8_5_0_ from JobDetail jobdetail0_ where jobdetail0_.jobId=? for update
11:32:00.528 [main] DEBUG org.hibernate.loader.plan.build.internal.spaces.QuerySpacesImpl - Adding QuerySpace : uid = &lt;gen:0&gt; -&gt; org.hibernate.loader.plan.build.internal.spaces.EntityQuerySpaceImpl@63dda940]
11:32:00.529 [main] DEBUG org.hibernate.persister.walking.spi.MetamodelGraphWalker - Visiting attribute path : Designation
11:32:00.529 [main] DEBUG org.hibernate.persister.walking.spi.MetamodelGraphWalker - Visiting attribute path : LastDate
11:32:00.529 [main] DEBUG org.hibernate.persister.walking.spi.MetamodelGraphWalker - Visiting attribute path : company
11:32:00.529 [main] DEBUG org.hibernate.persister.walking.spi.MetamodelGraphWalker - Visiting attribute path : ctc
11:32:00.529 [main] DEBUG org.hibernate.persister.walking.spi.MetamodelGraphWalker - Visiting attribute path : location
11:32:00.529 [main] DEBUG org.hibernate.persister.walking.spi.MetamodelGraphWalker - Visiting attribute path : roles
11:32:00.529 [main] DEBUG org.hibernate.persister.walking.spi.MetamodelGraphWalker - Visiting attribute path : skills
11:32:00.529 [main] DEBUG org.hibernate.loader.plan.build.internal.FetchStyleLoadPlanBuildingAssociationVisitationStrategy - Building LoadPlan...
11:32:00.529 [main] DEBUG org.hibernate.loader.plan.exec.internal.LoadQueryJoinAndFetchProcessor - processing queryspace &lt;gen:0&gt;
11:32:00.529 [main] DEBUG org.hibernate.loader.plan.build.spi.LoadPlanTreePrinter - LoadPlan(entity=com.ashutosh.socialhub.domain.JobDetail)
    - Returns
       - EntityReturnImpl(entity=com.ashutosh.socialhub.domain.JobDetail, querySpaceUid=&lt;gen:0&gt;, path=com.ashutosh.socialhub.domain.JobDetail)
    - QuerySpaces
       - EntityQuerySpaceImpl(uid=&lt;gen:0&gt;, entity=com.ashutosh.socialhub.domain.JobDetail)
          - SQL table alias mapping - jobdetail0_
          - alias suffix - 0_
          - suffixed key columns - {jobId1_5_0_}

11:32:00.530 [main] DEBUG org.hibernate.loader.entity.plan.EntityLoader - Static select for entity com.ashutosh.socialhub.domain.JobDetail [PESSIMISTIC_WRITE]: select jobdetail0_.jobId as jobId1_5_0_, jobdetail0_.Designation as Designation2_5_0_, jobdetail0_.LastDate as LastDate3_5_0_, jobdetail0_.company as company4_5_0_, jobdetail0_.ctc as ctc5_5_0_, jobdetail0_.location as location6_5_0_, jobdetail0_.roles as roles7_5_0_, jobdetail0_.skills as skills8_5_0_ from JobDetail jobdetail0_ where jobdetail0_.jobId=? for update
11:32:00.530 [main] DEBUG org.hibernate.loader.plan.build.internal.spaces.QuerySpacesImpl - Adding QuerySpace : uid = &lt;gen:0&gt; -&gt; org.hibernate.loader.plan.build.internal.spaces.EntityQuerySpaceImpl@652e345]
11:32:00.530 [main] DEBUG org.hibernate.persister.walking.spi.MetamodelGraphWalker - Visiting attribute path : Designation
11:32:00.530 [main] DEBUG org.hibernate.persister.walking.spi.MetamodelGraphWalker - Visiting attribute path : LastDate
11:32:00.530 [main] DEBUG org.hibernate.persister.walking.spi.MetamodelGraphWalker - Visiting attribute path : company
11:32:00.530 [main] DEBUG org.hibernate.persister.walking.spi.MetamodelGraphWalker - Visiting attribute path : ctc
11:32:00.530 [main] DEBUG org.hibernate.persister.walking.spi.MetamodelGraphWalker - Visiting attribute path : location
11:32:00.530 [main] DEBUG org.hibernate.persister.walking.spi.MetamodelGraphWalker - Visiting attribute path : roles
11:32:00.530 [main] DEBUG org.hibernate.persister.walking.spi.MetamodelGraphWalker - Visiting attribute path : skills
11:32:00.531 [main] DEBUG org.hibernate.loader.plan.build.internal.FetchStyleLoadPlanBuildingAssociationVisitationStrategy - Building LoadPlan...
11:32:00.531 [main] DEBUG org.hibernate.loader.plan.exec.internal.LoadQueryJoinAndFetchProcessor - processing queryspace &lt;gen:0&gt;
11:32:00.531 [main] DEBUG org.hibernate.loader.plan.build.spi.LoadPlanTreePrinter - LoadPlan(entity=com.ashutosh.socialhub.domain.JobDetail)
    - Returns
       - EntityReturnImpl(entity=com.ashutosh.socialhub.domain.JobDetail, querySpaceUid=&lt;gen:0&gt;, path=com.ashutosh.socialhub.domain.JobDetail)
    - QuerySpaces
       - EntityQuerySpaceImpl(uid=&lt;gen:0&gt;, entity=com.ashutosh.socialhub.domain.JobDetail)
          - SQL table alias mapping - jobdetail0_
          - alias suffix - 0_
          - suffixed key columns - {jobId1_5_0_}

11:32:00.532 [main] DEBUG org.hibernate.loader.entity.plan.EntityLoader - Static select for entity com.ashutosh.socialhub.domain.JobDetail [PESSIMISTIC_FORCE_INCREMENT]: select jobdetail0_.jobId as jobId1_5_0_, jobdetail0_.Designation as Designation2_5_0_, jobdetail0_.LastDate as LastDate3_5_0_, jobdetail0_.company as company4_5_0_, jobdetail0_.ctc as ctc5_5_0_, jobdetail0_.location as location6_5_0_, jobdetail0_.roles as roles7_5_0_, jobdetail0_.skills as skills8_5_0_ from JobDetail jobdetail0_ where jobdetail0_.jobId=? for update nowait
11:32:00.532 [main] DEBUG org.hibernate.loader.plan.build.internal.spaces.QuerySpacesImpl - Adding QuerySpace : uid = &lt;gen:0&gt; -&gt; org.hibernate.loader.plan.build.internal.spaces.EntityQuerySpaceImpl@7bede4ea]
11:32:00.532 [main] DEBUG org.hibernate.persister.walking.spi.MetamodelGraphWalker - Visiting attribute path : Designation
11:32:00.532 [main] DEBUG org.hibernate.persister.walking.spi.MetamodelGraphWalker - Visiting attribute path : LastDate
11:32:00.533 [main] DEBUG org.hibernate.persister.walking.spi.MetamodelGraphWalker - Visiting attribute path : company
11:32:00.533 [main] DEBUG org.hibernate.persister.walking.spi.MetamodelGraphWalker - Visiting attribute path : ctc
11:32:00.533 [main] DEBUG org.hibernate.persister.walking.spi.MetamodelGraphWalker - Visiting attribute path : location
11:32:00.533 [main] DEBUG org.hibernate.persister.walking.spi.MetamodelGraphWalker - Visiting attribute path : roles
11:32:00.533 [main] DEBUG org.hibernate.persister.walking.spi.MetamodelGraphWalker - Visiting attribute path : skills
11:32:00.533 [main] DEBUG org.hibernate.loader.plan.build.internal.FetchStyleLoadPlanBuildingAssociationVisitationStrategy - Building LoadPlan...
11:32:00.534 [main] DEBUG org.hibernate.loader.plan.exec.internal.LoadQueryJoinAndFetchProcessor - processing queryspace &lt;gen:0&gt;
11:32:00.534 [main] DEBUG org.hibernate.loader.plan.build.spi.LoadPlanTreePrinter - LoadPlan(entity=com.ashutosh.socialhub.domain.JobDetail)
    - Returns
       - EntityReturnImpl(entity=com.ashutosh.socialhub.domain.JobDetail, querySpaceUid=&lt;gen:0&gt;, path=com.ashutosh.socialhub.domain.JobDetail)
    - QuerySpaces
       - EntityQuerySpaceImpl(uid=&lt;gen:0&gt;, entity=com.ashutosh.socialhub.domain.JobDetail)
          - SQL table alias mapping - jobdetail0_
          - alias suffix - 0_
          - suffixed key columns - {jobId1_5_0_}

11:32:00.535 [main] DEBUG org.hibernate.loader.entity.plan.EntityLoader - Static select for entity com.ashutosh.socialhub.domain.JobDetail [OPTIMISTIC]: select jobdetail0_.jobId as jobId1_5_0_, jobdetail0_.Designation as Designation2_5_0_, jobdetail0_.LastDate as LastDate3_5_0_, jobdetail0_.company as company4_5_0_, jobdetail0_.ctc as ctc5_5_0_, jobdetail0_.location as location6_5_0_, jobdetail0_.roles as roles7_5_0_, jobdetail0_.skills as skills8_5_0_ from JobDetail jobdetail0_ where jobdetail0_.jobId=?
11:32:00.535 [main] DEBUG org.hibernate.loader.plan.build.internal.spaces.QuerySpacesImpl - Adding QuerySpace : uid = &lt;gen:0&gt; -&gt; org.hibernate.loader.plan.build.internal.spaces.EntityQuerySpaceImpl@6060146b]
11:32:00.535 [main] DEBUG org.hibernate.persister.walking.spi.MetamodelGraphWalker - Visiting attribute path : Designation
11:32:00.536 [main] DEBUG org.hibernate.persister.walking.spi.MetamodelGraphWalker - Visiting attribute path : LastDate
11:32:00.536 [main] DEBUG org.hibernate.persister.walking.spi.MetamodelGraphWalker - Visiting attribute path : company
11:32:00.536 [main] DEBUG org.hibernate.persister.walking.spi.MetamodelGraphWalker - Visiting attribute path : ctc
11:32:00.536 [main] DEBUG org.hibernate.persister.walking.spi.MetamodelGraphWalker - Visiting attribute path : location
11:32:00.536 [main] DEBUG org.hibernate.persister.walking.spi.MetamodelGraphWalker - Visiting attribute path : roles
11:32:00.536 [main] DEBUG org.hibernate.persister.walking.spi.MetamodelGraphWalker - Visiting attribute path : skills
11:32:00.543 [main] DEBUG org.hibernate.loader.plan.build.internal.FetchStyleLoadPlanBuildingAssociationVisitationStrategy - Building LoadPlan...
11:32:00.543 [main] DEBUG org.hibernate.loader.plan.exec.internal.LoadQueryJoinAndFetchProcessor - processing queryspace &lt;gen:0&gt;
11:32:00.547 [main] DEBUG org.hibernate.loader.plan.build.spi.LoadPlanTreePrinter - LoadPlan(entity=com.ashutosh.socialhub.domain.JobDetail)
    - Returns
       - EntityReturnImpl(entity=com.ashutosh.socialhub.domain.JobDetail, querySpaceUid=&lt;gen:0&gt;, path=com.ashutosh.socialhub.domain.JobDetail)
    - QuerySpaces
       - EntityQuerySpaceImpl(uid=&lt;gen:0&gt;, entity=com.ashutosh.socialhub.domain.JobDetail)
          - SQL table alias mapping - jobdetail0_
          - alias suffix - 0_
          - suffixed key columns - {jobId1_5_0_}

11:32:00.547 [main] DEBUG org.hibernate.loader.entity.plan.EntityLoader - Static select for entity com.ashutosh.socialhub.domain.JobDetail [OPTIMISTIC_FORCE_INCREMENT]: select jobdetail0_.jobId as jobId1_5_0_, jobdetail0_.Designation as Designation2_5_0_, jobdetail0_.LastDate as LastDate3_5_0_, jobdetail0_.company as company4_5_0_, jobdetail0_.ctc as ctc5_5_0_, jobdetail0_.location as location6_5_0_, jobdetail0_.roles as roles7_5_0_, jobdetail0_.skills as skills8_5_0_ from JobDetail jobdetail0_ where jobdetail0_.jobId=?
11:32:00.548 [main] DEBUG org.hibernate.loader.Loader - Static select for action ACTION_MERGE on entity com.ashutosh.socialhub.domain.JobDetail: select jobdetail0_.jobId as jobId1_5_0_, jobdetail0_.Designation as Designation2_5_0_, jobdetail0_.LastDate as LastDate3_5_0_, jobdetail0_.company as company4_5_0_, jobdetail0_.ctc as ctc5_5_0_, jobdetail0_.location as location6_5_0_, jobdetail0_.roles as roles7_5_0_, jobdetail0_.skills as skills8_5_0_ from JobDetail jobdetail0_ where jobdetail0_.jobId=?
11:32:00.548 [main] DEBUG org.hibernate.loader.Loader - Static select for action ACTION_REFRESH on entity com.ashutosh.socialhub.domain.JobDetail: select jobdetail0_.jobId as jobId1_5_0_, jobdetail0_.Designation as Designation2_5_0_, jobdetail0_.LastDate as LastDate3_5_0_, jobdetail0_.company as company4_5_0_, jobdetail0_.ctc as ctc5_5_0_, jobdetail0_.location as location6_5_0_, jobdetail0_.roles as roles7_5_0_, jobdetail0_.skills as skills8_5_0_ from JobDetail jobdetail0_ where jobdetail0_.jobId=?
11:32:00.548 [main] DEBUG org.hibernate.persister.entity.AbstractEntityPersister - Static SQL for entity: com.ashutosh.socialhub.domain.Blog
11:32:00.549 [main] DEBUG org.hibernate.persister.entity.AbstractEntityPersister -  Version select: select blogId from Blog where blogId =?
11:32:00.549 [main] DEBUG org.hibernate.persister.entity.AbstractEntityPersister -  Snapshot select: select blog_.blogId, blog_.blogcontent as blogcontent2_0_, blog_.blogname as blogname3_0_, blog_.createdate as createdate4_0_, blog_.dislikes as dislikes5_0_, blog_.likes as likes6_0_, blog_.loginname as loginname7_0_, blog_.status as status8_0_ from Blog blog_ where blog_.blogId=?
11:32:00.549 [main] DEBUG org.hibernate.persister.entity.AbstractEntityPersister -  Insert 0: insert into Blog (blogcontent, blogname, createdate, dislikes, likes, loginname, status, blogId) values (?, ?, ?, ?, ?, ?, ?, ?)
11:32:00.549 [main] DEBUG org.hibernate.persister.entity.AbstractEntityPersister -  Update 0: update Blog set blogcontent=?, blogname=?, createdate=?, dislikes=?, likes=?, loginname=?, status=? where blogId=?
11:32:00.549 [main] DEBUG org.hibernate.persister.entity.AbstractEntityPersister -  Delete 0: delete from Blog where blogId=?
11:32:00.550 [main] DEBUG org.hibernate.loader.plan.build.internal.spaces.QuerySpacesImpl - Adding QuerySpace : uid = &lt;gen:0&gt; -&gt; org.hibernate.loader.plan.build.internal.spaces.EntityQuerySpaceImpl@27bc1d44]
11:32:00.550 [main] DEBUG org.hibernate.persister.walking.spi.MetamodelGraphWalker - Visiting attribute path : blogcontent
11:32:00.550 [main] DEBUG org.hibernate.persister.walking.spi.MetamodelGraphWalker - Visiting attribute path : blogname
11:32:00.550 [main] DEBUG org.hibernate.persister.walking.spi.MetamodelGraphWalker - Visiting attribute path : createdate
11:32:00.550 [main] DEBUG org.hibernate.persister.walking.spi.MetamodelGraphWalker - Visiting attribute path : dislikes
11:32:00.550 [main] DEBUG org.hibernate.persister.walking.spi.MetamodelGraphWalker - Visiting attribute path : likes
11:32:00.551 [main] DEBUG org.hibernate.persister.walking.spi.MetamodelGraphWalker - Visiting attribute path : loginname
11:32:00.551 [main] DEBUG org.hibernate.persister.walking.spi.MetamodelGraphWalker - Visiting attribute path : status
11:32:00.551 [main] DEBUG org.hibernate.loader.plan.build.internal.FetchStyleLoadPlanBuildingAssociationVisitationStrategy - Building LoadPlan...
11:32:00.551 [main] DEBUG org.hibernate.loader.plan.exec.internal.LoadQueryJoinAndFetchProcessor - processing queryspace &lt;gen:0&gt;
11:32:00.552 [main] DEBUG org.hibernate.loader.plan.build.spi.LoadPlanTreePrinter - LoadPlan(entity=com.ashutosh.socialhub.domain.Blog)
    - Returns
       - EntityReturnImpl(entity=com.ashutosh.socialhub.domain.Blog, querySpaceUid=&lt;gen:0&gt;, path=com.ashutosh.socialhub.domain.Blog)
    - QuerySpaces
       - EntityQuerySpaceImpl(uid=&lt;gen:0&gt;, entity=com.ashutosh.socialhub.domain.Blog)
          - SQL table alias mapping - blog0_
          - alias suffix - 0_
          - suffixed key columns - {blogId1_0_0_}

11:32:00.552 [main] DEBUG org.hibernate.loader.entity.plan.EntityLoader - Static select for entity com.ashutosh.socialhub.domain.Blog [NONE]: select blog0_.blogId as blogId1_0_0_, blog0_.blogcontent as blogcontent2_0_0_, blog0_.blogname as blogname3_0_0_, blog0_.createdate as createdate4_0_0_, blog0_.dislikes as dislikes5_0_0_, blog0_.likes as likes6_0_0_, blog0_.loginname as loginname7_0_0_, blog0_.status as status8_0_0_ from Blog blog0_ where blog0_.blogId=?
11:32:00.552 [main] DEBUG org.hibernate.loader.plan.build.internal.spaces.QuerySpacesImpl - Adding QuerySpace : uid = &lt;gen:0&gt; -&gt; org.hibernate.loader.plan.build.internal.spaces.EntityQuerySpaceImpl@7a55fb81]
11:32:00.553 [main] DEBUG org.hibernate.persister.walking.spi.MetamodelGraphWalker - Visiting attribute path : blogcontent
11:32:00.553 [main] DEBUG org.hibernate.persister.walking.spi.MetamodelGraphWalker - Visiting attribute path : blogname
11:32:00.553 [main] DEBUG org.hibernate.persister.walking.spi.MetamodelGraphWalker - Visiting attribute path : createdate
11:32:00.553 [main] DEBUG org.hibernate.persister.walking.spi.MetamodelGraphWalker - Visiting attribute path : dislikes
11:32:00.553 [main] DEBUG org.hibernate.persister.walking.spi.MetamodelGraphWalker - Visiting attribute path : likes
11:32:00.553 [main] DEBUG org.hibernate.persister.walking.spi.MetamodelGraphWalker - Visiting attribute path : loginname
11:32:00.554 [main] DEBUG org.hibernate.persister.walking.spi.MetamodelGraphWalker - Visiting attribute path : status
11:32:00.554 [main] DEBUG org.hibernate.loader.plan.build.internal.FetchStyleLoadPlanBuildingAssociationVisitationStrategy - Building LoadPlan...
11:32:00.554 [main] DEBUG org.hibernate.loader.plan.exec.internal.LoadQueryJoinAndFetchProcessor - processing queryspace &lt;gen:0&gt;
11:32:00.555 [main] DEBUG org.hibernate.loader.plan.build.spi.LoadPlanTreePrinter - LoadPlan(entity=com.ashutosh.socialhub.domain.Blog)
    - Returns
       - EntityReturnImpl(entity=com.ashutosh.socialhub.domain.Blog, querySpaceUid=&lt;gen:0&gt;, path=com.ashutosh.socialhub.domain.Blog)
    - QuerySpaces
       - EntityQuerySpaceImpl(uid=&lt;gen:0&gt;, entity=com.ashutosh.socialhub.domain.Blog)
          - SQL table alias mapping - blog0_
          - alias suffix - 0_
          - suffixed key columns - {blogId1_0_0_}

11:32:00.556 [main] DEBUG org.hibernate.loader.entity.plan.EntityLoader - Static select for entity com.ashutosh.socialhub.domain.Blog [READ]: select blog0_.blogId as blogId1_0_0_, blog0_.blogcontent as blogcontent2_0_0_, blog0_.blogname as blogname3_0_0_, blog0_.createdate as createdate4_0_0_, blog0_.dislikes as dislikes5_0_0_, blog0_.likes as likes6_0_0_, blog0_.loginname as loginname7_0_0_, blog0_.status as status8_0_0_ from Blog blog0_ where blog0_.blogId=?
11:32:00.556 [main] DEBUG org.hibernate.loader.plan.build.internal.spaces.QuerySpacesImpl - Adding QuerySpace : uid = &lt;gen:0&gt; -&gt; org.hibernate.loader.plan.build.internal.spaces.EntityQuerySpaceImpl@1d2d8846]
11:32:00.556 [main] DEBUG org.hibernate.persister.walking.spi.MetamodelGraphWalker - Visiting attribute path : blogcontent
11:32:00.556 [main] DEBUG org.hibernate.persister.walking.spi.MetamodelGraphWalker - Visiting attribute path : blogname
11:32:00.557 [main] DEBUG org.hibernate.persister.walking.spi.MetamodelGraphWalker - Visiting attribute path : createdate
11:32:00.557 [main] DEBUG org.hibernate.persister.walking.spi.MetamodelGraphWalker - Visiting attribute path : dislikes
11:32:00.557 [main] DEBUG org.hibernate.persister.walking.spi.MetamodelGraphWalker - Visiting attribute path : likes
11:32:00.557 [main] DEBUG org.hibernate.persister.walking.spi.MetamodelGraphWalker - Visiting attribute path : loginname
11:32:00.557 [main] DEBUG org.hibernate.persister.walking.spi.MetamodelGraphWalker - Visiting attribute path : status
11:32:00.557 [main] DEBUG org.hibernate.loader.plan.build.internal.FetchStyleLoadPlanBuildingAssociationVisitationStrategy - Building LoadPlan...
11:32:00.558 [main] DEBUG org.hibernate.loader.plan.exec.internal.LoadQueryJoinAndFetchProcessor - processing queryspace &lt;gen:0&gt;
11:32:00.558 [main] DEBUG org.hibernate.loader.plan.build.spi.LoadPlanTreePrinter - LoadPlan(entity=com.ashutosh.socialhub.domain.Blog)
    - Returns
       - EntityReturnImpl(entity=com.ashutosh.socialhub.domain.Blog, querySpaceUid=&lt;gen:0&gt;, path=com.ashutosh.socialhub.domain.Blog)
    - QuerySpaces
       - EntityQuerySpaceImpl(uid=&lt;gen:0&gt;, entity=com.ashutosh.socialhub.domain.Blog)
          - SQL table alias mapping - blog0_
          - alias suffix - 0_
          - suffixed key columns - {blogId1_0_0_}

11:32:00.558 [main] DEBUG org.hibernate.loader.entity.plan.EntityLoader - Static select for entity com.ashutosh.socialhub.domain.Blog [UPGRADE]: select blog0_.blogId as blogId1_0_0_, blog0_.blogcontent as blogcontent2_0_0_, blog0_.blogname as blogname3_0_0_, blog0_.createdate as createdate4_0_0_, blog0_.dislikes as dislikes5_0_0_, blog0_.likes as likes6_0_0_, blog0_.loginname as loginname7_0_0_, blog0_.status as status8_0_0_ from Blog blog0_ where blog0_.blogId=? for update
11:32:00.559 [main] DEBUG org.hibernate.loader.plan.build.internal.spaces.QuerySpacesImpl - Adding QuerySpace : uid = &lt;gen:0&gt; -&gt; org.hibernate.loader.plan.build.internal.spaces.EntityQuerySpaceImpl@61911947]
11:32:00.559 [main] DEBUG org.hibernate.persister.walking.spi.MetamodelGraphWalker - Visiting attribute path : blogcontent
11:32:00.559 [main] DEBUG org.hibernate.persister.walking.spi.MetamodelGraphWalker - Visiting attribute path : blogname
11:32:00.559 [main] DEBUG org.hibernate.persister.walking.spi.MetamodelGraphWalker - Visiting attribute path : createdate
11:32:00.559 [main] DEBUG org.hibernate.persister.walking.spi.MetamodelGraphWalker - Visiting attribute path : dislikes
11:32:00.560 [main] DEBUG org.hibernate.persister.walking.spi.MetamodelGraphWalker - Visiting attribute path : likes
11:32:00.560 [main] DEBUG org.hibernate.persister.walking.spi.MetamodelGraphWalker - Visiting attribute path : loginname
11:32:00.560 [main] DEBUG org.hibernate.persister.walking.spi.MetamodelGraphWalker - Visiting attribute path : status
11:32:00.560 [main] DEBUG org.hibernate.loader.plan.build.internal.FetchStyleLoadPlanBuildingAssociationVisitationStrategy - Building LoadPlan...
11:32:00.561 [main] DEBUG org.hibernate.loader.plan.exec.internal.LoadQueryJoinAndFetchProcessor - processing queryspace &lt;gen:0&gt;
11:32:00.561 [main] DEBUG org.hibernate.loader.plan.build.spi.LoadPlanTreePrinter - LoadPlan(entity=com.ashutosh.socialhub.domain.Blog)
    - Returns
       - EntityReturnImpl(entity=com.ashutosh.socialhub.domain.Blog, querySpaceUid=&lt;gen:0&gt;, path=com.ashutosh.socialhub.domain.Blog)
    - QuerySpaces
       - EntityQuerySpaceImpl(uid=&lt;gen:0&gt;, entity=com.ashutosh.socialhub.domain.Blog)
          - SQL table alias mapping - blog0_
          - alias suffix - 0_
          - suffixed key columns - {blogId1_0_0_}

11:32:00.561 [main] DEBUG org.hibernate.loader.entity.plan.EntityLoader - Static select for entity com.ashutosh.socialhub.domain.Blog [UPGRADE_NOWAIT]: select blog0_.blogId as blogId1_0_0_, blog0_.blogcontent as blogcontent2_0_0_, blog0_.blogname as blogname3_0_0_, blog0_.createdate as createdate4_0_0_, blog0_.dislikes as dislikes5_0_0_, blog0_.likes as likes6_0_0_, blog0_.loginname as loginname7_0_0_, blog0_.status as status8_0_0_ from Blog blog0_ where blog0_.blogId=? for update nowait
11:32:00.562 [main] DEBUG org.hibernate.loader.plan.build.internal.spaces.QuerySpacesImpl - Adding QuerySpace : uid = &lt;gen:0&gt; -&gt; org.hibernate.loader.plan.build.internal.spaces.EntityQuerySpaceImpl@2dcd0e41]
11:32:00.562 [main] DEBUG org.hibernate.persister.walking.spi.MetamodelGraphWalker - Visiting attribute path : blogcontent
11:32:00.562 [main] DEBUG org.hibernate.persister.walking.spi.MetamodelGraphWalker - Visiting attribute path : blogname
11:32:00.563 [main] DEBUG org.hibernate.persister.walking.spi.MetamodelGraphWalker - Visiting attribute path : createdate
11:32:00.563 [main] DEBUG org.hibernate.persister.walking.spi.MetamodelGraphWalker - Visiting attribute path : dislikes
11:32:00.563 [main] DEBUG org.hibernate.persister.walking.spi.MetamodelGraphWalker - Visiting attribute path : likes
11:32:00.563 [main] DEBUG org.hibernate.persister.walking.spi.MetamodelGraphWalker - Visiting attribute path : loginname
11:32:00.563 [main] DEBUG org.hibernate.persister.walking.spi.MetamodelGraphWalker - Visiting attribute path : status
11:32:00.563 [main] DEBUG org.hibernate.loader.plan.build.internal.FetchStyleLoadPlanBuildingAssociationVisitationStrategy - Building LoadPlan...
11:32:00.564 [main] DEBUG org.hibernate.loader.plan.exec.internal.LoadQueryJoinAndFetchProcessor - processing queryspace &lt;gen:0&gt;
11:32:00.564 [main] DEBUG org.hibernate.loader.plan.build.spi.LoadPlanTreePrinter - LoadPlan(entity=com.ashutosh.socialhub.domain.Blog)
    - Returns
       - EntityReturnImpl(entity=com.ashutosh.socialhub.domain.Blog, querySpaceUid=&lt;gen:0&gt;, path=com.ashutosh.socialhub.domain.Blog)
    - QuerySpaces
       - EntityQuerySpaceImpl(uid=&lt;gen:0&gt;, entity=com.ashutosh.socialhub.domain.Blog)
          - SQL table alias mapping - blog0_
          - alias suffix - 0_
          - suffixed key columns - {blogId1_0_0_}

11:32:00.564 [main] DEBUG org.hibernate.loader.entity.plan.EntityLoader - Static select for entity com.ashutosh.socialhub.domain.Blog [UPGRADE_SKIPLOCKED]: select blog0_.blogId as blogId1_0_0_, blog0_.blogcontent as blogcontent2_0_0_, blog0_.blogname as blogname3_0_0_, blog0_.createdate as createdate4_0_0_, blog0_.dislikes as dislikes5_0_0_, blog0_.likes as likes6_0_0_, blog0_.loginname as loginname7_0_0_, blog0_.status as status8_0_0_ from Blog blog0_ where blog0_.blogId=? for update skip locked
11:32:00.565 [main] DEBUG org.hibernate.loader.plan.build.internal.spaces.QuerySpacesImpl - Adding QuerySpace : uid = &lt;gen:0&gt; -&gt; org.hibernate.loader.plan.build.internal.spaces.EntityQuerySpaceImpl@1b409a79]
11:32:00.565 [main] DEBUG org.hibernate.persister.walking.spi.MetamodelGraphWalker - Visiting attribute path : blogcontent
11:32:00.565 [main] DEBUG org.hibernate.persister.walking.spi.MetamodelGraphWalker - Visiting attribute path : blogname
11:32:00.566 [main] DEBUG org.hibernate.persister.walking.spi.MetamodelGraphWalker - Visiting attribute path : createdate
11:32:00.566 [main] DEBUG org.hibernate.persister.walking.spi.MetamodelGraphWalker - Visiting attribute path : dislikes
11:32:00.566 [main] DEBUG org.hibernate.persister.walking.spi.MetamodelGraphWalker - Visiting attribute path : likes
11:32:00.566 [main] DEBUG org.hibernate.persister.walking.spi.MetamodelGraphWalker - Visiting attribute path : loginname
11:32:00.566 [main] DEBUG org.hibernate.persister.walking.spi.MetamodelGraphWalker - Visiting attribute path : status
11:32:00.567 [main] DEBUG org.hibernate.loader.plan.build.internal.FetchStyleLoadPlanBuildingAssociationVisitationStrategy - Building LoadPlan...
11:32:00.567 [main] DEBUG org.hibernate.loader.plan.exec.internal.LoadQueryJoinAndFetchProcessor - processing queryspace &lt;gen:0&gt;
11:32:00.567 [main] DEBUG org.hibernate.loader.plan.build.spi.LoadPlanTreePrinter - LoadPlan(entity=com.ashutosh.socialhub.domain.Blog)
    - Returns
       - EntityReturnImpl(entity=com.ashutosh.socialhub.domain.Blog, querySpaceUid=&lt;gen:0&gt;, path=com.ashutosh.socialhub.domain.Blog)
    - QuerySpaces
       - EntityQuerySpaceImpl(uid=&lt;gen:0&gt;, entity=com.ashutosh.socialhub.domain.Blog)
          - SQL table alias mapping - blog0_
          - alias suffix - 0_
          - suffixed key columns - {blogId1_0_0_}

11:32:00.568 [main] DEBUG org.hibernate.loader.entity.plan.EntityLoader - Static select for entity com.ashutosh.socialhub.domain.Blog [FORCE]: select blog0_.blogId as blogId1_0_0_, blog0_.blogcontent as blogcontent2_0_0_, blog0_.blogname as blogname3_0_0_, blog0_.createdate as createdate4_0_0_, blog0_.dislikes as dislikes5_0_0_, blog0_.likes as likes6_0_0_, blog0_.loginname as loginname7_0_0_, blog0_.status as status8_0_0_ from Blog blog0_ where blog0_.blogId=? for update nowait
11:32:00.568 [main] DEBUG org.hibernate.loader.plan.build.internal.spaces.QuerySpacesImpl - Adding QuerySpace : uid = &lt;gen:0&gt; -&gt; org.hibernate.loader.plan.build.internal.spaces.EntityQuerySpaceImpl@1cba0321]
11:32:00.568 [main] DEBUG org.hibernate.persister.walking.spi.MetamodelGraphWalker - Visiting attribute path : blogcontent
11:32:00.568 [main] DEBUG org.hibernate.persister.walking.spi.MetamodelGraphWalker - Visiting attribute path : blogname
11:32:00.569 [main] DEBUG org.hibernate.persister.walking.spi.MetamodelGraphWalker - Visiting attribute path : createdate
11:32:00.569 [main] DEBUG org.hibernate.persister.walking.spi.MetamodelGraphWalker - Visiting attribute path : dislikes
11:32:00.569 [main] DEBUG org.hibernate.persister.walking.spi.MetamodelGraphWalker - Visiting attribute path : likes
11:32:00.569 [main] DEBUG org.hibernate.persister.walking.spi.MetamodelGraphWalker - Visiting attribute path : loginname
11:32:00.569 [main] DEBUG org.hibernate.persister.walking.spi.MetamodelGraphWalker - Visiting attribute path : status
11:32:00.569 [main] DEBUG org.hibernate.loader.plan.build.internal.FetchStyleLoadPlanBuildingAssociationVisitationStrategy - Building LoadPlan...
11:32:00.570 [main] DEBUG org.hibernate.loader.plan.exec.internal.LoadQueryJoinAndFetchProcessor - processing queryspace &lt;gen:0&gt;
11:32:00.570 [main] DEBUG org.hibernate.loader.plan.build.spi.LoadPlanTreePrinter - LoadPlan(entity=com.ashutosh.socialhub.domain.Blog)
    - Returns
       - EntityReturnImpl(entity=com.ashutosh.socialhub.domain.Blog, querySpaceUid=&lt;gen:0&gt;, path=com.ashutosh.socialhub.domain.Blog)
    - QuerySpaces
       - EntityQuerySpaceImpl(uid=&lt;gen:0&gt;, entity=com.ashutosh.socialhub.domain.Blog)
          - SQL table alias mapping - blog0_
          - alias suffix - 0_
          - suffixed key columns - {blogId1_0_0_}

11:32:00.571 [main] DEBUG org.hibernate.loader.entity.plan.EntityLoader - Static select for entity com.ashutosh.socialhub.domain.Blog [PESSIMISTIC_READ]: select blog0_.blogId as blogId1_0_0_, blog0_.blogcontent as blogcontent2_0_0_, blog0_.blogname as blogname3_0_0_, blog0_.createdate as createdate4_0_0_, blog0_.dislikes as dislikes5_0_0_, blog0_.likes as likes6_0_0_, blog0_.loginname as loginname7_0_0_, blog0_.status as status8_0_0_ from Blog blog0_ where blog0_.blogId=? for update
11:32:00.571 [main] DEBUG org.hibernate.loader.plan.build.internal.spaces.QuerySpacesImpl - Adding QuerySpace : uid = &lt;gen:0&gt; -&gt; org.hibernate.loader.plan.build.internal.spaces.EntityQuerySpaceImpl@66d3b881]
11:32:00.572 [main] DEBUG org.hibernate.persister.walking.spi.MetamodelGraphWalker - Visiting attribute path : blogcontent
11:32:00.572 [main] DEBUG org.hibernate.persister.walking.spi.MetamodelGraphWalker - Visiting attribute path : blogname
11:32:00.572 [main] DEBUG org.hibernate.persister.walking.spi.MetamodelGraphWalker - Visiting attribute path : createdate
11:32:00.572 [main] DEBUG org.hibernate.persister.walking.spi.MetamodelGraphWalker - Visiting attribute path : dislikes
11:32:00.572 [main] DEBUG org.hibernate.persister.walking.spi.MetamodelGraphWalker - Visiting attribute path : likes
11:32:00.572 [main] DEBUG org.hibernate.persister.walking.spi.MetamodelGraphWalker - Visiting attribute path : loginname
11:32:00.572 [main] DEBUG org.hibernate.persister.walking.spi.MetamodelGraphWalker - Visiting attribute path : status
11:32:00.573 [main] DEBUG org.hibernate.loader.plan.build.internal.FetchStyleLoadPlanBuildingAssociationVisitationStrategy - Building LoadPlan...
11:32:00.573 [main] DEBUG org.hibernate.loader.plan.exec.internal.LoadQueryJoinAndFetchProcessor - processing queryspace &lt;gen:0&gt;
11:32:00.573 [main] DEBUG org.hibernate.loader.plan.build.spi.LoadPlanTreePrinter - LoadPlan(entity=com.ashutosh.socialhub.domain.Blog)
    - Returns
       - EntityReturnImpl(entity=com.ashutosh.socialhub.domain.Blog, querySpaceUid=&lt;gen:0&gt;, path=com.ashutosh.socialhub.domain.Blog)
    - QuerySpaces
       - EntityQuerySpaceImpl(uid=&lt;gen:0&gt;, entity=com.ashutosh.socialhub.domain.Blog)
          - SQL table alias mapping - blog0_
          - alias suffix - 0_
          - suffixed key columns - {blogId1_0_0_}

11:32:00.574 [main] DEBUG org.hibernate.loader.entity.plan.EntityLoader - Static select for entity com.ashutosh.socialhub.domain.Blog [PESSIMISTIC_WRITE]: select blog0_.blogId as blogId1_0_0_, blog0_.blogcontent as blogcontent2_0_0_, blog0_.blogname as blogname3_0_0_, blog0_.createdate as createdate4_0_0_, blog0_.dislikes as dislikes5_0_0_, blog0_.likes as likes6_0_0_, blog0_.loginname as loginname7_0_0_, blog0_.status as status8_0_0_ from Blog blog0_ where blog0_.blogId=? for update
11:32:00.574 [main] DEBUG org.hibernate.loader.plan.build.internal.spaces.QuerySpacesImpl - Adding QuerySpace : uid = &lt;gen:0&gt; -&gt; org.hibernate.loader.plan.build.internal.spaces.EntityQuerySpaceImpl@762a10b6]
11:32:00.574 [main] DEBUG org.hibernate.persister.walking.spi.MetamodelGraphWalker - Visiting attribute path : blogcontent
11:32:00.574 [main] DEBUG org.hibernate.persister.walking.spi.MetamodelGraphWalker - Visiting attribute path : blogname
11:32:00.574 [main] DEBUG org.hibernate.persister.walking.spi.MetamodelGraphWalker - Visiting attribute path : createdate
11:32:00.575 [main] DEBUG org.hibernate.persister.walking.spi.MetamodelGraphWalker - Visiting attribute path : dislikes
11:32:00.575 [main] DEBUG org.hibernate.persister.walking.spi.MetamodelGraphWalker - Visiting attribute path : likes
11:32:00.575 [main] DEBUG org.hibernate.persister.walking.spi.MetamodelGraphWalker - Visiting attribute path : loginname
11:32:00.575 [main] DEBUG org.hibernate.persister.walking.spi.MetamodelGraphWalker - Visiting attribute path : status
11:32:00.575 [main] DEBUG org.hibernate.loader.plan.build.internal.FetchStyleLoadPlanBuildingAssociationVisitationStrategy - Building LoadPlan...
11:32:00.576 [main] DEBUG org.hibernate.loader.plan.exec.internal.LoadQueryJoinAndFetchProcessor - processing queryspace &lt;gen:0&gt;
11:32:00.576 [main] DEBUG org.hibernate.loader.plan.build.spi.LoadPlanTreePrinter - LoadPlan(entity=com.ashutosh.socialhub.domain.Blog)
    - Returns
       - EntityReturnImpl(entity=com.ashutosh.socialhub.domain.Blog, querySpaceUid=&lt;gen:0&gt;, path=com.ashutosh.socialhub.domain.Blog)
    - QuerySpaces
       - EntityQuerySpaceImpl(uid=&lt;gen:0&gt;, entity=com.ashutosh.socialhub.domain.Blog)
          - SQL table alias mapping - blog0_
          - alias suffix - 0_
          - suffixed key columns - {blogId1_0_0_}

11:32:00.576 [main] DEBUG org.hibernate.loader.entity.plan.EntityLoader - Static select for entity com.ashutosh.socialhub.domain.Blog [PESSIMISTIC_FORCE_INCREMENT]: select blog0_.blogId as blogId1_0_0_, blog0_.blogcontent as blogcontent2_0_0_, blog0_.blogname as blogname3_0_0_, blog0_.createdate as createdate4_0_0_, blog0_.dislikes as dislikes5_0_0_, blog0_.likes as likes6_0_0_, blog0_.loginname as loginname7_0_0_, blog0_.status as status8_0_0_ from Blog blog0_ where blog0_.blogId=? for update nowait
11:32:00.577 [main] DEBUG org.hibernate.loader.plan.build.internal.spaces.QuerySpacesImpl - Adding QuerySpace : uid = &lt;gen:0&gt; -&gt; org.hibernate.loader.plan.build.internal.spaces.EntityQuerySpaceImpl@f2fb225]
11:32:00.578 [main] DEBUG org.hibernate.persister.walking.spi.MetamodelGraphWalker - Visiting attribute path : blogcontent
11:32:00.578 [main] DEBUG org.hibernate.persister.walking.spi.MetamodelGraphWalker - Visiting attribute path : blogname
11:32:00.578 [main] DEBUG org.hibernate.persister.walking.spi.MetamodelGraphWalker - Visiting attribute path : createdate
11:32:00.578 [main] DEBUG org.hibernate.persister.walking.spi.MetamodelGraphWalker - Visiting attribute path : dislikes
11:32:00.578 [main] DEBUG org.hibernate.persister.walking.spi.MetamodelGraphWalker - Visiting attribute path : likes
11:32:00.579 [main] DEBUG org.hibernate.persister.walking.spi.MetamodelGraphWalker - Visiting attribute path : loginname
11:32:00.579 [main] DEBUG org.hibernate.persister.walking.spi.MetamodelGraphWalker - Visiting attribute path : status
11:32:00.579 [main] DEBUG org.hibernate.loader.plan.build.internal.FetchStyleLoadPlanBuildingAssociationVisitationStrategy - Building LoadPlan...
11:32:00.579 [main] DEBUG org.hibernate.loader.plan.exec.internal.LoadQueryJoinAndFetchProcessor - processing queryspace &lt;gen:0&gt;
11:32:00.580 [main] DEBUG org.hibernate.loader.plan.build.spi.LoadPlanTreePrinter - LoadPlan(entity=com.ashutosh.socialhub.domain.Blog)
    - Returns
       - EntityReturnImpl(entity=com.ashutosh.socialhub.domain.Blog, querySpaceUid=&lt;gen:0&gt;, path=com.ashutosh.socialhub.domain.Blog)
    - QuerySpaces
       - EntityQuerySpaceImpl(uid=&lt;gen:0&gt;, entity=com.ashutosh.socialhub.domain.Blog)
          - SQL table alias mapping - blog0_
          - alias suffix - 0_
          - suffixed key columns - {blogId1_0_0_}

11:32:00.580 [main] DEBUG org.hibernate.loader.entity.plan.EntityLoader - Static select for entity com.ashutosh.socialhub.domain.Blog [OPTIMISTIC]: select blog0_.blogId as blogId1_0_0_, blog0_.blogcontent as blogcontent2_0_0_, blog0_.blogname as blogname3_0_0_, blog0_.createdate as createdate4_0_0_, blog0_.dislikes as dislikes5_0_0_, blog0_.likes as likes6_0_0_, blog0_.loginname as loginname7_0_0_, blog0_.status as status8_0_0_ from Blog blog0_ where blog0_.blogId=?
11:32:00.580 [main] DEBUG org.hibernate.loader.plan.build.internal.spaces.QuerySpacesImpl - Adding QuerySpace : uid = &lt;gen:0&gt; -&gt; org.hibernate.loader.plan.build.internal.spaces.EntityQuerySpaceImpl@3e0a9b1d]
11:32:00.580 [main] DEBUG org.hibernate.persister.walking.spi.MetamodelGraphWalker - Visiting attribute path : blogcontent
11:32:00.580 [main] DEBUG org.hibernate.persister.walking.spi.MetamodelGraphWalker - Visiting attribute path : blogname
11:32:00.581 [main] DEBUG org.hibernate.persister.walking.spi.MetamodelGraphWalker - Visiting attribute path : createdate
11:32:00.581 [main] DEBUG org.hibernate.persister.walking.spi.MetamodelGraphWalker - Visiting attribute path : dislikes
11:32:00.581 [main] DEBUG org.hibernate.persister.walking.spi.MetamodelGraphWalker - Visiting attribute path : likes
11:32:00.581 [main] DEBUG org.hibernate.persister.walking.spi.MetamodelGraphWalker - Visiting attribute path : loginname
11:32:00.581 [main] DEBUG org.hibernate.persister.walking.spi.MetamodelGraphWalker - Visiting attribute path : status
11:32:00.581 [main] DEBUG org.hibernate.loader.plan.build.internal.FetchStyleLoadPlanBuildingAssociationVisitationStrategy - Building LoadPlan...
11:32:00.581 [main] DEBUG org.hibernate.loader.plan.exec.internal.LoadQueryJoinAndFetchProcessor - processing queryspace &lt;gen:0&gt;
11:32:00.581 [main] DEBUG org.hibernate.loader.plan.build.spi.LoadPlanTreePrinter - LoadPlan(entity=com.ashutosh.socialhub.domain.Blog)
    - Returns
       - EntityReturnImpl(entity=com.ashutosh.socialhub.domain.Blog, querySpaceUid=&lt;gen:0&gt;, path=com.ashutosh.socialhub.domain.Blog)
    - QuerySpaces
       - EntityQuerySpaceImpl(uid=&lt;gen:0&gt;, entity=com.ashutosh.socialhub.domain.Blog)
          - SQL table alias mapping - blog0_
          - alias suffix - 0_
          - suffixed key columns - {blogId1_0_0_}

11:32:00.582 [main] DEBUG org.hibernate.loader.entity.plan.EntityLoader - Static select for entity com.ashutosh.socialhub.domain.Blog [OPTIMISTIC_FORCE_INCREMENT]: select blog0_.blogId as blogId1_0_0_, blog0_.blogcontent as blogcontent2_0_0_, blog0_.blogname as blogname3_0_0_, blog0_.createdate as createdate4_0_0_, blog0_.dislikes as dislikes5_0_0_, blog0_.likes as likes6_0_0_, blog0_.loginname as loginname7_0_0_, blog0_.status as status8_0_0_ from Blog blog0_ where blog0_.blogId=?
11:32:00.582 [main] DEBUG org.hibernate.loader.Loader - Static select for action ACTION_MERGE on entity com.ashutosh.socialhub.domain.Blog: select blog0_.blogId as blogId1_0_0_, blog0_.blogcontent as blogcontent2_0_0_, blog0_.blogname as blogname3_0_0_, blog0_.createdate as createdate4_0_0_, blog0_.dislikes as dislikes5_0_0_, blog0_.likes as likes6_0_0_, blog0_.loginname as loginname7_0_0_, blog0_.status as status8_0_0_ from Blog blog0_ where blog0_.blogId=?
11:32:00.582 [main] DEBUG org.hibernate.loader.Loader - Static select for action ACTION_REFRESH on entity com.ashutosh.socialhub.domain.Blog: select blog0_.blogId as blogId1_0_0_, blog0_.blogcontent as blogcontent2_0_0_, blog0_.blogname as blogname3_0_0_, blog0_.createdate as createdate4_0_0_, blog0_.dislikes as dislikes5_0_0_, blog0_.likes as likes6_0_0_, blog0_.loginname as loginname7_0_0_, blog0_.status as status8_0_0_ from Blog blog0_ where blog0_.blogId=?
11:32:00.583 [main] DEBUG org.hibernate.persister.entity.AbstractEntityPersister - Static SQL for entity: com.ashutosh.socialhub.domain.Forum
11:32:00.583 [main] DEBUG org.hibernate.persister.entity.AbstractEntityPersister -  Version select: select forumId from Forum where forumId =?
11:32:00.583 [main] DEBUG org.hibernate.persister.entity.AbstractEntityPersister -  Snapshot select: select forum_.forumId, forum_.createDate as createDate2_2_, forum_.forumContent as forumContent3_2_, forum_.forumName as forumName4_2_, forum_.loginname as loginname5_2_, forum_.status as status6_2_ from Forum forum_ where forum_.forumId=?
11:32:00.583 [main] DEBUG org.hibernate.persister.entity.AbstractEntityPersister -  Insert 0: insert into Forum (createDate, forumContent, forumName, loginname, status, forumId) values (?, ?, ?, ?, ?, ?)
11:32:00.584 [main] DEBUG org.hibernate.persister.entity.AbstractEntityPersister -  Update 0: update Forum set createDate=?, forumContent=?, forumName=?, loginname=?, status=? where forumId=?
11:32:00.584 [main] DEBUG org.hibernate.persister.entity.AbstractEntityPersister -  Delete 0: delete from Forum where forumId=?
11:32:00.584 [main] DEBUG org.hibernate.loader.plan.build.internal.spaces.QuerySpacesImpl - Adding QuerySpace : uid = &lt;gen:0&gt; -&gt; org.hibernate.loader.plan.build.internal.spaces.EntityQuerySpaceImpl@2035d65b]
11:32:00.585 [main] DEBUG org.hibernate.persister.walking.spi.MetamodelGraphWalker - Visiting attribute path : createDate
11:32:00.585 [main] DEBUG org.hibernate.persister.walking.spi.MetamodelGraphWalker - Visiting attribute path : forumContent
11:32:00.585 [main] DEBUG org.hibernate.persister.walking.spi.MetamodelGraphWalker - Visiting attribute path : forumName
11:32:00.585 [main] DEBUG org.hibernate.persister.walking.spi.MetamodelGraphWalker - Visiting attribute path : loginname
11:32:00.585 [main] DEBUG org.hibernate.persister.walking.spi.MetamodelGraphWalker - Visiting attribute path : status
11:32:00.585 [main] DEBUG org.hibernate.loader.plan.build.internal.FetchStyleLoadPlanBuildingAssociationVisitationStrategy - Building LoadPlan...
11:32:00.586 [main] DEBUG org.hibernate.loader.plan.exec.internal.LoadQueryJoinAndFetchProcessor - processing queryspace &lt;gen:0&gt;
11:32:00.586 [main] DEBUG org.hibernate.loader.plan.build.spi.LoadPlanTreePrinter - LoadPlan(entity=com.ashutosh.socialhub.domain.Forum)
    - Returns
       - EntityReturnImpl(entity=com.ashutosh.socialhub.domain.Forum, querySpaceUid=&lt;gen:0&gt;, path=com.ashutosh.socialhub.domain.Forum)
    - QuerySpaces
       - EntityQuerySpaceImpl(uid=&lt;gen:0&gt;, entity=com.ashutosh.socialhub.domain.Forum)
          - SQL table alias mapping - forum0_
          - alias suffix - 0_
          - suffixed key columns - {forumId1_2_0_}

11:32:00.586 [main] DEBUG org.hibernate.loader.entity.plan.EntityLoader - Static select for entity com.ashutosh.socialhub.domain.Forum [NONE]: select forum0_.forumId as forumId1_2_0_, forum0_.createDate as createDate2_2_0_, forum0_.forumContent as forumContent3_2_0_, forum0_.forumName as forumName4_2_0_, forum0_.loginname as loginname5_2_0_, forum0_.status as status6_2_0_ from Forum forum0_ where forum0_.forumId=?
11:32:00.586 [main] DEBUG org.hibernate.loader.plan.build.internal.spaces.QuerySpacesImpl - Adding QuerySpace : uid = &lt;gen:0&gt; -&gt; org.hibernate.loader.plan.build.internal.spaces.EntityQuerySpaceImpl@4e3283f6]
11:32:00.587 [main] DEBUG org.hibernate.persister.walking.spi.MetamodelGraphWalker - Visiting attribute path : createDate
11:32:00.587 [main] DEBUG org.hibernate.persister.walking.spi.MetamodelGraphWalker - Visiting attribute path : forumContent
11:32:00.587 [main] DEBUG org.hibernate.persister.walking.spi.MetamodelGraphWalker - Visiting attribute path : forumName
11:32:00.587 [main] DEBUG org.hibernate.persister.walking.spi.MetamodelGraphWalker - Visiting attribute path : loginname
11:32:00.587 [main] DEBUG org.hibernate.persister.walking.spi.MetamodelGraphWalker - Visiting attribute path : status
11:32:00.587 [main] DEBUG org.hibernate.loader.plan.build.internal.FetchStyleLoadPlanBuildingAssociationVisitationStrategy - Building LoadPlan...
11:32:00.587 [main] DEBUG org.hibernate.loader.plan.exec.internal.LoadQueryJoinAndFetchProcessor - processing queryspace &lt;gen:0&gt;
11:32:00.589 [main] DEBUG org.hibernate.loader.plan.build.spi.LoadPlanTreePrinter - LoadPlan(entity=com.ashutosh.socialhub.domain.Forum)
    - Returns
       - EntityReturnImpl(entity=com.ashutosh.socialhub.domain.Forum, querySpaceUid=&lt;gen:0&gt;, path=com.ashutosh.socialhub.domain.Forum)
    - QuerySpaces
       - EntityQuerySpaceImpl(uid=&lt;gen:0&gt;, entity=com.ashutosh.socialhub.domain.Forum)
          - SQL table alias mapping - forum0_
          - alias suffix - 0_
          - suffixed key columns - {forumId1_2_0_}

11:32:00.589 [main] DEBUG org.hibernate.loader.entity.plan.EntityLoader - Static select for entity com.ashutosh.socialhub.domain.Forum [READ]: select forum0_.forumId as forumId1_2_0_, forum0_.createDate as createDate2_2_0_, forum0_.forumContent as forumContent3_2_0_, forum0_.forumName as forumName4_2_0_, forum0_.loginname as loginname5_2_0_, forum0_.status as status6_2_0_ from Forum forum0_ where forum0_.forumId=?
11:32:00.589 [main] DEBUG org.hibernate.loader.plan.build.internal.spaces.QuerySpacesImpl - Adding QuerySpace : uid = &lt;gen:0&gt; -&gt; org.hibernate.loader.plan.build.internal.spaces.EntityQuerySpaceImpl@5d1a859c]
11:32:00.589 [main] DEBUG org.hibernate.persister.walking.spi.MetamodelGraphWalker - Visiting attribute path : createDate
11:32:00.590 [main] DEBUG org.hibernate.persister.walking.spi.MetamodelGraphWalker - Visiting attribute path : forumContent
11:32:00.590 [main] DEBUG org.hibernate.persister.walking.spi.MetamodelGraphWalker - Visiting attribute path : forumName
11:32:00.590 [main] DEBUG org.hibernate.persister.walking.spi.MetamodelGraphWalker - Visiting attribute path : loginname
11:32:00.590 [main] DEBUG org.hibernate.persister.walking.spi.MetamodelGraphWalker - Visiting attribute path : status
11:32:00.590 [main] DEBUG org.hibernate.loader.plan.build.internal.FetchStyleLoadPlanBuildingAssociationVisitationStrategy - Building LoadPlan...
11:32:00.591 [main] DEBUG org.hibernate.loader.plan.exec.internal.LoadQueryJoinAndFetchProcessor - processing queryspace &lt;gen:0&gt;
11:32:00.591 [main] DEBUG org.hibernate.loader.plan.build.spi.LoadPlanTreePrinter - LoadPlan(entity=com.ashutosh.socialhub.domain.Forum)
    - Returns
       - EntityReturnImpl(entity=com.ashutosh.socialhub.domain.Forum, querySpaceUid=&lt;gen:0&gt;, path=com.ashutosh.socialhub.domain.Forum)
    - QuerySpaces
       - EntityQuerySpaceImpl(uid=&lt;gen:0&gt;, entity=com.ashutosh.socialhub.domain.Forum)
          - SQL table alias mapping - forum0_
          - alias suffix - 0_
          - suffixed key columns - {forumId1_2_0_}

11:32:00.591 [main] DEBUG org.hibernate.loader.entity.plan.EntityLoader - Static select for entity com.ashutosh.socialhub.domain.Forum [UPGRADE]: select forum0_.forumId as forumId1_2_0_, forum0_.createDate as createDate2_2_0_, forum0_.forumContent as forumContent3_2_0_, forum0_.forumName as forumName4_2_0_, forum0_.loginname as loginname5_2_0_, forum0_.status as status6_2_0_ from Forum forum0_ where forum0_.forumId=? for update
11:32:00.591 [main] DEBUG org.hibernate.loader.plan.build.internal.spaces.QuerySpacesImpl - Adding QuerySpace : uid = &lt;gen:0&gt; -&gt; org.hibernate.loader.plan.build.internal.spaces.EntityQuerySpaceImpl@72224107]
11:32:00.591 [main] DEBUG org.hibernate.persister.walking.spi.MetamodelGraphWalker - Visiting attribute path : createDate
11:32:00.592 [main] DEBUG org.hibernate.persister.walking.spi.MetamodelGraphWalker - Visiting attribute path : forumContent
11:32:00.592 [main] DEBUG org.hibernate.persister.walking.spi.MetamodelGraphWalker - Visiting attribute path : forumName
11:32:00.592 [main] DEBUG org.hibernate.persister.walking.spi.MetamodelGraphWalker - Visiting attribute path : loginname
11:32:00.592 [main] DEBUG org.hibernate.persister.walking.spi.MetamodelGraphWalker - Visiting attribute path : status
11:32:00.592 [main] DEBUG org.hibernate.loader.plan.build.internal.FetchStyleLoadPlanBuildingAssociationVisitationStrategy - Building LoadPlan...
11:32:00.593 [main] DEBUG org.hibernate.loader.plan.exec.internal.LoadQueryJoinAndFetchProcessor - processing queryspace &lt;gen:0&gt;
11:32:00.593 [main] DEBUG org.hibernate.loader.plan.build.spi.LoadPlanTreePrinter - LoadPlan(entity=com.ashutosh.socialhub.domain.Forum)
    - Returns
       - EntityReturnImpl(entity=com.ashutosh.socialhub.domain.Forum, querySpaceUid=&lt;gen:0&gt;, path=com.ashutosh.socialhub.domain.Forum)
    - QuerySpaces
       - EntityQuerySpaceImpl(uid=&lt;gen:0&gt;, entity=com.ashutosh.socialhub.domain.Forum)
          - SQL table alias mapping - forum0_
          - alias suffix - 0_
          - suffixed key columns - {forumId1_2_0_}

11:32:00.593 [main] DEBUG org.hibernate.loader.entity.plan.EntityLoader - Static select for entity com.ashutosh.socialhub.domain.Forum [UPGRADE_NOWAIT]: select forum0_.forumId as forumId1_2_0_, forum0_.createDate as createDate2_2_0_, forum0_.forumContent as forumContent3_2_0_, forum0_.forumName as forumName4_2_0_, forum0_.loginname as loginname5_2_0_, forum0_.status as status6_2_0_ from Forum forum0_ where forum0_.forumId=? for update nowait
11:32:00.593 [main] DEBUG org.hibernate.loader.plan.build.internal.spaces.QuerySpacesImpl - Adding QuerySpace : uid = &lt;gen:0&gt; -&gt; org.hibernate.loader.plan.build.internal.spaces.EntityQuerySpaceImpl@3070f3e6]
11:32:00.594 [main] DEBUG org.hibernate.persister.walking.spi.MetamodelGraphWalker - Visiting attribute path : createDate
11:32:00.595 [main] DEBUG org.hibernate.persister.walking.spi.MetamodelGraphWalker - Visiting attribute path : forumContent
11:32:00.595 [main] DEBUG org.hibernate.persister.walking.spi.MetamodelGraphWalker - Visiting attribute path : forumName
11:32:00.595 [main] DEBUG org.hibernate.persister.walking.spi.MetamodelGraphWalker - Visiting attribute path : loginname
11:32:00.595 [main] DEBUG org.hibernate.persister.walking.spi.MetamodelGraphWalker - Visiting attribute path : status
11:32:00.595 [main] DEBUG org.hibernate.loader.plan.build.internal.FetchStyleLoadPlanBuildingAssociationVisitationStrategy - Building LoadPlan...
11:32:00.596 [main] DEBUG org.hibernate.loader.plan.exec.internal.LoadQueryJoinAndFetchProcessor - processing queryspace &lt;gen:0&gt;
11:32:00.596 [main] DEBUG org.hibernate.loader.plan.build.spi.LoadPlanTreePrinter - LoadPlan(entity=com.ashutosh.socialhub.domain.Forum)
    - Returns
       - EntityReturnImpl(entity=com.ashutosh.socialhub.domain.Forum, querySpaceUid=&lt;gen:0&gt;, path=com.ashutosh.socialhub.domain.Forum)
    - QuerySpaces
       - EntityQuerySpaceImpl(uid=&lt;gen:0&gt;, entity=com.ashutosh.socialhub.domain.Forum)
          - SQL table alias mapping - forum0_
          - alias suffix - 0_
          - suffixed key columns - {forumId1_2_0_}

11:32:00.597 [main] DEBUG org.hibernate.loader.entity.plan.EntityLoader - Static select for entity com.ashutosh.socialhub.domain.Forum [UPGRADE_SKIPLOCKED]: select forum0_.forumId as forumId1_2_0_, forum0_.createDate as createDate2_2_0_, forum0_.forumContent as forumContent3_2_0_, forum0_.forumName as forumName4_2_0_, forum0_.loginname as loginname5_2_0_, forum0_.status as status6_2_0_ from Forum forum0_ where forum0_.forumId=? for update skip locked
11:32:00.597 [main] DEBUG org.hibernate.loader.plan.build.internal.spaces.QuerySpacesImpl - Adding QuerySpace : uid = &lt;gen:0&gt; -&gt; org.hibernate.loader.plan.build.internal.spaces.EntityQuerySpaceImpl@52bba91a]
11:32:00.598 [main] DEBUG org.hibernate.persister.walking.spi.MetamodelGraphWalker - Visiting attribute path : createDate
11:32:00.598 [main] DEBUG org.hibernate.persister.walking.spi.MetamodelGraphWalker - Visiting attribute path : forumContent
11:32:00.598 [main] DEBUG org.hibernate.persister.walking.spi.MetamodelGraphWalker - Visiting attribute path : forumName
11:32:00.598 [main] DEBUG org.hibernate.persister.walking.spi.MetamodelGraphWalker - Visiting attribute path : loginname
11:32:00.598 [main] DEBUG org.hibernate.persister.walking.spi.MetamodelGraphWalker - Visiting attribute path : status
11:32:00.599 [main] DEBUG org.hibernate.loader.plan.build.internal.FetchStyleLoadPlanBuildingAssociationVisitationStrategy - Building LoadPlan...
11:32:00.599 [main] DEBUG org.hibernate.loader.plan.exec.internal.LoadQueryJoinAndFetchProcessor - processing queryspace &lt;gen:0&gt;
11:32:00.599 [main] DEBUG org.hibernate.loader.plan.build.spi.LoadPlanTreePrinter - LoadPlan(entity=com.ashutosh.socialhub.domain.Forum)
    - Returns
       - EntityReturnImpl(entity=com.ashutosh.socialhub.domain.Forum, querySpaceUid=&lt;gen:0&gt;, path=com.ashutosh.socialhub.domain.Forum)
    - QuerySpaces
       - EntityQuerySpaceImpl(uid=&lt;gen:0&gt;, entity=com.ashutosh.socialhub.domain.Forum)
          - SQL table alias mapping - forum0_
          - alias suffix - 0_
          - suffixed key columns - {forumId1_2_0_}

11:32:00.600 [main] DEBUG org.hibernate.loader.entity.plan.EntityLoader - Static select for entity com.ashutosh.socialhub.domain.Forum [FORCE]: select forum0_.forumId as forumId1_2_0_, forum0_.createDate as createDate2_2_0_, forum0_.forumContent as forumContent3_2_0_, forum0_.forumName as forumName4_2_0_, forum0_.loginname as loginname5_2_0_, forum0_.status as status6_2_0_ from Forum forum0_ where forum0_.forumId=? for update nowait
11:32:00.600 [main] DEBUG org.hibernate.loader.plan.build.internal.spaces.QuerySpacesImpl - Adding QuerySpace : uid = &lt;gen:0&gt; -&gt; org.hibernate.loader.plan.build.internal.spaces.EntityQuerySpaceImpl@21516c88]
11:32:00.600 [main] DEBUG org.hibernate.persister.walking.spi.MetamodelGraphWalker - Visiting attribute path : createDate
11:32:00.600 [main] DEBUG org.hibernate.persister.walking.spi.MetamodelGraphWalker - Visiting attribute path : forumContent
11:32:00.601 [main] DEBUG org.hibernate.persister.walking.spi.MetamodelGraphWalker - Visiting attribute path : forumName
11:32:00.601 [main] DEBUG org.hibernate.persister.walking.spi.MetamodelGraphWalker - Visiting attribute path : loginname
11:32:00.601 [main] DEBUG org.hibernate.persister.walking.spi.MetamodelGraphWalker - Visiting attribute path : status
11:32:00.601 [main] DEBUG org.hibernate.loader.plan.build.internal.FetchStyleLoadPlanBuildingAssociationVisitationStrategy - Building LoadPlan...
11:32:00.601 [main] DEBUG org.hibernate.loader.plan.exec.internal.LoadQueryJoinAndFetchProcessor - processing queryspace &lt;gen:0&gt;
11:32:00.602 [main] DEBUG org.hibernate.loader.plan.build.spi.LoadPlanTreePrinter - LoadPlan(entity=com.ashutosh.socialhub.domain.Forum)
    - Returns
       - EntityReturnImpl(entity=com.ashutosh.socialhub.domain.Forum, querySpaceUid=&lt;gen:0&gt;, path=com.ashutosh.socialhub.domain.Forum)
    - QuerySpaces
       - EntityQuerySpaceImpl(uid=&lt;gen:0&gt;, entity=com.ashutosh.socialhub.domain.Forum)
          - SQL table alias mapping - forum0_
          - alias suffix - 0_
          - suffixed key columns - {forumId1_2_0_}

11:32:00.602 [main] DEBUG org.hibernate.loader.entity.plan.EntityLoader - Static select for entity com.ashutosh.socialhub.domain.Forum [PESSIMISTIC_READ]: select forum0_.forumId as forumId1_2_0_, forum0_.createDate as createDate2_2_0_, forum0_.forumContent as forumContent3_2_0_, forum0_.forumName as forumName4_2_0_, forum0_.loginname as loginname5_2_0_, forum0_.status as status6_2_0_ from Forum forum0_ where forum0_.forumId=? for update
11:32:00.603 [main] DEBUG org.hibernate.loader.plan.build.internal.spaces.QuerySpacesImpl - Adding QuerySpace : uid = &lt;gen:0&gt; -&gt; org.hibernate.loader.plan.build.internal.spaces.EntityQuerySpaceImpl@13004dd8]
11:32:00.603 [main] DEBUG org.hibernate.persister.walking.spi.MetamodelGraphWalker - Visiting attribute path : createDate
11:32:00.603 [main] DEBUG org.hibernate.persister.walking.spi.MetamodelGraphWalker - Visiting attribute path : forumContent
11:32:00.603 [main] DEBUG org.hibernate.persister.walking.spi.MetamodelGraphWalker - Visiting attribute path : forumName
11:32:00.603 [main] DEBUG org.hibernate.persister.walking.spi.MetamodelGraphWalker - Visiting attribute path : loginname
11:32:00.603 [main] DEBUG org.hibernate.persister.walking.spi.MetamodelGraphWalker - Visiting attribute path : status
11:32:00.604 [main] DEBUG org.hibernate.loader.plan.build.internal.FetchStyleLoadPlanBuildingAssociationVisitationStrategy - Building LoadPlan...
11:32:00.605 [main] DEBUG org.hibernate.loader.plan.exec.internal.LoadQueryJoinAndFetchProcessor - processing queryspace &lt;gen:0&gt;
11:32:00.605 [main] DEBUG org.hibernate.loader.plan.build.spi.LoadPlanTreePrinter - LoadPlan(entity=com.ashutosh.socialhub.domain.Forum)
    - Returns
       - EntityReturnImpl(entity=com.ashutosh.socialhub.domain.Forum, querySpaceUid=&lt;gen:0&gt;, path=com.ashutosh.socialhub.domain.Forum)
    - QuerySpaces
       - EntityQuerySpaceImpl(uid=&lt;gen:0&gt;, entity=com.ashutosh.socialhub.domain.Forum)
          - SQL table alias mapping - forum0_
          - alias suffix - 0_
          - suffixed key columns - {forumId1_2_0_}

11:32:00.605 [main] DEBUG org.hibernate.loader.entity.plan.EntityLoader - Static select for entity com.ashutosh.socialhub.domain.Forum [PESSIMISTIC_WRITE]: select forum0_.forumId as forumId1_2_0_, forum0_.createDate as createDate2_2_0_, forum0_.forumContent as forumContent3_2_0_, forum0_.forumName as forumName4_2_0_, forum0_.loginname as loginname5_2_0_, forum0_.status as status6_2_0_ from Forum forum0_ where forum0_.forumId=? for update
11:32:00.606 [main] DEBUG org.hibernate.loader.plan.build.internal.spaces.QuerySpacesImpl - Adding QuerySpace : uid = &lt;gen:0&gt; -&gt; org.hibernate.loader.plan.build.internal.spaces.EntityQuerySpaceImpl@65d9e72a]
11:32:00.606 [main] DEBUG org.hibernate.persister.walking.spi.MetamodelGraphWalker - Visiting attribute path : createDate
11:32:00.606 [main] DEBUG org.hibernate.persister.walking.spi.MetamodelGraphWalker - Visiting attribute path : forumContent
11:32:00.606 [main] DEBUG org.hibernate.persister.walking.spi.MetamodelGraphWalker - Visiting attribute path : forumName
11:32:00.607 [main] DEBUG org.hibernate.persister.walking.spi.MetamodelGraphWalker - Visiting attribute path : loginname
11:32:00.607 [main] DEBUG org.hibernate.persister.walking.spi.MetamodelGraphWalker - Visiting attribute path : status
11:32:00.607 [main] DEBUG org.hibernate.loader.plan.build.internal.FetchStyleLoadPlanBuildingAssociationVisitationStrategy - Building LoadPlan...
11:32:00.608 [main] DEBUG org.hibernate.loader.plan.exec.internal.LoadQueryJoinAndFetchProcessor - processing queryspace &lt;gen:0&gt;
11:32:00.608 [main] DEBUG org.hibernate.loader.plan.build.spi.LoadPlanTreePrinter - LoadPlan(entity=com.ashutosh.socialhub.domain.Forum)
    - Returns
       - EntityReturnImpl(entity=com.ashutosh.socialhub.domain.Forum, querySpaceUid=&lt;gen:0&gt;, path=com.ashutosh.socialhub.domain.Forum)
    - QuerySpaces
       - EntityQuerySpaceImpl(uid=&lt;gen:0&gt;, entity=com.ashutosh.socialhub.domain.Forum)
          - SQL table alias mapping - forum0_
          - alias suffix - 0_
          - suffixed key columns - {forumId1_2_0_}

11:32:00.608 [main] DEBUG org.hibernate.loader.entity.plan.EntityLoader - Static select for entity com.ashutosh.socialhub.domain.Forum [PESSIMISTIC_FORCE_INCREMENT]: select forum0_.forumId as forumId1_2_0_, forum0_.createDate as createDate2_2_0_, forum0_.forumContent as forumContent3_2_0_, forum0_.forumName as forumName4_2_0_, forum0_.loginname as loginname5_2_0_, forum0_.status as status6_2_0_ from Forum forum0_ where forum0_.forumId=? for update nowait
11:32:00.609 [main] DEBUG org.hibernate.loader.plan.build.internal.spaces.QuerySpacesImpl - Adding QuerySpace : uid = &lt;gen:0&gt; -&gt; org.hibernate.loader.plan.build.internal.spaces.EntityQuerySpaceImpl@e01a26b]
11:32:00.609 [main] DEBUG org.hibernate.persister.walking.spi.MetamodelGraphWalker - Visiting attribute path : createDate
11:32:00.609 [main] DEBUG org.hibernate.persister.walking.spi.MetamodelGraphWalker - Visiting attribute path : forumContent
11:32:00.609 [main] DEBUG org.hibernate.persister.walking.spi.MetamodelGraphWalker - Visiting attribute path : forumName
11:32:00.610 [main] DEBUG org.hibernate.persister.walking.spi.MetamodelGraphWalker - Visiting attribute path : loginname
11:32:00.610 [main] DEBUG org.hibernate.persister.walking.spi.MetamodelGraphWalker - Visiting attribute path : status
11:32:00.610 [main] DEBUG org.hibernate.loader.plan.build.internal.FetchStyleLoadPlanBuildingAssociationVisitationStrategy - Building LoadPlan...
11:32:00.614 [main] DEBUG org.hibernate.loader.plan.exec.internal.LoadQueryJoinAndFetchProcessor - processing queryspace &lt;gen:0&gt;
11:32:00.614 [main] DEBUG org.hibernate.loader.plan.build.spi.LoadPlanTreePrinter - LoadPlan(entity=com.ashutosh.socialhub.domain.Forum)
    - Returns
       - EntityReturnImpl(entity=com.ashutosh.socialhub.domain.Forum, querySpaceUid=&lt;gen:0&gt;, path=com.ashutosh.socialhub.domain.Forum)
    - QuerySpaces
       - EntityQuerySpaceImpl(uid=&lt;gen:0&gt;, entity=com.ashutosh.socialhub.domain.Forum)
          - SQL table alias mapping - forum0_
          - alias suffix - 0_
          - suffixed key columns - {forumId1_2_0_}

11:32:00.614 [main] DEBUG org.hibernate.loader.entity.plan.EntityLoader - Static select for entity com.ashutosh.socialhub.domain.Forum [OPTIMISTIC]: select forum0_.forumId as forumId1_2_0_, forum0_.createDate as createDate2_2_0_, forum0_.forumContent as forumContent3_2_0_, forum0_.forumName as forumName4_2_0_, forum0_.loginname as loginname5_2_0_, forum0_.status as status6_2_0_ from Forum forum0_ where forum0_.forumId=?
11:32:00.615 [main] DEBUG org.hibernate.loader.plan.build.internal.spaces.QuerySpacesImpl - Adding QuerySpace : uid = &lt;gen:0&gt; -&gt; org.hibernate.loader.plan.build.internal.spaces.EntityQuerySpaceImpl@5cce40d7]
11:32:00.615 [main] DEBUG org.hibernate.persister.walking.spi.MetamodelGraphWalker - Visiting attribute path : createDate
11:32:00.615 [main] DEBUG org.hibernate.persister.walking.spi.MetamodelGraphWalker - Visiting attribute path : forumContent
11:32:00.615 [main] DEBUG org.hibernate.persister.walking.spi.MetamodelGraphWalker - Visiting attribute path : forumName
11:32:00.615 [main] DEBUG org.hibernate.persister.walking.spi.MetamodelGraphWalker - Visiting attribute path : loginname
11:32:00.615 [main] DEBUG org.hibernate.persister.walking.spi.MetamodelGraphWalker - Visiting attribute path : status
11:32:00.616 [main] DEBUG org.hibernate.loader.plan.build.internal.FetchStyleLoadPlanBuildingAssociationVisitationStrategy - Building LoadPlan...
11:32:00.616 [main] DEBUG org.hibernate.loader.plan.exec.internal.LoadQueryJoinAndFetchProcessor - processing queryspace &lt;gen:0&gt;
11:32:00.617 [main] DEBUG org.hibernate.loader.plan.build.spi.LoadPlanTreePrinter - LoadPlan(entity=com.ashutosh.socialhub.domain.Forum)
    - Returns
       - EntityReturnImpl(entity=com.ashutosh.socialhub.domain.Forum, querySpaceUid=&lt;gen:0&gt;, path=com.ashutosh.socialhub.domain.Forum)
    - QuerySpaces
       - EntityQuerySpaceImpl(uid=&lt;gen:0&gt;, entity=com.ashutosh.socialhub.domain.Forum)
          - SQL table alias mapping - forum0_
          - alias suffix - 0_
          - suffixed key columns - {forumId1_2_0_}

11:32:00.617 [main] DEBUG org.hibernate.loader.entity.plan.EntityLoader - Static select for entity com.ashutosh.socialhub.domain.Forum [OPTIMISTIC_FORCE_INCREMENT]: select forum0_.forumId as forumId1_2_0_, forum0_.createDate as createDate2_2_0_, forum0_.forumContent as forumContent3_2_0_, forum0_.forumName as forumName4_2_0_, forum0_.loginname as loginname5_2_0_, forum0_.status as status6_2_0_ from Forum forum0_ where forum0_.forumId=?
11:32:00.618 [main] DEBUG org.hibernate.loader.Loader - Static select for action ACTION_MERGE on entity com.ashutosh.socialhub.domain.Forum: select forum0_.forumId as forumId1_2_0_, forum0_.createDate as createDate2_2_0_, forum0_.forumContent as forumContent3_2_0_, forum0_.forumName as forumName4_2_0_, forum0_.loginname as loginname5_2_0_, forum0_.status as status6_2_0_ from Forum forum0_ where forum0_.forumId=?
11:32:00.618 [main] DEBUG org.hibernate.loader.Loader - Static select for action ACTION_REFRESH on entity com.ashutosh.socialhub.domain.Forum: select forum0_.forumId as forumId1_2_0_, forum0_.createDate as createDate2_2_0_, forum0_.forumContent as forumContent3_2_0_, forum0_.forumName as forumName4_2_0_, forum0_.loginname as loginname5_2_0_, forum0_.status as status6_2_0_ from Forum forum0_ where forum0_.forumId=?
11:32:00.619 [main] DEBUG org.hibernate.persister.entity.AbstractEntityPersister - Static SQL for entity: com.ashutosh.socialhub.domain.UserDetail
11:32:00.619 [main] DEBUG org.hibernate.persister.entity.AbstractEntityPersister -  Version select: select loginname from UserDetail where loginname =?
11:32:00.619 [main] DEBUG org.hibernate.persister.entity.AbstractEntityPersister -  Snapshot select: select userdetail_.loginname, userdetail_.Username as Username2_7_, userdetail_.address as address3_7_, userdetail_.emailId as emailId4_7_, userdetail_.mobile as mobile5_7_, userdetail_.password as password6_7_, userdetail_.roles as roles7_7_ from UserDetail userdetail_ where userdetail_.loginname=?
11:32:00.619 [main] DEBUG org.hibernate.persister.entity.AbstractEntityPersister -  Insert 0: insert into UserDetail (Username, address, emailId, mobile, password, roles, loginname) values (?, ?, ?, ?, ?, ?, ?)
11:32:00.620 [main] DEBUG org.hibernate.persister.entity.AbstractEntityPersister -  Update 0: update UserDetail set Username=?, address=?, emailId=?, mobile=?, password=?, roles=? where loginname=?
11:32:00.620 [main] DEBUG org.hibernate.persister.entity.AbstractEntityPersister -  Delete 0: delete from UserDetail where loginname=?
11:32:00.620 [main] DEBUG org.hibernate.loader.plan.build.internal.spaces.QuerySpacesImpl - Adding QuerySpace : uid = &lt;gen:0&gt; -&gt; org.hibernate.loader.plan.build.internal.spaces.EntityQuerySpaceImpl@32da97fd]
11:32:00.620 [main] DEBUG org.hibernate.persister.walking.spi.MetamodelGraphWalker - Visiting attribute path : Username
11:32:00.621 [main] DEBUG org.hibernate.persister.walking.spi.MetamodelGraphWalker - Visiting attribute path : address
11:32:00.623 [main] DEBUG org.hibernate.persister.walking.spi.MetamodelGraphWalker - Visiting attribute path : emailId
11:32:00.623 [main] DEBUG org.hibernate.persister.walking.spi.MetamodelGraphWalker - Visiting attribute path : mobile
11:32:00.623 [main] DEBUG org.hibernate.persister.walking.spi.MetamodelGraphWalker - Visiting attribute path : password
11:32:00.623 [main] DEBUG org.hibernate.persister.walking.spi.MetamodelGraphWalker - Visiting attribute path : roles
11:32:00.623 [main] DEBUG org.hibernate.loader.plan.build.internal.FetchStyleLoadPlanBuildingAssociationVisitationStrategy - Building LoadPlan...
11:32:00.624 [main] DEBUG org.hibernate.loader.plan.exec.internal.LoadQueryJoinAndFetchProcessor - processing queryspace &lt;gen:0&gt;
11:32:00.625 [main] DEBUG org.hibernate.loader.plan.build.spi.LoadPlanTreePrinter - LoadPlan(entity=com.ashutosh.socialhub.domain.UserDetail)
    - Returns
       - EntityReturnImpl(entity=com.ashutosh.socialhub.domain.UserDetail, querySpaceUid=&lt;gen:0&gt;, path=com.ashutosh.socialhub.domain.UserDetail)
    - QuerySpaces
       - EntityQuerySpaceImpl(uid=&lt;gen:0&gt;, entity=com.ashutosh.socialhub.domain.UserDetail)
          - SQL table alias mapping - userdetail0_
          - alias suffix - 0_
          - suffixed key columns - {loginname1_7_0_}

11:32:00.625 [main] DEBUG org.hibernate.loader.entity.plan.EntityLoader - Static select for entity com.ashutosh.socialhub.domain.UserDetail [NONE]: select userdetail0_.loginname as loginname1_7_0_, userdetail0_.Username as Username2_7_0_, userdetail0_.address as address3_7_0_, userdetail0_.emailId as emailId4_7_0_, userdetail0_.mobile as mobile5_7_0_, userdetail0_.password as password6_7_0_, userdetail0_.roles as roles7_7_0_ from UserDetail userdetail0_ where userdetail0_.loginname=?
11:32:00.625 [main] DEBUG org.hibernate.loader.plan.build.internal.spaces.QuerySpacesImpl - Adding QuerySpace : uid = &lt;gen:0&gt; -&gt; org.hibernate.loader.plan.build.internal.spaces.EntityQuerySpaceImpl@4aa22cc2]
11:32:00.626 [main] DEBUG org.hibernate.persister.walking.spi.MetamodelGraphWalker - Visiting attribute path : Username
11:32:00.626 [main] DEBUG org.hibernate.persister.walking.spi.MetamodelGraphWalker - Visiting attribute path : address
11:32:00.626 [main] DEBUG org.hibernate.persister.walking.spi.MetamodelGraphWalker - Visiting attribute path : emailId
11:32:00.626 [main] DEBUG org.hibernate.persister.walking.spi.MetamodelGraphWalker - Visiting attribute path : mobile
11:32:00.626 [main] DEBUG org.hibernate.persister.walking.spi.MetamodelGraphWalker - Visiting attribute path : password
11:32:00.626 [main] DEBUG org.hibernate.persister.walking.spi.MetamodelGraphWalker - Visiting attribute path : roles
11:32:00.626 [main] DEBUG org.hibernate.loader.plan.build.internal.FetchStyleLoadPlanBuildingAssociationVisitationStrategy - Building LoadPlan...
11:32:00.626 [main] DEBUG org.hibernate.loader.plan.exec.internal.LoadQueryJoinAndFetchProcessor - processing queryspace &lt;gen:0&gt;
11:32:00.627 [main] DEBUG org.hibernate.loader.plan.build.spi.LoadPlanTreePrinter - LoadPlan(entity=com.ashutosh.socialhub.domain.UserDetail)
    - Returns
       - EntityReturnImpl(entity=com.ashutosh.socialhub.domain.UserDetail, querySpaceUid=&lt;gen:0&gt;, path=com.ashutosh.socialhub.domain.UserDetail)
    - QuerySpaces
       - EntityQuerySpaceImpl(uid=&lt;gen:0&gt;, entity=com.ashutosh.socialhub.domain.UserDetail)
          - SQL table alias mapping - userdetail0_
          - alias suffix - 0_
          - suffixed key columns - {loginname1_7_0_}

11:32:00.627 [main] DEBUG org.hibernate.loader.entity.plan.EntityLoader - Static select for entity com.ashutosh.socialhub.domain.UserDetail [READ]: select userdetail0_.loginname as loginname1_7_0_, userdetail0_.Username as Username2_7_0_, userdetail0_.address as address3_7_0_, userdetail0_.emailId as emailId4_7_0_, userdetail0_.mobile as mobile5_7_0_, userdetail0_.password as password6_7_0_, userdetail0_.roles as roles7_7_0_ from UserDetail userdetail0_ where userdetail0_.loginname=?
11:32:00.627 [main] DEBUG org.hibernate.loader.plan.build.internal.spaces.QuerySpacesImpl - Adding QuerySpace : uid = &lt;gen:0&gt; -&gt; org.hibernate.loader.plan.build.internal.spaces.EntityQuerySpaceImpl@464aeb09]
11:32:00.627 [main] DEBUG org.hibernate.persister.walking.spi.MetamodelGraphWalker - Visiting attribute path : Username
11:32:00.627 [main] DEBUG org.hibernate.persister.walking.spi.MetamodelGraphWalker - Visiting attribute path : address
11:32:00.627 [main] DEBUG org.hibernate.persister.walking.spi.MetamodelGraphWalker - Visiting attribute path : emailId
11:32:00.627 [main] DEBUG org.hibernate.persister.walking.spi.MetamodelGraphWalker - Visiting attribute path : mobile
11:32:00.627 [main] DEBUG org.hibernate.persister.walking.spi.MetamodelGraphWalker - Visiting attribute path : password
11:32:00.627 [main] DEBUG org.hibernate.persister.walking.spi.MetamodelGraphWalker - Visiting attribute path : roles
11:32:00.627 [main] DEBUG org.hibernate.loader.plan.build.internal.FetchStyleLoadPlanBuildingAssociationVisitationStrategy - Building LoadPlan...
11:32:00.628 [main] DEBUG org.hibernate.loader.plan.exec.internal.LoadQueryJoinAndFetchProcessor - processing queryspace &lt;gen:0&gt;
11:32:00.628 [main] DEBUG org.hibernate.loader.plan.build.spi.LoadPlanTreePrinter - LoadPlan(entity=com.ashutosh.socialhub.domain.UserDetail)
    - Returns
       - EntityReturnImpl(entity=com.ashutosh.socialhub.domain.UserDetail, querySpaceUid=&lt;gen:0&gt;, path=com.ashutosh.socialhub.domain.UserDetail)
    - QuerySpaces
       - EntityQuerySpaceImpl(uid=&lt;gen:0&gt;, entity=com.ashutosh.socialhub.domain.UserDetail)
          - SQL table alias mapping - userdetail0_
          - alias suffix - 0_
          - suffixed key columns - {loginname1_7_0_}

11:32:00.628 [main] DEBUG org.hibernate.loader.entity.plan.EntityLoader - Static select for entity com.ashutosh.socialhub.domain.UserDetail [UPGRADE]: select userdetail0_.loginname as loginname1_7_0_, userdetail0_.Username as Username2_7_0_, userdetail0_.address as address3_7_0_, userdetail0_.emailId as emailId4_7_0_, userdetail0_.mobile as mobile5_7_0_, userdetail0_.password as password6_7_0_, userdetail0_.roles as roles7_7_0_ from UserDetail userdetail0_ where userdetail0_.loginname=? for update
11:32:00.628 [main] DEBUG org.hibernate.loader.plan.build.internal.spaces.QuerySpacesImpl - Adding QuerySpace : uid = &lt;gen:0&gt; -&gt; org.hibernate.loader.plan.build.internal.spaces.EntityQuerySpaceImpl@59d6642a]
11:32:00.628 [main] DEBUG org.hibernate.persister.walking.spi.MetamodelGraphWalker - Visiting attribute path : Username
11:32:00.628 [main] DEBUG org.hibernate.persister.walking.spi.MetamodelGraphWalker - Visiting attribute path : address
11:32:00.628 [main] DEBUG org.hibernate.persister.walking.spi.MetamodelGraphWalker - Visiting attribute path : emailId
11:32:00.628 [main] DEBUG org.hibernate.persister.walking.spi.MetamodelGraphWalker - Visiting attribute path : mobile
11:32:00.628 [main] DEBUG org.hibernate.persister.walking.spi.MetamodelGraphWalker - Visiting attribute path : password
11:32:00.628 [main] DEBUG org.hibernate.persister.walking.spi.MetamodelGraphWalker - Visiting attribute path : roles
11:32:00.629 [main] DEBUG org.hibernate.loader.plan.build.internal.FetchStyleLoadPlanBuildingAssociationVisitationStrategy - Building LoadPlan...
11:32:00.629 [main] DEBUG org.hibernate.loader.plan.exec.internal.LoadQueryJoinAndFetchProcessor - processing queryspace &lt;gen:0&gt;
11:32:00.629 [main] DEBUG org.hibernate.loader.plan.build.spi.LoadPlanTreePrinter - LoadPlan(entity=com.ashutosh.socialhub.domain.UserDetail)
    - Returns
       - EntityReturnImpl(entity=com.ashutosh.socialhub.domain.UserDetail, querySpaceUid=&lt;gen:0&gt;, path=com.ashutosh.socialhub.domain.UserDetail)
    - QuerySpaces
       - EntityQuerySpaceImpl(uid=&lt;gen:0&gt;, entity=com.ashutosh.socialhub.domain.UserDetail)
          - SQL table alias mapping - userdetail0_
          - alias suffix - 0_
          - suffixed key columns - {loginname1_7_0_}

11:32:00.629 [main] DEBUG org.hibernate.loader.entity.plan.EntityLoader - Static select for entity com.ashutosh.socialhub.domain.UserDetail [UPGRADE_NOWAIT]: select userdetail0_.loginname as loginname1_7_0_, userdetail0_.Username as Username2_7_0_, userdetail0_.address as address3_7_0_, userdetail0_.emailId as emailId4_7_0_, userdetail0_.mobile as mobile5_7_0_, userdetail0_.password as password6_7_0_, userdetail0_.roles as roles7_7_0_ from UserDetail userdetail0_ where userdetail0_.loginname=? for update nowait
11:32:00.630 [main] DEBUG org.hibernate.loader.plan.build.internal.spaces.QuerySpacesImpl - Adding QuerySpace : uid = &lt;gen:0&gt; -&gt; org.hibernate.loader.plan.build.internal.spaces.EntityQuerySpaceImpl@27df5806]
11:32:00.630 [main] DEBUG org.hibernate.persister.walking.spi.MetamodelGraphWalker - Visiting attribute path : Username
11:32:00.630 [main] DEBUG org.hibernate.persister.walking.spi.MetamodelGraphWalker - Visiting attribute path : address
11:32:00.630 [main] DEBUG org.hibernate.persister.walking.spi.MetamodelGraphWalker - Visiting attribute path : emailId
11:32:00.630 [main] DEBUG org.hibernate.persister.walking.spi.MetamodelGraphWalker - Visiting attribute path : mobile
11:32:00.630 [main] DEBUG org.hibernate.persister.walking.spi.MetamodelGraphWalker - Visiting attribute path : password
11:32:00.630 [main] DEBUG org.hibernate.persister.walking.spi.MetamodelGraphWalker - Visiting attribute path : roles
11:32:00.630 [main] DEBUG org.hibernate.loader.plan.build.internal.FetchStyleLoadPlanBuildingAssociationVisitationStrategy - Building LoadPlan...
11:32:00.630 [main] DEBUG org.hibernate.loader.plan.exec.internal.LoadQueryJoinAndFetchProcessor - processing queryspace &lt;gen:0&gt;
11:32:00.630 [main] DEBUG org.hibernate.loader.plan.build.spi.LoadPlanTreePrinter - LoadPlan(entity=com.ashutosh.socialhub.domain.UserDetail)
    - Returns
       - EntityReturnImpl(entity=com.ashutosh.socialhub.domain.UserDetail, querySpaceUid=&lt;gen:0&gt;, path=com.ashutosh.socialhub.domain.UserDetail)
    - QuerySpaces
       - EntityQuerySpaceImpl(uid=&lt;gen:0&gt;, entity=com.ashutosh.socialhub.domain.UserDetail)
          - SQL table alias mapping - userdetail0_
          - alias suffix - 0_
          - suffixed key columns - {loginname1_7_0_}

11:32:00.631 [main] DEBUG org.hibernate.loader.entity.plan.EntityLoader - Static select for entity com.ashutosh.socialhub.domain.UserDetail [UPGRADE_SKIPLOCKED]: select userdetail0_.loginname as loginname1_7_0_, userdetail0_.Username as Username2_7_0_, userdetail0_.address as address3_7_0_, userdetail0_.emailId as emailId4_7_0_, userdetail0_.mobile as mobile5_7_0_, userdetail0_.password as password6_7_0_, userdetail0_.roles as roles7_7_0_ from UserDetail userdetail0_ where userdetail0_.loginname=? for update skip locked
11:32:00.631 [main] DEBUG org.hibernate.loader.plan.build.internal.spaces.QuerySpacesImpl - Adding QuerySpace : uid = &lt;gen:0&gt; -&gt; org.hibernate.loader.plan.build.internal.spaces.EntityQuerySpaceImpl@3214bad]
11:32:00.631 [main] DEBUG org.hibernate.persister.walking.spi.MetamodelGraphWalker - Visiting attribute path : Username
11:32:00.631 [main] DEBUG org.hibernate.persister.walking.spi.MetamodelGraphWalker - Visiting attribute path : address
11:32:00.631 [main] DEBUG org.hibernate.persister.walking.spi.MetamodelGraphWalker - Visiting attribute path : emailId
11:32:00.631 [main] DEBUG org.hibernate.persister.walking.spi.MetamodelGraphWalker - Visiting attribute path : mobile
11:32:00.631 [main] DEBUG org.hibernate.persister.walking.spi.MetamodelGraphWalker - Visiting attribute path : password
11:32:00.631 [main] DEBUG org.hibernate.persister.walking.spi.MetamodelGraphWalker - Visiting attribute path : roles
11:32:00.631 [main] DEBUG org.hibernate.loader.plan.build.internal.FetchStyleLoadPlanBuildingAssociationVisitationStrategy - Building LoadPlan...
11:32:00.631 [main] DEBUG org.hibernate.loader.plan.exec.internal.LoadQueryJoinAndFetchProcessor - processing queryspace &lt;gen:0&gt;
11:32:00.632 [main] DEBUG org.hibernate.loader.plan.build.spi.LoadPlanTreePrinter - LoadPlan(entity=com.ashutosh.socialhub.domain.UserDetail)
    - Returns
       - EntityReturnImpl(entity=com.ashutosh.socialhub.domain.UserDetail, querySpaceUid=&lt;gen:0&gt;, path=com.ashutosh.socialhub.domain.UserDetail)
    - QuerySpaces
       - EntityQuerySpaceImpl(uid=&lt;gen:0&gt;, entity=com.ashutosh.socialhub.domain.UserDetail)
          - SQL table alias mapping - userdetail0_
          - alias suffix - 0_
          - suffixed key columns - {loginname1_7_0_}

11:32:00.632 [main] DEBUG org.hibernate.loader.entity.plan.EntityLoader - Static select for entity com.ashutosh.socialhub.domain.UserDetail [FORCE]: select userdetail0_.loginname as loginname1_7_0_, userdetail0_.Username as Username2_7_0_, userdetail0_.address as address3_7_0_, userdetail0_.emailId as emailId4_7_0_, userdetail0_.mobile as mobile5_7_0_, userdetail0_.password as password6_7_0_, userdetail0_.roles as roles7_7_0_ from UserDetail userdetail0_ where userdetail0_.loginname=? for update nowait
11:32:00.632 [main] DEBUG org.hibernate.loader.plan.build.internal.spaces.QuerySpacesImpl - Adding QuerySpace : uid = &lt;gen:0&gt; -&gt; org.hibernate.loader.plan.build.internal.spaces.EntityQuerySpaceImpl@f95d64d]
11:32:00.632 [main] DEBUG org.hibernate.persister.walking.spi.MetamodelGraphWalker - Visiting attribute path : Username
11:32:00.632 [main] DEBUG org.hibernate.persister.walking.spi.MetamodelGraphWalker - Visiting attribute path : address
11:32:00.632 [main] DEBUG org.hibernate.persister.walking.spi.MetamodelGraphWalker - Visiting attribute path : emailId
11:32:00.632 [main] DEBUG org.hibernate.persister.walking.spi.MetamodelGraphWalker - Visiting attribute path : mobile
11:32:00.632 [main] DEBUG org.hibernate.persister.walking.spi.MetamodelGraphWalker - Visiting attribute path : password
11:32:00.632 [main] DEBUG org.hibernate.persister.walking.spi.MetamodelGraphWalker - Visiting attribute path : roles
11:32:00.632 [main] DEBUG org.hibernate.loader.plan.build.internal.FetchStyleLoadPlanBuildingAssociationVisitationStrategy - Building LoadPlan...
11:32:00.633 [main] DEBUG org.hibernate.loader.plan.exec.internal.LoadQueryJoinAndFetchProcessor - processing queryspace &lt;gen:0&gt;
11:32:00.633 [main] DEBUG org.hibernate.loader.plan.build.spi.LoadPlanTreePrinter - LoadPlan(entity=com.ashutosh.socialhub.domain.UserDetail)
    - Returns
       - EntityReturnImpl(entity=com.ashutosh.socialhub.domain.UserDetail, querySpaceUid=&lt;gen:0&gt;, path=com.ashutosh.socialhub.domain.UserDetail)
    - QuerySpaces
       - EntityQuerySpaceImpl(uid=&lt;gen:0&gt;, entity=com.ashutosh.socialhub.domain.UserDetail)
          - SQL table alias mapping - userdetail0_
          - alias suffix - 0_
          - suffixed key columns - {loginname1_7_0_}

11:32:00.633 [main] DEBUG org.hibernate.loader.entity.plan.EntityLoader - Static select for entity com.ashutosh.socialhub.domain.UserDetail [PESSIMISTIC_READ]: select userdetail0_.loginname as loginname1_7_0_, userdetail0_.Username as Username2_7_0_, userdetail0_.address as address3_7_0_, userdetail0_.emailId as emailId4_7_0_, userdetail0_.mobile as mobile5_7_0_, userdetail0_.password as password6_7_0_, userdetail0_.roles as roles7_7_0_ from UserDetail userdetail0_ where userdetail0_.loginname=? for update
11:32:00.633 [main] DEBUG org.hibernate.loader.plan.build.internal.spaces.QuerySpacesImpl - Adding QuerySpace : uid = &lt;gen:0&gt; -&gt; org.hibernate.loader.plan.build.internal.spaces.EntityQuerySpaceImpl@b7d2d51]
11:32:00.633 [main] DEBUG org.hibernate.persister.walking.spi.MetamodelGraphWalker - Visiting attribute path : Username
11:32:00.633 [main] DEBUG org.hibernate.persister.walking.spi.MetamodelGraphWalker - Visiting attribute path : address
11:32:00.633 [main] DEBUG org.hibernate.persister.walking.spi.MetamodelGraphWalker - Visiting attribute path : emailId
11:32:00.633 [main] DEBUG org.hibernate.persister.walking.spi.MetamodelGraphWalker - Visiting attribute path : mobile
11:32:00.633 [main] DEBUG org.hibernate.persister.walking.spi.MetamodelGraphWalker - Visiting attribute path : password
11:32:00.633 [main] DEBUG org.hibernate.persister.walking.spi.MetamodelGraphWalker - Visiting attribute path : roles
11:32:00.633 [main] DEBUG org.hibernate.loader.plan.build.internal.FetchStyleLoadPlanBuildingAssociationVisitationStrategy - Building LoadPlan...
11:32:00.634 [main] DEBUG org.hibernate.loader.plan.exec.internal.LoadQueryJoinAndFetchProcessor - processing queryspace &lt;gen:0&gt;
11:32:00.634 [main] DEBUG org.hibernate.loader.plan.build.spi.LoadPlanTreePrinter - LoadPlan(entity=com.ashutosh.socialhub.domain.UserDetail)
    - Returns
       - EntityReturnImpl(entity=com.ashutosh.socialhub.domain.UserDetail, querySpaceUid=&lt;gen:0&gt;, path=com.ashutosh.socialhub.domain.UserDetail)
    - QuerySpaces
       - EntityQuerySpaceImpl(uid=&lt;gen:0&gt;, entity=com.ashutosh.socialhub.domain.UserDetail)
          - SQL table alias mapping - userdetail0_
          - alias suffix - 0_
          - suffixed key columns - {loginname1_7_0_}

11:32:00.634 [main] DEBUG org.hibernate.loader.entity.plan.EntityLoader - Static select for entity com.ashutosh.socialhub.domain.UserDetail [PESSIMISTIC_WRITE]: select userdetail0_.loginname as loginname1_7_0_, userdetail0_.Username as Username2_7_0_, userdetail0_.address as address3_7_0_, userdetail0_.emailId as emailId4_7_0_, userdetail0_.mobile as mobile5_7_0_, userdetail0_.password as password6_7_0_, userdetail0_.roles as roles7_7_0_ from UserDetail userdetail0_ where userdetail0_.loginname=? for update
11:32:00.634 [main] DEBUG org.hibernate.loader.plan.build.internal.spaces.QuerySpacesImpl - Adding QuerySpace : uid = &lt;gen:0&gt; -&gt; org.hibernate.loader.plan.build.internal.spaces.EntityQuerySpaceImpl@45984654]
11:32:00.634 [main] DEBUG org.hibernate.persister.walking.spi.MetamodelGraphWalker - Visiting attribute path : Username
11:32:00.634 [main] DEBUG org.hibernate.persister.walking.spi.MetamodelGraphWalker - Visiting attribute path : address
11:32:00.634 [main] DEBUG org.hibernate.persister.walking.spi.MetamodelGraphWalker - Visiting attribute path : emailId
11:32:00.634 [main] DEBUG org.hibernate.persister.walking.spi.MetamodelGraphWalker - Visiting attribute path : mobile
11:32:00.634 [main] DEBUG org.hibernate.persister.walking.spi.MetamodelGraphWalker - Visiting attribute path : password
11:32:00.634 [main] DEBUG org.hibernate.persister.walking.spi.MetamodelGraphWalker - Visiting attribute path : roles
11:32:00.634 [main] DEBUG org.hibernate.loader.plan.build.internal.FetchStyleLoadPlanBuildingAssociationVisitationStrategy - Building LoadPlan...
11:32:00.635 [main] DEBUG org.hibernate.loader.plan.exec.internal.LoadQueryJoinAndFetchProcessor - processing queryspace &lt;gen:0&gt;
11:32:00.635 [main] DEBUG org.hibernate.loader.plan.build.spi.LoadPlanTreePrinter - LoadPlan(entity=com.ashutosh.socialhub.domain.UserDetail)
    - Returns
       - EntityReturnImpl(entity=com.ashutosh.socialhub.domain.UserDetail, querySpaceUid=&lt;gen:0&gt;, path=com.ashutosh.socialhub.domain.UserDetail)
    - QuerySpaces
       - EntityQuerySpaceImpl(uid=&lt;gen:0&gt;, entity=com.ashutosh.socialhub.domain.UserDetail)
          - SQL table alias mapping - userdetail0_
          - alias suffix - 0_
          - suffixed key columns - {loginname1_7_0_}

11:32:00.635 [main] DEBUG org.hibernate.loader.entity.plan.EntityLoader - Static select for entity com.ashutosh.socialhub.domain.UserDetail [PESSIMISTIC_FORCE_INCREMENT]: select userdetail0_.loginname as loginname1_7_0_, userdetail0_.Username as Username2_7_0_, userdetail0_.address as address3_7_0_, userdetail0_.emailId as emailId4_7_0_, userdetail0_.mobile as mobile5_7_0_, userdetail0_.password as password6_7_0_, userdetail0_.roles as roles7_7_0_ from UserDetail userdetail0_ where userdetail0_.loginname=? for update nowait
11:32:00.635 [main] DEBUG org.hibernate.loader.plan.build.internal.spaces.QuerySpacesImpl - Adding QuerySpace : uid = &lt;gen:0&gt; -&gt; org.hibernate.loader.plan.build.internal.spaces.EntityQuerySpaceImpl@66b0e207]
11:32:00.635 [main] DEBUG org.hibernate.persister.walking.spi.MetamodelGraphWalker - Visiting attribute path : Username
11:32:00.635 [main] DEBUG org.hibernate.persister.walking.spi.MetamodelGraphWalker - Visiting attribute path : address
11:32:00.635 [main] DEBUG org.hibernate.persister.walking.spi.MetamodelGraphWalker - Visiting attribute path : emailId
11:32:00.635 [main] DEBUG org.hibernate.persister.walking.spi.MetamodelGraphWalker - Visiting attribute path : mobile
11:32:00.635 [main] DEBUG org.hibernate.persister.walking.spi.MetamodelGraphWalker - Visiting attribute path : password
11:32:00.635 [main] DEBUG org.hibernate.persister.walking.spi.MetamodelGraphWalker - Visiting attribute path : roles
11:32:00.635 [main] DEBUG org.hibernate.loader.plan.build.internal.FetchStyleLoadPlanBuildingAssociationVisitationStrategy - Building LoadPlan...
11:32:00.636 [main] DEBUG org.hibernate.loader.plan.exec.internal.LoadQueryJoinAndFetchProcessor - processing queryspace &lt;gen:0&gt;
11:32:00.636 [main] DEBUG org.hibernate.loader.plan.build.spi.LoadPlanTreePrinter - LoadPlan(entity=com.ashutosh.socialhub.domain.UserDetail)
    - Returns
       - EntityReturnImpl(entity=com.ashutosh.socialhub.domain.UserDetail, querySpaceUid=&lt;gen:0&gt;, path=com.ashutosh.socialhub.domain.UserDetail)
    - QuerySpaces
       - EntityQuerySpaceImpl(uid=&lt;gen:0&gt;, entity=com.ashutosh.socialhub.domain.UserDetail)
          - SQL table alias mapping - userdetail0_
          - alias suffix - 0_
          - suffixed key columns - {loginname1_7_0_}

11:32:00.636 [main] DEBUG org.hibernate.loader.entity.plan.EntityLoader - Static select for entity com.ashutosh.socialhub.domain.UserDetail [OPTIMISTIC]: select userdetail0_.loginname as loginname1_7_0_, userdetail0_.Username as Username2_7_0_, userdetail0_.address as address3_7_0_, userdetail0_.emailId as emailId4_7_0_, userdetail0_.mobile as mobile5_7_0_, userdetail0_.password as password6_7_0_, userdetail0_.roles as roles7_7_0_ from UserDetail userdetail0_ where userdetail0_.loginname=?
11:32:00.636 [main] DEBUG org.hibernate.loader.plan.build.internal.spaces.QuerySpacesImpl - Adding QuerySpace : uid = &lt;gen:0&gt; -&gt; org.hibernate.loader.plan.build.internal.spaces.EntityQuerySpaceImpl@7308c820]
11:32:00.636 [main] DEBUG org.hibernate.persister.walking.spi.MetamodelGraphWalker - Visiting attribute path : Username
11:32:00.636 [main] DEBUG org.hibernate.persister.walking.spi.MetamodelGraphWalker - Visiting attribute path : address
11:32:00.636 [main] DEBUG org.hibernate.persister.walking.spi.MetamodelGraphWalker - Visiting attribute path : emailId
11:32:00.636 [main] DEBUG org.hibernate.persister.walking.spi.MetamodelGraphWalker - Visiting attribute path : mobile
11:32:00.636 [main] DEBUG org.hibernate.persister.walking.spi.MetamodelGraphWalker - Visiting attribute path : password
11:32:00.636 [main] DEBUG org.hibernate.persister.walking.spi.MetamodelGraphWalker - Visiting attribute path : roles
11:32:00.636 [main] DEBUG org.hibernate.loader.plan.build.internal.FetchStyleLoadPlanBuildingAssociationVisitationStrategy - Building LoadPlan...
11:32:00.637 [main] DEBUG org.hibernate.loader.plan.exec.internal.LoadQueryJoinAndFetchProcessor - processing queryspace &lt;gen:0&gt;
11:32:00.637 [main] DEBUG org.hibernate.loader.plan.build.spi.LoadPlanTreePrinter - LoadPlan(entity=com.ashutosh.socialhub.domain.UserDetail)
    - Returns
       - EntityReturnImpl(entity=com.ashutosh.socialhub.domain.UserDetail, querySpaceUid=&lt;gen:0&gt;, path=com.ashutosh.socialhub.domain.UserDetail)
    - QuerySpaces
       - EntityQuerySpaceImpl(uid=&lt;gen:0&gt;, entity=com.ashutosh.socialhub.domain.UserDetail)
          - SQL table alias mapping - userdetail0_
          - alias suffix - 0_
          - suffixed key columns - {loginname1_7_0_}

11:32:00.637 [main] DEBUG org.hibernate.loader.entity.plan.EntityLoader - Static select for entity com.ashutosh.socialhub.domain.UserDetail [OPTIMISTIC_FORCE_INCREMENT]: select userdetail0_.loginname as loginname1_7_0_, userdetail0_.Username as Username2_7_0_, userdetail0_.address as address3_7_0_, userdetail0_.emailId as emailId4_7_0_, userdetail0_.mobile as mobile5_7_0_, userdetail0_.password as password6_7_0_, userdetail0_.roles as roles7_7_0_ from UserDetail userdetail0_ where userdetail0_.loginname=?
11:32:00.638 [main] DEBUG org.hibernate.loader.Loader - Static select for action ACTION_MERGE on entity com.ashutosh.socialhub.domain.UserDetail: select userdetail0_.loginname as loginname1_7_0_, userdetail0_.Username as Username2_7_0_, userdetail0_.address as address3_7_0_, userdetail0_.emailId as emailId4_7_0_, userdetail0_.mobile as mobile5_7_0_, userdetail0_.password as password6_7_0_, userdetail0_.roles as roles7_7_0_ from UserDetail userdetail0_ where userdetail0_.loginname=?
11:32:00.639 [main] DEBUG org.hibernate.loader.Loader - Static select for action ACTION_REFRESH on entity com.ashutosh.socialhub.domain.UserDetail: select userdetail0_.loginname as loginname1_7_0_, userdetail0_.Username as Username2_7_0_, userdetail0_.address as address3_7_0_, userdetail0_.emailId as emailId4_7_0_, userdetail0_.mobile as mobile5_7_0_, userdetail0_.password as password6_7_0_, userdetail0_.roles as roles7_7_0_ from UserDetail userdetail0_ where userdetail0_.loginname=?
11:32:00.639 [main] DEBUG org.hibernate.persister.entity.AbstractEntityPersister - Static SQL for entity: com.ashutosh.socialhub.domain.ForumComment
11:32:00.639 [main] DEBUG org.hibernate.persister.entity.AbstractEntityPersister -  Version select: select commentid from ForumComment where commentid =?
11:32:00.639 [main] DEBUG org.hibernate.persister.entity.AbstractEntityPersister -  Snapshot select: select forumcomme_.commentid, forumcomme_.discussionDate as discussionDate2_3_, forumcomme_.discussiontext as discussiontext3_3_, forumcomme_.forumid as forumid4_3_, forumcomme_.loginname as loginname5_3_ from ForumComment forumcomme_ where forumcomme_.commentid=?
11:32:00.639 [main] DEBUG org.hibernate.persister.entity.AbstractEntityPersister -  Insert 0: insert into ForumComment (discussionDate, discussiontext, forumid, loginname, commentid) values (?, ?, ?, ?, ?)
11:32:00.640 [main] DEBUG org.hibernate.persister.entity.AbstractEntityPersister -  Update 0: update ForumComment set discussionDate=?, discussiontext=?, forumid=?, loginname=? where commentid=?
11:32:00.640 [main] DEBUG org.hibernate.persister.entity.AbstractEntityPersister -  Delete 0: delete from ForumComment where commentid=?
11:32:00.640 [main] DEBUG org.hibernate.loader.plan.build.internal.spaces.QuerySpacesImpl - Adding QuerySpace : uid = &lt;gen:0&gt; -&gt; org.hibernate.loader.plan.build.internal.spaces.EntityQuerySpaceImpl@3ca17943]
11:32:00.640 [main] DEBUG org.hibernate.persister.walking.spi.MetamodelGraphWalker - Visiting attribute path : discussionDate
11:32:00.640 [main] DEBUG org.hibernate.persister.walking.spi.MetamodelGraphWalker - Visiting attribute path : discussiontext
11:32:00.640 [main] DEBUG org.hibernate.persister.walking.spi.MetamodelGraphWalker - Visiting attribute path : forumid
11:32:00.640 [main] DEBUG org.hibernate.persister.walking.spi.MetamodelGraphWalker - Visiting attribute path : loginname
11:32:00.640 [main] DEBUG org.hibernate.loader.plan.build.internal.FetchStyleLoadPlanBuildingAssociationVisitationStrategy - Building LoadPlan...
11:32:00.641 [main] DEBUG org.hibernate.loader.plan.exec.internal.LoadQueryJoinAndFetchProcessor - processing queryspace &lt;gen:0&gt;
11:32:00.641 [main] DEBUG org.hibernate.loader.plan.build.spi.LoadPlanTreePrinter - LoadPlan(entity=com.ashutosh.socialhub.domain.ForumComment)
    - Returns
       - EntityReturnImpl(entity=com.ashutosh.socialhub.domain.ForumComment, querySpaceUid=&lt;gen:0&gt;, path=com.ashutosh.socialhub.domain.ForumComment)
    - QuerySpaces
       - EntityQuerySpaceImpl(uid=&lt;gen:0&gt;, entity=com.ashutosh.socialhub.domain.ForumComment)
          - SQL table alias mapping - forumcomme0_
          - alias suffix - 0_
          - suffixed key columns - {commentid1_3_0_}

11:32:00.641 [main] DEBUG org.hibernate.loader.entity.plan.EntityLoader - Static select for entity com.ashutosh.socialhub.domain.ForumComment [NONE]: select forumcomme0_.commentid as commentid1_3_0_, forumcomme0_.discussionDate as discussionDate2_3_0_, forumcomme0_.discussiontext as discussiontext3_3_0_, forumcomme0_.forumid as forumid4_3_0_, forumcomme0_.loginname as loginname5_3_0_ from ForumComment forumcomme0_ where forumcomme0_.commentid=?
11:32:00.641 [main] DEBUG org.hibernate.loader.plan.build.internal.spaces.QuerySpacesImpl - Adding QuerySpace : uid = &lt;gen:0&gt; -&gt; org.hibernate.loader.plan.build.internal.spaces.EntityQuerySpaceImpl@5170bc02]
11:32:00.641 [main] DEBUG org.hibernate.persister.walking.spi.MetamodelGraphWalker - Visiting attribute path : discussionDate
11:32:00.641 [main] DEBUG org.hibernate.persister.walking.spi.MetamodelGraphWalker - Visiting attribute path : discussiontext
11:32:00.641 [main] DEBUG org.hibernate.persister.walking.spi.MetamodelGraphWalker - Visiting attribute path : forumid
11:32:00.641 [main] DEBUG org.hibernate.persister.walking.spi.MetamodelGraphWalker - Visiting attribute path : loginname
11:32:00.641 [main] DEBUG org.hibernate.loader.plan.build.internal.FetchStyleLoadPlanBuildingAssociationVisitationStrategy - Building LoadPlan...
11:32:00.642 [main] DEBUG org.hibernate.loader.plan.exec.internal.LoadQueryJoinAndFetchProcessor - processing queryspace &lt;gen:0&gt;
11:32:00.642 [main] DEBUG org.hibernate.loader.plan.build.spi.LoadPlanTreePrinter - LoadPlan(entity=com.ashutosh.socialhub.domain.ForumComment)
    - Returns
       - EntityReturnImpl(entity=com.ashutosh.socialhub.domain.ForumComment, querySpaceUid=&lt;gen:0&gt;, path=com.ashutosh.socialhub.domain.ForumComment)
    - QuerySpaces
       - EntityQuerySpaceImpl(uid=&lt;gen:0&gt;, entity=com.ashutosh.socialhub.domain.ForumComment)
          - SQL table alias mapping - forumcomme0_
          - alias suffix - 0_
          - suffixed key columns - {commentid1_3_0_}

11:32:00.642 [main] DEBUG org.hibernate.loader.entity.plan.EntityLoader - Static select for entity com.ashutosh.socialhub.domain.ForumComment [READ]: select forumcomme0_.commentid as commentid1_3_0_, forumcomme0_.discussionDate as discussionDate2_3_0_, forumcomme0_.discussiontext as discussiontext3_3_0_, forumcomme0_.forumid as forumid4_3_0_, forumcomme0_.loginname as loginname5_3_0_ from ForumComment forumcomme0_ where forumcomme0_.commentid=?
11:32:00.642 [main] DEBUG org.hibernate.loader.plan.build.internal.spaces.QuerySpacesImpl - Adding QuerySpace : uid = &lt;gen:0&gt; -&gt; org.hibernate.loader.plan.build.internal.spaces.EntityQuerySpaceImpl@3bd08435]
11:32:00.642 [main] DEBUG org.hibernate.persister.walking.spi.MetamodelGraphWalker - Visiting attribute path : discussionDate
11:32:00.642 [main] DEBUG org.hibernate.persister.walking.spi.MetamodelGraphWalker - Visiting attribute path : discussiontext
11:32:00.642 [main] DEBUG org.hibernate.persister.walking.spi.MetamodelGraphWalker - Visiting attribute path : forumid
11:32:00.642 [main] DEBUG org.hibernate.persister.walking.spi.MetamodelGraphWalker - Visiting attribute path : loginname
11:32:00.642 [main] DEBUG org.hibernate.loader.plan.build.internal.FetchStyleLoadPlanBuildingAssociationVisitationStrategy - Building LoadPlan...
11:32:00.643 [main] DEBUG org.hibernate.loader.plan.exec.internal.LoadQueryJoinAndFetchProcessor - processing queryspace &lt;gen:0&gt;
11:32:00.643 [main] DEBUG org.hibernate.loader.plan.build.spi.LoadPlanTreePrinter - LoadPlan(entity=com.ashutosh.socialhub.domain.ForumComment)
    - Returns
       - EntityReturnImpl(entity=com.ashutosh.socialhub.domain.ForumComment, querySpaceUid=&lt;gen:0&gt;, path=com.ashutosh.socialhub.domain.ForumComment)
    - QuerySpaces
       - EntityQuerySpaceImpl(uid=&lt;gen:0&gt;, entity=com.ashutosh.socialhub.domain.ForumComment)
          - SQL table alias mapping - forumcomme0_
          - alias suffix - 0_
          - suffixed key columns - {commentid1_3_0_}

11:32:00.643 [main] DEBUG org.hibernate.loader.entity.plan.EntityLoader - Static select for entity com.ashutosh.socialhub.domain.ForumComment [UPGRADE]: select forumcomme0_.commentid as commentid1_3_0_, forumcomme0_.discussionDate as discussionDate2_3_0_, forumcomme0_.discussiontext as discussiontext3_3_0_, forumcomme0_.forumid as forumid4_3_0_, forumcomme0_.loginname as loginname5_3_0_ from ForumComment forumcomme0_ where forumcomme0_.commentid=? for update
11:32:00.643 [main] DEBUG org.hibernate.loader.plan.build.internal.spaces.QuerySpacesImpl - Adding QuerySpace : uid = &lt;gen:0&gt; -&gt; org.hibernate.loader.plan.build.internal.spaces.EntityQuerySpaceImpl@6a96d639]
11:32:00.643 [main] DEBUG org.hibernate.persister.walking.spi.MetamodelGraphWalker - Visiting attribute path : discussionDate
11:32:00.643 [main] DEBUG org.hibernate.persister.walking.spi.MetamodelGraphWalker - Visiting attribute path : discussiontext
11:32:00.644 [main] DEBUG org.hibernate.persister.walking.spi.MetamodelGraphWalker - Visiting attribute path : forumid
11:32:00.644 [main] DEBUG org.hibernate.persister.walking.spi.MetamodelGraphWalker - Visiting attribute path : loginname
11:32:00.644 [main] DEBUG org.hibernate.loader.plan.build.internal.FetchStyleLoadPlanBuildingAssociationVisitationStrategy - Building LoadPlan...
11:32:00.644 [main] DEBUG org.hibernate.loader.plan.exec.internal.LoadQueryJoinAndFetchProcessor - processing queryspace &lt;gen:0&gt;
11:32:00.644 [main] DEBUG org.hibernate.loader.plan.build.spi.LoadPlanTreePrinter - LoadPlan(entity=com.ashutosh.socialhub.domain.ForumComment)
    - Returns
       - EntityReturnImpl(entity=com.ashutosh.socialhub.domain.ForumComment, querySpaceUid=&lt;gen:0&gt;, path=com.ashutosh.socialhub.domain.ForumComment)
    - QuerySpaces
       - EntityQuerySpaceImpl(uid=&lt;gen:0&gt;, entity=com.ashutosh.socialhub.domain.ForumComment)
          - SQL table alias mapping - forumcomme0_
          - alias suffix - 0_
          - suffixed key columns - {commentid1_3_0_}

11:32:00.644 [main] DEBUG org.hibernate.loader.entity.plan.EntityLoader - Static select for entity com.ashutosh.socialhub.domain.ForumComment [UPGRADE_NOWAIT]: select forumcomme0_.commentid as commentid1_3_0_, forumcomme0_.discussionDate as discussionDate2_3_0_, forumcomme0_.discussiontext as discussiontext3_3_0_, forumcomme0_.forumid as forumid4_3_0_, forumcomme0_.loginname as loginname5_3_0_ from ForumComment forumcomme0_ where forumcomme0_.commentid=? for update nowait
11:32:00.645 [main] DEBUG org.hibernate.loader.plan.build.internal.spaces.QuerySpacesImpl - Adding QuerySpace : uid = &lt;gen:0&gt; -&gt; org.hibernate.loader.plan.build.internal.spaces.EntityQuerySpaceImpl@3d40498a]
11:32:00.645 [main] DEBUG org.hibernate.persister.walking.spi.MetamodelGraphWalker - Visiting attribute path : discussionDate
11:32:00.645 [main] DEBUG org.hibernate.persister.walking.spi.MetamodelGraphWalker - Visiting attribute path : discussiontext
11:32:00.645 [main] DEBUG org.hibernate.persister.walking.spi.MetamodelGraphWalker - Visiting attribute path : forumid
11:32:00.645 [main] DEBUG org.hibernate.persister.walking.spi.MetamodelGraphWalker - Visiting attribute path : loginname
11:32:00.645 [main] DEBUG org.hibernate.loader.plan.build.internal.FetchStyleLoadPlanBuildingAssociationVisitationStrategy - Building LoadPlan...
11:32:00.645 [main] DEBUG org.hibernate.loader.plan.exec.internal.LoadQueryJoinAndFetchProcessor - processing queryspace &lt;gen:0&gt;
11:32:00.646 [main] DEBUG org.hibernate.loader.plan.build.spi.LoadPlanTreePrinter - LoadPlan(entity=com.ashutosh.socialhub.domain.ForumComment)
    - Returns
       - EntityReturnImpl(entity=com.ashutosh.socialhub.domain.ForumComment, querySpaceUid=&lt;gen:0&gt;, path=com.ashutosh.socialhub.domain.ForumComment)
    - QuerySpaces
       - EntityQuerySpaceImpl(uid=&lt;gen:0&gt;, entity=com.ashutosh.socialhub.domain.ForumComment)
          - SQL table alias mapping - forumcomme0_
          - alias suffix - 0_
          - suffixed key columns - {commentid1_3_0_}

11:32:00.646 [main] DEBUG org.hibernate.loader.entity.plan.EntityLoader - Static select for entity com.ashutosh.socialhub.domain.ForumComment [UPGRADE_SKIPLOCKED]: select forumcomme0_.commentid as commentid1_3_0_, forumcomme0_.discussionDate as discussionDate2_3_0_, forumcomme0_.discussiontext as discussiontext3_3_0_, forumcomme0_.forumid as forumid4_3_0_, forumcomme0_.loginname as loginname5_3_0_ from ForumComment forumcomme0_ where forumcomme0_.commentid=? for update skip locked
11:32:00.646 [main] DEBUG org.hibernate.loader.plan.build.internal.spaces.QuerySpacesImpl - Adding QuerySpace : uid = &lt;gen:0&gt; -&gt; org.hibernate.loader.plan.build.internal.spaces.EntityQuerySpaceImpl@482a58c7]
11:32:00.646 [main] DEBUG org.hibernate.persister.walking.spi.MetamodelGraphWalker - Visiting attribute path : discussionDate
11:32:00.646 [main] DEBUG org.hibernate.persister.walking.spi.MetamodelGraphWalker - Visiting attribute path : discussiontext
11:32:00.646 [main] DEBUG org.hibernate.persister.walking.spi.MetamodelGraphWalker - Visiting attribute path : forumid
11:32:00.646 [main] DEBUG org.hibernate.persister.walking.spi.MetamodelGraphWalker - Visiting attribute path : loginname
11:32:00.646 [main] DEBUG org.hibernate.loader.plan.build.internal.FetchStyleLoadPlanBuildingAssociationVisitationStrategy - Building LoadPlan...
11:32:00.647 [main] DEBUG org.hibernate.loader.plan.exec.internal.LoadQueryJoinAndFetchProcessor - processing queryspace &lt;gen:0&gt;
11:32:00.647 [main] DEBUG org.hibernate.loader.plan.build.spi.LoadPlanTreePrinter - LoadPlan(entity=com.ashutosh.socialhub.domain.ForumComment)
    - Returns
       - EntityReturnImpl(entity=com.ashutosh.socialhub.domain.ForumComment, querySpaceUid=&lt;gen:0&gt;, path=com.ashutosh.socialhub.domain.ForumComment)
    - QuerySpaces
       - EntityQuerySpaceImpl(uid=&lt;gen:0&gt;, entity=com.ashutosh.socialhub.domain.ForumComment)
          - SQL table alias mapping - forumcomme0_
          - alias suffix - 0_
          - suffixed key columns - {commentid1_3_0_}

11:32:00.647 [main] DEBUG org.hibernate.loader.entity.plan.EntityLoader - Static select for entity com.ashutosh.socialhub.domain.ForumComment [FORCE]: select forumcomme0_.commentid as commentid1_3_0_, forumcomme0_.discussionDate as discussionDate2_3_0_, forumcomme0_.discussiontext as discussiontext3_3_0_, forumcomme0_.forumid as forumid4_3_0_, forumcomme0_.loginname as loginname5_3_0_ from ForumComment forumcomme0_ where forumcomme0_.commentid=? for update nowait
11:32:00.647 [main] DEBUG org.hibernate.loader.plan.build.internal.spaces.QuerySpacesImpl - Adding QuerySpace : uid = &lt;gen:0&gt; -&gt; org.hibernate.loader.plan.build.internal.spaces.EntityQuerySpaceImpl@147efd9]
11:32:00.648 [main] DEBUG org.hibernate.persister.walking.spi.MetamodelGraphWalker - Visiting attribute path : discussionDate
11:32:00.648 [main] DEBUG org.hibernate.persister.walking.spi.MetamodelGraphWalker - Visiting attribute path : discussiontext
11:32:00.648 [main] DEBUG org.hibernate.persister.walking.spi.MetamodelGraphWalker - Visiting attribute path : forumid
11:32:00.648 [main] DEBUG org.hibernate.persister.walking.spi.MetamodelGraphWalker - Visiting attribute path : loginname
11:32:00.648 [main] DEBUG org.hibernate.loader.plan.build.internal.FetchStyleLoadPlanBuildingAssociationVisitationStrategy - Building LoadPlan...
11:32:00.648 [main] DEBUG org.hibernate.loader.plan.exec.internal.LoadQueryJoinAndFetchProcessor - processing queryspace &lt;gen:0&gt;
11:32:00.649 [main] DEBUG org.hibernate.loader.plan.build.spi.LoadPlanTreePrinter - LoadPlan(entity=com.ashutosh.socialhub.domain.ForumComment)
    - Returns
       - EntityReturnImpl(entity=com.ashutosh.socialhub.domain.ForumComment, querySpaceUid=&lt;gen:0&gt;, path=com.ashutosh.socialhub.domain.ForumComment)
    - QuerySpaces
       - EntityQuerySpaceImpl(uid=&lt;gen:0&gt;, entity=com.ashutosh.socialhub.domain.ForumComment)
          - SQL table alias mapping - forumcomme0_
          - alias suffix - 0_
          - suffixed key columns - {commentid1_3_0_}

11:32:00.649 [main] DEBUG org.hibernate.loader.entity.plan.EntityLoader - Static select for entity com.ashutosh.socialhub.domain.ForumComment [PESSIMISTIC_READ]: select forumcomme0_.commentid as commentid1_3_0_, forumcomme0_.discussionDate as discussionDate2_3_0_, forumcomme0_.discussiontext as discussiontext3_3_0_, forumcomme0_.forumid as forumid4_3_0_, forumcomme0_.loginname as loginname5_3_0_ from ForumComment forumcomme0_ where forumcomme0_.commentid=? for update
11:32:00.649 [main] DEBUG org.hibernate.loader.plan.build.internal.spaces.QuerySpacesImpl - Adding QuerySpace : uid = &lt;gen:0&gt; -&gt; org.hibernate.loader.plan.build.internal.spaces.EntityQuerySpaceImpl@4e4894d]
11:32:00.649 [main] DEBUG org.hibernate.persister.walking.spi.MetamodelGraphWalker - Visiting attribute path : discussionDate
11:32:00.649 [main] DEBUG org.hibernate.persister.walking.spi.MetamodelGraphWalker - Visiting attribute path : discussiontext
11:32:00.649 [main] DEBUG org.hibernate.persister.walking.spi.MetamodelGraphWalker - Visiting attribute path : forumid
11:32:00.649 [main] DEBUG org.hibernate.persister.walking.spi.MetamodelGraphWalker - Visiting attribute path : loginname
11:32:00.649 [main] DEBUG org.hibernate.loader.plan.build.internal.FetchStyleLoadPlanBuildingAssociationVisitationStrategy - Building LoadPlan...
11:32:00.650 [main] DEBUG org.hibernate.loader.plan.exec.internal.LoadQueryJoinAndFetchProcessor - processing queryspace &lt;gen:0&gt;
11:32:00.650 [main] DEBUG org.hibernate.loader.plan.build.spi.LoadPlanTreePrinter - LoadPlan(entity=com.ashutosh.socialhub.domain.ForumComment)
    - Returns
       - EntityReturnImpl(entity=com.ashutosh.socialhub.domain.ForumComment, querySpaceUid=&lt;gen:0&gt;, path=com.ashutosh.socialhub.domain.ForumComment)
    - QuerySpaces
       - EntityQuerySpaceImpl(uid=&lt;gen:0&gt;, entity=com.ashutosh.socialhub.domain.ForumComment)
          - SQL table alias mapping - forumcomme0_
          - alias suffix - 0_
          - suffixed key columns - {commentid1_3_0_}

11:32:00.650 [main] DEBUG org.hibernate.loader.entity.plan.EntityLoader - Static select for entity com.ashutosh.socialhub.domain.ForumComment [PESSIMISTIC_WRITE]: select forumcomme0_.commentid as commentid1_3_0_, forumcomme0_.discussionDate as discussionDate2_3_0_, forumcomme0_.discussiontext as discussiontext3_3_0_, forumcomme0_.forumid as forumid4_3_0_, forumcomme0_.loginname as loginname5_3_0_ from ForumComment forumcomme0_ where forumcomme0_.commentid=? for update
11:32:00.650 [main] DEBUG org.hibernate.loader.plan.build.internal.spaces.QuerySpacesImpl - Adding QuerySpace : uid = &lt;gen:0&gt; -&gt; org.hibernate.loader.plan.build.internal.spaces.EntityQuerySpaceImpl@23e2c1ca]
11:32:00.651 [main] DEBUG org.hibernate.persister.walking.spi.MetamodelGraphWalker - Visiting attribute path : discussionDate
11:32:00.651 [main] DEBUG org.hibernate.persister.walking.spi.MetamodelGraphWalker - Visiting attribute path : discussiontext
11:32:00.651 [main] DEBUG org.hibernate.persister.walking.spi.MetamodelGraphWalker - Visiting attribute path : forumid
11:32:00.651 [main] DEBUG org.hibernate.persister.walking.spi.MetamodelGraphWalker - Visiting attribute path : loginname
11:32:00.651 [main] DEBUG org.hibernate.loader.plan.build.internal.FetchStyleLoadPlanBuildingAssociationVisitationStrategy - Building LoadPlan...
11:32:00.651 [main] DEBUG org.hibernate.loader.plan.exec.internal.LoadQueryJoinAndFetchProcessor - processing queryspace &lt;gen:0&gt;
11:32:00.651 [main] DEBUG org.hibernate.loader.plan.build.spi.LoadPlanTreePrinter - LoadPlan(entity=com.ashutosh.socialhub.domain.ForumComment)
    - Returns
       - EntityReturnImpl(entity=com.ashutosh.socialhub.domain.ForumComment, querySpaceUid=&lt;gen:0&gt;, path=com.ashutosh.socialhub.domain.ForumComment)
    - QuerySpaces
       - EntityQuerySpaceImpl(uid=&lt;gen:0&gt;, entity=com.ashutosh.socialhub.domain.ForumComment)
          - SQL table alias mapping - forumcomme0_
          - alias suffix - 0_
          - suffixed key columns - {commentid1_3_0_}

11:32:00.652 [main] DEBUG org.hibernate.loader.entity.plan.EntityLoader - Static select for entity com.ashutosh.socialhub.domain.ForumComment [PESSIMISTIC_FORCE_INCREMENT]: select forumcomme0_.commentid as commentid1_3_0_, forumcomme0_.discussionDate as discussionDate2_3_0_, forumcomme0_.discussiontext as discussiontext3_3_0_, forumcomme0_.forumid as forumid4_3_0_, forumcomme0_.loginname as loginname5_3_0_ from ForumComment forumcomme0_ where forumcomme0_.commentid=? for update nowait
11:32:00.652 [main] DEBUG org.hibernate.loader.plan.build.internal.spaces.QuerySpacesImpl - Adding QuerySpace : uid = &lt;gen:0&gt; -&gt; org.hibernate.loader.plan.build.internal.spaces.EntityQuerySpaceImpl@dc1fadd]
11:32:00.652 [main] DEBUG org.hibernate.persister.walking.spi.MetamodelGraphWalker - Visiting attribute path : discussionDate
11:32:00.652 [main] DEBUG org.hibernate.persister.walking.spi.MetamodelGraphWalker - Visiting attribute path : discussiontext
11:32:00.652 [main] DEBUG org.hibernate.persister.walking.spi.MetamodelGraphWalker - Visiting attribute path : forumid
11:32:00.652 [main] DEBUG org.hibernate.persister.walking.spi.MetamodelGraphWalker - Visiting attribute path : loginname
11:32:00.652 [main] DEBUG org.hibernate.loader.plan.build.internal.FetchStyleLoadPlanBuildingAssociationVisitationStrategy - Building LoadPlan...
11:32:00.652 [main] DEBUG org.hibernate.loader.plan.exec.internal.LoadQueryJoinAndFetchProcessor - processing queryspace &lt;gen:0&gt;
11:32:00.652 [main] DEBUG org.hibernate.loader.plan.build.spi.LoadPlanTreePrinter - LoadPlan(entity=com.ashutosh.socialhub.domain.ForumComment)
    - Returns
       - EntityReturnImpl(entity=com.ashutosh.socialhub.domain.ForumComment, querySpaceUid=&lt;gen:0&gt;, path=com.ashutosh.socialhub.domain.ForumComment)
    - QuerySpaces
       - EntityQuerySpaceImpl(uid=&lt;gen:0&gt;, entity=com.ashutosh.socialhub.domain.ForumComment)
          - SQL table alias mapping - forumcomme0_
          - alias suffix - 0_
          - suffixed key columns - {commentid1_3_0_}

11:32:00.653 [main] DEBUG org.hibernate.loader.entity.plan.EntityLoader - Static select for entity com.ashutosh.socialhub.domain.ForumComment [OPTIMISTIC]: select forumcomme0_.commentid as commentid1_3_0_, forumcomme0_.discussionDate as discussionDate2_3_0_, forumcomme0_.discussiontext as discussiontext3_3_0_, forumcomme0_.forumid as forumid4_3_0_, forumcomme0_.loginname as loginname5_3_0_ from ForumComment forumcomme0_ where forumcomme0_.commentid=?
11:32:00.653 [main] DEBUG org.hibernate.loader.plan.build.internal.spaces.QuerySpacesImpl - Adding QuerySpace : uid = &lt;gen:0&gt; -&gt; org.hibernate.loader.plan.build.internal.spaces.EntityQuerySpaceImpl@baa9ce4]
11:32:00.653 [main] DEBUG org.hibernate.persister.walking.spi.MetamodelGraphWalker - Visiting attribute path : discussionDate
11:32:00.653 [main] DEBUG org.hibernate.persister.walking.spi.MetamodelGraphWalker - Visiting attribute path : discussiontext
11:32:00.653 [main] DEBUG org.hibernate.persister.walking.spi.MetamodelGraphWalker - Visiting attribute path : forumid
11:32:00.653 [main] DEBUG org.hibernate.persister.walking.spi.MetamodelGraphWalker - Visiting attribute path : loginname
11:32:00.653 [main] DEBUG org.hibernate.loader.plan.build.internal.FetchStyleLoadPlanBuildingAssociationVisitationStrategy - Building LoadPlan...
11:32:00.653 [main] DEBUG org.hibernate.loader.plan.exec.internal.LoadQueryJoinAndFetchProcessor - processing queryspace &lt;gen:0&gt;
11:32:00.653 [main] DEBUG org.hibernate.loader.plan.build.spi.LoadPlanTreePrinter - LoadPlan(entity=com.ashutosh.socialhub.domain.ForumComment)
    - Returns
       - EntityReturnImpl(entity=com.ashutosh.socialhub.domain.ForumComment, querySpaceUid=&lt;gen:0&gt;, path=com.ashutosh.socialhub.domain.ForumComment)
    - QuerySpaces
       - EntityQuerySpaceImpl(uid=&lt;gen:0&gt;, entity=com.ashutosh.socialhub.domain.ForumComment)
          - SQL table alias mapping - forumcomme0_
          - alias suffix - 0_
          - suffixed key columns - {commentid1_3_0_}

11:32:00.654 [main] DEBUG org.hibernate.loader.entity.plan.EntityLoader - Static select for entity com.ashutosh.socialhub.domain.ForumComment [OPTIMISTIC_FORCE_INCREMENT]: select forumcomme0_.commentid as commentid1_3_0_, forumcomme0_.discussionDate as discussionDate2_3_0_, forumcomme0_.discussiontext as discussiontext3_3_0_, forumcomme0_.forumid as forumid4_3_0_, forumcomme0_.loginname as loginname5_3_0_ from ForumComment forumcomme0_ where forumcomme0_.commentid=?
11:32:00.654 [main] DEBUG org.hibernate.loader.Loader - Static select for action ACTION_MERGE on entity com.ashutosh.socialhub.domain.ForumComment: select forumcomme0_.commentid as commentid1_3_0_, forumcomme0_.discussionDate as discussionDate2_3_0_, forumcomme0_.discussiontext as discussiontext3_3_0_, forumcomme0_.forumid as forumid4_3_0_, forumcomme0_.loginname as loginname5_3_0_ from ForumComment forumcomme0_ where forumcomme0_.commentid=?
11:32:00.654 [main] DEBUG org.hibernate.loader.Loader - Static select for action ACTION_REFRESH on entity com.ashutosh.socialhub.domain.ForumComment: select forumcomme0_.commentid as commentid1_3_0_, forumcomme0_.discussionDate as discussionDate2_3_0_, forumcomme0_.discussiontext as discussiontext3_3_0_, forumcomme0_.forumid as forumid4_3_0_, forumcomme0_.loginname as loginname5_3_0_ from ForumComment forumcomme0_ where forumcomme0_.commentid=?
11:32:00.655 [main] DEBUG org.hibernate.persister.entity.AbstractEntityPersister - Static SQL for entity: com.ashutosh.socialhub.domain.ProfileImage
11:32:00.655 [main] DEBUG org.hibernate.persister.entity.AbstractEntityPersister -  Version select: select loginname from ProfileImage where loginname =?
11:32:00.655 [main] DEBUG org.hibernate.persister.entity.AbstractEntityPersister -  Snapshot select: select profileima_.loginname, profileima_.picture as picture2_6_ from ProfileImage profileima_ where profileima_.loginname=?
11:32:00.655 [main] DEBUG org.hibernate.persister.entity.AbstractEntityPersister -  Insert 0: insert into ProfileImage (picture, loginname) values (?, ?)
11:32:00.656 [main] DEBUG org.hibernate.persister.entity.AbstractEntityPersister -  Update 0: update ProfileImage set picture=? where loginname=?
11:32:00.656 [main] DEBUG org.hibernate.persister.entity.AbstractEntityPersister -  Delete 0: delete from ProfileImage where loginname=?
11:32:00.656 [main] DEBUG org.hibernate.loader.plan.build.internal.spaces.QuerySpacesImpl - Adding QuerySpace : uid = &lt;gen:0&gt; -&gt; org.hibernate.loader.plan.build.internal.spaces.EntityQuerySpaceImpl@59262a90]
11:32:00.656 [main] DEBUG org.hibernate.persister.walking.spi.MetamodelGraphWalker - Visiting attribute path : picture
11:32:00.656 [main] DEBUG org.hibernate.loader.plan.build.internal.FetchStyleLoadPlanBuildingAssociationVisitationStrategy - Building LoadPlan...
11:32:00.656 [main] DEBUG org.hibernate.loader.plan.exec.internal.LoadQueryJoinAndFetchProcessor - processing queryspace &lt;gen:0&gt;
11:32:00.657 [main] DEBUG org.hibernate.loader.plan.build.spi.LoadPlanTreePrinter - LoadPlan(entity=com.ashutosh.socialhub.domain.ProfileImage)
    - Returns
       - EntityReturnImpl(entity=com.ashutosh.socialhub.domain.ProfileImage, querySpaceUid=&lt;gen:0&gt;, path=com.ashutosh.socialhub.domain.ProfileImage)
    - QuerySpaces
       - EntityQuerySpaceImpl(uid=&lt;gen:0&gt;, entity=com.ashutosh.socialhub.domain.ProfileImage)
          - SQL table alias mapping - profileima0_
          - alias suffix - 0_
          - suffixed key columns - {loginname1_6_0_}

11:32:00.657 [main] DEBUG org.hibernate.loader.entity.plan.EntityLoader - Static select for entity com.ashutosh.socialhub.domain.ProfileImage [NONE]: select profileima0_.loginname as loginname1_6_0_, profileima0_.picture as picture2_6_0_ from ProfileImage profileima0_ where profileima0_.loginname=?
11:32:00.657 [main] DEBUG org.hibernate.loader.plan.build.internal.spaces.QuerySpacesImpl - Adding QuerySpace : uid = &lt;gen:0&gt; -&gt; org.hibernate.loader.plan.build.internal.spaces.EntityQuerySpaceImpl@2755617b]
11:32:00.657 [main] DEBUG org.hibernate.persister.walking.spi.MetamodelGraphWalker - Visiting attribute path : picture
11:32:00.657 [main] DEBUG org.hibernate.loader.plan.build.internal.FetchStyleLoadPlanBuildingAssociationVisitationStrategy - Building LoadPlan...
11:32:00.657 [main] DEBUG org.hibernate.loader.plan.exec.internal.LoadQueryJoinAndFetchProcessor - processing queryspace &lt;gen:0&gt;
11:32:00.658 [main] DEBUG org.hibernate.loader.plan.build.spi.LoadPlanTreePrinter - LoadPlan(entity=com.ashutosh.socialhub.domain.ProfileImage)
    - Returns
       - EntityReturnImpl(entity=com.ashutosh.socialhub.domain.ProfileImage, querySpaceUid=&lt;gen:0&gt;, path=com.ashutosh.socialhub.domain.ProfileImage)
    - QuerySpaces
       - EntityQuerySpaceImpl(uid=&lt;gen:0&gt;, entity=com.ashutosh.socialhub.domain.ProfileImage)
          - SQL table alias mapping - profileima0_
          - alias suffix - 0_
          - suffixed key columns - {loginname1_6_0_}

11:32:00.658 [main] DEBUG org.hibernate.loader.entity.plan.EntityLoader - Static select for entity com.ashutosh.socialhub.domain.ProfileImage [READ]: select profileima0_.loginname as loginname1_6_0_, profileima0_.picture as picture2_6_0_ from ProfileImage profileima0_ where profileima0_.loginname=?
11:32:00.658 [main] DEBUG org.hibernate.loader.plan.build.internal.spaces.QuerySpacesImpl - Adding QuerySpace : uid = &lt;gen:0&gt; -&gt; org.hibernate.loader.plan.build.internal.spaces.EntityQuerySpaceImpl@d9f5fce]
11:32:00.658 [main] DEBUG org.hibernate.persister.walking.spi.MetamodelGraphWalker - Visiting attribute path : picture
11:32:00.658 [main] DEBUG org.hibernate.loader.plan.build.internal.FetchStyleLoadPlanBuildingAssociationVisitationStrategy - Building LoadPlan...
11:32:00.659 [main] DEBUG org.hibernate.loader.plan.exec.internal.LoadQueryJoinAndFetchProcessor - processing queryspace &lt;gen:0&gt;
11:32:00.659 [main] DEBUG org.hibernate.loader.plan.build.spi.LoadPlanTreePrinter - LoadPlan(entity=com.ashutosh.socialhub.domain.ProfileImage)
    - Returns
       - EntityReturnImpl(entity=com.ashutosh.socialhub.domain.ProfileImage, querySpaceUid=&lt;gen:0&gt;, path=com.ashutosh.socialhub.domain.ProfileImage)
    - QuerySpaces
       - EntityQuerySpaceImpl(uid=&lt;gen:0&gt;, entity=com.ashutosh.socialhub.domain.ProfileImage)
          - SQL table alias mapping - profileima0_
          - alias suffix - 0_
          - suffixed key columns - {loginname1_6_0_}

11:32:00.659 [main] DEBUG org.hibernate.loader.entity.plan.EntityLoader - Static select for entity com.ashutosh.socialhub.domain.ProfileImage [UPGRADE]: select profileima0_.loginname as loginname1_6_0_, profileima0_.picture as picture2_6_0_ from ProfileImage profileima0_ where profileima0_.loginname=? for update
11:32:00.659 [main] DEBUG org.hibernate.loader.plan.build.internal.spaces.QuerySpacesImpl - Adding QuerySpace : uid = &lt;gen:0&gt; -&gt; org.hibernate.loader.plan.build.internal.spaces.EntityQuerySpaceImpl@45b7c97f]
11:32:00.659 [main] DEBUG org.hibernate.persister.walking.spi.MetamodelGraphWalker - Visiting attribute path : picture
11:32:00.659 [main] DEBUG org.hibernate.loader.plan.build.internal.FetchStyleLoadPlanBuildingAssociationVisitationStrategy - Building LoadPlan...
11:32:00.660 [main] DEBUG org.hibernate.loader.plan.exec.internal.LoadQueryJoinAndFetchProcessor - processing queryspace &lt;gen:0&gt;
11:32:00.660 [main] DEBUG org.hibernate.loader.plan.build.spi.LoadPlanTreePrinter - LoadPlan(entity=com.ashutosh.socialhub.domain.ProfileImage)
    - Returns
       - EntityReturnImpl(entity=com.ashutosh.socialhub.domain.ProfileImage, querySpaceUid=&lt;gen:0&gt;, path=com.ashutosh.socialhub.domain.ProfileImage)
    - QuerySpaces
       - EntityQuerySpaceImpl(uid=&lt;gen:0&gt;, entity=com.ashutosh.socialhub.domain.ProfileImage)
          - SQL table alias mapping - profileima0_
          - alias suffix - 0_
          - suffixed key columns - {loginname1_6_0_}

11:32:00.660 [main] DEBUG org.hibernate.loader.entity.plan.EntityLoader - Static select for entity com.ashutosh.socialhub.domain.ProfileImage [UPGRADE_NOWAIT]: select profileima0_.loginname as loginname1_6_0_, profileima0_.picture as picture2_6_0_ from ProfileImage profileima0_ where profileima0_.loginname=? for update nowait
11:32:00.660 [main] DEBUG org.hibernate.loader.plan.build.internal.spaces.QuerySpacesImpl - Adding QuerySpace : uid = &lt;gen:0&gt; -&gt; org.hibernate.loader.plan.build.internal.spaces.EntityQuerySpaceImpl@7b377a53]
11:32:00.660 [main] DEBUG org.hibernate.persister.walking.spi.MetamodelGraphWalker - Visiting attribute path : picture
11:32:00.660 [main] DEBUG org.hibernate.loader.plan.build.internal.FetchStyleLoadPlanBuildingAssociationVisitationStrategy - Building LoadPlan...
11:32:00.661 [main] DEBUG org.hibernate.loader.plan.exec.internal.LoadQueryJoinAndFetchProcessor - processing queryspace &lt;gen:0&gt;
11:32:00.661 [main] DEBUG org.hibernate.loader.plan.build.spi.LoadPlanTreePrinter - LoadPlan(entity=com.ashutosh.socialhub.domain.ProfileImage)
    - Returns
       - EntityReturnImpl(entity=com.ashutosh.socialhub.domain.ProfileImage, querySpaceUid=&lt;gen:0&gt;, path=com.ashutosh.socialhub.domain.ProfileImage)
    - QuerySpaces
       - EntityQuerySpaceImpl(uid=&lt;gen:0&gt;, entity=com.ashutosh.socialhub.domain.ProfileImage)
          - SQL table alias mapping - profileima0_
          - alias suffix - 0_
          - suffixed key columns - {loginname1_6_0_}

11:32:00.662 [main] DEBUG org.hibernate.loader.entity.plan.EntityLoader - Static select for entity com.ashutosh.socialhub.domain.ProfileImage [UPGRADE_SKIPLOCKED]: select profileima0_.loginname as loginname1_6_0_, profileima0_.picture as picture2_6_0_ from ProfileImage profileima0_ where profileima0_.loginname=? for update skip locked
11:32:00.662 [main] DEBUG org.hibernate.loader.plan.build.internal.spaces.QuerySpacesImpl - Adding QuerySpace : uid = &lt;gen:0&gt; -&gt; org.hibernate.loader.plan.build.internal.spaces.EntityQuerySpaceImpl@6009cd34]
11:32:00.662 [main] DEBUG org.hibernate.persister.walking.spi.MetamodelGraphWalker - Visiting attribute path : picture
11:32:00.662 [main] DEBUG org.hibernate.loader.plan.build.internal.FetchStyleLoadPlanBuildingAssociationVisitationStrategy - Building LoadPlan...
11:32:00.663 [main] DEBUG org.hibernate.loader.plan.exec.internal.LoadQueryJoinAndFetchProcessor - processing queryspace &lt;gen:0&gt;
11:32:00.663 [main] DEBUG org.hibernate.loader.plan.build.spi.LoadPlanTreePrinter - LoadPlan(entity=com.ashutosh.socialhub.domain.ProfileImage)
    - Returns
       - EntityReturnImpl(entity=com.ashutosh.socialhub.domain.ProfileImage, querySpaceUid=&lt;gen:0&gt;, path=com.ashutosh.socialhub.domain.ProfileImage)
    - QuerySpaces
       - EntityQuerySpaceImpl(uid=&lt;gen:0&gt;, entity=com.ashutosh.socialhub.domain.ProfileImage)
          - SQL table alias mapping - profileima0_
          - alias suffix - 0_
          - suffixed key columns - {loginname1_6_0_}

11:32:00.664 [main] DEBUG org.hibernate.loader.entity.plan.EntityLoader - Static select for entity com.ashutosh.socialhub.domain.ProfileImage [FORCE]: select profileima0_.loginname as loginname1_6_0_, profileima0_.picture as picture2_6_0_ from ProfileImage profileima0_ where profileima0_.loginname=? for update nowait
11:32:00.664 [main] DEBUG org.hibernate.loader.plan.build.internal.spaces.QuerySpacesImpl - Adding QuerySpace : uid = &lt;gen:0&gt; -&gt; org.hibernate.loader.plan.build.internal.spaces.EntityQuerySpaceImpl@25214797]
11:32:00.664 [main] DEBUG org.hibernate.persister.walking.spi.MetamodelGraphWalker - Visiting attribute path : picture
11:32:00.664 [main] DEBUG org.hibernate.loader.plan.build.internal.FetchStyleLoadPlanBuildingAssociationVisitationStrategy - Building LoadPlan...
11:32:00.665 [main] DEBUG org.hibernate.loader.plan.exec.internal.LoadQueryJoinAndFetchProcessor - processing queryspace &lt;gen:0&gt;
11:32:00.665 [main] DEBUG org.hibernate.loader.plan.build.spi.LoadPlanTreePrinter - LoadPlan(entity=com.ashutosh.socialhub.domain.ProfileImage)
    - Returns
       - EntityReturnImpl(entity=com.ashutosh.socialhub.domain.ProfileImage, querySpaceUid=&lt;gen:0&gt;, path=com.ashutosh.socialhub.domain.ProfileImage)
    - QuerySpaces
       - EntityQuerySpaceImpl(uid=&lt;gen:0&gt;, entity=com.ashutosh.socialhub.domain.ProfileImage)
          - SQL table alias mapping - profileima0_
          - alias suffix - 0_
          - suffixed key columns - {loginname1_6_0_}

11:32:00.665 [main] DEBUG org.hibernate.loader.entity.plan.EntityLoader - Static select for entity com.ashutosh.socialhub.domain.ProfileImage [PESSIMISTIC_READ]: select profileima0_.loginname as loginname1_6_0_, profileima0_.picture as picture2_6_0_ from ProfileImage profileima0_ where profileima0_.loginname=? for update
11:32:00.666 [main] DEBUG org.hibernate.loader.plan.build.internal.spaces.QuerySpacesImpl - Adding QuerySpace : uid = &lt;gen:0&gt; -&gt; org.hibernate.loader.plan.build.internal.spaces.EntityQuerySpaceImpl@60928a61]
11:32:00.666 [main] DEBUG org.hibernate.persister.walking.spi.MetamodelGraphWalker - Visiting attribute path : picture
11:32:00.666 [main] DEBUG org.hibernate.loader.plan.build.internal.FetchStyleLoadPlanBuildingAssociationVisitationStrategy - Building LoadPlan...
11:32:00.667 [main] DEBUG org.hibernate.loader.plan.exec.internal.LoadQueryJoinAndFetchProcessor - processing queryspace &lt;gen:0&gt;
11:32:00.667 [main] DEBUG org.hibernate.loader.plan.build.spi.LoadPlanTreePrinter - LoadPlan(entity=com.ashutosh.socialhub.domain.ProfileImage)
    - Returns
       - EntityReturnImpl(entity=com.ashutosh.socialhub.domain.ProfileImage, querySpaceUid=&lt;gen:0&gt;, path=com.ashutosh.socialhub.domain.ProfileImage)
    - QuerySpaces
       - EntityQuerySpaceImpl(uid=&lt;gen:0&gt;, entity=com.ashutosh.socialhub.domain.ProfileImage)
          - SQL table alias mapping - profileima0_
          - alias suffix - 0_
          - suffixed key columns - {loginname1_6_0_}

11:32:00.667 [main] DEBUG org.hibernate.loader.entity.plan.EntityLoader - Static select for entity com.ashutosh.socialhub.domain.ProfileImage [PESSIMISTIC_WRITE]: select profileima0_.loginname as loginname1_6_0_, profileima0_.picture as picture2_6_0_ from ProfileImage profileima0_ where profileima0_.loginname=? for update
11:32:00.668 [main] DEBUG org.hibernate.loader.plan.build.internal.spaces.QuerySpacesImpl - Adding QuerySpace : uid = &lt;gen:0&gt; -&gt; org.hibernate.loader.plan.build.internal.spaces.EntityQuerySpaceImpl@8077c97]
11:32:00.668 [main] DEBUG org.hibernate.persister.walking.spi.MetamodelGraphWalker - Visiting attribute path : picture
11:32:00.668 [main] DEBUG org.hibernate.loader.plan.build.internal.FetchStyleLoadPlanBuildingAssociationVisitationStrategy - Building LoadPlan...
11:32:00.668 [main] DEBUG org.hibernate.loader.plan.exec.internal.LoadQueryJoinAndFetchProcessor - processing queryspace &lt;gen:0&gt;
11:32:00.669 [main] DEBUG org.hibernate.loader.plan.build.spi.LoadPlanTreePrinter - LoadPlan(entity=com.ashutosh.socialhub.domain.ProfileImage)
    - Returns
       - EntityReturnImpl(entity=com.ashutosh.socialhub.domain.ProfileImage, querySpaceUid=&lt;gen:0&gt;, path=com.ashutosh.socialhub.domain.ProfileImage)
    - QuerySpaces
       - EntityQuerySpaceImpl(uid=&lt;gen:0&gt;, entity=com.ashutosh.socialhub.domain.ProfileImage)
          - SQL table alias mapping - profileima0_
          - alias suffix - 0_
          - suffixed key columns - {loginname1_6_0_}

11:32:00.669 [main] DEBUG org.hibernate.loader.entity.plan.EntityLoader - Static select for entity com.ashutosh.socialhub.domain.ProfileImage [PESSIMISTIC_FORCE_INCREMENT]: select profileima0_.loginname as loginname1_6_0_, profileima0_.picture as picture2_6_0_ from ProfileImage profileima0_ where profileima0_.loginname=? for update nowait
11:32:00.669 [main] DEBUG org.hibernate.loader.plan.build.internal.spaces.QuerySpacesImpl - Adding QuerySpace : uid = &lt;gen:0&gt; -&gt; org.hibernate.loader.plan.build.internal.spaces.EntityQuerySpaceImpl@563317c1]
11:32:00.670 [main] DEBUG org.hibernate.persister.walking.spi.MetamodelGraphWalker - Visiting attribute path : picture
11:32:00.670 [main] DEBUG org.hibernate.loader.plan.build.internal.FetchStyleLoadPlanBuildingAssociationVisitationStrategy - Building LoadPlan...
11:32:00.670 [main] DEBUG org.hibernate.loader.plan.exec.internal.LoadQueryJoinAndFetchProcessor - processing queryspace &lt;gen:0&gt;
11:32:00.671 [main] DEBUG org.hibernate.loader.plan.build.spi.LoadPlanTreePrinter - LoadPlan(entity=com.ashutosh.socialhub.domain.ProfileImage)
    - Returns
       - EntityReturnImpl(entity=com.ashutosh.socialhub.domain.ProfileImage, querySpaceUid=&lt;gen:0&gt;, path=com.ashutosh.socialhub.domain.ProfileImage)
    - QuerySpaces
       - EntityQuerySpaceImpl(uid=&lt;gen:0&gt;, entity=com.ashutosh.socialhub.domain.ProfileImage)
          - SQL table alias mapping - profileima0_
          - alias suffix - 0_
          - suffixed key columns - {loginname1_6_0_}

11:32:00.672 [main] DEBUG org.hibernate.loader.entity.plan.EntityLoader - Static select for entity com.ashutosh.socialhub.domain.ProfileImage [OPTIMISTIC]: select profileima0_.loginname as loginname1_6_0_, profileima0_.picture as picture2_6_0_ from ProfileImage profileima0_ where profileima0_.loginname=?
11:32:00.672 [main] DEBUG org.hibernate.loader.plan.build.internal.spaces.QuerySpacesImpl - Adding QuerySpace : uid = &lt;gen:0&gt; -&gt; org.hibernate.loader.plan.build.internal.spaces.EntityQuerySpaceImpl@6e0d16a4]
11:32:00.672 [main] DEBUG org.hibernate.persister.walking.spi.MetamodelGraphWalker - Visiting attribute path : picture
11:32:00.672 [main] DEBUG org.hibernate.loader.plan.build.internal.FetchStyleLoadPlanBuildingAssociationVisitationStrategy - Building LoadPlan...
11:32:00.673 [main] DEBUG org.hibernate.loader.plan.exec.internal.LoadQueryJoinAndFetchProcessor - processing queryspace &lt;gen:0&gt;
11:32:00.673 [main] DEBUG org.hibernate.loader.plan.build.spi.LoadPlanTreePrinter - LoadPlan(entity=com.ashutosh.socialhub.domain.ProfileImage)
    - Returns
       - EntityReturnImpl(entity=com.ashutosh.socialhub.domain.ProfileImage, querySpaceUid=&lt;gen:0&gt;, path=com.ashutosh.socialhub.domain.ProfileImage)
    - QuerySpaces
       - EntityQuerySpaceImpl(uid=&lt;gen:0&gt;, entity=com.ashutosh.socialhub.domain.ProfileImage)
          - SQL table alias mapping - profileima0_
          - alias suffix - 0_
          - suffixed key columns - {loginname1_6_0_}

11:32:00.673 [main] DEBUG org.hibernate.loader.entity.plan.EntityLoader - Static select for entity com.ashutosh.socialhub.domain.ProfileImage [OPTIMISTIC_FORCE_INCREMENT]: select profileima0_.loginname as loginname1_6_0_, profileima0_.picture as picture2_6_0_ from ProfileImage profileima0_ where profileima0_.loginname=?
11:32:00.674 [main] DEBUG org.hibernate.loader.Loader - Static select for action ACTION_MERGE on entity com.ashutosh.socialhub.domain.ProfileImage: select profileima0_.loginname as loginname1_6_0_, profileima0_.picture as picture2_6_0_ from ProfileImage profileima0_ where profileima0_.loginname=?
11:32:00.674 [main] DEBUG org.hibernate.loader.Loader - Static select for action ACTION_REFRESH on entity com.ashutosh.socialhub.domain.ProfileImage: select profileima0_.loginname as loginname1_6_0_, profileima0_.picture as picture2_6_0_ from ProfileImage profileima0_ where profileima0_.loginname=?
11:32:00.676 [main] DEBUG org.hibernate.persister.entity.AbstractEntityPersister - Static SQL for entity: com.ashutosh.socialhub.domain.Blogcomment
11:32:00.676 [main] DEBUG org.hibernate.persister.entity.AbstractEntityPersister -  Version select: select commentid from Blogcomment where commentid =?
11:32:00.676 [main] DEBUG org.hibernate.persister.entity.AbstractEntityPersister -  Snapshot select: select blogcommen_.commentid, blogcommen_.blogid as blogid2_1_, blogcommen_.commentdate as commentdate3_1_, blogcommen_.commenttext as commenttext4_1_, blogcommen_.loginname as loginname5_1_ from Blogcomment blogcommen_ where blogcommen_.commentid=?
11:32:00.677 [main] DEBUG org.hibernate.persister.entity.AbstractEntityPersister -  Insert 0: insert into Blogcomment (blogid, commentdate, commenttext, loginname, commentid) values (?, ?, ?, ?, ?)
11:32:00.677 [main] DEBUG org.hibernate.persister.entity.AbstractEntityPersister -  Update 0: update Blogcomment set blogid=?, commentdate=?, commenttext=?, loginname=? where commentid=?
11:32:00.677 [main] DEBUG org.hibernate.persister.entity.AbstractEntityPersister -  Delete 0: delete from Blogcomment where commentid=?
11:32:00.677 [main] DEBUG org.hibernate.loader.plan.build.internal.spaces.QuerySpacesImpl - Adding QuerySpace : uid = &lt;gen:0&gt; -&gt; org.hibernate.loader.plan.build.internal.spaces.EntityQuerySpaceImpl@305b43ca]
11:32:00.678 [main] DEBUG org.hibernate.persister.walking.spi.MetamodelGraphWalker - Visiting attribute path : blogid
11:32:00.678 [main] DEBUG org.hibernate.persister.walking.spi.MetamodelGraphWalker - Visiting attribute path : commentdate
11:32:00.678 [main] DEBUG org.hibernate.persister.walking.spi.MetamodelGraphWalker - Visiting attribute path : commenttext
11:32:00.682 [main] DEBUG org.hibernate.persister.walking.spi.MetamodelGraphWalker - Visiting attribute path : loginname
11:32:00.682 [main] DEBUG org.hibernate.loader.plan.build.internal.FetchStyleLoadPlanBuildingAssociationVisitationStrategy - Building LoadPlan...
11:32:00.683 [main] DEBUG org.hibernate.loader.plan.exec.internal.LoadQueryJoinAndFetchProcessor - processing queryspace &lt;gen:0&gt;
11:32:00.683 [main] DEBUG org.hibernate.loader.plan.build.spi.LoadPlanTreePrinter - LoadPlan(entity=com.ashutosh.socialhub.domain.Blogcomment)
    - Returns
       - EntityReturnImpl(entity=com.ashutosh.socialhub.domain.Blogcomment, querySpaceUid=&lt;gen:0&gt;, path=com.ashutosh.socialhub.domain.Blogcomment)
    - QuerySpaces
       - EntityQuerySpaceImpl(uid=&lt;gen:0&gt;, entity=com.ashutosh.socialhub.domain.Blogcomment)
          - SQL table alias mapping - blogcommen0_
          - alias suffix - 0_
          - suffixed key columns - {commentid1_1_0_}

11:32:00.683 [main] DEBUG org.hibernate.loader.entity.plan.EntityLoader - Static select for entity com.ashutosh.socialhub.domain.Blogcomment [NONE]: select blogcommen0_.commentid as commentid1_1_0_, blogcommen0_.blogid as blogid2_1_0_, blogcommen0_.commentdate as commentdate3_1_0_, blogcommen0_.commenttext as commenttext4_1_0_, blogcommen0_.loginname as loginname5_1_0_ from Blogcomment blogcommen0_ where blogcommen0_.commentid=?
11:32:00.684 [main] DEBUG org.hibernate.loader.plan.build.internal.spaces.QuerySpacesImpl - Adding QuerySpace : uid = &lt;gen:0&gt; -&gt; org.hibernate.loader.plan.build.internal.spaces.EntityQuerySpaceImpl@25e8e59]
11:32:00.684 [main] DEBUG org.hibernate.persister.walking.spi.MetamodelGraphWalker - Visiting attribute path : blogid
11:32:00.684 [main] DEBUG org.hibernate.persister.walking.spi.MetamodelGraphWalker - Visiting attribute path : commentdate
11:32:00.684 [main] DEBUG org.hibernate.persister.walking.spi.MetamodelGraphWalker - Visiting attribute path : commenttext
11:32:00.684 [main] DEBUG org.hibernate.persister.walking.spi.MetamodelGraphWalker - Visiting attribute path : loginname
11:32:00.684 [main] DEBUG org.hibernate.loader.plan.build.internal.FetchStyleLoadPlanBuildingAssociationVisitationStrategy - Building LoadPlan...
11:32:00.685 [main] DEBUG org.hibernate.loader.plan.exec.internal.LoadQueryJoinAndFetchProcessor - processing queryspace &lt;gen:0&gt;
11:32:00.686 [main] DEBUG org.hibernate.loader.plan.build.spi.LoadPlanTreePrinter - LoadPlan(entity=com.ashutosh.socialhub.domain.Blogcomment)
    - Returns
       - EntityReturnImpl(entity=com.ashutosh.socialhub.domain.Blogcomment, querySpaceUid=&lt;gen:0&gt;, path=com.ashutosh.socialhub.domain.Blogcomment)
    - QuerySpaces
       - EntityQuerySpaceImpl(uid=&lt;gen:0&gt;, entity=com.ashutosh.socialhub.domain.Blogcomment)
          - SQL table alias mapping - blogcommen0_
          - alias suffix - 0_
          - suffixed key columns - {commentid1_1_0_}

11:32:00.686 [main] DEBUG org.hibernate.loader.entity.plan.EntityLoader - Static select for entity com.ashutosh.socialhub.domain.Blogcomment [READ]: select blogcommen0_.commentid as commentid1_1_0_, blogcommen0_.blogid as blogid2_1_0_, blogcommen0_.commentdate as commentdate3_1_0_, blogcommen0_.commenttext as commenttext4_1_0_, blogcommen0_.loginname as loginname5_1_0_ from Blogcomment blogcommen0_ where blogcommen0_.commentid=?
11:32:00.686 [main] DEBUG org.hibernate.loader.plan.build.internal.spaces.QuerySpacesImpl - Adding QuerySpace : uid = &lt;gen:0&gt; -&gt; org.hibernate.loader.plan.build.internal.spaces.EntityQuerySpaceImpl@50a7c72b]
11:32:00.686 [main] DEBUG org.hibernate.persister.walking.spi.MetamodelGraphWalker - Visiting attribute path : blogid
11:32:00.687 [main] DEBUG org.hibernate.persister.walking.spi.MetamodelGraphWalker - Visiting attribute path : commentdate
11:32:00.687 [main] DEBUG org.hibernate.persister.walking.spi.MetamodelGraphWalker - Visiting attribute path : commenttext
11:32:00.687 [main] DEBUG org.hibernate.persister.walking.spi.MetamodelGraphWalker - Visiting attribute path : loginname
11:32:00.689 [main] DEBUG org.hibernate.loader.plan.build.internal.FetchStyleLoadPlanBuildingAssociationVisitationStrategy - Building LoadPlan...
11:32:00.689 [main] DEBUG org.hibernate.loader.plan.exec.internal.LoadQueryJoinAndFetchProcessor - processing queryspace &lt;gen:0&gt;
11:32:00.690 [main] DEBUG org.hibernate.loader.plan.build.spi.LoadPlanTreePrinter - LoadPlan(entity=com.ashutosh.socialhub.domain.Blogcomment)
    - Returns
       - EntityReturnImpl(entity=com.ashutosh.socialhub.domain.Blogcomment, querySpaceUid=&lt;gen:0&gt;, path=com.ashutosh.socialhub.domain.Blogcomment)
    - QuerySpaces
       - EntityQuerySpaceImpl(uid=&lt;gen:0&gt;, entity=com.ashutosh.socialhub.domain.Blogcomment)
          - SQL table alias mapping - blogcommen0_
          - alias suffix - 0_
          - suffixed key columns - {commentid1_1_0_}

11:32:00.690 [main] DEBUG org.hibernate.loader.entity.plan.EntityLoader - Static select for entity com.ashutosh.socialhub.domain.Blogcomment [UPGRADE]: select blogcommen0_.commentid as commentid1_1_0_, blogcommen0_.blogid as blogid2_1_0_, blogcommen0_.commentdate as commentdate3_1_0_, blogcommen0_.commenttext as commenttext4_1_0_, blogcommen0_.loginname as loginname5_1_0_ from Blogcomment blogcommen0_ where blogcommen0_.commentid=? for update
11:32:00.690 [main] DEBUG org.hibernate.loader.plan.build.internal.spaces.QuerySpacesImpl - Adding QuerySpace : uid = &lt;gen:0&gt; -&gt; org.hibernate.loader.plan.build.internal.spaces.EntityQuerySpaceImpl@221b77d7]
11:32:00.691 [main] DEBUG org.hibernate.persister.walking.spi.MetamodelGraphWalker - Visiting attribute path : blogid
11:32:00.691 [main] DEBUG org.hibernate.persister.walking.spi.MetamodelGraphWalker - Visiting attribute path : commentdate
11:32:00.691 [main] DEBUG org.hibernate.persister.walking.spi.MetamodelGraphWalker - Visiting attribute path : commenttext
11:32:00.691 [main] DEBUG org.hibernate.persister.walking.spi.MetamodelGraphWalker - Visiting attribute path : loginname
11:32:00.691 [main] DEBUG org.hibernate.loader.plan.build.internal.FetchStyleLoadPlanBuildingAssociationVisitationStrategy - Building LoadPlan...
11:32:00.692 [main] DEBUG org.hibernate.loader.plan.exec.internal.LoadQueryJoinAndFetchProcessor - processing queryspace &lt;gen:0&gt;
11:32:00.692 [main] DEBUG org.hibernate.loader.plan.build.spi.LoadPlanTreePrinter - LoadPlan(entity=com.ashutosh.socialhub.domain.Blogcomment)
    - Returns
       - EntityReturnImpl(entity=com.ashutosh.socialhub.domain.Blogcomment, querySpaceUid=&lt;gen:0&gt;, path=com.ashutosh.socialhub.domain.Blogcomment)
    - QuerySpaces
       - EntityQuerySpaceImpl(uid=&lt;gen:0&gt;, entity=com.ashutosh.socialhub.domain.Blogcomment)
          - SQL table alias mapping - blogcommen0_
          - alias suffix - 0_
          - suffixed key columns - {commentid1_1_0_}

11:32:00.693 [main] DEBUG org.hibernate.loader.entity.plan.EntityLoader - Static select for entity com.ashutosh.socialhub.domain.Blogcomment [UPGRADE_NOWAIT]: select blogcommen0_.commentid as commentid1_1_0_, blogcommen0_.blogid as blogid2_1_0_, blogcommen0_.commentdate as commentdate3_1_0_, blogcommen0_.commenttext as commenttext4_1_0_, blogcommen0_.loginname as loginname5_1_0_ from Blogcomment blogcommen0_ where blogcommen0_.commentid=? for update nowait
11:32:00.693 [main] DEBUG org.hibernate.loader.plan.build.internal.spaces.QuerySpacesImpl - Adding QuerySpace : uid = &lt;gen:0&gt; -&gt; org.hibernate.loader.plan.build.internal.spaces.EntityQuerySpaceImpl@32a8ca06]
11:32:00.693 [main] DEBUG org.hibernate.persister.walking.spi.MetamodelGraphWalker - Visiting attribute path : blogid
11:32:00.693 [main] DEBUG org.hibernate.persister.walking.spi.MetamodelGraphWalker - Visiting attribute path : commentdate
11:32:00.694 [main] DEBUG org.hibernate.persister.walking.spi.MetamodelGraphWalker - Visiting attribute path : commenttext
11:32:00.694 [main] DEBUG org.hibernate.persister.walking.spi.MetamodelGraphWalker - Visiting attribute path : loginname
11:32:00.694 [main] DEBUG org.hibernate.loader.plan.build.internal.FetchStyleLoadPlanBuildingAssociationVisitationStrategy - Building LoadPlan...
11:32:00.694 [main] DEBUG org.hibernate.loader.plan.exec.internal.LoadQueryJoinAndFetchProcessor - processing queryspace &lt;gen:0&gt;
11:32:00.694 [main] DEBUG org.hibernate.loader.plan.build.spi.LoadPlanTreePrinter - LoadPlan(entity=com.ashutosh.socialhub.domain.Blogcomment)
    - Returns
       - EntityReturnImpl(entity=com.ashutosh.socialhub.domain.Blogcomment, querySpaceUid=&lt;gen:0&gt;, path=com.ashutosh.socialhub.domain.Blogcomment)
    - QuerySpaces
       - EntityQuerySpaceImpl(uid=&lt;gen:0&gt;, entity=com.ashutosh.socialhub.domain.Blogcomment)
          - SQL table alias mapping - blogcommen0_
          - alias suffix - 0_
          - suffixed key columns - {commentid1_1_0_}

11:32:00.694 [main] DEBUG org.hibernate.loader.entity.plan.EntityLoader - Static select for entity com.ashutosh.socialhub.domain.Blogcomment [UPGRADE_SKIPLOCKED]: select blogcommen0_.commentid as commentid1_1_0_, blogcommen0_.blogid as blogid2_1_0_, blogcommen0_.commentdate as commentdate3_1_0_, blogcommen0_.commenttext as commenttext4_1_0_, blogcommen0_.loginname as loginname5_1_0_ from Blogcomment blogcommen0_ where blogcommen0_.commentid=? for update skip locked
11:32:00.695 [main] DEBUG org.hibernate.loader.plan.build.internal.spaces.QuerySpacesImpl - Adding QuerySpace : uid = &lt;gen:0&gt; -&gt; org.hibernate.loader.plan.build.internal.spaces.EntityQuerySpaceImpl@1753475d]
11:32:00.695 [main] DEBUG org.hibernate.persister.walking.spi.MetamodelGraphWalker - Visiting attribute path : blogid
11:32:00.695 [main] DEBUG org.hibernate.persister.walking.spi.MetamodelGraphWalker - Visiting attribute path : commentdate
11:32:00.695 [main] DEBUG org.hibernate.persister.walking.spi.MetamodelGraphWalker - Visiting attribute path : commenttext
11:32:00.695 [main] DEBUG org.hibernate.persister.walking.spi.MetamodelGraphWalker - Visiting attribute path : loginname
11:32:00.695 [main] DEBUG org.hibernate.loader.plan.build.internal.FetchStyleLoadPlanBuildingAssociationVisitationStrategy - Building LoadPlan...
11:32:00.695 [main] DEBUG org.hibernate.loader.plan.exec.internal.LoadQueryJoinAndFetchProcessor - processing queryspace &lt;gen:0&gt;
11:32:00.696 [main] DEBUG org.hibernate.loader.plan.build.spi.LoadPlanTreePrinter - LoadPlan(entity=com.ashutosh.socialhub.domain.Blogcomment)
    - Returns
       - EntityReturnImpl(entity=com.ashutosh.socialhub.domain.Blogcomment, querySpaceUid=&lt;gen:0&gt;, path=com.ashutosh.socialhub.domain.Blogcomment)
    - QuerySpaces
       - EntityQuerySpaceImpl(uid=&lt;gen:0&gt;, entity=com.ashutosh.socialhub.domain.Blogcomment)
          - SQL table alias mapping - blogcommen0_
          - alias suffix - 0_
          - suffixed key columns - {commentid1_1_0_}

11:32:00.696 [main] DEBUG org.hibernate.loader.entity.plan.EntityLoader - Static select for entity com.ashutosh.socialhub.domain.Blogcomment [FORCE]: select blogcommen0_.commentid as commentid1_1_0_, blogcommen0_.blogid as blogid2_1_0_, blogcommen0_.commentdate as commentdate3_1_0_, blogcommen0_.commenttext as commenttext4_1_0_, blogcommen0_.loginname as loginname5_1_0_ from Blogcomment blogcommen0_ where blogcommen0_.commentid=? for update nowait
11:32:00.696 [main] DEBUG org.hibernate.loader.plan.build.internal.spaces.QuerySpacesImpl - Adding QuerySpace : uid = &lt;gen:0&gt; -&gt; org.hibernate.loader.plan.build.internal.spaces.EntityQuerySpaceImpl@799c8758]
11:32:00.696 [main] DEBUG org.hibernate.persister.walking.spi.MetamodelGraphWalker - Visiting attribute path : blogid
11:32:00.696 [main] DEBUG org.hibernate.persister.walking.spi.MetamodelGraphWalker - Visiting attribute path : commentdate
11:32:00.696 [main] DEBUG org.hibernate.persister.walking.spi.MetamodelGraphWalker - Visiting attribute path : commenttext
11:32:00.696 [main] DEBUG org.hibernate.persister.walking.spi.MetamodelGraphWalker - Visiting attribute path : loginname
11:32:00.696 [main] DEBUG org.hibernate.loader.plan.build.internal.FetchStyleLoadPlanBuildingAssociationVisitationStrategy - Building LoadPlan...
11:32:00.696 [main] DEBUG org.hibernate.loader.plan.exec.internal.LoadQueryJoinAndFetchProcessor - processing queryspace &lt;gen:0&gt;
11:32:00.697 [main] DEBUG org.hibernate.loader.plan.build.spi.LoadPlanTreePrinter - LoadPlan(entity=com.ashutosh.socialhub.domain.Blogcomment)
    - Returns
       - EntityReturnImpl(entity=com.ashutosh.socialhub.domain.Blogcomment, querySpaceUid=&lt;gen:0&gt;, path=com.ashutosh.socialhub.domain.Blogcomment)
    - QuerySpaces
       - EntityQuerySpaceImpl(uid=&lt;gen:0&gt;, entity=com.ashutosh.socialhub.domain.Blogcomment)
          - SQL table alias mapping - blogcommen0_
          - alias suffix - 0_
          - suffixed key columns - {commentid1_1_0_}

11:32:00.697 [main] DEBUG org.hibernate.loader.entity.plan.EntityLoader - Static select for entity com.ashutosh.socialhub.domain.Blogcomment [PESSIMISTIC_READ]: select blogcommen0_.commentid as commentid1_1_0_, blogcommen0_.blogid as blogid2_1_0_, blogcommen0_.commentdate as commentdate3_1_0_, blogcommen0_.commenttext as commenttext4_1_0_, blogcommen0_.loginname as loginname5_1_0_ from Blogcomment blogcommen0_ where blogcommen0_.commentid=? for update
11:32:00.697 [main] DEBUG org.hibernate.loader.plan.build.internal.spaces.QuerySpacesImpl - Adding QuerySpace : uid = &lt;gen:0&gt; -&gt; org.hibernate.loader.plan.build.internal.spaces.EntityQuerySpaceImpl@63e4484d]
11:32:00.697 [main] DEBUG org.hibernate.persister.walking.spi.MetamodelGraphWalker - Visiting attribute path : blogid
11:32:00.697 [main] DEBUG org.hibernate.persister.walking.spi.MetamodelGraphWalker - Visiting attribute path : commentdate
11:32:00.697 [main] DEBUG org.hibernate.persister.walking.spi.MetamodelGraphWalker - Visiting attribute path : commenttext
11:32:00.697 [main] DEBUG org.hibernate.persister.walking.spi.MetamodelGraphWalker - Visiting attribute path : loginname
11:32:00.697 [main] DEBUG org.hibernate.loader.plan.build.internal.FetchStyleLoadPlanBuildingAssociationVisitationStrategy - Building LoadPlan...
11:32:00.697 [main] DEBUG org.hibernate.loader.plan.exec.internal.LoadQueryJoinAndFetchProcessor - processing queryspace &lt;gen:0&gt;
11:32:00.697 [main] DEBUG org.hibernate.loader.plan.build.spi.LoadPlanTreePrinter - LoadPlan(entity=com.ashutosh.socialhub.domain.Blogcomment)
    - Returns
       - EntityReturnImpl(entity=com.ashutosh.socialhub.domain.Blogcomment, querySpaceUid=&lt;gen:0&gt;, path=com.ashutosh.socialhub.domain.Blogcomment)
    - QuerySpaces
       - EntityQuerySpaceImpl(uid=&lt;gen:0&gt;, entity=com.ashutosh.socialhub.domain.Blogcomment)
          - SQL table alias mapping - blogcommen0_
          - alias suffix - 0_
          - suffixed key columns - {commentid1_1_0_}

11:32:00.698 [main] DEBUG org.hibernate.loader.entity.plan.EntityLoader - Static select for entity com.ashutosh.socialhub.domain.Blogcomment [PESSIMISTIC_WRITE]: select blogcommen0_.commentid as commentid1_1_0_, blogcommen0_.blogid as blogid2_1_0_, blogcommen0_.commentdate as commentdate3_1_0_, blogcommen0_.commenttext as commenttext4_1_0_, blogcommen0_.loginname as loginname5_1_0_ from Blogcomment blogcommen0_ where blogcommen0_.commentid=? for update
11:32:00.698 [main] DEBUG org.hibernate.loader.plan.build.internal.spaces.QuerySpacesImpl - Adding QuerySpace : uid = &lt;gen:0&gt; -&gt; org.hibernate.loader.plan.build.internal.spaces.EntityQuerySpaceImpl@77663cd7]
11:32:00.698 [main] DEBUG org.hibernate.persister.walking.spi.MetamodelGraphWalker - Visiting attribute path : blogid
11:32:00.698 [main] DEBUG org.hibernate.persister.walking.spi.MetamodelGraphWalker - Visiting attribute path : commentdate
11:32:00.698 [main] DEBUG org.hibernate.persister.walking.spi.MetamodelGraphWalker - Visiting attribute path : commenttext
11:32:00.698 [main] DEBUG org.hibernate.persister.walking.spi.MetamodelGraphWalker - Visiting attribute path : loginname
11:32:00.698 [main] DEBUG org.hibernate.loader.plan.build.internal.FetchStyleLoadPlanBuildingAssociationVisitationStrategy - Building LoadPlan...
11:32:00.698 [main] DEBUG org.hibernate.loader.plan.exec.internal.LoadQueryJoinAndFetchProcessor - processing queryspace &lt;gen:0&gt;
11:32:00.699 [main] DEBUG org.hibernate.loader.plan.build.spi.LoadPlanTreePrinter - LoadPlan(entity=com.ashutosh.socialhub.domain.Blogcomment)
    - Returns
       - EntityReturnImpl(entity=com.ashutosh.socialhub.domain.Blogcomment, querySpaceUid=&lt;gen:0&gt;, path=com.ashutosh.socialhub.domain.Blogcomment)
    - QuerySpaces
       - EntityQuerySpaceImpl(uid=&lt;gen:0&gt;, entity=com.ashutosh.socialhub.domain.Blogcomment)
          - SQL table alias mapping - blogcommen0_
          - alias suffix - 0_
          - suffixed key columns - {commentid1_1_0_}

11:32:00.699 [main] DEBUG org.hibernate.loader.entity.plan.EntityLoader - Static select for entity com.ashutosh.socialhub.domain.Blogcomment [PESSIMISTIC_FORCE_INCREMENT]: select blogcommen0_.commentid as commentid1_1_0_, blogcommen0_.blogid as blogid2_1_0_, blogcommen0_.commentdate as commentdate3_1_0_, blogcommen0_.commenttext as commenttext4_1_0_, blogcommen0_.loginname as loginname5_1_0_ from Blogcomment blogcommen0_ where blogcommen0_.commentid=? for update nowait
11:32:00.699 [main] DEBUG org.hibernate.loader.plan.build.internal.spaces.QuerySpacesImpl - Adding QuerySpace : uid = &lt;gen:0&gt; -&gt; org.hibernate.loader.plan.build.internal.spaces.EntityQuerySpaceImpl@5c70d7f0]
11:32:00.699 [main] DEBUG org.hibernate.persister.walking.spi.MetamodelGraphWalker - Visiting attribute path : blogid
11:32:00.699 [main] DEBUG org.hibernate.persister.walking.spi.MetamodelGraphWalker - Visiting attribute path : commentdate
11:32:00.699 [main] DEBUG org.hibernate.persister.walking.spi.MetamodelGraphWalker - Visiting attribute path : commenttext
11:32:00.699 [main] DEBUG org.hibernate.persister.walking.spi.MetamodelGraphWalker - Visiting attribute path : loginname
11:32:00.699 [main] DEBUG org.hibernate.loader.plan.build.internal.FetchStyleLoadPlanBuildingAssociationVisitationStrategy - Building LoadPlan...
11:32:00.699 [main] DEBUG org.hibernate.loader.plan.exec.internal.LoadQueryJoinAndFetchProcessor - processing queryspace &lt;gen:0&gt;
11:32:00.700 [main] DEBUG org.hibernate.loader.plan.build.spi.LoadPlanTreePrinter - LoadPlan(entity=com.ashutosh.socialhub.domain.Blogcomment)
    - Returns
       - EntityReturnImpl(entity=com.ashutosh.socialhub.domain.Blogcomment, querySpaceUid=&lt;gen:0&gt;, path=com.ashutosh.socialhub.domain.Blogcomment)
    - QuerySpaces
       - EntityQuerySpaceImpl(uid=&lt;gen:0&gt;, entity=com.ashutosh.socialhub.domain.Blogcomment)
          - SQL table alias mapping - blogcommen0_
          - alias suffix - 0_
          - suffixed key columns - {commentid1_1_0_}

11:32:00.700 [main] DEBUG org.hibernate.loader.entity.plan.EntityLoader - Static select for entity com.ashutosh.socialhub.domain.Blogcomment [OPTIMISTIC]: select blogcommen0_.commentid as commentid1_1_0_, blogcommen0_.blogid as blogid2_1_0_, blogcommen0_.commentdate as commentdate3_1_0_, blogcommen0_.commenttext as commenttext4_1_0_, blogcommen0_.loginname as loginname5_1_0_ from Blogcomment blogcommen0_ where blogcommen0_.commentid=?
11:32:00.700 [main] DEBUG org.hibernate.loader.plan.build.internal.spaces.QuerySpacesImpl - Adding QuerySpace : uid = &lt;gen:0&gt; -&gt; org.hibernate.loader.plan.build.internal.spaces.EntityQuerySpaceImpl@1e6bd263]
11:32:00.700 [main] DEBUG org.hibernate.persister.walking.spi.MetamodelGraphWalker - Visiting attribute path : blogid
11:32:00.700 [main] DEBUG org.hibernate.persister.walking.spi.MetamodelGraphWalker - Visiting attribute path : commentdate
11:32:00.700 [main] DEBUG org.hibernate.persister.walking.spi.MetamodelGraphWalker - Visiting attribute path : commenttext
11:32:00.700 [main] DEBUG org.hibernate.persister.walking.spi.MetamodelGraphWalker - Visiting attribute path : loginname
11:32:00.700 [main] DEBUG org.hibernate.loader.plan.build.internal.FetchStyleLoadPlanBuildingAssociationVisitationStrategy - Building LoadPlan...
11:32:00.700 [main] DEBUG org.hibernate.loader.plan.exec.internal.LoadQueryJoinAndFetchProcessor - processing queryspace &lt;gen:0&gt;
11:32:00.701 [main] DEBUG org.hibernate.loader.plan.build.spi.LoadPlanTreePrinter - LoadPlan(entity=com.ashutosh.socialhub.domain.Blogcomment)
    - Returns
       - EntityReturnImpl(entity=com.ashutosh.socialhub.domain.Blogcomment, querySpaceUid=&lt;gen:0&gt;, path=com.ashutosh.socialhub.domain.Blogcomment)
    - QuerySpaces
       - EntityQuerySpaceImpl(uid=&lt;gen:0&gt;, entity=com.ashutosh.socialhub.domain.Blogcomment)
          - SQL table alias mapping - blogcommen0_
          - alias suffix - 0_
          - suffixed key columns - {commentid1_1_0_}

11:32:00.701 [main] DEBUG org.hibernate.loader.entity.plan.EntityLoader - Static select for entity com.ashutosh.socialhub.domain.Blogcomment [OPTIMISTIC_FORCE_INCREMENT]: select blogcommen0_.commentid as commentid1_1_0_, blogcommen0_.blogid as blogid2_1_0_, blogcommen0_.commentdate as commentdate3_1_0_, blogcommen0_.commenttext as commenttext4_1_0_, blogcommen0_.loginname as loginname5_1_0_ from Blogcomment blogcommen0_ where blogcommen0_.commentid=?
11:32:00.701 [main] DEBUG org.hibernate.loader.Loader - Static select for action ACTION_MERGE on entity com.ashutosh.socialhub.domain.Blogcomment: select blogcommen0_.commentid as commentid1_1_0_, blogcommen0_.blogid as blogid2_1_0_, blogcommen0_.commentdate as commentdate3_1_0_, blogcommen0_.commenttext as commenttext4_1_0_, blogcommen0_.loginname as loginname5_1_0_ from Blogcomment blogcommen0_ where blogcommen0_.commentid=?
11:32:00.701 [main] DEBUG org.hibernate.loader.Loader - Static select for action ACTION_REFRESH on entity com.ashutosh.socialhub.domain.Blogcomment: select blogcommen0_.commentid as commentid1_1_0_, blogcommen0_.blogid as blogid2_1_0_, blogcommen0_.commentdate as commentdate3_1_0_, blogcommen0_.commenttext as commenttext4_1_0_, blogcommen0_.loginname as loginname5_1_0_ from Blogcomment blogcommen0_ where blogcommen0_.commentid=?
11:32:00.707 [main] DEBUG org.springframework.jdbc.datasource.DriverManagerDataSource - Creating new JDBC DriverManager Connection to [jdbc:oracle:thin:@localhost:1521:XE]
11:32:00.738 [main] DEBUG org.hibernate.tool.schema.spi.SchemaManagementToolCoordinator - No actions specified; doing nothing
11:32:00.738 [main] DEBUG org.hibernate.engine.transaction.jta.platform.internal.JtaPlatformInitiator - No JtaPlatform was specified, checking resolver
11:32:00.738 [main] DEBUG org.hibernate.engine.transaction.jta.platform.internal.JtaPlatformResolverInitiator - No JtaPlatformResolver was specified, using default [org.hibernate.engine.transaction.jta.platform.internal.StandardJtaPlatformResolver]
11:32:00.745 [main] DEBUG org.hibernate.engine.transaction.jta.platform.internal.StandardJtaPlatformResolver - Could not resolve JtaPlatform, using default [org.hibernate.engine.transaction.jta.platform.internal.NoJtaPlatform]
11:32:00.745 [main] DEBUG org.hibernate.query.spi.NamedQueryRepository - Checking 0 named HQL queries
11:32:00.745 [main] DEBUG org.hibernate.query.spi.NamedQueryRepository - Checking 0 named SQL queries
11:32:00.745 [main] DEBUG org.hibernate.internal.SessionFactoryRegistry - Registering SessionFactory: c3be00fc-6bc4-43f0-b2ec-e44479b5c48b (&lt;unnamed&gt;)
11:32:00.746 [main] DEBUG org.hibernate.internal.SessionFactoryRegistry - Not binding SessionFactory to JNDI, no JNDI name configured
11:32:00.747 [main] DEBUG org.springframework.beans.factory.support.DefaultListableBeanFactory - Eagerly caching bean &apos;sessionFactory&apos; to allow for resolving potential circular references
11:32:00.750 [main] DEBUG org.springframework.beans.factory.support.DefaultListableBeanFactory - Returning cached instance of singleton bean &apos;org.springframework.transaction.config.internalTransactionAdvisor&apos;
11:32:00.766 [main] DEBUG org.springframework.beans.factory.support.DefaultListableBeanFactory - Finished creating instance of bean &apos;sessionFactory&apos;
11:32:00.767 [main] DEBUG org.springframework.beans.factory.annotation.AutowiredAnnotationBeanPostProcessor - Autowiring by type from bean name &apos;blogcommentDAO&apos; to bean named &apos;sessionFactory&apos;
11:32:00.767 [main] DEBUG org.springframework.beans.factory.support.DefaultListableBeanFactory - Returning cached instance of singleton bean &apos;org.springframework.transaction.config.internalTransactionAdvisor&apos;
11:32:00.767 [main] DEBUG org.springframework.transaction.annotation.AnnotationTransactionAttributeSource - Adding transactional method &apos;com.ashutosh.socialhub.dao.impl.BlogcommentDAOImpl.addComment&apos; with attribute: PROPAGATION_REQUIRED,ISOLATION_DEFAULT
11:32:00.768 [main] DEBUG org.springframework.aop.framework.autoproxy.InfrastructureAdvisorAutoProxyCreator - Creating implicit proxy for bean &apos;blogcommentDAO&apos; with 0 common interceptors and 1 specific interceptors
11:32:00.768 [main] DEBUG org.springframework.aop.framework.JdkDynamicAopProxy - Creating JDK dynamic proxy: target source is SingletonTargetSource for target object [com.ashutosh.socialhub.dao.impl.BlogcommentDAOImpl@6eede35e]
11:32:00.768 [main] DEBUG org.springframework.beans.factory.support.DefaultListableBeanFactory - Finished creating instance of bean &apos;blogcommentDAO&apos;
11:32:00.768 [main] DEBUG org.springframework.beans.factory.support.DefaultListableBeanFactory - Creating shared instance of singleton bean &apos;blogDAO&apos;
11:32:00.768 [main] DEBUG org.springframework.beans.factory.support.DefaultListableBeanFactory - Creating instance of bean &apos;blogDAO&apos;
11:32:00.769 [main] DEBUG org.springframework.beans.factory.annotation.InjectionMetadata - Registered injected element on class [com.ashutosh.socialhub.dao.impl.BlogDAOImpl]: AutowiredFieldElement for private org.hibernate.SessionFactory com.ashutosh.socialhub.dao.impl.BlogDAOImpl.sessionFactory
11:32:00.769 [main] DEBUG org.springframework.beans.factory.support.DefaultListableBeanFactory - Eagerly caching bean &apos;blogDAO&apos; to allow for resolving potential circular references
11:32:00.771 [main] DEBUG org.springframework.beans.factory.annotation.InjectionMetadata - Processing injected element of bean &apos;blogDAO&apos;: AutowiredFieldElement for private org.hibernate.SessionFactory com.ashutosh.socialhub.dao.impl.BlogDAOImpl.sessionFactory
11:32:00.771 [main] DEBUG org.springframework.core.annotation.AnnotationUtils - Failed to meta-introspect annotation [interface org.springframework.beans.factory.annotation.Autowired]: java.lang.NullPointerException
11:32:00.772 [main] DEBUG org.springframework.beans.factory.support.DefaultListableBeanFactory - Returning cached instance of singleton bean &apos;sessionFactory&apos;
11:32:00.772 [main] DEBUG org.springframework.beans.factory.annotation.AutowiredAnnotationBeanPostProcessor - Autowiring by type from bean name &apos;blogDAO&apos; to bean named &apos;sessionFactory&apos;
11:32:00.772 [main] DEBUG org.springframework.beans.factory.support.DefaultListableBeanFactory - Returning cached instance of singleton bean &apos;org.springframework.transaction.config.internalTransactionAdvisor&apos;
11:32:00.772 [main] DEBUG org.springframework.transaction.annotation.AnnotationTransactionAttributeSource - Adding transactional method &apos;com.ashutosh.socialhub.dao.impl.BlogDAOImpl.get&apos; with attribute: PROPAGATION_REQUIRED,ISOLATION_DEFAULT
11:32:00.772 [main] DEBUG org.springframework.aop.framework.autoproxy.InfrastructureAdvisorAutoProxyCreator - Creating implicit proxy for bean &apos;blogDAO&apos; with 0 common interceptors and 1 specific interceptors
11:32:00.772 [main] DEBUG org.springframework.aop.framework.JdkDynamicAopProxy - Creating JDK dynamic proxy: target source is SingletonTargetSource for target object [com.ashutosh.socialhub.dao.impl.BlogDAOImpl@43e8f1c]
11:32:00.773 [main] DEBUG org.springframework.beans.factory.support.DefaultListableBeanFactory - Finished creating instance of bean &apos;blogDAO&apos;
11:32:00.773 [main] DEBUG org.springframework.beans.factory.support.DefaultListableBeanFactory - Creating shared instance of singleton bean &apos;forumcommentDAO&apos;
11:32:00.773 [main] DEBUG org.springframework.beans.factory.support.DefaultListableBeanFactory - Creating instance of bean &apos;forumcommentDAO&apos;
11:32:00.774 [main] DEBUG org.springframework.beans.factory.annotation.InjectionMetadata - Registered injected element on class [com.ashutosh.socialhub.dao.impl.ForumCommentDAOImpl]: AutowiredFieldElement for private org.hibernate.SessionFactory com.ashutosh.socialhub.dao.impl.ForumCommentDAOImpl.sessionFactory
11:32:00.774 [main] DEBUG org.springframework.beans.factory.support.DefaultListableBeanFactory - Eagerly caching bean &apos;forumcommentDAO&apos; to allow for resolving potential circular references
11:32:00.775 [main] DEBUG org.springframework.beans.factory.annotation.InjectionMetadata - Processing injected element of bean &apos;forumcommentDAO&apos;: AutowiredFieldElement for private org.hibernate.SessionFactory com.ashutosh.socialhub.dao.impl.ForumCommentDAOImpl.sessionFactory
11:32:00.776 [main] DEBUG org.springframework.core.annotation.AnnotationUtils - Failed to meta-introspect annotation [interface org.springframework.beans.factory.annotation.Autowired]: java.lang.NullPointerException
11:32:00.776 [main] DEBUG org.springframework.beans.factory.support.DefaultListableBeanFactory - Returning cached instance of singleton bean &apos;sessionFactory&apos;
11:32:00.776 [main] DEBUG org.springframework.beans.factory.annotation.AutowiredAnnotationBeanPostProcessor - Autowiring by type from bean name &apos;forumcommentDAO&apos; to bean named &apos;sessionFactory&apos;
11:32:00.776 [main] DEBUG org.springframework.beans.factory.support.DefaultListableBeanFactory - Returning cached instance of singleton bean &apos;org.springframework.transaction.config.internalTransactionAdvisor&apos;
11:32:00.776 [main] DEBUG org.springframework.transaction.annotation.AnnotationTransactionAttributeSource - Adding transactional method &apos;com.ashutosh.socialhub.dao.impl.ForumCommentDAOImpl.get&apos; with attribute: PROPAGATION_REQUIRED,ISOLATION_DEFAULT
11:32:00.777 [main] DEBUG org.springframework.aop.framework.autoproxy.InfrastructureAdvisorAutoProxyCreator - Creating implicit proxy for bean &apos;forumcommentDAO&apos; with 0 common interceptors and 1 specific interceptors
11:32:00.777 [main] DEBUG org.springframework.aop.framework.JdkDynamicAopProxy - Creating JDK dynamic proxy: target source is SingletonTargetSource for target object [com.ashutosh.socialhub.dao.impl.ForumCommentDAOImpl@675ec28b]
11:32:00.777 [main] DEBUG org.springframework.beans.factory.support.DefaultListableBeanFactory - Finished creating instance of bean &apos;forumcommentDAO&apos;
11:32:00.777 [main] DEBUG org.springframework.beans.factory.support.DefaultListableBeanFactory - Creating shared instance of singleton bean &apos;forumDAO&apos;
11:32:00.777 [main] DEBUG org.springframework.beans.factory.support.DefaultListableBeanFactory - Creating instance of bean &apos;forumDAO&apos;
11:32:00.778 [main] DEBUG org.springframework.beans.factory.annotation.InjectionMetadata - Registered injected element on class [com.ashutosh.socialhub.dao.impl.ForumDAOImpl]: AutowiredFieldElement for private org.hibernate.SessionFactory com.ashutosh.socialhub.dao.impl.ForumDAOImpl.sessionFactory
11:32:00.778 [main] DEBUG org.springframework.beans.factory.support.DefaultListableBeanFactory - Eagerly caching bean &apos;forumDAO&apos; to allow for resolving potential circular references
11:32:00.779 [main] DEBUG org.springframework.beans.factory.annotation.InjectionMetadata - Processing injected element of bean &apos;forumDAO&apos;: AutowiredFieldElement for private org.hibernate.SessionFactory com.ashutosh.socialhub.dao.impl.ForumDAOImpl.sessionFactory
11:32:00.780 [main] DEBUG org.springframework.core.annotation.AnnotationUtils - Failed to meta-introspect annotation [interface org.springframework.beans.factory.annotation.Autowired]: java.lang.NullPointerException
11:32:00.780 [main] DEBUG org.springframework.beans.factory.support.DefaultListableBeanFactory - Returning cached instance of singleton bean &apos;sessionFactory&apos;
11:32:00.780 [main] DEBUG org.springframework.beans.factory.annotation.AutowiredAnnotationBeanPostProcessor - Autowiring by type from bean name &apos;forumDAO&apos; to bean named &apos;sessionFactory&apos;
11:32:00.780 [main] DEBUG org.springframework.beans.factory.support.DefaultListableBeanFactory - Returning cached instance of singleton bean &apos;org.springframework.transaction.config.internalTransactionAdvisor&apos;
11:32:00.781 [main] DEBUG org.springframework.transaction.annotation.AnnotationTransactionAttributeSource - Adding transactional method &apos;com.ashutosh.socialhub.dao.impl.ForumDAOImpl.get&apos; with attribute: PROPAGATION_REQUIRED,ISOLATION_DEFAULT
11:32:00.781 [main] DEBUG org.springframework.aop.framework.autoproxy.InfrastructureAdvisorAutoProxyCreator - Creating implicit proxy for bean &apos;forumDAO&apos; with 0 common interceptors and 1 specific interceptors
11:32:00.781 [main] DEBUG org.springframework.aop.framework.JdkDynamicAopProxy - Creating JDK dynamic proxy: target source is SingletonTargetSource for target object [com.ashutosh.socialhub.dao.impl.ForumDAOImpl@610fbe1c]
11:32:00.781 [main] DEBUG org.springframework.beans.factory.support.DefaultListableBeanFactory - Finished creating instance of bean &apos;forumDAO&apos;
11:32:00.781 [main] DEBUG org.springframework.beans.factory.support.DefaultListableBeanFactory - Creating shared instance of singleton bean &apos;friendDAO&apos;
11:32:00.781 [main] DEBUG org.springframework.beans.factory.support.DefaultListableBeanFactory - Creating instance of bean &apos;friendDAO&apos;
11:32:00.782 [main] DEBUG org.springframework.beans.factory.annotation.InjectionMetadata - Registered injected element on class [com.ashutosh.socialhub.dao.impl.FriendDAOImpl]: AutowiredFieldElement for private org.hibernate.SessionFactory com.ashutosh.socialhub.dao.impl.FriendDAOImpl.sessionFactory
11:32:00.782 [main] DEBUG org.springframework.beans.factory.support.DefaultListableBeanFactory - Eagerly caching bean &apos;friendDAO&apos; to allow for resolving potential circular references
11:32:00.783 [main] DEBUG org.springframework.beans.factory.annotation.InjectionMetadata - Processing injected element of bean &apos;friendDAO&apos;: AutowiredFieldElement for private org.hibernate.SessionFactory com.ashutosh.socialhub.dao.impl.FriendDAOImpl.sessionFactory
11:32:00.784 [main] DEBUG org.springframework.core.annotation.AnnotationUtils - Failed to meta-introspect annotation [interface org.springframework.beans.factory.annotation.Autowired]: java.lang.NullPointerException
11:32:00.784 [main] DEBUG org.springframework.beans.factory.support.DefaultListableBeanFactory - Returning cached instance of singleton bean &apos;sessionFactory&apos;
11:32:00.784 [main] DEBUG org.springframework.beans.factory.annotation.AutowiredAnnotationBeanPostProcessor - Autowiring by type from bean name &apos;friendDAO&apos; to bean named &apos;sessionFactory&apos;
11:32:00.784 [main] DEBUG org.springframework.beans.factory.support.DefaultListableBeanFactory - Returning cached instance of singleton bean &apos;org.springframework.transaction.config.internalTransactionAdvisor&apos;
11:32:00.785 [main] DEBUG org.springframework.transaction.annotation.AnnotationTransactionAttributeSource - Adding transactional method &apos;com.ashutosh.socialhub.dao.impl.FriendDAOImpl.showPendingFriendRequest&apos; with attribute: PROPAGATION_REQUIRED,ISOLATION_DEFAULT
11:32:00.785 [main] DEBUG org.springframework.aop.framework.autoproxy.InfrastructureAdvisorAutoProxyCreator - Creating implicit proxy for bean &apos;friendDAO&apos; with 0 common interceptors and 1 specific interceptors
11:32:00.785 [main] DEBUG org.springframework.aop.framework.JdkDynamicAopProxy - Creating JDK dynamic proxy: target source is SingletonTargetSource for target object [com.ashutosh.socialhub.dao.impl.FriendDAOImpl@570b2057]
11:32:00.785 [main] DEBUG org.springframework.beans.factory.support.DefaultListableBeanFactory - Finished creating instance of bean &apos;friendDAO&apos;
11:32:00.785 [main] DEBUG org.springframework.beans.factory.support.DefaultListableBeanFactory - Creating shared instance of singleton bean &apos;jobdetailDAO&apos;
11:32:00.785 [main] DEBUG org.springframework.beans.factory.support.DefaultListableBeanFactory - Creating instance of bean &apos;jobdetailDAO&apos;
11:32:00.786 [main] DEBUG org.springframework.beans.factory.annotation.InjectionMetadata - Registered injected element on class [com.ashutosh.socialhub.dao.impl.JobDetailDAOImpl]: AutowiredFieldElement for private org.hibernate.SessionFactory com.ashutosh.socialhub.dao.impl.JobDetailDAOImpl.sessionFactory
11:32:00.786 [main] DEBUG org.springframework.beans.factory.support.DefaultListableBeanFactory - Eagerly caching bean &apos;jobdetailDAO&apos; to allow for resolving potential circular references
11:32:00.787 [main] DEBUG org.springframework.beans.factory.annotation.InjectionMetadata - Processing injected element of bean &apos;jobdetailDAO&apos;: AutowiredFieldElement for private org.hibernate.SessionFactory com.ashutosh.socialhub.dao.impl.JobDetailDAOImpl.sessionFactory
11:32:00.788 [main] DEBUG org.springframework.core.annotation.AnnotationUtils - Failed to meta-introspect annotation [interface org.springframework.beans.factory.annotation.Autowired]: java.lang.NullPointerException
11:32:00.788 [main] DEBUG org.springframework.beans.factory.support.DefaultListableBeanFactory - Returning cached instance of singleton bean &apos;sessionFactory&apos;
11:32:00.788 [main] DEBUG org.springframework.beans.factory.annotation.AutowiredAnnotationBeanPostProcessor - Autowiring by type from bean name &apos;jobdetailDAO&apos; to bean named &apos;sessionFactory&apos;
11:32:00.789 [main] DEBUG org.springframework.beans.factory.support.DefaultListableBeanFactory - Returning cached instance of singleton bean &apos;org.springframework.transaction.config.internalTransactionAdvisor&apos;
11:32:00.789 [main] DEBUG org.springframework.transaction.annotation.AnnotationTransactionAttributeSource - Adding transactional method &apos;com.ashutosh.socialhub.dao.impl.JobDetailDAOImpl.get&apos; with attribute: PROPAGATION_REQUIRED,ISOLATION_DEFAULT
11:32:00.790 [main] DEBUG org.springframework.aop.framework.autoproxy.InfrastructureAdvisorAutoProxyCreator - Creating implicit proxy for bean &apos;jobdetailDAO&apos; with 0 common interceptors and 1 specific interceptors
11:32:00.790 [main] DEBUG org.springframework.aop.framework.JdkDynamicAopProxy - Creating JDK dynamic proxy: target source is SingletonTargetSource for target object [com.ashutosh.socialhub.dao.impl.JobDetailDAOImpl@16a6dc21]
11:32:00.790 [main] DEBUG org.springframework.beans.factory.support.DefaultListableBeanFactory - Finished creating instance of bean &apos;jobdetailDAO&apos;
11:32:00.790 [main] DEBUG org.springframework.beans.factory.support.DefaultListableBeanFactory - Creating shared instance of singleton bean &apos;profilepictureDAO&apos;
11:32:00.790 [main] DEBUG org.springframework.beans.factory.support.DefaultListableBeanFactory - Creating instance of bean &apos;profilepictureDAO&apos;
11:32:00.791 [main] DEBUG org.springframework.beans.factory.annotation.InjectionMetadata - Registered injected element on class [com.ashutosh.socialhub.dao.impl.ProfilePictureDAOImpl]: AutowiredFieldElement for org.hibernate.SessionFactory com.ashutosh.socialhub.dao.impl.ProfilePictureDAOImpl.sessionFactory
11:32:00.791 [main] DEBUG org.springframework.beans.factory.support.DefaultListableBeanFactory - Eagerly caching bean &apos;profilepictureDAO&apos; to allow for resolving potential circular references
11:32:00.792 [main] DEBUG org.springframework.beans.factory.annotation.InjectionMetadata - Processing injected element of bean &apos;profilepictureDAO&apos;: AutowiredFieldElement for org.hibernate.SessionFactory com.ashutosh.socialhub.dao.impl.ProfilePictureDAOImpl.sessionFactory
11:32:00.792 [main] DEBUG org.springframework.core.annotation.AnnotationUtils - Failed to meta-introspect annotation [interface org.springframework.beans.factory.annotation.Autowired]: java.lang.NullPointerException
11:32:00.793 [main] DEBUG org.springframework.beans.factory.support.DefaultListableBeanFactory - Returning cached instance of singleton bean &apos;sessionFactory&apos;
11:32:00.793 [main] DEBUG org.springframework.beans.factory.annotation.AutowiredAnnotationBeanPostProcessor - Autowiring by type from bean name &apos;profilepictureDAO&apos; to bean named &apos;sessionFactory&apos;
11:32:00.793 [main] DEBUG org.springframework.beans.factory.support.DefaultListableBeanFactory - Returning cached instance of singleton bean &apos;org.springframework.transaction.config.internalTransactionAdvisor&apos;
11:32:00.793 [main] DEBUG org.springframework.transaction.annotation.AnnotationTransactionAttributeSource - Adding transactional method &apos;com.ashutosh.socialhub.dao.impl.ProfilePictureDAOImpl.getProfile&apos; with attribute: PROPAGATION_REQUIRED,ISOLATION_DEFAULT
11:32:00.793 [main] DEBUG org.springframework.aop.framework.autoproxy.InfrastructureAdvisorAutoProxyCreator - Creating implicit proxy for bean &apos;profilepictureDAO&apos; with 0 common interceptors and 1 specific interceptors
11:32:00.794 [main] DEBUG org.springframework.aop.framework.JdkDynamicAopProxy - Creating JDK dynamic proxy: target source is SingletonTargetSource for target object [com.ashutosh.socialhub.dao.impl.ProfilePictureDAOImpl@59f45950]
11:32:00.794 [main] DEBUG org.springframework.beans.factory.support.DefaultListableBeanFactory - Finished creating instance of bean &apos;profilepictureDAO&apos;
11:32:00.794 [main] DEBUG org.springframework.beans.factory.support.DefaultListableBeanFactory - Creating shared instance of singleton bean &apos;userDAO&apos;
11:32:00.794 [main] DEBUG org.springframework.beans.factory.support.DefaultListableBeanFactory - Creating instance of bean &apos;userDAO&apos;
11:32:00.794 [main] DEBUG org.springframework.beans.factory.annotation.InjectionMetadata - Registered injected element on class [com.ashutosh.socialhub.dao.impl.UserDAOImpl]: AutowiredFieldElement for private org.hibernate.SessionFactory com.ashutosh.socialhub.dao.impl.UserDAOImpl.sessionFactory
11:32:00.794 [main] DEBUG org.springframework.beans.factory.support.DefaultListableBeanFactory - Eagerly caching bean &apos;userDAO&apos; to allow for resolving potential circular references
11:32:00.796 [main] DEBUG org.springframework.beans.factory.annotation.InjectionMetadata - Processing injected element of bean &apos;userDAO&apos;: AutowiredFieldElement for private org.hibernate.SessionFactory com.ashutosh.socialhub.dao.impl.UserDAOImpl.sessionFactory
11:32:00.796 [main] DEBUG org.springframework.core.annotation.AnnotationUtils - Failed to meta-introspect annotation [interface org.springframework.beans.factory.annotation.Autowired]: java.lang.NullPointerException
11:32:00.796 [main] DEBUG org.springframework.beans.factory.support.DefaultListableBeanFactory - Returning cached instance of singleton bean &apos;sessionFactory&apos;
11:32:00.796 [main] DEBUG org.springframework.beans.factory.annotation.AutowiredAnnotationBeanPostProcessor - Autowiring by type from bean name &apos;userDAO&apos; to bean named &apos;sessionFactory&apos;
11:32:00.797 [main] DEBUG org.springframework.beans.factory.support.DefaultListableBeanFactory - Returning cached instance of singleton bean &apos;org.springframework.transaction.config.internalTransactionAdvisor&apos;
11:32:00.797 [main] DEBUG org.springframework.transaction.annotation.AnnotationTransactionAttributeSource - Adding transactional method &apos;com.ashutosh.socialhub.dao.impl.UserDAOImpl.getUser&apos; with attribute: PROPAGATION_REQUIRED,ISOLATION_DEFAULT; &apos;&apos;
11:32:00.797 [main] DEBUG org.springframework.aop.framework.autoproxy.InfrastructureAdvisorAutoProxyCreator - Creating implicit proxy for bean &apos;userDAO&apos; with 0 common interceptors and 1 specific interceptors
11:32:00.798 [main] DEBUG org.springframework.aop.framework.JdkDynamicAopProxy - Creating JDK dynamic proxy: target source is SingletonTargetSource for target object [com.ashutosh.socialhub.dao.impl.UserDAOImpl@58164e9a]
11:32:00.798 [main] DEBUG org.springframework.beans.factory.support.DefaultListableBeanFactory - Finished creating instance of bean &apos;userDAO&apos;
11:32:00.799 [main] DEBUG org.springframework.beans.factory.support.DefaultListableBeanFactory - Creating shared instance of singleton bean &apos;blog&apos;
11:32:00.799 [main] DEBUG org.springframework.beans.factory.support.DefaultListableBeanFactory - Creating instance of bean &apos;blog&apos;
11:32:00.800 [main] DEBUG org.springframework.beans.factory.support.DefaultListableBeanFactory - Eagerly caching bean &apos;blog&apos; to allow for resolving potential circular references
11:32:00.800 [main] DEBUG org.springframework.beans.factory.support.DefaultListableBeanFactory - Returning cached instance of singleton bean &apos;org.springframework.transaction.config.internalTransactionAdvisor&apos;
11:32:00.801 [main] DEBUG org.springframework.beans.factory.support.DefaultListableBeanFactory - Finished creating instance of bean &apos;blog&apos;
11:32:00.801 [main] DEBUG org.springframework.beans.factory.support.DefaultListableBeanFactory - Creating shared instance of singleton bean &apos;blogcomment&apos;
11:32:00.802 [main] DEBUG org.springframework.beans.factory.support.DefaultListableBeanFactory - Creating instance of bean &apos;blogcomment&apos;
11:32:00.802 [main] DEBUG org.springframework.beans.factory.support.DefaultListableBeanFactory - Eagerly caching bean &apos;blogcomment&apos; to allow for resolving potential circular references
11:32:00.803 [main] DEBUG org.springframework.beans.factory.support.DefaultListableBeanFactory - Returning cached instance of singleton bean &apos;org.springframework.transaction.config.internalTransactionAdvisor&apos;
11:32:00.803 [main] DEBUG org.springframework.beans.factory.support.DefaultListableBeanFactory - Finished creating instance of bean &apos;blogcomment&apos;
11:32:00.804 [main] DEBUG org.springframework.beans.factory.support.DefaultListableBeanFactory - Creating shared instance of singleton bean &apos;forum&apos;
11:32:00.804 [main] DEBUG org.springframework.beans.factory.support.DefaultListableBeanFactory - Creating instance of bean &apos;forum&apos;
11:32:00.805 [main] DEBUG org.springframework.beans.factory.support.DefaultListableBeanFactory - Eagerly caching bean &apos;forum&apos; to allow for resolving potential circular references
11:32:00.805 [main] DEBUG org.springframework.beans.factory.support.DefaultListableBeanFactory - Returning cached instance of singleton bean &apos;org.springframework.transaction.config.internalTransactionAdvisor&apos;
11:32:00.806 [main] DEBUG org.springframework.beans.factory.support.DefaultListableBeanFactory - Finished creating instance of bean &apos;forum&apos;
11:32:00.806 [main] DEBUG org.springframework.beans.factory.support.DefaultListableBeanFactory - Creating shared instance of singleton bean &apos;forumComment&apos;
11:32:00.807 [main] DEBUG org.springframework.beans.factory.support.DefaultListableBeanFactory - Creating instance of bean &apos;forumComment&apos;
11:32:00.807 [main] DEBUG org.springframework.beans.factory.support.DefaultListableBeanFactory - Eagerly caching bean &apos;forumComment&apos; to allow for resolving potential circular references
11:32:00.808 [main] DEBUG org.springframework.beans.factory.support.DefaultListableBeanFactory - Returning cached instance of singleton bean &apos;org.springframework.transaction.config.internalTransactionAdvisor&apos;
11:32:00.809 [main] DEBUG org.springframework.beans.factory.support.DefaultListableBeanFactory - Finished creating instance of bean &apos;forumComment&apos;
11:32:00.809 [main] DEBUG org.springframework.beans.factory.support.DefaultListableBeanFactory - Creating shared instance of singleton bean &apos;friend&apos;
11:32:00.809 [main] DEBUG org.springframework.beans.factory.support.DefaultListableBeanFactory - Creating instance of bean &apos;friend&apos;
11:32:00.811 [main] DEBUG org.springframework.beans.factory.support.DefaultListableBeanFactory - Eagerly caching bean &apos;friend&apos; to allow for resolving potential circular references
11:32:00.811 [main] DEBUG org.springframework.beans.factory.support.DefaultListableBeanFactory - Returning cached instance of singleton bean &apos;org.springframework.transaction.config.internalTransactionAdvisor&apos;
11:32:00.812 [main] DEBUG org.springframework.beans.factory.support.DefaultListableBeanFactory - Finished creating instance of bean &apos;friend&apos;
11:32:00.812 [main] DEBUG org.springframework.beans.factory.support.DefaultListableBeanFactory - Creating shared instance of singleton bean &apos;jobDetail&apos;
11:32:00.812 [main] DEBUG org.springframework.beans.factory.support.DefaultListableBeanFactory - Creating instance of bean &apos;jobDetail&apos;
11:32:00.813 [main] DEBUG org.springframework.beans.factory.support.DefaultListableBeanFactory - Eagerly caching bean &apos;jobDetail&apos; to allow for resolving potential circular references
11:32:00.816 [main] DEBUG org.springframework.beans.factory.support.DefaultListableBeanFactory - Returning cached instance of singleton bean &apos;org.springframework.transaction.config.internalTransactionAdvisor&apos;
11:32:00.817 [main] DEBUG org.springframework.beans.factory.support.DefaultListableBeanFactory - Finished creating instance of bean &apos;jobDetail&apos;
11:32:00.817 [main] DEBUG org.springframework.beans.factory.support.DefaultListableBeanFactory - Creating shared instance of singleton bean &apos;profileImage&apos;
11:32:00.817 [main] DEBUG org.springframework.beans.factory.support.DefaultListableBeanFactory - Creating instance of bean &apos;profileImage&apos;
11:32:00.817 [main] DEBUG org.springframework.beans.factory.support.DefaultListableBeanFactory - Eagerly caching bean &apos;profileImage&apos; to allow for resolving potential circular references
11:32:00.818 [main] DEBUG org.springframework.beans.factory.support.DefaultListableBeanFactory - Returning cached instance of singleton bean &apos;org.springframework.transaction.config.internalTransactionAdvisor&apos;
11:32:00.818 [main] DEBUG org.springframework.beans.factory.support.DefaultListableBeanFactory - Finished creating instance of bean &apos;profileImage&apos;
11:32:00.818 [main] DEBUG org.springframework.beans.factory.support.DefaultListableBeanFactory - Creating shared instance of singleton bean &apos;userDetail&apos;
11:32:00.818 [main] DEBUG org.springframework.beans.factory.support.DefaultListableBeanFactory - Creating instance of bean &apos;userDetail&apos;
11:32:00.819 [main] DEBUG org.springframework.beans.factory.support.DefaultListableBeanFactory - Eagerly caching bean &apos;userDetail&apos; to allow for resolving potential circular references
11:32:00.819 [main] DEBUG org.springframework.beans.factory.support.DefaultListableBeanFactory - Returning cached instance of singleton bean &apos;org.springframework.transaction.config.internalTransactionAdvisor&apos;
11:32:00.820 [main] DEBUG org.springframework.beans.factory.support.DefaultListableBeanFactory - Finished creating instance of bean &apos;userDetail&apos;
11:32:00.820 [main] DEBUG org.springframework.beans.factory.support.DefaultListableBeanFactory - Returning cached instance of singleton bean &apos;org.springframework.transaction.annotation.ProxyTransactionManagementConfiguration&apos;
11:32:00.820 [main] DEBUG org.springframework.beans.factory.support.DefaultListableBeanFactory - Returning cached instance of singleton bean &apos;org.springframework.transaction.config.internalTransactionAdvisor&apos;
11:32:00.820 [main] DEBUG org.springframework.beans.factory.support.DefaultListableBeanFactory - Returning cached instance of singleton bean &apos;transactionAttributeSource&apos;
11:32:00.820 [main] DEBUG org.springframework.beans.factory.support.DefaultListableBeanFactory - Returning cached instance of singleton bean &apos;transactionInterceptor&apos;
11:32:00.820 [main] DEBUG org.springframework.beans.factory.support.DefaultListableBeanFactory - Creating shared instance of singleton bean &apos;org.springframework.transaction.config.internalTransactionalEventListenerFactory&apos;
11:32:00.820 [main] DEBUG org.springframework.beans.factory.support.DefaultListableBeanFactory - Creating instance of bean &apos;org.springframework.transaction.config.internalTransactionalEventListenerFactory&apos;
11:32:00.821 [main] DEBUG org.springframework.beans.factory.support.DefaultListableBeanFactory - Returning cached instance of singleton bean &apos;org.springframework.transaction.annotation.ProxyTransactionManagementConfiguration&apos;
11:32:00.821 [main] DEBUG org.springframework.beans.factory.support.DefaultListableBeanFactory - Eagerly caching bean &apos;org.springframework.transaction.config.internalTransactionalEventListenerFactory&apos; to allow for resolving potential circular references
11:32:00.823 [main] DEBUG org.springframework.beans.factory.support.DefaultListableBeanFactory - Returning cached instance of singleton bean &apos;org.springframework.transaction.config.internalTransactionAdvisor&apos;
11:32:00.824 [main] DEBUG org.springframework.beans.factory.support.DefaultListableBeanFactory - Finished creating instance of bean &apos;org.springframework.transaction.config.internalTransactionalEventListenerFactory&apos;
11:32:00.824 [main] DEBUG org.springframework.beans.factory.support.DefaultListableBeanFactory - Returning cached instance of singleton bean &apos;dataSource&apos;
11:32:00.824 [main] DEBUG org.springframework.beans.factory.support.DefaultListableBeanFactory - Returning cached instance of singleton bean &apos;sessionFactory&apos;
11:32:00.824 [main] DEBUG org.springframework.beans.factory.support.DefaultListableBeanFactory - Creating shared instance of singleton bean &apos;transactionManager&apos;
11:32:00.824 [main] DEBUG org.springframework.beans.factory.support.DefaultListableBeanFactory - Creating instance of bean &apos;transactionManager&apos;
11:32:00.825 [main] DEBUG org.springframework.beans.factory.support.DefaultListableBeanFactory - Returning cached instance of singleton bean &apos;applicationContextConfig&apos;
11:32:00.825 [main] DEBUG org.springframework.beans.factory.support.DefaultListableBeanFactory - Returning cached instance of singleton bean &apos;sessionFactory&apos;
11:32:00.825 [main] DEBUG org.springframework.beans.factory.support.DefaultListableBeanFactory - Autowiring by type from bean name &apos;transactionManager&apos; via factory method to bean named &apos;sessionFactory&apos;
11:32:00.826 [main] INFO org.springframework.orm.hibernate5.HibernateTransactionManager - Using DataSource [org.springframework.jdbc.datasource.DriverManagerDataSource@685d7ba5] of Hibernate SessionFactory for HibernateTransactionManager
11:32:00.826 [main] DEBUG org.springframework.beans.factory.support.DefaultListableBeanFactory - Eagerly caching bean &apos;transactionManager&apos; to allow for resolving potential circular references
11:32:00.831 [main] DEBUG org.springframework.beans.factory.support.DefaultListableBeanFactory - Invoking afterPropertiesSet() on bean with name &apos;transactionManager&apos;
11:32:00.831 [main] DEBUG org.springframework.beans.factory.support.DefaultListableBeanFactory - Returning cached instance of singleton bean &apos;org.springframework.transaction.config.internalTransactionAdvisor&apos;
11:32:00.832 [main] DEBUG org.springframework.beans.factory.support.DefaultListableBeanFactory - Finished creating instance of bean &apos;transactionManager&apos;
11:32:00.833 [main] DEBUG org.springframework.beans.factory.support.DefaultListableBeanFactory - Returning cached instance of singleton bean &apos;org.springframework.aop.config.internalAutoProxyCreator&apos;
11:32:00.833 [main] DEBUG org.springframework.beans.factory.support.DefaultListableBeanFactory - Returning cached instance of singleton bean &apos;org.springframework.context.event.internalEventListenerFactory&apos;
11:32:00.833 [main] DEBUG org.springframework.beans.factory.support.DefaultListableBeanFactory - Returning cached instance of singleton bean &apos;org.springframework.transaction.config.internalTransactionalEventListenerFactory&apos;
11:32:00.869 [main] DEBUG org.springframework.context.annotation.AnnotationConfigApplicationContext - Unable to locate LifecycleProcessor with name &apos;lifecycleProcessor&apos;: using default [org.springframework.context.support.DefaultLifecycleProcessor@4438938e]
11:32:00.869 [main] DEBUG org.springframework.beans.factory.support.DefaultListableBeanFactory - Returning cached instance of singleton bean &apos;lifecycleProcessor&apos;
11:32:00.870 [main] DEBUG org.springframework.core.env.PropertySourcesPropertyResolver - Could not find key &apos;spring.liveBeansView.mbeanDomain&apos; in any property source
11:32:00.870 [main] DEBUG org.springframework.beans.factory.support.DefaultListableBeanFactory - Returning cached instance of singleton bean &apos;userDAO&apos;
</system-out>
  </testcase>
  <testcase classname="com.ashutosh.socialhub.UserDAOTestCase" name="checkLoginCase" time="0.147"/>
  <testcase classname="com.ashutosh.socialhub.UserDAOTestCase" name="registerUserTestCase" time="0.068"/>
</testsuite>