<?xml version="1.0" encoding="UTF-8" ?>
<testsuite tests="1" failures="0" name="com.ashutosh.socialhub.SuggestionAddDAOTestCase" time="0.171" errors="1" skipped="0">
  <properties>
    <property name="java.runtime.name" value="Java(TM) SE Runtime Environment"/>
    <property name="java.vm.version" value="9.0.4+11"/>
    <property name="sun.boot.library.path" value="C:\Program Files\Java\jdk-9.0.4\bin"/>
    <property name="maven.multiModuleProjectDirectory" value="C:\Users\Ashutosh\eclipse-workspace1\SocialHubBackEnd"/>
    <property name="java.vm.vendor" value="Oracle Corporation"/>
    <property name="java.vendor.url" value="http://java.oracle.com/"/>
    <property name="guice.disable.misplaced.annotation.check" value="true"/>
    <property name="path.separator" value=";"/>
    <property name="java.vm.name" value="Java HotSpot(TM) 64-Bit Server VM"/>
    <property name="file.encoding.pkg" value="sun.io"/>
    <property name="sun.os.patch.level" value=""/>
    <property name="user.script" value=""/>
    <property name="user.country" value="IN"/>
    <property name="sun.java.launcher" value="SUN_STANDARD"/>
    <property name="java.vm.specification.name" value="Java Virtual Machine Specification"/>
    <property name="user.dir" value="C:\Users\Ashutosh\eclipse-workspace1\SocialHubBackEnd"/>
    <property name="java.vm.compressedOopsMode" value="32-bit"/>
    <property name="java.runtime.version" value="9.0.4+11"/>
    <property name="java.awt.graphicsenv" value="sun.awt.Win32GraphicsEnvironment"/>
    <property name="os.arch" value="amd64"/>
    <property name="java.io.tmpdir" value="C:\Users\Ashutosh\AppData\Local\Temp\"/>
    <property name="line.separator" value="
"/>
    <property name="java.vm.specification.vendor" value="Oracle Corporation"/>
    <property name="user.variant" value=""/>
    <property name="os.name" value="Windows 10"/>
    <property name="classworlds.conf" value="C:\Users\Ashutosh\eclipse-workspace1\.metadata\.plugins\org.eclipse.m2e.launching\launches\m2conf5432719093997228542.tmp"/>
    <property name="sun.jnu.encoding" value="Cp1252"/>
    <property name="java.library.path" value="C:\Program Files\Java\jdk-9.0.4\bin;C:\WINDOWS\Sun\Java\bin;C:\WINDOWS\system32;C:\WINDOWS;C:\oraclexe\app\oracle\product\11.2.0\server\bin;C:\ProgramData\Oracle\Java\javapath;C:\WINDOWS\system32;C:\WINDOWS;C:\WINDOWS\System32\Wbem;C:\WINDOWS\System32\WindowsPowerShell\v1.0\;C:\Program Files\dotnet\;C:\Program Files\Java\jdk-9.0.4;C:\apache-maven-3.5.3\bin;C:\Program Files\Git\cmd;C:\WINDOWS\System32\OpenSSH\;C:\apache-maven-3.5.3\bin;C:\Program Files\Java\jdk-9.0.4\bin;C:\Users\Ashutosh\AppData\Local\Microsoft\WindowsApps;;."/>
    <property name="jdk.debug" value="release"/>
    <property name="java.class.version" value="53.0"/>
    <property name="java.specification.name" value="Java Platform API Specification"/>
    <property name="sun.management.compiler" value="HotSpot 64-Bit Tiered Compilers"/>
    <property name="os.version" value="10.0"/>
    <property name="user.home" value="C:\Users\Ashutosh"/>
    <property name="user.timezone" value="Asia/Calcutta"/>
    <property name="java.awt.printerjob" value="sun.awt.windows.WPrinterJob"/>
    <property name="file.encoding" value="Cp1252"/>
    <property name="java.specification.version" value="9"/>
    <property name="user.name" value="Ashutosh"/>
    <property name="java.class.path" value="C:\eclipse\plugins\org.eclipse.m2e.maven.runtime_1.8.3.20180227-2135\jars\plexus-classworlds-2.5.2.jar"/>
    <property name="java.vm.specification.version" value="9"/>
    <property name="sun.arch.data.model" value="64"/>
    <property name="sun.java.command" value="org.codehaus.plexus.classworlds.launcher.Launcher -B install"/>
    <property name="java.home" value="C:\Program Files\Java\jdk-9.0.4"/>
    <property name="user.language" value="en"/>
    <property name="java.specification.vendor" value="Oracle Corporation"/>
    <property name="awt.toolkit" value="sun.awt.windows.WToolkit"/>
    <property name="java.vm.info" value="mixed mode"/>
    <property name="java.version" value="9.0.4"/>
    <property name="java.vendor" value="Oracle Corporation"/>
    <property name="maven.home" value="C:\Users\Ashutosh\eclipse-workspace1\SocialHubBackEnd\EMBEDDED"/>
    <property name="file.separator" value="\"/>
    <property name="java.vendor.url.bug" value="http://bugreport.java.com/bugreport/"/>
    <property name="sun.io.unicode.encoding" value="UnicodeLittle"/>
    <property name="sun.cpu.endian" value="little"/>
    <property name="sun.desktop" value="windows"/>
    <property name="sun.cpu.isalist" value="amd64"/>
  </properties>
  <testcase classname="com.ashutosh.socialhub.SuggestionAddDAOTestCase" name="com.ashutosh.socialhub.SuggestionAddDAOTestCase" time="0.171">
    <error message="Error creating bean with name &apos;blogcommentDAO&apos;: Unsatisfied dependency expressed through field &apos;sessionFactory&apos;; nested exception is org.springframework.beans.factory.BeanCreationException: Error creating bean with name &apos;sessionFactory&apos; defined in com.ashutosh.socialhub.config.ApplicationContextConfig: Bean instantiation via factory method failed; nested exception is org.springframework.beans.BeanInstantiationException: Failed to instantiate [org.hibernate.SessionFactory]: Factory method &apos;getSessionFactory&apos; threw exception; nested exception is org.hibernate.AnnotationException: No identifier specified for entity: com.ashutosh.socialhub.domain.Suggestion" type="org.springframework.beans.factory.UnsatisfiedDependencyException">org.springframework.beans.factory.UnsatisfiedDependencyException: Error creating bean with name &apos;blogcommentDAO&apos;: Unsatisfied dependency expressed through field &apos;sessionFactory&apos;; nested exception is org.springframework.beans.factory.BeanCreationException: Error creating bean with name &apos;sessionFactory&apos; defined in com.ashutosh.socialhub.config.ApplicationContextConfig: Bean instantiation via factory method failed; nested exception is org.springframework.beans.BeanInstantiationException: Failed to instantiate [org.hibernate.SessionFactory]: Factory method &apos;getSessionFactory&apos; threw exception; nested exception is org.hibernate.AnnotationException: No identifier specified for entity: com.ashutosh.socialhub.domain.Suggestion
	at org.springframework.beans.factory.annotation.AutowiredAnnotationBeanPostProcessor$AutowiredFieldElement.inject(AutowiredAnnotationBeanPostProcessor.java:587)
	at org.springframework.beans.factory.annotation.InjectionMetadata.inject(InjectionMetadata.java:91)
	at org.springframework.beans.factory.annotation.AutowiredAnnotationBeanPostProcessor.postProcessPropertyValues(AutowiredAnnotationBeanPostProcessor.java:373)
	at org.springframework.beans.factory.support.AbstractAutowireCapableBeanFactory.populateBean(AbstractAutowireCapableBeanFactory.java:1344)
	at org.springframework.beans.factory.support.AbstractAutowireCapableBeanFactory.doCreateBean(AbstractAutowireCapableBeanFactory.java:582)
	at org.springframework.beans.factory.support.AbstractAutowireCapableBeanFactory.createBean(AbstractAutowireCapableBeanFactory.java:502)
	at org.springframework.beans.factory.support.AbstractBeanFactory.lambda$doGetBean$0(AbstractBeanFactory.java:312)
	at org.springframework.beans.factory.support.DefaultSingletonBeanRegistry.getSingleton(DefaultSingletonBeanRegistry.java:228)
	at org.springframework.beans.factory.support.AbstractBeanFactory.doGetBean(AbstractBeanFactory.java:310)
	at org.springframework.beans.factory.support.AbstractBeanFactory.getBean(AbstractBeanFactory.java:200)
	at org.springframework.beans.factory.support.DefaultListableBeanFactory.preInstantiateSingletons(DefaultListableBeanFactory.java:760)
	at org.springframework.context.support.AbstractApplicationContext.finishBeanFactoryInitialization(AbstractApplicationContext.java:868)
	at org.springframework.context.support.AbstractApplicationContext.refresh(AbstractApplicationContext.java:549)
	at com.ashutosh.socialhub.SuggestionAddDAOTestCase.init(SuggestionAddDAOTestCase.java:27)
	at java.base/jdk.internal.reflect.NativeMethodAccessorImpl.invoke0(Native Method)
	at java.base/jdk.internal.reflect.NativeMethodAccessorImpl.invoke(NativeMethodAccessorImpl.java:62)
	at java.base/jdk.internal.reflect.DelegatingMethodAccessorImpl.invoke(DelegatingMethodAccessorImpl.java:43)
	at java.base/java.lang.reflect.Method.invoke(Method.java:564)
	at org.junit.runners.model.FrameworkMethod$1.runReflectiveCall(FrameworkMethod.java:50)
	at org.junit.internal.runners.model.ReflectiveCallable.run(ReflectiveCallable.java:12)
	at org.junit.runners.model.FrameworkMethod.invokeExplosively(FrameworkMethod.java:47)
	at org.junit.internal.runners.statements.RunBefores.evaluate(RunBefores.java:24)
	at org.junit.runners.ParentRunner.run(ParentRunner.java:363)
	at org.apache.maven.surefire.junit4.JUnit4Provider.execute(JUnit4Provider.java:252)
	at org.apache.maven.surefire.junit4.JUnit4Provider.executeTestSet(JUnit4Provider.java:141)
	at org.apache.maven.surefire.junit4.JUnit4Provider.invoke(JUnit4Provider.java:112)
	at java.base/jdk.internal.reflect.NativeMethodAccessorImpl.invoke0(Native Method)
	at java.base/jdk.internal.reflect.NativeMethodAccessorImpl.invoke(NativeMethodAccessorImpl.java:62)
	at java.base/jdk.internal.reflect.DelegatingMethodAccessorImpl.invoke(DelegatingMethodAccessorImpl.java:43)
	at java.base/java.lang.reflect.Method.invoke(Method.java:564)
	at org.apache.maven.surefire.util.ReflectionUtils.invokeMethodWithArray(ReflectionUtils.java:189)
	at org.apache.maven.surefire.booter.ProviderFactory$ProviderProxy.invoke(ProviderFactory.java:165)
	at org.apache.maven.surefire.booter.ProviderFactory.invokeProvider(ProviderFactory.java:85)
	at org.apache.maven.surefire.booter.ForkedBooter.runSuitesInProcess(ForkedBooter.java:115)
	at org.apache.maven.surefire.booter.ForkedBooter.main(ForkedBooter.java:75)
Caused by: org.springframework.beans.factory.BeanCreationException: Error creating bean with name &apos;sessionFactory&apos; defined in com.ashutosh.socialhub.config.ApplicationContextConfig: Bean instantiation via factory method failed; nested exception is org.springframework.beans.BeanInstantiationException: Failed to instantiate [org.hibernate.SessionFactory]: Factory method &apos;getSessionFactory&apos; threw exception; nested exception is org.hibernate.AnnotationException: No identifier specified for entity: com.ashutosh.socialhub.domain.Suggestion
	at org.springframework.beans.factory.support.ConstructorResolver.instantiateUsingFactoryMethod(ConstructorResolver.java:587)
	at org.springframework.beans.factory.support.AbstractAutowireCapableBeanFactory.instantiateUsingFactoryMethod(AbstractAutowireCapableBeanFactory.java:1250)
	at org.springframework.beans.factory.support.AbstractAutowireCapableBeanFactory.createBeanInstance(AbstractAutowireCapableBeanFactory.java:1099)
	at org.springframework.beans.factory.support.AbstractAutowireCapableBeanFactory.doCreateBean(AbstractAutowireCapableBeanFactory.java:545)
	at org.springframework.beans.factory.support.AbstractAutowireCapableBeanFactory.createBean(AbstractAutowireCapableBeanFactory.java:502)
	at org.springframework.beans.factory.support.AbstractBeanFactory.lambda$doGetBean$0(AbstractBeanFactory.java:312)
	at org.springframework.beans.factory.support.DefaultSingletonBeanRegistry.getSingleton(DefaultSingletonBeanRegistry.java:228)
	at org.springframework.beans.factory.support.AbstractBeanFactory.doGetBean(AbstractBeanFactory.java:310)
	at org.springframework.beans.factory.support.AbstractBeanFactory.getBean(AbstractBeanFactory.java:200)
	at org.springframework.beans.factory.config.DependencyDescriptor.resolveCandidate(DependencyDescriptor.java:251)
	at org.springframework.beans.factory.support.DefaultListableBeanFactory.doResolveDependency(DefaultListableBeanFactory.java:1138)
	at org.springframework.beans.factory.support.DefaultListableBeanFactory.resolveDependency(DefaultListableBeanFactory.java:1065)
	at org.springframework.beans.factory.annotation.AutowiredAnnotationBeanPostProcessor$AutowiredFieldElement.inject(AutowiredAnnotationBeanPostProcessor.java:584)
	... 34 more
Caused by: org.springframework.beans.BeanInstantiationException: Failed to instantiate [org.hibernate.SessionFactory]: Factory method &apos;getSessionFactory&apos; threw exception; nested exception is org.hibernate.AnnotationException: No identifier specified for entity: com.ashutosh.socialhub.domain.Suggestion
	at org.springframework.beans.factory.support.SimpleInstantiationStrategy.instantiate(SimpleInstantiationStrategy.java:185)
	at org.springframework.beans.factory.support.ConstructorResolver.instantiateUsingFactoryMethod(ConstructorResolver.java:579)
	... 46 more
Caused by: org.hibernate.AnnotationException: No identifier specified for entity: com.ashutosh.socialhub.domain.Suggestion
	at org.hibernate.cfg.InheritanceState.determineDefaultAccessType(InheritanceState.java:266)
	at org.hibernate.cfg.InheritanceState.getElementsToProcess(InheritanceState.java:211)
	at org.hibernate.cfg.AnnotationBinder.bindClass(AnnotationBinder.java:730)
	at org.hibernate.boot.model.source.internal.annotations.AnnotationMetadataSourceProcessorImpl.processEntityHierarchies(AnnotationMetadataSourceProcessorImpl.java:249)
	at org.hibernate.boot.model.process.spi.MetadataBuildingProcess$1.processEntityHierarchies(MetadataBuildingProcess.java:222)
	at org.hibernate.boot.model.process.spi.MetadataBuildingProcess.complete(MetadataBuildingProcess.java:265)
	at org.hibernate.boot.model.process.spi.MetadataBuildingProcess.build(MetadataBuildingProcess.java:83)
	at org.hibernate.boot.internal.MetadataBuilderImpl.build(MetadataBuilderImpl.java:418)
	at org.hibernate.boot.internal.MetadataBuilderImpl.build(MetadataBuilderImpl.java:87)
	at org.hibernate.cfg.Configuration.buildSessionFactory(Configuration.java:691)
	at org.hibernate.cfg.Configuration.buildSessionFactory(Configuration.java:726)
	at com.ashutosh.socialhub.config.ApplicationContextConfig.getSessionFactory(ApplicationContextConfig.java:62)
	at com.ashutosh.socialhub.config.ApplicationContextConfig$$EnhancerBySpringCGLIB$$6565400b.CGLIB$getSessionFactory$2(&lt;generated&gt;)
	at com.ashutosh.socialhub.config.ApplicationContextConfig$$EnhancerBySpringCGLIB$$6565400b$$FastClassBySpringCGLIB$$efcdc970.invoke(&lt;generated&gt;)
	at org.springframework.cglib.proxy.MethodProxy.invokeSuper(MethodProxy.java:228)
	at org.springframework.context.annotation.ConfigurationClassEnhancer$BeanMethodInterceptor.intercept(ConfigurationClassEnhancer.java:361)
	at com.ashutosh.socialhub.config.ApplicationContextConfig$$EnhancerBySpringCGLIB$$6565400b.getSessionFactory(&lt;generated&gt;)
	at java.base/jdk.internal.reflect.NativeMethodAccessorImpl.invoke0(Native Method)
	at java.base/jdk.internal.reflect.NativeMethodAccessorImpl.invoke(NativeMethodAccessorImpl.java:62)
	at java.base/jdk.internal.reflect.DelegatingMethodAccessorImpl.invoke(DelegatingMethodAccessorImpl.java:43)
	at java.base/java.lang.reflect.Method.invoke(Method.java:564)
	at org.springframework.beans.factory.support.SimpleInstantiationStrategy.instantiate(SimpleInstantiationStrategy.java:154)
	... 47 more
</error>
    <system-out>02:16:29.145 [main] DEBUG org.springframework.core.env.StandardEnvironment - Adding PropertySource &apos;systemProperties&apos; with lowest search precedence
02:16:29.145 [main] DEBUG org.springframework.core.env.StandardEnvironment - Adding PropertySource &apos;systemEnvironment&apos; with lowest search precedence
02:16:29.145 [main] DEBUG org.springframework.core.env.StandardEnvironment - Initialized StandardEnvironment with PropertySources [MapPropertySource@30173198 {name=&apos;systemProperties&apos;, properties={sun.desktop=windows, awt.toolkit=sun.awt.windows.WToolkit, java.specification.version=9, file.encoding.pkg=sun.io, sun.cpu.isalist=amd64, sun.jnu.encoding=Cp1252, java.class.path=C:\Users\Ashutosh\eclipse-workspace1\SocialHubBackEnd\target\test-classes;C:\Users\Ashutosh\eclipse-workspace1\SocialHubBackEnd\target\classes;C:\Users\Ashutosh\.m2\repository\org\springframework\spring-core\5.0.4.RELEASE\spring-core-5.0.4.RELEASE.jar;C:\Users\Ashutosh\.m2\repository\org\springframework\spring-jcl\5.0.4.RELEASE\spring-jcl-5.0.4.RELEASE.jar;C:\Users\Ashutosh\.m2\repository\org\springframework\spring-context\5.0.4.RELEASE\spring-context-5.0.4.RELEASE.jar;C:\Users\Ashutosh\.m2\repository\org\springframework\spring-aop\5.0.4.RELEASE\spring-aop-5.0.4.RELEASE.jar;C:\Users\Ashutosh\.m2\repository\org\springframework\spring-beans\5.0.4.RELEASE\spring-beans-5.0.4.RELEASE.jar;C:\Users\Ashutosh\.m2\repository\org\springframework\spring-expression\5.0.4.RELEASE\spring-expression-5.0.4.RELEASE.jar;C:\Users\Ashutosh\.m2\repository\org\hibernate\hibernate-core\5.2.13.Final\hibernate-core-5.2.13.Final.jar;C:\Users\Ashutosh\.m2\repository\org\jboss\logging\jboss-logging\3.3.1.Final\jboss-logging-3.3.1.Final.jar;C:\Users\Ashutosh\.m2\repository\org\hibernate\javax\persistence\hibernate-jpa-2.1-api\1.0.0.Final\hibernate-jpa-2.1-api-1.0.0.Final.jar;C:\Users\Ashutosh\.m2\repository\org\javassist\javassist\3.22.0-GA\javassist-3.22.0-GA.jar;C:\Users\Ashutosh\.m2\repository\antlr\antlr\2.7.7\antlr-2.7.7.jar;C:\Users\Ashutosh\.m2\repository\org\jboss\spec\javax\transaction\jboss-transaction-api_1.2_spec\1.0.1.Final\jboss-transaction-api_1.2_spec-1.0.1.Final.jar;C:\Users\Ashutosh\.m2\repository\org\jboss\jandex\2.0.3.Final\jandex-2.0.3.Final.jar;C:\Users\Ashutosh\.m2\repository\com\fasterxml\classmate\1.3.0\classmate-1.3.0.jar;C:\Users\Ashutosh\.m2\repository\dom4j\dom4j\1.6.1\dom4j-1.6.1.jar;C:\Users\Ashutosh\.m2\repository\org\hibernate\common\hibernate-commons-annotations\5.0.1.Final\hibernate-commons-annotations-5.0.1.Final.jar;C:\Users\Ashutosh\.m2\repository\org\springframework\spring-orm\5.0.4.RELEASE\spring-orm-5.0.4.RELEASE.jar;C:\Users\Ashutosh\.m2\repository\org\springframework\spring-jdbc\5.0.4.RELEASE\spring-jdbc-5.0.4.RELEASE.jar;C:\Users\Ashutosh\.m2\repository\org\springframework\spring-tx\5.0.4.RELEASE\spring-tx-5.0.4.RELEASE.jar;C:\Users\Ashutosh\.m2\repository\junit\junit\4.12\junit-4.12.jar;C:\Users\Ashutosh\.m2\repository\org\hamcrest\hamcrest-core\1.3\hamcrest-core-1.3.jar;C:\Users\Ashutosh\.m2\repository\com\oracle\ojdbc6\11.2.0\ojdbc6-11.2.0.jar;C:\Users\Ashutosh\.m2\repository\org\slf4j\slf4j-api\1.7.25\slf4j-api-1.7.25.jar;C:\Users\Ashutosh\.m2\repository\javax\xml\bind\jaxb-api\2.3.0\jaxb-api-2.3.0.jar;C:\Users\Ashutosh\.m2\repository\ch\qos\logback\logback-classic\1.2.3\logback-classic-1.2.3.jar;C:\Users\Ashutosh\.m2\repository\ch\qos\logback\logback-core\1.2.3\logback-core-1.2.3.jar;C:\Users\Ashutosh\.m2\repository\com\fasterxml\jackson\core\jackson-databind\2.9.5\jackson-databind-2.9.5.jar;C:\Users\Ashutosh\.m2\repository\com\fasterxml\jackson\core\jackson-annotations\2.9.0\jackson-annotations-2.9.0.jar;C:\Users\Ashutosh\.m2\repository\com\fasterxml\jackson\core\jackson-core\2.9.5\jackson-core-2.9.5.jar;, java.vm.vendor=Oracle Corporation, sun.arch.data.model=64, user.variant=, java.vendor.url=http://java.oracle.com/, user.timezone=Asia/Calcutta, os.name=Windows 10, java.vm.specification.version=9, sun.java.launcher=SUN_STANDARD, user.country=IN, sun.boot.library.path=C:\Program Files\Java\jdk-9.0.4\bin, sun.java.command=C:\Users\Ashutosh\eclipse-workspace1\SocialHubBackEnd\target\surefire\surefirebooter9189324646319493525.jar C:\Users\Ashutosh\eclipse-workspace1\SocialHubBackEnd\target\surefire\surefire9401663766384321274tmp C:\Users\Ashutosh\eclipse-workspace1\SocialHubBackEnd\target\surefire\surefire_08257631268971208726tmp, jdk.debug=release, surefire.test.class.path=C:\Users\Ashutosh\eclipse-workspace1\SocialHubBackEnd\target\test-classes;C:\Users\Ashutosh\eclipse-workspace1\SocialHubBackEnd\target\classes;C:\Users\Ashutosh\.m2\repository\org\springframework\spring-core\5.0.4.RELEASE\spring-core-5.0.4.RELEASE.jar;C:\Users\Ashutosh\.m2\repository\org\springframework\spring-jcl\5.0.4.RELEASE\spring-jcl-5.0.4.RELEASE.jar;C:\Users\Ashutosh\.m2\repository\org\springframework\spring-context\5.0.4.RELEASE\spring-context-5.0.4.RELEASE.jar;C:\Users\Ashutosh\.m2\repository\org\springframework\spring-aop\5.0.4.RELEASE\spring-aop-5.0.4.RELEASE.jar;C:\Users\Ashutosh\.m2\repository\org\springframework\spring-beans\5.0.4.RELEASE\spring-beans-5.0.4.RELEASE.jar;C:\Users\Ashutosh\.m2\repository\org\springframework\spring-expression\5.0.4.RELEASE\spring-expression-5.0.4.RELEASE.jar;C:\Users\Ashutosh\.m2\repository\org\hibernate\hibernate-core\5.2.13.Final\hibernate-core-5.2.13.Final.jar;C:\Users\Ashutosh\.m2\repository\org\jboss\logging\jboss-logging\3.3.1.Final\jboss-logging-3.3.1.Final.jar;C:\Users\Ashutosh\.m2\repository\org\hibernate\javax\persistence\hibernate-jpa-2.1-api\1.0.0.Final\hibernate-jpa-2.1-api-1.0.0.Final.jar;C:\Users\Ashutosh\.m2\repository\org\javassist\javassist\3.22.0-GA\javassist-3.22.0-GA.jar;C:\Users\Ashutosh\.m2\repository\antlr\antlr\2.7.7\antlr-2.7.7.jar;C:\Users\Ashutosh\.m2\repository\org\jboss\spec\javax\transaction\jboss-transaction-api_1.2_spec\1.0.1.Final\jboss-transaction-api_1.2_spec-1.0.1.Final.jar;C:\Users\Ashutosh\.m2\repository\org\jboss\jandex\2.0.3.Final\jandex-2.0.3.Final.jar;C:\Users\Ashutosh\.m2\repository\com\fasterxml\classmate\1.3.0\classmate-1.3.0.jar;C:\Users\Ashutosh\.m2\repository\dom4j\dom4j\1.6.1\dom4j-1.6.1.jar;C:\Users\Ashutosh\.m2\repository\org\hibernate\common\hibernate-commons-annotations\5.0.1.Final\hibernate-commons-annotations-5.0.1.Final.jar;C:\Users\Ashutosh\.m2\repository\org\springframework\spring-orm\5.0.4.RELEASE\spring-orm-5.0.4.RELEASE.jar;C:\Users\Ashutosh\.m2\repository\org\springframework\spring-jdbc\5.0.4.RELEASE\spring-jdbc-5.0.4.RELEASE.jar;C:\Users\Ashutosh\.m2\repository\org\springframework\spring-tx\5.0.4.RELEASE\spring-tx-5.0.4.RELEASE.jar;C:\Users\Ashutosh\.m2\repository\junit\junit\4.12\junit-4.12.jar;C:\Users\Ashutosh\.m2\repository\org\hamcrest\hamcrest-core\1.3\hamcrest-core-1.3.jar;C:\Users\Ashutosh\.m2\repository\com\oracle\ojdbc6\11.2.0\ojdbc6-11.2.0.jar;C:\Users\Ashutosh\.m2\repository\org\slf4j\slf4j-api\1.7.25\slf4j-api-1.7.25.jar;C:\Users\Ashutosh\.m2\repository\javax\xml\bind\jaxb-api\2.3.0\jaxb-api-2.3.0.jar;C:\Users\Ashutosh\.m2\repository\ch\qos\logback\logback-classic\1.2.3\logback-classic-1.2.3.jar;C:\Users\Ashutosh\.m2\repository\ch\qos\logback\logback-core\1.2.3\logback-core-1.2.3.jar;C:\Users\Ashutosh\.m2\repository\com\fasterxml\jackson\core\jackson-databind\2.9.5\jackson-databind-2.9.5.jar;C:\Users\Ashutosh\.m2\repository\com\fasterxml\jackson\core\jackson-annotations\2.9.0\jackson-annotations-2.9.0.jar;C:\Users\Ashutosh\.m2\repository\com\fasterxml\jackson\core\jackson-core\2.9.5\jackson-core-2.9.5.jar;, sun.cpu.endian=little, user.home=C:\Users\Ashutosh, user.language=en, java.specification.vendor=Oracle Corporation, java.home=C:\Program Files\Java\jdk-9.0.4, file.separator=\, basedir=C:\Users\Ashutosh\eclipse-workspace1\SocialHubBackEnd, java.vm.compressedOopsMode=32-bit, line.separator=
, java.vm.specification.vendor=Oracle Corporation, java.specification.name=Java Platform API Specification, java.awt.graphicsenv=sun.awt.Win32GraphicsEnvironment, surefire.real.class.path=C:\Users\Ashutosh\eclipse-workspace1\SocialHubBackEnd\target\surefire\surefirebooter9189324646319493525.jar, user.script=, sun.management.compiler=HotSpot 64-Bit Tiered Compilers, java.runtime.version=9.0.4+11, user.name=Ashutosh, path.separator=;, os.version=10.0, java.runtime.name=Java(TM) SE Runtime Environment, file.encoding=Cp1252, java.vm.name=Java HotSpot(TM) 64-Bit Server VM, localRepository=C:\Users\Ashutosh\.m2\repository, java.vendor.url.bug=http://bugreport.java.com/bugreport/, java.io.tmpdir=C:\Users\Ashutosh\AppData\Local\Temp\, java.version=9.0.4, user.dir=C:\Users\Ashutosh\eclipse-workspace1\SocialHubBackEnd, os.arch=amd64, java.vm.specification.name=Java Virtual Machine Specification, java.awt.printerjob=sun.awt.windows.WPrinterJob, sun.os.patch.level=, java.library.path=C:\Program Files\Java\jdk-9.0.4\bin;C:\WINDOWS\Sun\Java\bin;C:\WINDOWS\system32;C:\WINDOWS;C:\oraclexe\app\oracle\product\11.2.0\server\bin;C:\ProgramData\Oracle\Java\javapath;C:\WINDOWS\system32;C:\WINDOWS;C:\WINDOWS\System32\Wbem;C:\WINDOWS\System32\WindowsPowerShell\v1.0\;C:\Program Files\dotnet\;C:\Program Files\Java\jdk-9.0.4;C:\apache-maven-3.5.3\bin;C:\Program Files\Git\cmd;C:\WINDOWS\System32\OpenSSH\;C:\apache-maven-3.5.3\bin;C:\Program Files\Java\jdk-9.0.4\bin;C:\Users\Ashutosh\AppData\Local\Microsoft\WindowsApps;;., java.vm.info=mixed mode, java.vendor=Oracle Corporation, java.vm.version=9.0.4+11, sun.io.unicode.encoding=UnicodeLittle, java.class.version=53.0}}, SystemEnvironmentPropertySource@499339307 {name=&apos;systemEnvironment&apos;, properties={PATH=C:\oraclexe\app\oracle\product\11.2.0\server\bin;C:\ProgramData\Oracle\Java\javapath;C:\WINDOWS\system32;C:\WINDOWS;C:\WINDOWS\System32\Wbem;C:\WINDOWS\System32\WindowsPowerShell\v1.0\;C:\Program Files\dotnet\;C:\Program Files\Java\jdk-9.0.4;C:\apache-maven-3.5.3\bin;C:\Program Files\Git\cmd;C:\WINDOWS\System32\OpenSSH\;C:\apache-maven-3.5.3\bin;C:\Program Files\Java\jdk-9.0.4\bin;C:\Users\Ashutosh\AppData\Local\Microsoft\WindowsApps;, USERDOMAIN_ROAMINGPROFILE=DESKTOP-UOVIHKU, LOCALAPPDATA=C:\Users\Ashutosh\AppData\Local, PROCESSOR_LEVEL=6, SYSTEMDRIVE=C:, COMMONPROGRAMFILES(X86)=C:\Program Files (x86)\Common Files, USERDOMAIN=DESKTOP-UOVIHKU, FPS_BROWSER_APP_PROFILE_STRING=Internet Explorer, LOGONSERVER=\\DESKTOP-UOVIHKU, JAVA_HOME=C:\Program Files\Java\jdk-9.0.4, PROMPT=$P$G, SESSIONNAME=Console, ALLUSERSPROFILE=C:\ProgramData, PROGRAMFILES(X86)=C:\Program Files (x86), PROCESSOR_ARCHITECTURE=AMD64, DRIVERDATA=C:\Windows\System32\Drivers\DriverData, PROGRAMFILES=C:\Program Files, =C:=C:\Users\Ashutosh\eclipse-workspace1\SocialHubBackEnd, APPDATA=C:\Users\Ashutosh\AppData\Roaming, PSMODULEPATH=C:\Program Files\WindowsPowerShell\Modules;C:\WINDOWS\system32\WindowsPowerShell\v1.0\Modules, PROGRAMW6432=C:\Program Files, PROGRAMDATA=C:\ProgramData, SYSTEMROOT=C:\WINDOWS, USERNAME=Ashutosh, FPS_BROWSER_USER_PROFILE_STRING=Default, ONEDRIVE=C:\Users\Ashutosh\OneDrive, PATHEXT=.COM;.EXE;.BAT;.CMD;.VBS;.VBE;.JS;.JSE;.WSF;.WSH;.MSC, OS=Windows_NT, COMMONPROGRAMW6432=C:\Program Files\Common Files, COMPUTERNAME=DESKTOP-UOVIHKU, COMMONPROGRAMFILES=C:\Program Files\Common Files, COMSPEC=C:\WINDOWS\system32\cmd.exe, PROCESSOR_REVISION=2505, WINDIR=C:\WINDOWS, HOMEPATH=\Users\Ashutosh, TEMP=C:\Users\Ashutosh\AppData\Local\Temp, HOMEDRIVE=C:, PROCESSOR_IDENTIFIER=Intel64 Family 6 Model 37 Stepping 5, GenuineIntel, USERPROFILE=C:\Users\Ashutosh, TMP=C:\Users\Ashutosh\AppData\Local\Temp, M2_HOME=C:\apache-maven-3.5.3;, PUBLIC=C:\Users\Public, NUMBER_OF_PROCESSORS=4, =::=::\}}]
02:16:29.149 [main] DEBUG org.springframework.core.io.support.PathMatchingResourcePatternResolver - Resolved classpath location [com/ashutosh/] to resources [URL [file:/C:/Users/Ashutosh/eclipse-workspace1/SocialHubBackEnd/target/test-classes/com/ashutosh/], URL [file:/C:/Users/Ashutosh/eclipse-workspace1/SocialHubBackEnd/target/classes/com/ashutosh/]]
02:16:29.149 [main] DEBUG org.springframework.core.io.support.PathMatchingResourcePatternResolver - Looking for matching resources in directory tree [C:\Users\Ashutosh\eclipse-workspace1\SocialHubBackEnd\target\test-classes\com\ashutosh]
02:16:29.149 [main] DEBUG org.springframework.core.io.support.PathMatchingResourcePatternResolver - Searching directory [C:\Users\Ashutosh\eclipse-workspace1\SocialHubBackEnd\target\test-classes\com\ashutosh] for files matching pattern [C:/Users/Ashutosh/eclipse-workspace1/SocialHubBackEnd/target/test-classes/com/ashutosh/**/*.class]
02:16:29.150 [main] DEBUG org.springframework.core.io.support.PathMatchingResourcePatternResolver - Searching directory [C:\Users\Ashutosh\eclipse-workspace1\SocialHubBackEnd\target\test-classes\com\ashutosh\socialhub] for files matching pattern [C:/Users/Ashutosh/eclipse-workspace1/SocialHubBackEnd/target/test-classes/com/ashutosh/**/*.class]
02:16:29.152 [main] DEBUG org.springframework.core.io.support.PathMatchingResourcePatternResolver - Looking for matching resources in directory tree [C:\Users\Ashutosh\eclipse-workspace1\SocialHubBackEnd\target\classes\com\ashutosh]
02:16:29.152 [main] DEBUG org.springframework.core.io.support.PathMatchingResourcePatternResolver - Searching directory [C:\Users\Ashutosh\eclipse-workspace1\SocialHubBackEnd\target\classes\com\ashutosh] for files matching pattern [C:/Users/Ashutosh/eclipse-workspace1/SocialHubBackEnd/target/classes/com/ashutosh/**/*.class]
02:16:29.153 [main] DEBUG org.springframework.core.io.support.PathMatchingResourcePatternResolver - Searching directory [C:\Users\Ashutosh\eclipse-workspace1\SocialHubBackEnd\target\classes\com\ashutosh\socialhub] for files matching pattern [C:/Users/Ashutosh/eclipse-workspace1/SocialHubBackEnd/target/classes/com/ashutosh/**/*.class]
02:16:29.153 [main] DEBUG org.springframework.core.io.support.PathMatchingResourcePatternResolver - Searching directory [C:\Users\Ashutosh\eclipse-workspace1\SocialHubBackEnd\target\classes\com\ashutosh\socialhub\config] for files matching pattern [C:/Users/Ashutosh/eclipse-workspace1/SocialHubBackEnd/target/classes/com/ashutosh/**/*.class]
02:16:29.154 [main] DEBUG org.springframework.core.io.support.PathMatchingResourcePatternResolver - Searching directory [C:\Users\Ashutosh\eclipse-workspace1\SocialHubBackEnd\target\classes\com\ashutosh\socialhub\dao] for files matching pattern [C:/Users/Ashutosh/eclipse-workspace1/SocialHubBackEnd/target/classes/com/ashutosh/**/*.class]
02:16:29.155 [main] DEBUG org.springframework.core.io.support.PathMatchingResourcePatternResolver - Searching directory [C:\Users\Ashutosh\eclipse-workspace1\SocialHubBackEnd\target\classes\com\ashutosh\socialhub\dao\impl] for files matching pattern [C:/Users/Ashutosh/eclipse-workspace1/SocialHubBackEnd/target/classes/com/ashutosh/**/*.class]
02:16:29.157 [main] DEBUG org.springframework.core.io.support.PathMatchingResourcePatternResolver - Searching directory [C:\Users\Ashutosh\eclipse-workspace1\SocialHubBackEnd\target\classes\com\ashutosh\socialhub\domain] for files matching pattern [C:/Users/Ashutosh/eclipse-workspace1/SocialHubBackEnd/target/classes/com/ashutosh/**/*.class]
02:16:29.160 [main] DEBUG org.springframework.core.io.support.PathMatchingResourcePatternResolver - Resolved location pattern [classpath*:com/ashutosh/**/*.class] to resources [file [C:\Users\Ashutosh\eclipse-workspace1\SocialHubBackEnd\target\test-classes\com\ashutosh\socialhub\BlogcommentTestCase.class], file [C:\Users\Ashutosh\eclipse-workspace1\SocialHubBackEnd\target\test-classes\com\ashutosh\socialhub\BlogDAOTestCase.class], file [C:\Users\Ashutosh\eclipse-workspace1\SocialHubBackEnd\target\test-classes\com\ashutosh\socialhub\ForumCommentTestCase.class], file [C:\Users\Ashutosh\eclipse-workspace1\SocialHubBackEnd\target\test-classes\com\ashutosh\socialhub\ForumDAOTestCase.class], file [C:\Users\Ashutosh\eclipse-workspace1\SocialHubBackEnd\target\test-classes\com\ashutosh\socialhub\FriendDAOTestCase.class], file [C:\Users\Ashutosh\eclipse-workspace1\SocialHubBackEnd\target\test-classes\com\ashutosh\socialhub\JobApplicationDAOTestCase.class], file [C:\Users\Ashutosh\eclipse-workspace1\SocialHubBackEnd\target\test-classes\com\ashutosh\socialhub\JobDetailDAOTestCase.class], file [C:\Users\Ashutosh\eclipse-workspace1\SocialHubBackEnd\target\test-classes\com\ashutosh\socialhub\SuggestionAddDAOTestCase.class], file [C:\Users\Ashutosh\eclipse-workspace1\SocialHubBackEnd\target\test-classes\com\ashutosh\socialhub\UserDAOTestCase.class], file [C:\Users\Ashutosh\eclipse-workspace1\SocialHubBackEnd\target\classes\com\ashutosh\socialhub\config\ApplicationContextConfig.class], file [C:\Users\Ashutosh\eclipse-workspace1\SocialHubBackEnd\target\classes\com\ashutosh\socialhub\dao\BlogcommentDAO.class], file [C:\Users\Ashutosh\eclipse-workspace1\SocialHubBackEnd\target\classes\com\ashutosh\socialhub\dao\BlogDAO.class], file [C:\Users\Ashutosh\eclipse-workspace1\SocialHubBackEnd\target\classes\com\ashutosh\socialhub\dao\ForumCommentDAO.class], file [C:\Users\Ashutosh\eclipse-workspace1\SocialHubBackEnd\target\classes\com\ashutosh\socialhub\dao\ForumDAO.class], file [C:\Users\Ashutosh\eclipse-workspace1\SocialHubBackEnd\target\classes\com\ashutosh\socialhub\dao\FriendDAO.class], file [C:\Users\Ashutosh\eclipse-workspace1\SocialHubBackEnd\target\classes\com\ashutosh\socialhub\dao\impl\BlogcommentDAOImpl.class], file [C:\Users\Ashutosh\eclipse-workspace1\SocialHubBackEnd\target\classes\com\ashutosh\socialhub\dao\impl\BlogDAOImpl.class], file [C:\Users\Ashutosh\eclipse-workspace1\SocialHubBackEnd\target\classes\com\ashutosh\socialhub\dao\impl\ForumCommentDAOImpl.class], file [C:\Users\Ashutosh\eclipse-workspace1\SocialHubBackEnd\target\classes\com\ashutosh\socialhub\dao\impl\ForumDAOImpl.class], file [C:\Users\Ashutosh\eclipse-workspace1\SocialHubBackEnd\target\classes\com\ashutosh\socialhub\dao\impl\FriendDAOImpl.class], file [C:\Users\Ashutosh\eclipse-workspace1\SocialHubBackEnd\target\classes\com\ashutosh\socialhub\dao\impl\JobApplicationDAOImpl.class], file [C:\Users\Ashutosh\eclipse-workspace1\SocialHubBackEnd\target\classes\com\ashutosh\socialhub\dao\impl\JobDetailDAOImpl.class], file [C:\Users\Ashutosh\eclipse-workspace1\SocialHubBackEnd\target\classes\com\ashutosh\socialhub\dao\impl\ProfilePictureDAOImpl.class], file [C:\Users\Ashutosh\eclipse-workspace1\SocialHubBackEnd\target\classes\com\ashutosh\socialhub\dao\impl\SuggestionDAOImpl.class], file [C:\Users\Ashutosh\eclipse-workspace1\SocialHubBackEnd\target\classes\com\ashutosh\socialhub\dao\impl\UserDAOImpl.class], file [C:\Users\Ashutosh\eclipse-workspace1\SocialHubBackEnd\target\classes\com\ashutosh\socialhub\dao\JobApplicationDAO.class], file [C:\Users\Ashutosh\eclipse-workspace1\SocialHubBackEnd\target\classes\com\ashutosh\socialhub\dao\JobDetailDAO.class], file [C:\Users\Ashutosh\eclipse-workspace1\SocialHubBackEnd\target\classes\com\ashutosh\socialhub\dao\ProfilePictureDAO.class], file [C:\Users\Ashutosh\eclipse-workspace1\SocialHubBackEnd\target\classes\com\ashutosh\socialhub\dao\SuggestionDAO.class], file [C:\Users\Ashutosh\eclipse-workspace1\SocialHubBackEnd\target\classes\com\ashutosh\socialhub\dao\UserDAO.class], file [C:\Users\Ashutosh\eclipse-workspace1\SocialHubBackEnd\target\classes\com\ashutosh\socialhub\domain\Blog.class], file [C:\Users\Ashutosh\eclipse-workspace1\SocialHubBackEnd\target\classes\com\ashutosh\socialhub\domain\Blogcomment.class], file [C:\Users\Ashutosh\eclipse-workspace1\SocialHubBackEnd\target\classes\com\ashutosh\socialhub\domain\Forum.class], file [C:\Users\Ashutosh\eclipse-workspace1\SocialHubBackEnd\target\classes\com\ashutosh\socialhub\domain\ForumComment.class], file [C:\Users\Ashutosh\eclipse-workspace1\SocialHubBackEnd\target\classes\com\ashutosh\socialhub\domain\Friend.class], file [C:\Users\Ashutosh\eclipse-workspace1\SocialHubBackEnd\target\classes\com\ashutosh\socialhub\domain\JobApplication.class], file [C:\Users\Ashutosh\eclipse-workspace1\SocialHubBackEnd\target\classes\com\ashutosh\socialhub\domain\JobDetail.class], file [C:\Users\Ashutosh\eclipse-workspace1\SocialHubBackEnd\target\classes\com\ashutosh\socialhub\domain\Message.class], file [C:\Users\Ashutosh\eclipse-workspace1\SocialHubBackEnd\target\classes\com\ashutosh\socialhub\domain\OutputMessage.class], file [C:\Users\Ashutosh\eclipse-workspace1\SocialHubBackEnd\target\classes\com\ashutosh\socialhub\domain\ProfileImage.class], file [C:\Users\Ashutosh\eclipse-workspace1\SocialHubBackEnd\target\classes\com\ashutosh\socialhub\domain\Suggestion.class], file [C:\Users\Ashutosh\eclipse-workspace1\SocialHubBackEnd\target\classes\com\ashutosh\socialhub\domain\UserDetail.class]]
02:16:29.179 [main] DEBUG org.springframework.context.annotation.ClassPathBeanDefinitionScanner - Identified candidate component class: file [C:\Users\Ashutosh\eclipse-workspace1\SocialHubBackEnd\target\classes\com\ashutosh\socialhub\config\ApplicationContextConfig.class]
02:16:29.183 [main] DEBUG org.springframework.context.annotation.ClassPathBeanDefinitionScanner - Identified candidate component class: file [C:\Users\Ashutosh\eclipse-workspace1\SocialHubBackEnd\target\classes\com\ashutosh\socialhub\dao\impl\BlogcommentDAOImpl.class]
02:16:29.184 [main] DEBUG org.springframework.context.annotation.ClassPathBeanDefinitionScanner - Identified candidate component class: file [C:\Users\Ashutosh\eclipse-workspace1\SocialHubBackEnd\target\classes\com\ashutosh\socialhub\dao\impl\BlogDAOImpl.class]
02:16:29.189 [main] DEBUG org.springframework.context.annotation.ClassPathBeanDefinitionScanner - Identified candidate component class: file [C:\Users\Ashutosh\eclipse-workspace1\SocialHubBackEnd\target\classes\com\ashutosh\socialhub\dao\impl\ForumCommentDAOImpl.class]
02:16:29.190 [main] DEBUG org.springframework.context.annotation.ClassPathBeanDefinitionScanner - Identified candidate component class: file [C:\Users\Ashutosh\eclipse-workspace1\SocialHubBackEnd\target\classes\com\ashutosh\socialhub\dao\impl\ForumDAOImpl.class]
02:16:29.192 [main] DEBUG org.springframework.context.annotation.ClassPathBeanDefinitionScanner - Identified candidate component class: file [C:\Users\Ashutosh\eclipse-workspace1\SocialHubBackEnd\target\classes\com\ashutosh\socialhub\dao\impl\FriendDAOImpl.class]
02:16:29.193 [main] DEBUG org.springframework.context.annotation.ClassPathBeanDefinitionScanner - Identified candidate component class: file [C:\Users\Ashutosh\eclipse-workspace1\SocialHubBackEnd\target\classes\com\ashutosh\socialhub\dao\impl\JobApplicationDAOImpl.class]
02:16:29.195 [main] DEBUG org.springframework.context.annotation.ClassPathBeanDefinitionScanner - Identified candidate component class: file [C:\Users\Ashutosh\eclipse-workspace1\SocialHubBackEnd\target\classes\com\ashutosh\socialhub\dao\impl\JobDetailDAOImpl.class]
02:16:29.199 [main] DEBUG org.springframework.context.annotation.ClassPathBeanDefinitionScanner - Identified candidate component class: file [C:\Users\Ashutosh\eclipse-workspace1\SocialHubBackEnd\target\classes\com\ashutosh\socialhub\dao\impl\ProfilePictureDAOImpl.class]
02:16:29.201 [main] DEBUG org.springframework.context.annotation.ClassPathBeanDefinitionScanner - Identified candidate component class: file [C:\Users\Ashutosh\eclipse-workspace1\SocialHubBackEnd\target\classes\com\ashutosh\socialhub\dao\impl\SuggestionDAOImpl.class]
02:16:29.202 [main] DEBUG org.springframework.context.annotation.ClassPathBeanDefinitionScanner - Identified candidate component class: file [C:\Users\Ashutosh\eclipse-workspace1\SocialHubBackEnd\target\classes\com\ashutosh\socialhub\dao\impl\UserDAOImpl.class]
02:16:29.207 [main] DEBUG org.springframework.context.annotation.ClassPathBeanDefinitionScanner - Ignored because not a concrete top-level class: file [C:\Users\Ashutosh\eclipse-workspace1\SocialHubBackEnd\target\classes\com\ashutosh\socialhub\dao\ProfilePictureDAO.class]
02:16:29.209 [main] DEBUG org.springframework.context.annotation.ClassPathBeanDefinitionScanner - Identified candidate component class: file [C:\Users\Ashutosh\eclipse-workspace1\SocialHubBackEnd\target\classes\com\ashutosh\socialhub\domain\Blog.class]
02:16:29.210 [main] DEBUG org.springframework.context.annotation.ClassPathBeanDefinitionScanner - Identified candidate component class: file [C:\Users\Ashutosh\eclipse-workspace1\SocialHubBackEnd\target\classes\com\ashutosh\socialhub\domain\Blogcomment.class]
02:16:29.214 [main] DEBUG org.springframework.context.annotation.ClassPathBeanDefinitionScanner - Identified candidate component class: file [C:\Users\Ashutosh\eclipse-workspace1\SocialHubBackEnd\target\classes\com\ashutosh\socialhub\domain\Forum.class]
02:16:29.215 [main] DEBUG org.springframework.context.annotation.ClassPathBeanDefinitionScanner - Identified candidate component class: file [C:\Users\Ashutosh\eclipse-workspace1\SocialHubBackEnd\target\classes\com\ashutosh\socialhub\domain\ForumComment.class]
02:16:29.217 [main] DEBUG org.springframework.context.annotation.ClassPathBeanDefinitionScanner - Identified candidate component class: file [C:\Users\Ashutosh\eclipse-workspace1\SocialHubBackEnd\target\classes\com\ashutosh\socialhub\domain\Friend.class]
02:16:29.218 [main] DEBUG org.springframework.context.annotation.ClassPathBeanDefinitionScanner - Identified candidate component class: file [C:\Users\Ashutosh\eclipse-workspace1\SocialHubBackEnd\target\classes\com\ashutosh\socialhub\domain\JobApplication.class]
02:16:29.221 [main] DEBUG org.springframework.context.annotation.ClassPathBeanDefinitionScanner - Identified candidate component class: file [C:\Users\Ashutosh\eclipse-workspace1\SocialHubBackEnd\target\classes\com\ashutosh\socialhub\domain\JobDetail.class]
02:16:29.223 [main] DEBUG org.springframework.context.annotation.ClassPathBeanDefinitionScanner - Identified candidate component class: file [C:\Users\Ashutosh\eclipse-workspace1\SocialHubBackEnd\target\classes\com\ashutosh\socialhub\domain\ProfileImage.class]
02:16:29.224 [main] DEBUG org.springframework.context.annotation.ClassPathBeanDefinitionScanner - Identified candidate component class: file [C:\Users\Ashutosh\eclipse-workspace1\SocialHubBackEnd\target\classes\com\ashutosh\socialhub\domain\Suggestion.class]
02:16:29.225 [main] DEBUG org.springframework.context.annotation.ClassPathBeanDefinitionScanner - Identified candidate component class: file [C:\Users\Ashutosh\eclipse-workspace1\SocialHubBackEnd\target\classes\com\ashutosh\socialhub\domain\UserDetail.class]
02:16:29.232 [main] INFO org.springframework.context.annotation.AnnotationConfigApplicationContext - Refreshing org.springframework.context.annotation.AnnotationConfigApplicationContext@561b7d53: startup date [Mon Jul 16 02:16:29 IST 2018]; root of context hierarchy
02:16:29.233 [main] DEBUG org.springframework.context.annotation.AnnotationConfigApplicationContext - Bean factory for org.springframework.context.annotation.AnnotationConfigApplicationContext@561b7d53: org.springframework.beans.factory.support.DefaultListableBeanFactory@ff23ae7: defining beans [org.springframework.context.annotation.internalConfigurationAnnotationProcessor,org.springframework.context.annotation.internalAutowiredAnnotationProcessor,org.springframework.context.annotation.internalRequiredAnnotationProcessor,org.springframework.context.annotation.internalPersistenceAnnotationProcessor,org.springframework.context.event.internalEventListenerProcessor,org.springframework.context.event.internalEventListenerFactory,applicationContextConfig,blogcommentDAO,blogDAO,forumcommentDAO,forumDAO,friendDAO,jobappDAO,jobdetailDAO,profilepictureDAO,suggestionDAO,userDAO,blog,blogcomment,forum,forumComment,friend,jobApplication,jobDetail,profileImage,suggestion,userDetail]; root of factory hierarchy
02:16:29.234 [main] DEBUG org.springframework.beans.factory.support.DefaultListableBeanFactory - Creating shared instance of singleton bean &apos;org.springframework.context.annotation.internalConfigurationAnnotationProcessor&apos;
02:16:29.234 [main] DEBUG org.springframework.beans.factory.support.DefaultListableBeanFactory - Creating instance of bean &apos;org.springframework.context.annotation.internalConfigurationAnnotationProcessor&apos;
02:16:29.234 [main] DEBUG org.springframework.beans.factory.support.DefaultListableBeanFactory - Eagerly caching bean &apos;org.springframework.context.annotation.internalConfigurationAnnotationProcessor&apos; to allow for resolving potential circular references
02:16:29.234 [main] DEBUG org.springframework.beans.factory.support.DefaultListableBeanFactory - Finished creating instance of bean &apos;org.springframework.context.annotation.internalConfigurationAnnotationProcessor&apos;
02:16:29.242 [main] DEBUG org.springframework.core.io.support.PathMatchingResourcePatternResolver - Resolved classpath location [com/ashutosh/] to resources [URL [file:/C:/Users/Ashutosh/eclipse-workspace1/SocialHubBackEnd/target/test-classes/com/ashutosh/], URL [file:/C:/Users/Ashutosh/eclipse-workspace1/SocialHubBackEnd/target/classes/com/ashutosh/]]
02:16:29.242 [main] DEBUG org.springframework.core.io.support.PathMatchingResourcePatternResolver - Looking for matching resources in directory tree [C:\Users\Ashutosh\eclipse-workspace1\SocialHubBackEnd\target\test-classes\com\ashutosh]
02:16:29.243 [main] DEBUG org.springframework.core.io.support.PathMatchingResourcePatternResolver - Searching directory [C:\Users\Ashutosh\eclipse-workspace1\SocialHubBackEnd\target\test-classes\com\ashutosh] for files matching pattern [C:/Users/Ashutosh/eclipse-workspace1/SocialHubBackEnd/target/test-classes/com/ashutosh/**/*.class]
02:16:29.243 [main] DEBUG org.springframework.core.io.support.PathMatchingResourcePatternResolver - Searching directory [C:\Users\Ashutosh\eclipse-workspace1\SocialHubBackEnd\target\test-classes\com\ashutosh\socialhub] for files matching pattern [C:/Users/Ashutosh/eclipse-workspace1/SocialHubBackEnd/target/test-classes/com/ashutosh/**/*.class]
02:16:29.245 [main] DEBUG org.springframework.core.io.support.PathMatchingResourcePatternResolver - Looking for matching resources in directory tree [C:\Users\Ashutosh\eclipse-workspace1\SocialHubBackEnd\target\classes\com\ashutosh]
02:16:29.245 [main] DEBUG org.springframework.core.io.support.PathMatchingResourcePatternResolver - Searching directory [C:\Users\Ashutosh\eclipse-workspace1\SocialHubBackEnd\target\classes\com\ashutosh] for files matching pattern [C:/Users/Ashutosh/eclipse-workspace1/SocialHubBackEnd/target/classes/com/ashutosh/**/*.class]
02:16:29.246 [main] DEBUG org.springframework.core.io.support.PathMatchingResourcePatternResolver - Searching directory [C:\Users\Ashutosh\eclipse-workspace1\SocialHubBackEnd\target\classes\com\ashutosh\socialhub] for files matching pattern [C:/Users/Ashutosh/eclipse-workspace1/SocialHubBackEnd/target/classes/com/ashutosh/**/*.class]
02:16:29.246 [main] DEBUG org.springframework.core.io.support.PathMatchingResourcePatternResolver - Searching directory [C:\Users\Ashutosh\eclipse-workspace1\SocialHubBackEnd\target\classes\com\ashutosh\socialhub\config] for files matching pattern [C:/Users/Ashutosh/eclipse-workspace1/SocialHubBackEnd/target/classes/com/ashutosh/**/*.class]
02:16:29.247 [main] DEBUG org.springframework.core.io.support.PathMatchingResourcePatternResolver - Searching directory [C:\Users\Ashutosh\eclipse-workspace1\SocialHubBackEnd\target\classes\com\ashutosh\socialhub\dao] for files matching pattern [C:/Users/Ashutosh/eclipse-workspace1/SocialHubBackEnd/target/classes/com/ashutosh/**/*.class]
02:16:29.249 [main] DEBUG org.springframework.core.io.support.PathMatchingResourcePatternResolver - Searching directory [C:\Users\Ashutosh\eclipse-workspace1\SocialHubBackEnd\target\classes\com\ashutosh\socialhub\dao\impl] for files matching pattern [C:/Users/Ashutosh/eclipse-workspace1/SocialHubBackEnd/target/classes/com/ashutosh/**/*.class]
02:16:29.251 [main] DEBUG org.springframework.core.io.support.PathMatchingResourcePatternResolver - Searching directory [C:\Users\Ashutosh\eclipse-workspace1\SocialHubBackEnd\target\classes\com\ashutosh\socialhub\domain] for files matching pattern [C:/Users/Ashutosh/eclipse-workspace1/SocialHubBackEnd/target/classes/com/ashutosh/**/*.class]
02:16:29.256 [main] DEBUG org.springframework.core.io.support.PathMatchingResourcePatternResolver - Resolved location pattern [classpath*:com/ashutosh/**/*.class] to resources [file [C:\Users\Ashutosh\eclipse-workspace1\SocialHubBackEnd\target\test-classes\com\ashutosh\socialhub\BlogcommentTestCase.class], file [C:\Users\Ashutosh\eclipse-workspace1\SocialHubBackEnd\target\test-classes\com\ashutosh\socialhub\BlogDAOTestCase.class], file [C:\Users\Ashutosh\eclipse-workspace1\SocialHubBackEnd\target\test-classes\com\ashutosh\socialhub\ForumCommentTestCase.class], file [C:\Users\Ashutosh\eclipse-workspace1\SocialHubBackEnd\target\test-classes\com\ashutosh\socialhub\ForumDAOTestCase.class], file [C:\Users\Ashutosh\eclipse-workspace1\SocialHubBackEnd\target\test-classes\com\ashutosh\socialhub\FriendDAOTestCase.class], file [C:\Users\Ashutosh\eclipse-workspace1\SocialHubBackEnd\target\test-classes\com\ashutosh\socialhub\JobApplicationDAOTestCase.class], file [C:\Users\Ashutosh\eclipse-workspace1\SocialHubBackEnd\target\test-classes\com\ashutosh\socialhub\JobDetailDAOTestCase.class], file [C:\Users\Ashutosh\eclipse-workspace1\SocialHubBackEnd\target\test-classes\com\ashutosh\socialhub\SuggestionAddDAOTestCase.class], file [C:\Users\Ashutosh\eclipse-workspace1\SocialHubBackEnd\target\test-classes\com\ashutosh\socialhub\UserDAOTestCase.class], file [C:\Users\Ashutosh\eclipse-workspace1\SocialHubBackEnd\target\classes\com\ashutosh\socialhub\config\ApplicationContextConfig.class], file [C:\Users\Ashutosh\eclipse-workspace1\SocialHubBackEnd\target\classes\com\ashutosh\socialhub\dao\BlogcommentDAO.class], file [C:\Users\Ashutosh\eclipse-workspace1\SocialHubBackEnd\target\classes\com\ashutosh\socialhub\dao\BlogDAO.class], file [C:\Users\Ashutosh\eclipse-workspace1\SocialHubBackEnd\target\classes\com\ashutosh\socialhub\dao\ForumCommentDAO.class], file [C:\Users\Ashutosh\eclipse-workspace1\SocialHubBackEnd\target\classes\com\ashutosh\socialhub\dao\ForumDAO.class], file [C:\Users\Ashutosh\eclipse-workspace1\SocialHubBackEnd\target\classes\com\ashutosh\socialhub\dao\FriendDAO.class], file [C:\Users\Ashutosh\eclipse-workspace1\SocialHubBackEnd\target\classes\com\ashutosh\socialhub\dao\impl\BlogcommentDAOImpl.class], file [C:\Users\Ashutosh\eclipse-workspace1\SocialHubBackEnd\target\classes\com\ashutosh\socialhub\dao\impl\BlogDAOImpl.class], file [C:\Users\Ashutosh\eclipse-workspace1\SocialHubBackEnd\target\classes\com\ashutosh\socialhub\dao\impl\ForumCommentDAOImpl.class], file [C:\Users\Ashutosh\eclipse-workspace1\SocialHubBackEnd\target\classes\com\ashutosh\socialhub\dao\impl\ForumDAOImpl.class], file [C:\Users\Ashutosh\eclipse-workspace1\SocialHubBackEnd\target\classes\com\ashutosh\socialhub\dao\impl\FriendDAOImpl.class], file [C:\Users\Ashutosh\eclipse-workspace1\SocialHubBackEnd\target\classes\com\ashutosh\socialhub\dao\impl\JobApplicationDAOImpl.class], file [C:\Users\Ashutosh\eclipse-workspace1\SocialHubBackEnd\target\classes\com\ashutosh\socialhub\dao\impl\JobDetailDAOImpl.class], file [C:\Users\Ashutosh\eclipse-workspace1\SocialHubBackEnd\target\classes\com\ashutosh\socialhub\dao\impl\ProfilePictureDAOImpl.class], file [C:\Users\Ashutosh\eclipse-workspace1\SocialHubBackEnd\target\classes\com\ashutosh\socialhub\dao\impl\SuggestionDAOImpl.class], file [C:\Users\Ashutosh\eclipse-workspace1\SocialHubBackEnd\target\classes\com\ashutosh\socialhub\dao\impl\UserDAOImpl.class], file [C:\Users\Ashutosh\eclipse-workspace1\SocialHubBackEnd\target\classes\com\ashutosh\socialhub\dao\JobApplicationDAO.class], file [C:\Users\Ashutosh\eclipse-workspace1\SocialHubBackEnd\target\classes\com\ashutosh\socialhub\dao\JobDetailDAO.class], file [C:\Users\Ashutosh\eclipse-workspace1\SocialHubBackEnd\target\classes\com\ashutosh\socialhub\dao\ProfilePictureDAO.class], file [C:\Users\Ashutosh\eclipse-workspace1\SocialHubBackEnd\target\classes\com\ashutosh\socialhub\dao\SuggestionDAO.class], file [C:\Users\Ashutosh\eclipse-workspace1\SocialHubBackEnd\target\classes\com\ashutosh\socialhub\dao\UserDAO.class], file [C:\Users\Ashutosh\eclipse-workspace1\SocialHubBackEnd\target\classes\com\ashutosh\socialhub\domain\Blog.class], file [C:\Users\Ashutosh\eclipse-workspace1\SocialHubBackEnd\target\classes\com\ashutosh\socialhub\domain\Blogcomment.class], file [C:\Users\Ashutosh\eclipse-workspace1\SocialHubBackEnd\target\classes\com\ashutosh\socialhub\domain\Forum.class], file [C:\Users\Ashutosh\eclipse-workspace1\SocialHubBackEnd\target\classes\com\ashutosh\socialhub\domain\ForumComment.class], file [C:\Users\Ashutosh\eclipse-workspace1\SocialHubBackEnd\target\classes\com\ashutosh\socialhub\domain\Friend.class], file [C:\Users\Ashutosh\eclipse-workspace1\SocialHubBackEnd\target\classes\com\ashutosh\socialhub\domain\JobApplication.class], file [C:\Users\Ashutosh\eclipse-workspace1\SocialHubBackEnd\target\classes\com\ashutosh\socialhub\domain\JobDetail.class], file [C:\Users\Ashutosh\eclipse-workspace1\SocialHubBackEnd\target\classes\com\ashutosh\socialhub\domain\Message.class], file [C:\Users\Ashutosh\eclipse-workspace1\SocialHubBackEnd\target\classes\com\ashutosh\socialhub\domain\OutputMessage.class], file [C:\Users\Ashutosh\eclipse-workspace1\SocialHubBackEnd\target\classes\com\ashutosh\socialhub\domain\ProfileImage.class], file [C:\Users\Ashutosh\eclipse-workspace1\SocialHubBackEnd\target\classes\com\ashutosh\socialhub\domain\Suggestion.class], file [C:\Users\Ashutosh\eclipse-workspace1\SocialHubBackEnd\target\classes\com\ashutosh\socialhub\domain\UserDetail.class]]
02:16:29.260 [main] DEBUG org.springframework.context.annotation.ClassPathBeanDefinitionScanner - Identified candidate component class: file [C:\Users\Ashutosh\eclipse-workspace1\SocialHubBackEnd\target\classes\com\ashutosh\socialhub\dao\impl\BlogcommentDAOImpl.class]
02:16:29.260 [main] DEBUG org.springframework.context.annotation.ClassPathBeanDefinitionScanner - Identified candidate component class: file [C:\Users\Ashutosh\eclipse-workspace1\SocialHubBackEnd\target\classes\com\ashutosh\socialhub\dao\impl\BlogDAOImpl.class]
02:16:29.260 [main] DEBUG org.springframework.context.annotation.ClassPathBeanDefinitionScanner - Identified candidate component class: file [C:\Users\Ashutosh\eclipse-workspace1\SocialHubBackEnd\target\classes\com\ashutosh\socialhub\dao\impl\ForumCommentDAOImpl.class]
02:16:29.261 [main] DEBUG org.springframework.context.annotation.ClassPathBeanDefinitionScanner - Identified candidate component class: file [C:\Users\Ashutosh\eclipse-workspace1\SocialHubBackEnd\target\classes\com\ashutosh\socialhub\dao\impl\ForumDAOImpl.class]
02:16:29.261 [main] DEBUG org.springframework.context.annotation.ClassPathBeanDefinitionScanner - Identified candidate component class: file [C:\Users\Ashutosh\eclipse-workspace1\SocialHubBackEnd\target\classes\com\ashutosh\socialhub\dao\impl\FriendDAOImpl.class]
02:16:29.261 [main] DEBUG org.springframework.context.annotation.ClassPathBeanDefinitionScanner - Identified candidate component class: file [C:\Users\Ashutosh\eclipse-workspace1\SocialHubBackEnd\target\classes\com\ashutosh\socialhub\dao\impl\JobApplicationDAOImpl.class]
02:16:29.262 [main] DEBUG org.springframework.context.annotation.ClassPathBeanDefinitionScanner - Identified candidate component class: file [C:\Users\Ashutosh\eclipse-workspace1\SocialHubBackEnd\target\classes\com\ashutosh\socialhub\dao\impl\JobDetailDAOImpl.class]
02:16:29.262 [main] DEBUG org.springframework.context.annotation.ClassPathBeanDefinitionScanner - Identified candidate component class: file [C:\Users\Ashutosh\eclipse-workspace1\SocialHubBackEnd\target\classes\com\ashutosh\socialhub\dao\impl\ProfilePictureDAOImpl.class]
02:16:29.262 [main] DEBUG org.springframework.context.annotation.ClassPathBeanDefinitionScanner - Identified candidate component class: file [C:\Users\Ashutosh\eclipse-workspace1\SocialHubBackEnd\target\classes\com\ashutosh\socialhub\dao\impl\SuggestionDAOImpl.class]
02:16:29.263 [main] DEBUG org.springframework.context.annotation.ClassPathBeanDefinitionScanner - Identified candidate component class: file [C:\Users\Ashutosh\eclipse-workspace1\SocialHubBackEnd\target\classes\com\ashutosh\socialhub\dao\impl\UserDAOImpl.class]
02:16:29.263 [main] DEBUG org.springframework.context.annotation.ClassPathBeanDefinitionScanner - Ignored because not a concrete top-level class: file [C:\Users\Ashutosh\eclipse-workspace1\SocialHubBackEnd\target\classes\com\ashutosh\socialhub\dao\ProfilePictureDAO.class]
02:16:29.264 [main] DEBUG org.springframework.context.annotation.ClassPathBeanDefinitionScanner - Identified candidate component class: file [C:\Users\Ashutosh\eclipse-workspace1\SocialHubBackEnd\target\classes\com\ashutosh\socialhub\domain\Blog.class]
02:16:29.265 [main] DEBUG org.springframework.context.annotation.ClassPathBeanDefinitionScanner - Identified candidate component class: file [C:\Users\Ashutosh\eclipse-workspace1\SocialHubBackEnd\target\classes\com\ashutosh\socialhub\domain\Blogcomment.class]
02:16:29.265 [main] DEBUG org.springframework.context.annotation.ClassPathBeanDefinitionScanner - Identified candidate component class: file [C:\Users\Ashutosh\eclipse-workspace1\SocialHubBackEnd\target\classes\com\ashutosh\socialhub\domain\Forum.class]
02:16:29.265 [main] DEBUG org.springframework.context.annotation.ClassPathBeanDefinitionScanner - Identified candidate component class: file [C:\Users\Ashutosh\eclipse-workspace1\SocialHubBackEnd\target\classes\com\ashutosh\socialhub\domain\ForumComment.class]
02:16:29.266 [main] DEBUG org.springframework.context.annotation.ClassPathBeanDefinitionScanner - Identified candidate component class: file [C:\Users\Ashutosh\eclipse-workspace1\SocialHubBackEnd\target\classes\com\ashutosh\socialhub\domain\Friend.class]
02:16:29.266 [main] DEBUG org.springframework.context.annotation.ClassPathBeanDefinitionScanner - Identified candidate component class: file [C:\Users\Ashutosh\eclipse-workspace1\SocialHubBackEnd\target\classes\com\ashutosh\socialhub\domain\JobApplication.class]
02:16:29.266 [main] DEBUG org.springframework.context.annotation.ClassPathBeanDefinitionScanner - Identified candidate component class: file [C:\Users\Ashutosh\eclipse-workspace1\SocialHubBackEnd\target\classes\com\ashutosh\socialhub\domain\JobDetail.class]
02:16:29.267 [main] DEBUG org.springframework.context.annotation.ClassPathBeanDefinitionScanner - Identified candidate component class: file [C:\Users\Ashutosh\eclipse-workspace1\SocialHubBackEnd\target\classes\com\ashutosh\socialhub\domain\ProfileImage.class]
02:16:29.267 [main] DEBUG org.springframework.context.annotation.ClassPathBeanDefinitionScanner - Identified candidate component class: file [C:\Users\Ashutosh\eclipse-workspace1\SocialHubBackEnd\target\classes\com\ashutosh\socialhub\domain\Suggestion.class]
02:16:29.267 [main] DEBUG org.springframework.context.annotation.ClassPathBeanDefinitionScanner - Identified candidate component class: file [C:\Users\Ashutosh\eclipse-workspace1\SocialHubBackEnd\target\classes\com\ashutosh\socialhub\domain\UserDetail.class]
02:16:29.333 [main] DEBUG org.springframework.context.annotation.ConfigurationClassBeanDefinitionReader - Registered bean definition for imported class &apos;org.springframework.transaction.annotation.ProxyTransactionManagementConfiguration&apos;
02:16:29.334 [main] DEBUG org.springframework.context.annotation.ConfigurationClassBeanDefinitionReader - Registering bean definition for @Bean method org.springframework.transaction.annotation.ProxyTransactionManagementConfiguration.org.springframework.transaction.config.internalTransactionAdvisor()
02:16:29.335 [main] DEBUG org.springframework.context.annotation.ConfigurationClassBeanDefinitionReader - Registering bean definition for @Bean method org.springframework.transaction.annotation.ProxyTransactionManagementConfiguration.transactionAttributeSource()
02:16:29.335 [main] DEBUG org.springframework.context.annotation.ConfigurationClassBeanDefinitionReader - Registering bean definition for @Bean method org.springframework.transaction.annotation.ProxyTransactionManagementConfiguration.transactionInterceptor()
02:16:29.336 [main] DEBUG org.springframework.context.annotation.ConfigurationClassBeanDefinitionReader - Registering bean definition for @Bean method org.springframework.transaction.annotation.ProxyTransactionManagementConfiguration.org.springframework.transaction.config.internalTransactionalEventListenerFactory()
02:16:29.336 [main] DEBUG org.springframework.context.annotation.ConfigurationClassBeanDefinitionReader - Registering bean definition for @Bean method com.ashutosh.socialhub.config.ApplicationContextConfig.dataSource()
02:16:29.336 [main] DEBUG org.springframework.context.annotation.ConfigurationClassBeanDefinitionReader - Registering bean definition for @Bean method com.ashutosh.socialhub.config.ApplicationContextConfig.sessionFactory()
02:16:29.337 [main] DEBUG org.springframework.context.annotation.ConfigurationClassBeanDefinitionReader - Registering bean definition for @Bean method com.ashutosh.socialhub.config.ApplicationContextConfig.transactionManager()
02:16:29.339 [main] DEBUG org.springframework.context.annotation.ConfigurationClassEnhancer - Successfully enhanced com.ashutosh.socialhub.config.ApplicationContextConfig; enhanced class name is: com.ashutosh.socialhub.config.ApplicationContextConfig$$EnhancerBySpringCGLIB$$6565400b
02:16:29.339 [main] DEBUG org.springframework.context.annotation.ConfigurationClassPostProcessor - Replacing bean definition &apos;applicationContextConfig&apos; existing class &apos;com.ashutosh.socialhub.config.ApplicationContextConfig&apos; with enhanced class &apos;com.ashutosh.socialhub.config.ApplicationContextConfig$$EnhancerBySpringCGLIB$$6565400b&apos;
02:16:29.340 [main] DEBUG org.springframework.context.annotation.ConfigurationClassEnhancer - Successfully enhanced org.springframework.transaction.annotation.ProxyTransactionManagementConfiguration; enhanced class name is: org.springframework.transaction.annotation.ProxyTransactionManagementConfiguration$$EnhancerBySpringCGLIB$$df799931
02:16:29.340 [main] DEBUG org.springframework.context.annotation.ConfigurationClassPostProcessor - Replacing bean definition &apos;org.springframework.transaction.annotation.ProxyTransactionManagementConfiguration&apos; existing class &apos;org.springframework.transaction.annotation.ProxyTransactionManagementConfiguration&apos; with enhanced class &apos;org.springframework.transaction.annotation.ProxyTransactionManagementConfiguration$$EnhancerBySpringCGLIB$$df799931&apos;
02:16:29.343 [main] DEBUG org.springframework.beans.factory.support.DefaultListableBeanFactory - Creating shared instance of singleton bean &apos;org.springframework.context.annotation.internalAutowiredAnnotationProcessor&apos;
02:16:29.343 [main] DEBUG org.springframework.beans.factory.support.DefaultListableBeanFactory - Creating instance of bean &apos;org.springframework.context.annotation.internalAutowiredAnnotationProcessor&apos;
02:16:29.344 [main] DEBUG org.springframework.beans.factory.support.DefaultListableBeanFactory - Eagerly caching bean &apos;org.springframework.context.annotation.internalAutowiredAnnotationProcessor&apos; to allow for resolving potential circular references
02:16:29.349 [main] DEBUG org.springframework.beans.factory.support.DefaultListableBeanFactory - Finished creating instance of bean &apos;org.springframework.context.annotation.internalAutowiredAnnotationProcessor&apos;
02:16:29.349 [main] DEBUG org.springframework.beans.factory.support.DefaultListableBeanFactory - Creating shared instance of singleton bean &apos;org.springframework.context.annotation.internalRequiredAnnotationProcessor&apos;
02:16:29.349 [main] DEBUG org.springframework.beans.factory.support.DefaultListableBeanFactory - Creating instance of bean &apos;org.springframework.context.annotation.internalRequiredAnnotationProcessor&apos;
02:16:29.349 [main] DEBUG org.springframework.beans.factory.support.DefaultListableBeanFactory - Eagerly caching bean &apos;org.springframework.context.annotation.internalRequiredAnnotationProcessor&apos; to allow for resolving potential circular references
02:16:29.356 [main] DEBUG org.springframework.beans.factory.support.DefaultListableBeanFactory - Finished creating instance of bean &apos;org.springframework.context.annotation.internalRequiredAnnotationProcessor&apos;
02:16:29.357 [main] DEBUG org.springframework.beans.factory.support.DefaultListableBeanFactory - Creating shared instance of singleton bean &apos;org.springframework.context.annotation.internalPersistenceAnnotationProcessor&apos;
02:16:29.357 [main] DEBUG org.springframework.beans.factory.support.DefaultListableBeanFactory - Creating instance of bean &apos;org.springframework.context.annotation.internalPersistenceAnnotationProcessor&apos;
02:16:29.357 [main] DEBUG org.springframework.beans.factory.support.DefaultListableBeanFactory - Eagerly caching bean &apos;org.springframework.context.annotation.internalPersistenceAnnotationProcessor&apos; to allow for resolving potential circular references
02:16:29.362 [main] DEBUG org.springframework.beans.factory.support.DefaultListableBeanFactory - Finished creating instance of bean &apos;org.springframework.context.annotation.internalPersistenceAnnotationProcessor&apos;
02:16:29.363 [main] DEBUG org.springframework.beans.factory.support.DefaultListableBeanFactory - Creating shared instance of singleton bean &apos;org.springframework.aop.config.internalAutoProxyCreator&apos;
02:16:29.363 [main] DEBUG org.springframework.beans.factory.support.DefaultListableBeanFactory - Creating instance of bean &apos;org.springframework.aop.config.internalAutoProxyCreator&apos;
02:16:29.365 [main] DEBUG org.springframework.beans.factory.support.DefaultListableBeanFactory - Eagerly caching bean &apos;org.springframework.aop.config.internalAutoProxyCreator&apos; to allow for resolving potential circular references
02:16:29.372 [main] DEBUG org.springframework.beans.factory.support.DefaultListableBeanFactory - Finished creating instance of bean &apos;org.springframework.aop.config.internalAutoProxyCreator&apos;
02:16:29.372 [main] DEBUG org.springframework.context.annotation.AnnotationConfigApplicationContext - Unable to locate MessageSource with name &apos;messageSource&apos;: using default [org.springframework.context.support.DelegatingMessageSource@10f7918f]
02:16:29.372 [main] DEBUG org.springframework.context.annotation.AnnotationConfigApplicationContext - Unable to locate ApplicationEventMulticaster with name &apos;applicationEventMulticaster&apos;: using default [org.springframework.context.event.SimpleApplicationEventMulticaster@64d4f7c7]
02:16:29.373 [main] DEBUG org.springframework.beans.factory.support.DefaultListableBeanFactory - Pre-instantiating singletons in org.springframework.beans.factory.support.DefaultListableBeanFactory@ff23ae7: defining beans [org.springframework.context.annotation.internalConfigurationAnnotationProcessor,org.springframework.context.annotation.internalAutowiredAnnotationProcessor,org.springframework.context.annotation.internalRequiredAnnotationProcessor,org.springframework.context.annotation.internalPersistenceAnnotationProcessor,org.springframework.context.event.internalEventListenerProcessor,org.springframework.context.event.internalEventListenerFactory,applicationContextConfig,blogcommentDAO,blogDAO,forumcommentDAO,forumDAO,friendDAO,jobappDAO,jobdetailDAO,profilepictureDAO,suggestionDAO,userDAO,blog,blogcomment,forum,forumComment,friend,jobApplication,jobDetail,profileImage,suggestion,userDetail,org.springframework.transaction.annotation.ProxyTransactionManagementConfiguration,org.springframework.transaction.config.internalTransactionAdvisor,transactionAttributeSource,transactionInterceptor,org.springframework.transaction.config.internalTransactionalEventListenerFactory,dataSource,sessionFactory,transactionManager,org.springframework.aop.config.internalAutoProxyCreator]; root of factory hierarchy
02:16:29.374 [main] DEBUG org.springframework.beans.factory.support.DefaultListableBeanFactory - Returning cached instance of singleton bean &apos;org.springframework.context.annotation.internalConfigurationAnnotationProcessor&apos;
02:16:29.374 [main] DEBUG org.springframework.beans.factory.support.DefaultListableBeanFactory - Returning cached instance of singleton bean &apos;org.springframework.context.annotation.internalAutowiredAnnotationProcessor&apos;
02:16:29.374 [main] DEBUG org.springframework.beans.factory.support.DefaultListableBeanFactory - Returning cached instance of singleton bean &apos;org.springframework.context.annotation.internalRequiredAnnotationProcessor&apos;
02:16:29.374 [main] DEBUG org.springframework.beans.factory.support.DefaultListableBeanFactory - Returning cached instance of singleton bean &apos;org.springframework.context.annotation.internalPersistenceAnnotationProcessor&apos;
02:16:29.374 [main] DEBUG org.springframework.beans.factory.support.DefaultListableBeanFactory - Creating shared instance of singleton bean &apos;org.springframework.context.event.internalEventListenerProcessor&apos;
02:16:29.374 [main] DEBUG org.springframework.beans.factory.support.DefaultListableBeanFactory - Creating instance of bean &apos;org.springframework.context.event.internalEventListenerProcessor&apos;
02:16:29.374 [main] DEBUG org.springframework.beans.factory.support.DefaultListableBeanFactory - Eagerly caching bean &apos;org.springframework.context.event.internalEventListenerProcessor&apos; to allow for resolving potential circular references
02:16:29.377 [main] DEBUG org.springframework.beans.factory.support.DefaultListableBeanFactory - Creating shared instance of singleton bean &apos;org.springframework.transaction.config.internalTransactionAdvisor&apos;
02:16:29.377 [main] DEBUG org.springframework.beans.factory.support.DefaultListableBeanFactory - Creating instance of bean &apos;org.springframework.transaction.config.internalTransactionAdvisor&apos;
02:16:29.377 [main] DEBUG org.springframework.beans.factory.support.DefaultListableBeanFactory - Creating shared instance of singleton bean &apos;org.springframework.transaction.annotation.ProxyTransactionManagementConfiguration&apos;
02:16:29.377 [main] DEBUG org.springframework.beans.factory.support.DefaultListableBeanFactory - Creating instance of bean &apos;org.springframework.transaction.annotation.ProxyTransactionManagementConfiguration&apos;
02:16:29.380 [main] DEBUG org.springframework.beans.factory.annotation.InjectionMetadata - Registered injected element on class [org.springframework.transaction.annotation.ProxyTransactionManagementConfiguration$$EnhancerBySpringCGLIB$$df799931]: AutowiredMethodElement for void org.springframework.transaction.annotation.AbstractTransactionManagementConfiguration.setConfigurers(java.util.Collection)
02:16:29.380 [main] DEBUG org.springframework.beans.factory.support.DefaultListableBeanFactory - Eagerly caching bean &apos;org.springframework.transaction.annotation.ProxyTransactionManagementConfiguration&apos; to allow for resolving potential circular references
02:16:29.381 [main] DEBUG org.springframework.beans.factory.annotation.InjectionMetadata - Processing injected element of bean &apos;org.springframework.transaction.annotation.ProxyTransactionManagementConfiguration&apos;: AutowiredMethodElement for void org.springframework.transaction.annotation.AbstractTransactionManagementConfiguration.setConfigurers(java.util.Collection)
02:16:29.382 [main] DEBUG org.springframework.beans.factory.support.DefaultListableBeanFactory - Returning cached instance of singleton bean &apos;org.springframework.context.annotation.ConfigurationClassPostProcessor.importRegistry&apos;
02:16:29.383 [main] DEBUG org.springframework.aop.framework.autoproxy.BeanFactoryAdvisorRetrievalHelper - Skipping currently created advisor &apos;org.springframework.transaction.config.internalTransactionAdvisor&apos;
02:16:29.383 [main] DEBUG org.springframework.beans.factory.support.DefaultListableBeanFactory - Finished creating instance of bean &apos;org.springframework.transaction.annotation.ProxyTransactionManagementConfiguration&apos;
02:16:29.384 [main] DEBUG org.springframework.beans.factory.support.DefaultListableBeanFactory - Creating shared instance of singleton bean &apos;transactionAttributeSource&apos;
02:16:29.384 [main] DEBUG org.springframework.beans.factory.support.DefaultListableBeanFactory - Creating instance of bean &apos;transactionAttributeSource&apos;
02:16:29.384 [main] DEBUG org.springframework.beans.factory.support.DefaultListableBeanFactory - Returning cached instance of singleton bean &apos;org.springframework.transaction.annotation.ProxyTransactionManagementConfiguration&apos;
02:16:29.385 [main] DEBUG org.springframework.beans.factory.support.DefaultListableBeanFactory - Eagerly caching bean &apos;transactionAttributeSource&apos; to allow for resolving potential circular references
02:16:29.387 [main] DEBUG org.springframework.aop.framework.autoproxy.BeanFactoryAdvisorRetrievalHelper - Skipping currently created advisor &apos;org.springframework.transaction.config.internalTransactionAdvisor&apos;
02:16:29.387 [main] DEBUG org.springframework.beans.factory.support.DefaultListableBeanFactory - Finished creating instance of bean &apos;transactionAttributeSource&apos;
02:16:29.388 [main] DEBUG org.springframework.beans.factory.support.DefaultListableBeanFactory - Creating shared instance of singleton bean &apos;transactionInterceptor&apos;
02:16:29.388 [main] DEBUG org.springframework.beans.factory.support.DefaultListableBeanFactory - Creating instance of bean &apos;transactionInterceptor&apos;
02:16:29.388 [main] DEBUG org.springframework.beans.factory.support.DefaultListableBeanFactory - Returning cached instance of singleton bean &apos;org.springframework.transaction.annotation.ProxyTransactionManagementConfiguration&apos;
02:16:29.390 [main] DEBUG org.springframework.beans.factory.support.DefaultListableBeanFactory - Returning cached instance of singleton bean &apos;transactionAttributeSource&apos;
02:16:29.390 [main] DEBUG org.springframework.beans.factory.support.DefaultListableBeanFactory - Eagerly caching bean &apos;transactionInterceptor&apos; to allow for resolving potential circular references
02:16:29.397 [main] DEBUG org.springframework.beans.factory.support.DefaultListableBeanFactory - Invoking afterPropertiesSet() on bean with name &apos;transactionInterceptor&apos;
02:16:29.397 [main] DEBUG org.springframework.beans.factory.support.DefaultListableBeanFactory - Finished creating instance of bean &apos;transactionInterceptor&apos;
02:16:29.410 [main] DEBUG org.springframework.beans.factory.support.DefaultListableBeanFactory - Eagerly caching bean &apos;org.springframework.transaction.config.internalTransactionAdvisor&apos; to allow for resolving potential circular references
02:16:29.416 [main] DEBUG org.springframework.beans.factory.support.DefaultListableBeanFactory - Finished creating instance of bean &apos;org.springframework.transaction.config.internalTransactionAdvisor&apos;
02:16:29.416 [main] DEBUG org.springframework.beans.factory.support.DefaultListableBeanFactory - Finished creating instance of bean &apos;org.springframework.context.event.internalEventListenerProcessor&apos;
02:16:29.417 [main] DEBUG org.springframework.beans.factory.support.DefaultListableBeanFactory - Creating shared instance of singleton bean &apos;org.springframework.context.event.internalEventListenerFactory&apos;
02:16:29.417 [main] DEBUG org.springframework.beans.factory.support.DefaultListableBeanFactory - Creating instance of bean &apos;org.springframework.context.event.internalEventListenerFactory&apos;
02:16:29.417 [main] DEBUG org.springframework.beans.factory.support.DefaultListableBeanFactory - Eagerly caching bean &apos;org.springframework.context.event.internalEventListenerFactory&apos; to allow for resolving potential circular references
02:16:29.419 [main] DEBUG org.springframework.beans.factory.support.DefaultListableBeanFactory - Returning cached instance of singleton bean &apos;org.springframework.transaction.config.internalTransactionAdvisor&apos;
02:16:29.419 [main] DEBUG org.springframework.beans.factory.support.DefaultListableBeanFactory - Finished creating instance of bean &apos;org.springframework.context.event.internalEventListenerFactory&apos;
02:16:29.420 [main] DEBUG org.springframework.beans.factory.support.DefaultListableBeanFactory - Creating shared instance of singleton bean &apos;applicationContextConfig&apos;
02:16:29.420 [main] DEBUG org.springframework.beans.factory.support.DefaultListableBeanFactory - Creating instance of bean &apos;applicationContextConfig&apos;
02:16:29.420 [main] DEBUG org.springframework.beans.factory.support.DefaultListableBeanFactory - Eagerly caching bean &apos;applicationContextConfig&apos; to allow for resolving potential circular references
02:16:29.422 [main] DEBUG org.springframework.beans.factory.support.DefaultListableBeanFactory - Returning cached instance of singleton bean &apos;org.springframework.transaction.config.internalTransactionAdvisor&apos;
02:16:29.426 [main] DEBUG org.springframework.beans.factory.support.DefaultListableBeanFactory - Finished creating instance of bean &apos;applicationContextConfig&apos;
02:16:29.426 [main] DEBUG org.springframework.beans.factory.support.DefaultListableBeanFactory - Creating shared instance of singleton bean &apos;blogcommentDAO&apos;
02:16:29.426 [main] DEBUG org.springframework.beans.factory.support.DefaultListableBeanFactory - Creating instance of bean &apos;blogcommentDAO&apos;
02:16:29.427 [main] DEBUG org.springframework.beans.factory.annotation.InjectionMetadata - Registered injected element on class [com.ashutosh.socialhub.dao.impl.BlogcommentDAOImpl]: AutowiredFieldElement for org.hibernate.SessionFactory com.ashutosh.socialhub.dao.impl.BlogcommentDAOImpl.sessionFactory
02:16:29.427 [main] DEBUG org.springframework.beans.factory.support.DefaultListableBeanFactory - Eagerly caching bean &apos;blogcommentDAO&apos; to allow for resolving potential circular references
02:16:29.428 [main] DEBUG org.springframework.beans.factory.annotation.InjectionMetadata - Processing injected element of bean &apos;blogcommentDAO&apos;: AutowiredFieldElement for org.hibernate.SessionFactory com.ashutosh.socialhub.dao.impl.BlogcommentDAOImpl.sessionFactory
02:16:29.429 [main] DEBUG org.springframework.core.annotation.AnnotationUtils - Failed to meta-introspect annotation [interface org.springframework.beans.factory.annotation.Autowired]: java.lang.NullPointerException
02:16:29.429 [main] DEBUG org.springframework.beans.factory.support.DefaultListableBeanFactory - Creating shared instance of singleton bean &apos;sessionFactory&apos;
02:16:29.429 [main] DEBUG org.springframework.beans.factory.support.DefaultListableBeanFactory - Creating instance of bean &apos;sessionFactory&apos;
02:16:29.430 [main] DEBUG org.springframework.beans.factory.support.DefaultListableBeanFactory - Returning cached instance of singleton bean &apos;applicationContextConfig&apos;
02:16:29.434 [main] DEBUG org.springframework.beans.factory.support.DefaultListableBeanFactory - Creating shared instance of singleton bean &apos;dataSource&apos;
02:16:29.434 [main] DEBUG org.springframework.beans.factory.support.DefaultListableBeanFactory - Creating instance of bean &apos;dataSource&apos;
02:16:29.434 [main] DEBUG org.springframework.beans.factory.support.DefaultListableBeanFactory - Returning cached instance of singleton bean &apos;applicationContextConfig&apos;
02:16:29.435 [main] INFO org.springframework.jdbc.datasource.DriverManagerDataSource - Loaded JDBC driver: oracle.jdbc.driver.OracleDriver
02:16:29.435 [main] DEBUG org.springframework.beans.factory.support.DefaultListableBeanFactory - Eagerly caching bean &apos;dataSource&apos; to allow for resolving potential circular references
02:16:29.436 [main] DEBUG org.springframework.beans.factory.support.DefaultListableBeanFactory - Returning cached instance of singleton bean &apos;org.springframework.transaction.config.internalTransactionAdvisor&apos;
02:16:29.439 [main] DEBUG org.springframework.beans.factory.support.DefaultListableBeanFactory - Finished creating instance of bean &apos;dataSource&apos;
02:16:29.440 [main] DEBUG org.springframework.beans.factory.support.DefaultListableBeanFactory - Autowiring by type from bean name &apos;sessionFactory&apos; via factory method to bean named &apos;dataSource&apos;
02:16:29.440 [main] DEBUG org.hibernate.integrator.internal.IntegratorServiceImpl - Adding Integrator [org.hibernate.cfg.beanvalidation.BeanValidationIntegrator].
02:16:29.440 [main] DEBUG org.hibernate.integrator.internal.IntegratorServiceImpl - Adding Integrator [org.hibernate.secure.spi.JaccIntegrator].
02:16:29.440 [main] DEBUG org.hibernate.integrator.internal.IntegratorServiceImpl - Adding Integrator [org.hibernate.cache.internal.CollectionCacheInvalidator].
02:16:29.446 [main] DEBUG org.springframework.core.io.support.PathMatchingResourcePatternResolver - Resolved classpath location [com/ashutosh/] to resources [URL [file:/C:/Users/Ashutosh/eclipse-workspace1/SocialHubBackEnd/target/test-classes/com/ashutosh/], URL [file:/C:/Users/Ashutosh/eclipse-workspace1/SocialHubBackEnd/target/classes/com/ashutosh/]]
02:16:29.447 [main] DEBUG org.springframework.core.io.support.PathMatchingResourcePatternResolver - Looking for matching resources in directory tree [C:\Users\Ashutosh\eclipse-workspace1\SocialHubBackEnd\target\test-classes\com\ashutosh]
02:16:29.447 [main] DEBUG org.springframework.core.io.support.PathMatchingResourcePatternResolver - Searching directory [C:\Users\Ashutosh\eclipse-workspace1\SocialHubBackEnd\target\test-classes\com\ashutosh] for files matching pattern [C:/Users/Ashutosh/eclipse-workspace1/SocialHubBackEnd/target/test-classes/com/ashutosh/**/*.class]
02:16:29.448 [main] DEBUG org.springframework.core.io.support.PathMatchingResourcePatternResolver - Searching directory [C:\Users\Ashutosh\eclipse-workspace1\SocialHubBackEnd\target\test-classes\com\ashutosh\socialhub] for files matching pattern [C:/Users/Ashutosh/eclipse-workspace1/SocialHubBackEnd/target/test-classes/com/ashutosh/**/*.class]
02:16:29.450 [main] DEBUG org.springframework.core.io.support.PathMatchingResourcePatternResolver - Looking for matching resources in directory tree [C:\Users\Ashutosh\eclipse-workspace1\SocialHubBackEnd\target\classes\com\ashutosh]
02:16:29.450 [main] DEBUG org.springframework.core.io.support.PathMatchingResourcePatternResolver - Searching directory [C:\Users\Ashutosh\eclipse-workspace1\SocialHubBackEnd\target\classes\com\ashutosh] for files matching pattern [C:/Users/Ashutosh/eclipse-workspace1/SocialHubBackEnd/target/classes/com/ashutosh/**/*.class]
02:16:29.451 [main] DEBUG org.springframework.core.io.support.PathMatchingResourcePatternResolver - Searching directory [C:\Users\Ashutosh\eclipse-workspace1\SocialHubBackEnd\target\classes\com\ashutosh\socialhub] for files matching pattern [C:/Users/Ashutosh/eclipse-workspace1/SocialHubBackEnd/target/classes/com/ashutosh/**/*.class]
02:16:29.452 [main] DEBUG org.springframework.core.io.support.PathMatchingResourcePatternResolver - Searching directory [C:\Users\Ashutosh\eclipse-workspace1\SocialHubBackEnd\target\classes\com\ashutosh\socialhub\config] for files matching pattern [C:/Users/Ashutosh/eclipse-workspace1/SocialHubBackEnd/target/classes/com/ashutosh/**/*.class]
02:16:29.453 [main] DEBUG org.springframework.core.io.support.PathMatchingResourcePatternResolver - Searching directory [C:\Users\Ashutosh\eclipse-workspace1\SocialHubBackEnd\target\classes\com\ashutosh\socialhub\dao] for files matching pattern [C:/Users/Ashutosh/eclipse-workspace1/SocialHubBackEnd/target/classes/com/ashutosh/**/*.class]
02:16:29.454 [main] DEBUG org.springframework.core.io.support.PathMatchingResourcePatternResolver - Searching directory [C:\Users\Ashutosh\eclipse-workspace1\SocialHubBackEnd\target\classes\com\ashutosh\socialhub\dao\impl] for files matching pattern [C:/Users/Ashutosh/eclipse-workspace1/SocialHubBackEnd/target/classes/com/ashutosh/**/*.class]
02:16:29.457 [main] DEBUG org.springframework.core.io.support.PathMatchingResourcePatternResolver - Searching directory [C:\Users\Ashutosh\eclipse-workspace1\SocialHubBackEnd\target\classes\com\ashutosh\socialhub\domain] for files matching pattern [C:/Users/Ashutosh/eclipse-workspace1/SocialHubBackEnd/target/classes/com/ashutosh/**/*.class]
02:16:29.459 [main] DEBUG org.springframework.core.io.support.PathMatchingResourcePatternResolver - Resolved location pattern [classpath*:com/ashutosh/**/*.class] to resources [file [C:\Users\Ashutosh\eclipse-workspace1\SocialHubBackEnd\target\test-classes\com\ashutosh\socialhub\BlogcommentTestCase.class], file [C:\Users\Ashutosh\eclipse-workspace1\SocialHubBackEnd\target\test-classes\com\ashutosh\socialhub\BlogDAOTestCase.class], file [C:\Users\Ashutosh\eclipse-workspace1\SocialHubBackEnd\target\test-classes\com\ashutosh\socialhub\ForumCommentTestCase.class], file [C:\Users\Ashutosh\eclipse-workspace1\SocialHubBackEnd\target\test-classes\com\ashutosh\socialhub\ForumDAOTestCase.class], file [C:\Users\Ashutosh\eclipse-workspace1\SocialHubBackEnd\target\test-classes\com\ashutosh\socialhub\FriendDAOTestCase.class], file [C:\Users\Ashutosh\eclipse-workspace1\SocialHubBackEnd\target\test-classes\com\ashutosh\socialhub\JobApplicationDAOTestCase.class], file [C:\Users\Ashutosh\eclipse-workspace1\SocialHubBackEnd\target\test-classes\com\ashutosh\socialhub\JobDetailDAOTestCase.class], file [C:\Users\Ashutosh\eclipse-workspace1\SocialHubBackEnd\target\test-classes\com\ashutosh\socialhub\SuggestionAddDAOTestCase.class], file [C:\Users\Ashutosh\eclipse-workspace1\SocialHubBackEnd\target\test-classes\com\ashutosh\socialhub\UserDAOTestCase.class], file [C:\Users\Ashutosh\eclipse-workspace1\SocialHubBackEnd\target\classes\com\ashutosh\socialhub\config\ApplicationContextConfig.class], file [C:\Users\Ashutosh\eclipse-workspace1\SocialHubBackEnd\target\classes\com\ashutosh\socialhub\dao\BlogcommentDAO.class], file [C:\Users\Ashutosh\eclipse-workspace1\SocialHubBackEnd\target\classes\com\ashutosh\socialhub\dao\BlogDAO.class], file [C:\Users\Ashutosh\eclipse-workspace1\SocialHubBackEnd\target\classes\com\ashutosh\socialhub\dao\ForumCommentDAO.class], file [C:\Users\Ashutosh\eclipse-workspace1\SocialHubBackEnd\target\classes\com\ashutosh\socialhub\dao\ForumDAO.class], file [C:\Users\Ashutosh\eclipse-workspace1\SocialHubBackEnd\target\classes\com\ashutosh\socialhub\dao\FriendDAO.class], file [C:\Users\Ashutosh\eclipse-workspace1\SocialHubBackEnd\target\classes\com\ashutosh\socialhub\dao\impl\BlogcommentDAOImpl.class], file [C:\Users\Ashutosh\eclipse-workspace1\SocialHubBackEnd\target\classes\com\ashutosh\socialhub\dao\impl\BlogDAOImpl.class], file [C:\Users\Ashutosh\eclipse-workspace1\SocialHubBackEnd\target\classes\com\ashutosh\socialhub\dao\impl\ForumCommentDAOImpl.class], file [C:\Users\Ashutosh\eclipse-workspace1\SocialHubBackEnd\target\classes\com\ashutosh\socialhub\dao\impl\ForumDAOImpl.class], file [C:\Users\Ashutosh\eclipse-workspace1\SocialHubBackEnd\target\classes\com\ashutosh\socialhub\dao\impl\FriendDAOImpl.class], file [C:\Users\Ashutosh\eclipse-workspace1\SocialHubBackEnd\target\classes\com\ashutosh\socialhub\dao\impl\JobApplicationDAOImpl.class], file [C:\Users\Ashutosh\eclipse-workspace1\SocialHubBackEnd\target\classes\com\ashutosh\socialhub\dao\impl\JobDetailDAOImpl.class], file [C:\Users\Ashutosh\eclipse-workspace1\SocialHubBackEnd\target\classes\com\ashutosh\socialhub\dao\impl\ProfilePictureDAOImpl.class], file [C:\Users\Ashutosh\eclipse-workspace1\SocialHubBackEnd\target\classes\com\ashutosh\socialhub\dao\impl\SuggestionDAOImpl.class], file [C:\Users\Ashutosh\eclipse-workspace1\SocialHubBackEnd\target\classes\com\ashutosh\socialhub\dao\impl\UserDAOImpl.class], file [C:\Users\Ashutosh\eclipse-workspace1\SocialHubBackEnd\target\classes\com\ashutosh\socialhub\dao\JobApplicationDAO.class], file [C:\Users\Ashutosh\eclipse-workspace1\SocialHubBackEnd\target\classes\com\ashutosh\socialhub\dao\JobDetailDAO.class], file [C:\Users\Ashutosh\eclipse-workspace1\SocialHubBackEnd\target\classes\com\ashutosh\socialhub\dao\ProfilePictureDAO.class], file [C:\Users\Ashutosh\eclipse-workspace1\SocialHubBackEnd\target\classes\com\ashutosh\socialhub\dao\SuggestionDAO.class], file [C:\Users\Ashutosh\eclipse-workspace1\SocialHubBackEnd\target\classes\com\ashutosh\socialhub\dao\UserDAO.class], file [C:\Users\Ashutosh\eclipse-workspace1\SocialHubBackEnd\target\classes\com\ashutosh\socialhub\domain\Blog.class], file [C:\Users\Ashutosh\eclipse-workspace1\SocialHubBackEnd\target\classes\com\ashutosh\socialhub\domain\Blogcomment.class], file [C:\Users\Ashutosh\eclipse-workspace1\SocialHubBackEnd\target\classes\com\ashutosh\socialhub\domain\Forum.class], file [C:\Users\Ashutosh\eclipse-workspace1\SocialHubBackEnd\target\classes\com\ashutosh\socialhub\domain\ForumComment.class], file [C:\Users\Ashutosh\eclipse-workspace1\SocialHubBackEnd\target\classes\com\ashutosh\socialhub\domain\Friend.class], file [C:\Users\Ashutosh\eclipse-workspace1\SocialHubBackEnd\target\classes\com\ashutosh\socialhub\domain\JobApplication.class], file [C:\Users\Ashutosh\eclipse-workspace1\SocialHubBackEnd\target\classes\com\ashutosh\socialhub\domain\JobDetail.class], file [C:\Users\Ashutosh\eclipse-workspace1\SocialHubBackEnd\target\classes\com\ashutosh\socialhub\domain\Message.class], file [C:\Users\Ashutosh\eclipse-workspace1\SocialHubBackEnd\target\classes\com\ashutosh\socialhub\domain\OutputMessage.class], file [C:\Users\Ashutosh\eclipse-workspace1\SocialHubBackEnd\target\classes\com\ashutosh\socialhub\domain\ProfileImage.class], file [C:\Users\Ashutosh\eclipse-workspace1\SocialHubBackEnd\target\classes\com\ashutosh\socialhub\domain\Suggestion.class], file [C:\Users\Ashutosh\eclipse-workspace1\SocialHubBackEnd\target\classes\com\ashutosh\socialhub\domain\UserDetail.class]]
02:16:29.515 [main] DEBUG org.hibernate.cfg.Configuration - Building session factory using internal StandardServiceRegistryBuilder
02:16:29.517 [main] DEBUG org.hibernate.service.spi.ServiceBinding - Overriding existing service binding [org.hibernate.secure.spi.JaccService]
02:16:29.517 [main] DEBUG org.hibernate.cfg.Configuration - Building session factory using provided StandardServiceRegistry
02:16:29.517 [main] DEBUG org.hibernate.cache.internal.RegionFactoryInitiator - Cache region factory : org.hibernate.cache.internal.NoCachingRegionFactory
02:16:29.519 [main] DEBUG org.hibernate.type.BasicTypeRegistry - Adding type registration boolean -&gt; org.hibernate.type.BooleanType@79f227a9
02:16:29.520 [main] DEBUG org.hibernate.type.BasicTypeRegistry - Adding type registration boolean -&gt; org.hibernate.type.BooleanType@79f227a9
02:16:29.520 [main] DEBUG org.hibernate.type.BasicTypeRegistry - Adding type registration java.lang.Boolean -&gt; org.hibernate.type.BooleanType@79f227a9
02:16:29.520 [main] DEBUG org.hibernate.type.BasicTypeRegistry - Adding type registration numeric_boolean -&gt; org.hibernate.type.NumericBooleanType@619bd14c
02:16:29.520 [main] DEBUG org.hibernate.type.BasicTypeRegistry - Adding type registration true_false -&gt; org.hibernate.type.TrueFalseType@5af5def9
02:16:29.520 [main] DEBUG org.hibernate.type.BasicTypeRegistry - Adding type registration yes_no -&gt; org.hibernate.type.YesNoType@7692cd34
02:16:29.520 [main] DEBUG org.hibernate.type.BasicTypeRegistry - Adding type registration byte -&gt; org.hibernate.type.ByteType@3e792ce3
02:16:29.520 [main] DEBUG org.hibernate.type.BasicTypeRegistry - Adding type registration byte -&gt; org.hibernate.type.ByteType@3e792ce3
02:16:29.520 [main] DEBUG org.hibernate.type.BasicTypeRegistry - Adding type registration java.lang.Byte -&gt; org.hibernate.type.ByteType@3e792ce3
02:16:29.520 [main] DEBUG org.hibernate.type.BasicTypeRegistry - Adding type registration character -&gt; org.hibernate.type.CharacterType@1968a49c
02:16:29.520 [main] DEBUG org.hibernate.type.BasicTypeRegistry - Adding type registration char -&gt; org.hibernate.type.CharacterType@1968a49c
02:16:29.520 [main] DEBUG org.hibernate.type.BasicTypeRegistry - Adding type registration java.lang.Character -&gt; org.hibernate.type.CharacterType@1968a49c
02:16:29.520 [main] DEBUG org.hibernate.type.BasicTypeRegistry - Adding type registration short -&gt; org.hibernate.type.ShortType@5f577419
02:16:29.520 [main] DEBUG org.hibernate.type.BasicTypeRegistry - Adding type registration short -&gt; org.hibernate.type.ShortType@5f577419
02:16:29.520 [main] DEBUG org.hibernate.type.BasicTypeRegistry - Adding type registration java.lang.Short -&gt; org.hibernate.type.ShortType@5f577419
02:16:29.520 [main] DEBUG org.hibernate.type.BasicTypeRegistry - Adding type registration integer -&gt; org.hibernate.type.IntegerType@11ee02f8
02:16:29.521 [main] DEBUG org.hibernate.type.BasicTypeRegistry - Adding type registration int -&gt; org.hibernate.type.IntegerType@11ee02f8
02:16:29.521 [main] DEBUG org.hibernate.type.BasicTypeRegistry - Adding type registration java.lang.Integer -&gt; org.hibernate.type.IntegerType@11ee02f8
02:16:29.521 [main] DEBUG org.hibernate.type.BasicTypeRegistry - Adding type registration long -&gt; org.hibernate.type.LongType@49ef32e0
02:16:29.521 [main] DEBUG org.hibernate.type.BasicTypeRegistry - Adding type registration long -&gt; org.hibernate.type.LongType@49ef32e0
02:16:29.521 [main] DEBUG org.hibernate.type.BasicTypeRegistry - Adding type registration java.lang.Long -&gt; org.hibernate.type.LongType@49ef32e0
02:16:29.521 [main] DEBUG org.hibernate.type.BasicTypeRegistry - Adding type registration float -&gt; org.hibernate.type.FloatType@2e6ee0bc
02:16:29.521 [main] DEBUG org.hibernate.type.BasicTypeRegistry - Adding type registration float -&gt; org.hibernate.type.FloatType@2e6ee0bc
02:16:29.521 [main] DEBUG org.hibernate.type.BasicTypeRegistry - Adding type registration java.lang.Float -&gt; org.hibernate.type.FloatType@2e6ee0bc
02:16:29.521 [main] DEBUG org.hibernate.type.BasicTypeRegistry - Adding type registration double -&gt; org.hibernate.type.DoubleType@3be8821f
02:16:29.521 [main] DEBUG org.hibernate.type.BasicTypeRegistry - Adding type registration double -&gt; org.hibernate.type.DoubleType@3be8821f
02:16:29.521 [main] DEBUG org.hibernate.type.BasicTypeRegistry - Adding type registration java.lang.Double -&gt; org.hibernate.type.DoubleType@3be8821f
02:16:29.521 [main] DEBUG org.hibernate.type.BasicTypeRegistry - Adding type registration big_decimal -&gt; org.hibernate.type.BigDecimalType@79c4715d
02:16:29.522 [main] DEBUG org.hibernate.type.BasicTypeRegistry - Adding type registration java.math.BigDecimal -&gt; org.hibernate.type.BigDecimalType@79c4715d
02:16:29.522 [main] DEBUG org.hibernate.type.BasicTypeRegistry - Adding type registration big_integer -&gt; org.hibernate.type.BigIntegerType@62577d6
02:16:29.522 [main] DEBUG org.hibernate.type.BasicTypeRegistry - Adding type registration java.math.BigInteger -&gt; org.hibernate.type.BigIntegerType@62577d6
02:16:29.522 [main] DEBUG org.hibernate.type.BasicTypeRegistry - Adding type registration string -&gt; org.hibernate.type.StringType@3d829787
02:16:29.522 [main] DEBUG org.hibernate.type.BasicTypeRegistry - Adding type registration java.lang.String -&gt; org.hibernate.type.StringType@3d829787
02:16:29.522 [main] DEBUG org.hibernate.type.BasicTypeRegistry - Adding type registration nstring -&gt; org.hibernate.type.StringNVarcharType@d71adc2
02:16:29.523 [main] DEBUG org.hibernate.type.BasicTypeRegistry - Adding type registration ncharacter -&gt; org.hibernate.type.CharacterNCharType@17ae98d7
02:16:29.523 [main] DEBUG org.hibernate.type.BasicTypeRegistry - Adding type registration url -&gt; org.hibernate.type.UrlType@5d332969
02:16:29.523 [main] DEBUG org.hibernate.type.BasicTypeRegistry - Adding type registration java.net.URL -&gt; org.hibernate.type.UrlType@5d332969
02:16:29.523 [main] DEBUG org.hibernate.type.BasicTypeRegistry - Adding type registration Duration -&gt; org.hibernate.type.DurationType@6d2260db
02:16:29.523 [main] DEBUG org.hibernate.type.BasicTypeRegistry - Adding type registration java.time.Duration -&gt; org.hibernate.type.DurationType@6d2260db
02:16:29.523 [main] DEBUG org.hibernate.type.BasicTypeRegistry - Adding type registration Instant -&gt; org.hibernate.type.InstantType@30272916
02:16:29.523 [main] DEBUG org.hibernate.type.BasicTypeRegistry - Adding type registration java.time.Instant -&gt; org.hibernate.type.InstantType@30272916
02:16:29.523 [main] DEBUG org.hibernate.type.BasicTypeRegistry - Adding type registration LocalDateTime -&gt; org.hibernate.type.LocalDateTimeType@29b732a2
02:16:29.525 [main] DEBUG org.hibernate.type.BasicTypeRegistry - Adding type registration java.time.LocalDateTime -&gt; org.hibernate.type.LocalDateTimeType@29b732a2
02:16:29.525 [main] DEBUG org.hibernate.type.BasicTypeRegistry - Adding type registration LocalDate -&gt; org.hibernate.type.LocalDateType@3c49fab6
02:16:29.525 [main] DEBUG org.hibernate.type.BasicTypeRegistry - Adding type registration java.time.LocalDate -&gt; org.hibernate.type.LocalDateType@3c49fab6
02:16:29.526 [main] DEBUG org.hibernate.type.BasicTypeRegistry - Adding type registration LocalTime -&gt; org.hibernate.type.LocalTimeType@71b1a49c
02:16:29.526 [main] DEBUG org.hibernate.type.BasicTypeRegistry - Adding type registration java.time.LocalTime -&gt; org.hibernate.type.LocalTimeType@71b1a49c
02:16:29.526 [main] DEBUG org.hibernate.type.BasicTypeRegistry - Adding type registration OffsetDateTime -&gt; org.hibernate.type.OffsetDateTimeType@3b809711
02:16:29.526 [main] DEBUG org.hibernate.type.BasicTypeRegistry - Adding type registration java.time.OffsetDateTime -&gt; org.hibernate.type.OffsetDateTimeType@3b809711
02:16:29.526 [main] DEBUG org.hibernate.type.BasicTypeRegistry - Adding type registration OffsetTime -&gt; org.hibernate.type.OffsetTimeType@2a415aa9
02:16:29.526 [main] DEBUG org.hibernate.type.BasicTypeRegistry - Adding type registration java.time.OffsetTime -&gt; org.hibernate.type.OffsetTimeType@2a415aa9
02:16:29.527 [main] DEBUG org.hibernate.type.BasicTypeRegistry - Adding type registration ZonedDateTime -&gt; org.hibernate.type.ZonedDateTimeType@30f4b1a6
02:16:29.529 [main] DEBUG org.hibernate.type.BasicTypeRegistry - Adding type registration java.time.ZonedDateTime -&gt; org.hibernate.type.ZonedDateTimeType@30f4b1a6
02:16:29.529 [main] DEBUG org.hibernate.type.BasicTypeRegistry - Adding type registration date -&gt; org.hibernate.type.DateType@5298dead
02:16:29.530 [main] DEBUG org.hibernate.type.BasicTypeRegistry - Adding type registration java.sql.Date -&gt; org.hibernate.type.DateType@5298dead
02:16:29.530 [main] DEBUG org.hibernate.type.BasicTypeRegistry - Adding type registration time -&gt; org.hibernate.type.TimeType@15b986cd
02:16:29.530 [main] DEBUG org.hibernate.type.BasicTypeRegistry - Adding type registration java.sql.Time -&gt; org.hibernate.type.TimeType@15b986cd
02:16:29.530 [main] DEBUG org.hibernate.type.BasicTypeRegistry - Adding type registration timestamp -&gt; org.hibernate.type.TimestampType@7d2a6eac
02:16:29.530 [main] DEBUG org.hibernate.type.BasicTypeRegistry - Adding type registration java.sql.Timestamp -&gt; org.hibernate.type.TimestampType@7d2a6eac
02:16:29.530 [main] DEBUG org.hibernate.type.BasicTypeRegistry - Adding type registration java.util.Date -&gt; org.hibernate.type.TimestampType@7d2a6eac
02:16:29.530 [main] DEBUG org.hibernate.type.BasicTypeRegistry - Adding type registration dbtimestamp -&gt; org.hibernate.type.DbTimestampType@6aa648b9
02:16:29.530 [main] DEBUG org.hibernate.type.BasicTypeRegistry - Adding type registration calendar -&gt; org.hibernate.type.CalendarType@5c09d180
02:16:29.530 [main] DEBUG org.hibernate.type.BasicTypeRegistry - Adding type registration java.util.Calendar -&gt; org.hibernate.type.CalendarType@5c09d180
02:16:29.530 [main] DEBUG org.hibernate.type.BasicTypeRegistry - Adding type registration java.util.GregorianCalendar -&gt; org.hibernate.type.CalendarType@5c09d180
02:16:29.530 [main] DEBUG org.hibernate.type.BasicTypeRegistry - Adding type registration calendar_date -&gt; org.hibernate.type.CalendarDateType@2d83c5a5
02:16:29.531 [main] DEBUG org.hibernate.type.BasicTypeRegistry - Adding type registration locale -&gt; org.hibernate.type.LocaleType@a68df9
02:16:29.531 [main] DEBUG org.hibernate.type.BasicTypeRegistry - Adding type registration java.util.Locale -&gt; org.hibernate.type.LocaleType@a68df9
02:16:29.531 [main] DEBUG org.hibernate.type.BasicTypeRegistry - Adding type registration currency -&gt; org.hibernate.type.CurrencyType@169da7f2
02:16:29.531 [main] DEBUG org.hibernate.type.BasicTypeRegistry - Adding type registration java.util.Currency -&gt; org.hibernate.type.CurrencyType@169da7f2
02:16:29.531 [main] DEBUG org.hibernate.type.BasicTypeRegistry - Adding type registration timezone -&gt; org.hibernate.type.TimeZoneType@2ba45490
02:16:29.531 [main] DEBUG org.hibernate.type.BasicTypeRegistry - Adding type registration java.util.TimeZone -&gt; org.hibernate.type.TimeZoneType@2ba45490
02:16:29.531 [main] DEBUG org.hibernate.type.BasicTypeRegistry - Adding type registration class -&gt; org.hibernate.type.ClassType@36c54a56
02:16:29.532 [main] DEBUG org.hibernate.type.BasicTypeRegistry - Adding type registration java.lang.Class -&gt; org.hibernate.type.ClassType@36c54a56
02:16:29.532 [main] DEBUG org.hibernate.type.BasicTypeRegistry - Adding type registration uuid-binary -&gt; org.hibernate.type.UUIDBinaryType@4943defe
02:16:29.532 [main] DEBUG org.hibernate.type.BasicTypeRegistry - Adding type registration java.util.UUID -&gt; org.hibernate.type.UUIDBinaryType@4943defe
02:16:29.532 [main] DEBUG org.hibernate.type.BasicTypeRegistry - Adding type registration uuid-char -&gt; org.hibernate.type.UUIDCharType@2fb69ff6
02:16:29.532 [main] DEBUG org.hibernate.type.BasicTypeRegistry - Adding type registration binary -&gt; org.hibernate.type.BinaryType@718607eb
02:16:29.534 [main] DEBUG org.hibernate.type.BasicTypeRegistry - Adding type registration byte[] -&gt; org.hibernate.type.BinaryType@718607eb
02:16:29.534 [main] DEBUG org.hibernate.type.BasicTypeRegistry - Adding type registration [B -&gt; org.hibernate.type.BinaryType@718607eb
02:16:29.534 [main] DEBUG org.hibernate.type.BasicTypeRegistry - Adding type registration wrapper-binary -&gt; org.hibernate.type.WrapperBinaryType@4a951911
02:16:29.534 [main] DEBUG org.hibernate.type.BasicTypeRegistry - Adding type registration Byte[] -&gt; org.hibernate.type.WrapperBinaryType@4a951911
02:16:29.534 [main] DEBUG org.hibernate.type.BasicTypeRegistry - Adding type registration [Ljava.lang.Byte; -&gt; org.hibernate.type.WrapperBinaryType@4a951911
02:16:29.534 [main] DEBUG org.hibernate.type.BasicTypeRegistry - Adding type registration row_version -&gt; org.hibernate.type.RowVersionType@20921b9b
02:16:29.534 [main] DEBUG org.hibernate.type.BasicTypeRegistry - Adding type registration image -&gt; org.hibernate.type.ImageType@3f3c7bdb
02:16:29.534 [main] DEBUG org.hibernate.type.BasicTypeRegistry - Adding type registration characters -&gt; org.hibernate.type.CharArrayType@5b989dc7
02:16:29.534 [main] DEBUG org.hibernate.type.BasicTypeRegistry - Adding type registration char[] -&gt; org.hibernate.type.CharArrayType@5b989dc7
02:16:29.534 [main] DEBUG org.hibernate.type.BasicTypeRegistry - Adding type registration [C -&gt; org.hibernate.type.CharArrayType@5b989dc7
02:16:29.534 [main] DEBUG org.hibernate.type.BasicTypeRegistry - Adding type registration wrapper-characters -&gt; org.hibernate.type.CharacterArrayType@11ce2e22
02:16:29.535 [main] DEBUG org.hibernate.type.BasicTypeRegistry - Adding type registration [Ljava.lang.Character; -&gt; org.hibernate.type.CharacterArrayType@11ce2e22
02:16:29.535 [main] DEBUG org.hibernate.type.BasicTypeRegistry - Adding type registration Character[] -&gt; org.hibernate.type.CharacterArrayType@11ce2e22
02:16:29.535 [main] DEBUG org.hibernate.type.BasicTypeRegistry - Adding type registration text -&gt; org.hibernate.type.TextType@62d0ac62
02:16:29.535 [main] DEBUG org.hibernate.type.BasicTypeRegistry - Adding type registration ntext -&gt; org.hibernate.type.NTextType@41c89d2f
02:16:29.535 [main] DEBUG org.hibernate.type.BasicTypeRegistry - Adding type registration blob -&gt; org.hibernate.type.BlobType@415e0bcb
02:16:29.535 [main] DEBUG org.hibernate.type.BasicTypeRegistry - Adding type registration java.sql.Blob -&gt; org.hibernate.type.BlobType@415e0bcb
02:16:29.535 [main] DEBUG org.hibernate.type.BasicTypeRegistry - Adding type registration materialized_blob -&gt; org.hibernate.type.MaterializedBlobType@1d81e101
02:16:29.535 [main] DEBUG org.hibernate.type.BasicTypeRegistry - Adding type registration clob -&gt; org.hibernate.type.ClobType@47dd778
02:16:29.536 [main] DEBUG org.hibernate.type.BasicTypeRegistry - Adding type registration java.sql.Clob -&gt; org.hibernate.type.ClobType@47dd778
02:16:29.536 [main] DEBUG org.hibernate.type.BasicTypeRegistry - Adding type registration nclob -&gt; org.hibernate.type.NClobType@3569edd5
02:16:29.536 [main] DEBUG org.hibernate.type.BasicTypeRegistry - Adding type registration java.sql.NClob -&gt; org.hibernate.type.NClobType@3569edd5
02:16:29.536 [main] DEBUG org.hibernate.type.BasicTypeRegistry - Adding type registration materialized_clob -&gt; org.hibernate.type.MaterializedClobType@c827db
02:16:29.536 [main] DEBUG org.hibernate.type.BasicTypeRegistry - Adding type registration materialized_nclob -&gt; org.hibernate.type.MaterializedNClobType@430fa4ef
02:16:29.536 [main] DEBUG org.hibernate.type.BasicTypeRegistry - Adding type registration serializable -&gt; org.hibernate.type.SerializableType@1358b28e
02:16:29.536 [main] DEBUG org.hibernate.type.BasicTypeRegistry - Adding type registration object -&gt; org.hibernate.type.ObjectType@107e5441
02:16:29.536 [main] DEBUG org.hibernate.type.BasicTypeRegistry - Adding type registration java.lang.Object -&gt; org.hibernate.type.ObjectType@107e5441
02:16:29.537 [main] DEBUG org.hibernate.type.BasicTypeRegistry - Adding type registration imm_date -&gt; org.hibernate.type.AdaptedImmutableType@5cf3157b
02:16:29.537 [main] DEBUG org.hibernate.type.BasicTypeRegistry - Adding type registration imm_time -&gt; org.hibernate.type.AdaptedImmutableType@625dfff3
02:16:29.537 [main] DEBUG org.hibernate.type.BasicTypeRegistry - Adding type registration imm_timestamp -&gt; org.hibernate.type.AdaptedImmutableType@26350ea2
02:16:29.537 [main] DEBUG org.hibernate.type.BasicTypeRegistry - Adding type registration imm_dbtimestamp -&gt; org.hibernate.type.AdaptedImmutableType@1e9469b8
02:16:29.537 [main] DEBUG org.hibernate.type.BasicTypeRegistry - Adding type registration imm_calendar -&gt; org.hibernate.type.AdaptedImmutableType@5a08efdc
02:16:29.537 [main] DEBUG org.hibernate.type.BasicTypeRegistry - Adding type registration imm_calendar_date -&gt; org.hibernate.type.AdaptedImmutableType@57272109
02:16:29.537 [main] DEBUG org.hibernate.type.BasicTypeRegistry - Adding type registration imm_binary -&gt; org.hibernate.type.AdaptedImmutableType@59696551
02:16:29.537 [main] DEBUG org.hibernate.type.BasicTypeRegistry - Adding type registration imm_serializable -&gt; org.hibernate.type.AdaptedImmutableType@648d0e6d
02:16:29.538 [main] DEBUG org.springframework.jdbc.datasource.DriverManagerDataSource - Creating new JDBC DriverManager Connection to [jdbc:oracle:thin:@localhost:1521:XE]
02:16:29.575 [main] DEBUG org.hibernate.engine.jdbc.env.internal.JdbcEnvironmentInitiator - Database -&gt;
       name : Oracle
    version : Oracle Database 11g Express Edition Release 11.2.0.2.0 - 64bit Production
      major : 11
      minor : 2
02:16:29.575 [main] DEBUG org.hibernate.engine.jdbc.env.internal.JdbcEnvironmentInitiator - Driver -&gt;
       name : Oracle JDBC driver
    version : 11.2.0.4.0
      major : 11
      minor : 2
02:16:29.575 [main] DEBUG org.hibernate.engine.jdbc.env.internal.JdbcEnvironmentInitiator - JDBC version : 11.2
02:16:29.576 [main] INFO org.hibernate.dialect.Dialect - HHH000400: Using dialect: org.hibernate.dialect.Oracle10gDialect
02:16:29.606 [main] DEBUG org.hibernate.id.factory.internal.DefaultIdentifierGeneratorFactory - Registering IdentifierGenerator strategy [uuid2] -&gt; [org.hibernate.id.UUIDGenerator]
02:16:29.606 [main] DEBUG org.hibernate.id.factory.internal.DefaultIdentifierGeneratorFactory - Registering IdentifierGenerator strategy [guid] -&gt; [org.hibernate.id.GUIDGenerator]
02:16:29.606 [main] DEBUG org.hibernate.id.factory.internal.DefaultIdentifierGeneratorFactory - Registering IdentifierGenerator strategy [uuid] -&gt; [org.hibernate.id.UUIDHexGenerator]
02:16:29.606 [main] DEBUG org.hibernate.id.factory.internal.DefaultIdentifierGeneratorFactory - Registering IdentifierGenerator strategy [uuid.hex] -&gt; [org.hibernate.id.UUIDHexGenerator]
02:16:29.606 [main] DEBUG org.hibernate.id.factory.internal.DefaultIdentifierGeneratorFactory - Registering IdentifierGenerator strategy [assigned] -&gt; [org.hibernate.id.Assigned]
02:16:29.606 [main] DEBUG org.hibernate.id.factory.internal.DefaultIdentifierGeneratorFactory - Registering IdentifierGenerator strategy [identity] -&gt; [org.hibernate.id.IdentityGenerator]
02:16:29.606 [main] DEBUG org.hibernate.id.factory.internal.DefaultIdentifierGeneratorFactory - Registering IdentifierGenerator strategy [select] -&gt; [org.hibernate.id.SelectGenerator]
02:16:29.606 [main] DEBUG org.hibernate.id.factory.internal.DefaultIdentifierGeneratorFactory - Registering IdentifierGenerator strategy [sequence] -&gt; [org.hibernate.id.enhanced.SequenceStyleGenerator]
02:16:29.606 [main] DEBUG org.hibernate.id.factory.internal.DefaultIdentifierGeneratorFactory - Registering IdentifierGenerator strategy [seqhilo] -&gt; [org.hibernate.id.SequenceHiLoGenerator]
02:16:29.606 [main] DEBUG org.hibernate.id.factory.internal.DefaultIdentifierGeneratorFactory - Registering IdentifierGenerator strategy [increment] -&gt; [org.hibernate.id.IncrementGenerator]
02:16:29.606 [main] DEBUG org.hibernate.id.factory.internal.DefaultIdentifierGeneratorFactory - Registering IdentifierGenerator strategy [foreign] -&gt; [org.hibernate.id.ForeignGenerator]
02:16:29.606 [main] DEBUG org.hibernate.id.factory.internal.DefaultIdentifierGeneratorFactory - Registering IdentifierGenerator strategy [sequence-identity] -&gt; [org.hibernate.id.SequenceIdentityGenerator]
02:16:29.606 [main] DEBUG org.hibernate.id.factory.internal.DefaultIdentifierGeneratorFactory - Registering IdentifierGenerator strategy [enhanced-sequence] -&gt; [org.hibernate.id.enhanced.SequenceStyleGenerator]
02:16:29.607 [main] DEBUG org.hibernate.id.factory.internal.DefaultIdentifierGeneratorFactory - Registering IdentifierGenerator strategy [enhanced-table] -&gt; [org.hibernate.id.enhanced.TableGenerator]
02:16:29.607 [main] DEBUG org.hibernate.boot.model.relational.Namespace - Created database namespace [logicalName=Name{catalog=null, schema=null}, physicalName=Name{catalog=null, schema=null}]
02:16:29.607 [main] DEBUG org.hibernate.cfg.AnnotationBinder - Binding entity from annotated class: com.ashutosh.socialhub.domain.Blog
02:16:29.608 [main] DEBUG org.hibernate.cfg.Ejb3Column - Binding column: Ejb3DiscriminatorColumn{logicalColumnName&apos;DTYPE&apos;, discriminatorTypeName=&apos;string&apos;}
02:16:29.608 [main] DEBUG org.hibernate.cfg.annotations.EntityBinder - Import with entity name Blog
02:16:29.608 [main] DEBUG org.hibernate.cfg.annotations.EntityBinder - Bind entity com.ashutosh.socialhub.domain.Blog on table Blog
02:16:29.609 [main] DEBUG org.hibernate.cfg.Ejb3Column - Binding column: Ejb3Column{table=org.hibernate.mapping.Table(Blog), mappingColumn=blogId, insertable=true, updatable=true, unique=false}
02:16:29.609 [main] DEBUG org.hibernate.cfg.annotations.PropertyBinder - MetadataSourceProcessor property blogId with lazy=false
02:16:29.609 [main] DEBUG org.hibernate.cfg.AbstractPropertyHolder - Attempting to locate auto-apply AttributeConverter for property [com.ashutosh.socialhub.domain.Blog:blogId]
02:16:29.610 [main] DEBUG org.hibernate.cfg.annotations.SimpleValueBinder - building SimpleValue for blogId
02:16:29.610 [main] DEBUG org.hibernate.cfg.annotations.PropertyBinder - Building property blogId
02:16:29.610 [main] DEBUG org.hibernate.cfg.Ejb3Column - Binding column: Ejb3Column{table=org.hibernate.mapping.Table(Blog), mappingColumn=blogcontent, insertable=true, updatable=true, unique=false}
02:16:29.610 [main] DEBUG org.hibernate.cfg.annotations.PropertyBinder - MetadataSourceProcessor property blogcontent with lazy=false
02:16:29.610 [main] DEBUG org.hibernate.cfg.AbstractPropertyHolder - Attempting to locate auto-apply AttributeConverter for property [com.ashutosh.socialhub.domain.Blog:blogcontent]
02:16:29.610 [main] DEBUG org.hibernate.cfg.annotations.SimpleValueBinder - building SimpleValue for blogcontent
02:16:29.610 [main] DEBUG org.hibernate.cfg.annotations.PropertyBinder - Building property blogcontent
02:16:29.611 [main] DEBUG org.hibernate.cfg.Ejb3Column - Binding column: Ejb3Column{table=org.hibernate.mapping.Table(Blog), mappingColumn=blogname, insertable=true, updatable=true, unique=false}
02:16:29.611 [main] DEBUG org.hibernate.cfg.annotations.PropertyBinder - MetadataSourceProcessor property blogname with lazy=false
02:16:29.611 [main] DEBUG org.hibernate.cfg.AbstractPropertyHolder - Attempting to locate auto-apply AttributeConverter for property [com.ashutosh.socialhub.domain.Blog:blogname]
02:16:29.611 [main] DEBUG org.hibernate.cfg.annotations.SimpleValueBinder - building SimpleValue for blogname
02:16:29.611 [main] DEBUG org.hibernate.cfg.annotations.PropertyBinder - Building property blogname
02:16:29.611 [main] DEBUG org.hibernate.cfg.Ejb3Column - Binding column: Ejb3Column{table=org.hibernate.mapping.Table(Blog), mappingColumn=createdate, insertable=true, updatable=true, unique=false}
02:16:29.611 [main] DEBUG org.hibernate.cfg.annotations.PropertyBinder - MetadataSourceProcessor property createdate with lazy=false
02:16:29.611 [main] DEBUG org.hibernate.cfg.AbstractPropertyHolder - Attempting to locate auto-apply AttributeConverter for property [com.ashutosh.socialhub.domain.Blog:createdate]
02:16:29.611 [main] DEBUG org.hibernate.cfg.annotations.SimpleValueBinder - building SimpleValue for createdate
02:16:29.611 [main] DEBUG org.hibernate.cfg.annotations.PropertyBinder - Building property createdate
02:16:29.611 [main] DEBUG org.hibernate.cfg.Ejb3Column - Binding column: Ejb3Column{table=org.hibernate.mapping.Table(Blog), mappingColumn=dislikes, insertable=true, updatable=true, unique=false}
02:16:29.612 [main] DEBUG org.hibernate.cfg.annotations.PropertyBinder - MetadataSourceProcessor property dislikes with lazy=false
02:16:29.612 [main] DEBUG org.hibernate.cfg.AbstractPropertyHolder - Attempting to locate auto-apply AttributeConverter for property [com.ashutosh.socialhub.domain.Blog:dislikes]
02:16:29.612 [main] DEBUG org.hibernate.cfg.annotations.SimpleValueBinder - building SimpleValue for dislikes
02:16:29.612 [main] DEBUG org.hibernate.cfg.annotations.PropertyBinder - Building property dislikes
02:16:29.612 [main] DEBUG org.hibernate.cfg.Ejb3Column - Binding column: Ejb3Column{table=org.hibernate.mapping.Table(Blog), mappingColumn=likes, insertable=true, updatable=true, unique=false}
02:16:29.613 [main] DEBUG org.hibernate.cfg.annotations.PropertyBinder - MetadataSourceProcessor property likes with lazy=false
02:16:29.613 [main] DEBUG org.hibernate.cfg.AbstractPropertyHolder - Attempting to locate auto-apply AttributeConverter for property [com.ashutosh.socialhub.domain.Blog:likes]
02:16:29.613 [main] DEBUG org.hibernate.cfg.annotations.SimpleValueBinder - building SimpleValue for likes
02:16:29.613 [main] DEBUG org.hibernate.cfg.annotations.PropertyBinder - Building property likes
02:16:29.613 [main] DEBUG org.hibernate.cfg.Ejb3Column - Binding column: Ejb3Column{table=org.hibernate.mapping.Table(Blog), mappingColumn=loginname, insertable=true, updatable=true, unique=false}
02:16:29.613 [main] DEBUG org.hibernate.cfg.annotations.PropertyBinder - MetadataSourceProcessor property loginname with lazy=false
02:16:29.613 [main] DEBUG org.hibernate.cfg.AbstractPropertyHolder - Attempting to locate auto-apply AttributeConverter for property [com.ashutosh.socialhub.domain.Blog:loginname]
02:16:29.613 [main] DEBUG org.hibernate.cfg.annotations.SimpleValueBinder - building SimpleValue for loginname
02:16:29.613 [main] DEBUG org.hibernate.cfg.annotations.PropertyBinder - Building property loginname
02:16:29.613 [main] DEBUG org.hibernate.cfg.Ejb3Column - Binding column: Ejb3Column{table=org.hibernate.mapping.Table(Blog), mappingColumn=status, insertable=true, updatable=true, unique=false}
02:16:29.613 [main] DEBUG org.hibernate.cfg.annotations.PropertyBinder - MetadataSourceProcessor property status with lazy=false
02:16:29.613 [main] DEBUG org.hibernate.cfg.AbstractPropertyHolder - Attempting to locate auto-apply AttributeConverter for property [com.ashutosh.socialhub.domain.Blog:status]
02:16:29.614 [main] DEBUG org.hibernate.cfg.annotations.SimpleValueBinder - building SimpleValue for status
02:16:29.614 [main] DEBUG org.hibernate.cfg.annotations.PropertyBinder - Building property status
02:16:29.614 [main] DEBUG org.hibernate.cfg.AnnotationBinder - Binding entity from annotated class: com.ashutosh.socialhub.domain.Blogcomment
02:16:29.614 [main] DEBUG org.hibernate.cfg.Ejb3Column - Binding column: Ejb3DiscriminatorColumn{logicalColumnName&apos;DTYPE&apos;, discriminatorTypeName=&apos;string&apos;}
02:16:29.614 [main] DEBUG org.hibernate.cfg.annotations.EntityBinder - Import with entity name Blogcomment
02:16:29.614 [main] DEBUG org.hibernate.cfg.annotations.EntityBinder - Bind entity com.ashutosh.socialhub.domain.Blogcomment on table Blogcomment
02:16:29.615 [main] DEBUG org.hibernate.cfg.Ejb3Column - Binding column: Ejb3Column{table=org.hibernate.mapping.Table(Blogcomment), mappingColumn=commentid, insertable=true, updatable=true, unique=false}
02:16:29.615 [main] DEBUG org.hibernate.cfg.annotations.PropertyBinder - MetadataSourceProcessor property commentid with lazy=false
02:16:29.615 [main] DEBUG org.hibernate.cfg.AbstractPropertyHolder - Attempting to locate auto-apply AttributeConverter for property [com.ashutosh.socialhub.domain.Blogcomment:commentid]
02:16:29.615 [main] DEBUG org.hibernate.cfg.annotations.SimpleValueBinder - building SimpleValue for commentid
02:16:29.615 [main] DEBUG org.hibernate.cfg.annotations.PropertyBinder - Building property commentid
02:16:29.616 [main] DEBUG org.hibernate.cfg.Ejb3Column - Binding column: Ejb3Column{table=org.hibernate.mapping.Table(Blogcomment), mappingColumn=blogid, insertable=true, updatable=true, unique=false}
02:16:29.616 [main] DEBUG org.hibernate.cfg.annotations.PropertyBinder - MetadataSourceProcessor property blogid with lazy=false
02:16:29.616 [main] DEBUG org.hibernate.cfg.AbstractPropertyHolder - Attempting to locate auto-apply AttributeConverter for property [com.ashutosh.socialhub.domain.Blogcomment:blogid]
02:16:29.616 [main] DEBUG org.hibernate.cfg.annotations.SimpleValueBinder - building SimpleValue for blogid
02:16:29.616 [main] DEBUG org.hibernate.cfg.annotations.PropertyBinder - Building property blogid
02:16:29.616 [main] DEBUG org.hibernate.cfg.Ejb3Column - Binding column: Ejb3Column{table=org.hibernate.mapping.Table(Blogcomment), mappingColumn=commentdate, insertable=true, updatable=true, unique=false}
02:16:29.616 [main] DEBUG org.hibernate.cfg.annotations.PropertyBinder - MetadataSourceProcessor property commentdate with lazy=false
02:16:29.616 [main] DEBUG org.hibernate.cfg.AbstractPropertyHolder - Attempting to locate auto-apply AttributeConverter for property [com.ashutosh.socialhub.domain.Blogcomment:commentdate]
02:16:29.616 [main] DEBUG org.hibernate.cfg.annotations.SimpleValueBinder - building SimpleValue for commentdate
02:16:29.616 [main] DEBUG org.hibernate.cfg.annotations.PropertyBinder - Building property commentdate
02:16:29.616 [main] DEBUG org.hibernate.cfg.Ejb3Column - Binding column: Ejb3Column{table=org.hibernate.mapping.Table(Blogcomment), mappingColumn=commenttext, insertable=true, updatable=true, unique=false}
02:16:29.616 [main] DEBUG org.hibernate.cfg.annotations.PropertyBinder - MetadataSourceProcessor property commenttext with lazy=false
02:16:29.617 [main] DEBUG org.hibernate.cfg.AbstractPropertyHolder - Attempting to locate auto-apply AttributeConverter for property [com.ashutosh.socialhub.domain.Blogcomment:commenttext]
02:16:29.617 [main] DEBUG org.hibernate.cfg.annotations.SimpleValueBinder - building SimpleValue for commenttext
02:16:29.617 [main] DEBUG org.hibernate.cfg.annotations.PropertyBinder - Building property commenttext
02:16:29.617 [main] DEBUG org.hibernate.cfg.Ejb3Column - Binding column: Ejb3Column{table=org.hibernate.mapping.Table(Blogcomment), mappingColumn=loginname, insertable=true, updatable=true, unique=false}
02:16:29.617 [main] DEBUG org.hibernate.cfg.annotations.PropertyBinder - MetadataSourceProcessor property loginname with lazy=false
02:16:29.617 [main] DEBUG org.hibernate.cfg.AbstractPropertyHolder - Attempting to locate auto-apply AttributeConverter for property [com.ashutosh.socialhub.domain.Blogcomment:loginname]
02:16:29.617 [main] DEBUG org.hibernate.cfg.annotations.SimpleValueBinder - building SimpleValue for loginname
02:16:29.617 [main] DEBUG org.hibernate.cfg.annotations.PropertyBinder - Building property loginname
02:16:29.617 [main] DEBUG org.hibernate.cfg.AnnotationBinder - Binding entity from annotated class: com.ashutosh.socialhub.domain.Forum
02:16:29.617 [main] DEBUG org.hibernate.cfg.Ejb3Column - Binding column: Ejb3DiscriminatorColumn{logicalColumnName&apos;DTYPE&apos;, discriminatorTypeName=&apos;string&apos;}
02:16:29.617 [main] DEBUG org.hibernate.cfg.annotations.EntityBinder - Import with entity name Forum
02:16:29.618 [main] DEBUG org.hibernate.cfg.annotations.EntityBinder - Bind entity com.ashutosh.socialhub.domain.Forum on table Forum
02:16:29.618 [main] DEBUG org.hibernate.cfg.Ejb3Column - Binding column: Ejb3Column{table=org.hibernate.mapping.Table(Forum), mappingColumn=forumId, insertable=true, updatable=true, unique=false}
02:16:29.618 [main] DEBUG org.hibernate.cfg.annotations.PropertyBinder - MetadataSourceProcessor property forumId with lazy=false
02:16:29.619 [main] DEBUG org.hibernate.cfg.AbstractPropertyHolder - Attempting to locate auto-apply AttributeConverter for property [com.ashutosh.socialhub.domain.Forum:forumId]
02:16:29.619 [main] DEBUG org.hibernate.cfg.annotations.SimpleValueBinder - building SimpleValue for forumId
02:16:29.619 [main] DEBUG org.hibernate.cfg.annotations.PropertyBinder - Building property forumId
02:16:29.619 [main] DEBUG org.hibernate.cfg.Ejb3Column - Binding column: Ejb3Column{table=org.hibernate.mapping.Table(Forum), mappingColumn=createDate, insertable=true, updatable=true, unique=false}
02:16:29.619 [main] DEBUG org.hibernate.cfg.annotations.PropertyBinder - MetadataSourceProcessor property createDate with lazy=false
02:16:29.619 [main] DEBUG org.hibernate.cfg.AbstractPropertyHolder - Attempting to locate auto-apply AttributeConverter for property [com.ashutosh.socialhub.domain.Forum:createDate]
02:16:29.619 [main] DEBUG org.hibernate.cfg.annotations.SimpleValueBinder - building SimpleValue for createDate
02:16:29.619 [main] DEBUG org.hibernate.cfg.annotations.PropertyBinder - Building property createDate
02:16:29.620 [main] DEBUG org.hibernate.cfg.Ejb3Column - Binding column: Ejb3Column{table=org.hibernate.mapping.Table(Forum), mappingColumn=forumContent, insertable=true, updatable=true, unique=false}
02:16:29.620 [main] DEBUG org.hibernate.cfg.annotations.PropertyBinder - MetadataSourceProcessor property forumContent with lazy=false
02:16:29.620 [main] DEBUG org.hibernate.cfg.AbstractPropertyHolder - Attempting to locate auto-apply AttributeConverter for property [com.ashutosh.socialhub.domain.Forum:forumContent]
02:16:29.620 [main] DEBUG org.hibernate.cfg.annotations.SimpleValueBinder - building SimpleValue for forumContent
02:16:29.620 [main] DEBUG org.hibernate.cfg.annotations.PropertyBinder - Building property forumContent
02:16:29.620 [main] DEBUG org.hibernate.cfg.Ejb3Column - Binding column: Ejb3Column{table=org.hibernate.mapping.Table(Forum), mappingColumn=forumName, insertable=true, updatable=true, unique=false}
02:16:29.620 [main] DEBUG org.hibernate.cfg.annotations.PropertyBinder - MetadataSourceProcessor property forumName with lazy=false
02:16:29.620 [main] DEBUG org.hibernate.cfg.AbstractPropertyHolder - Attempting to locate auto-apply AttributeConverter for property [com.ashutosh.socialhub.domain.Forum:forumName]
02:16:29.620 [main] DEBUG org.hibernate.cfg.annotations.SimpleValueBinder - building SimpleValue for forumName
02:16:29.620 [main] DEBUG org.hibernate.cfg.annotations.PropertyBinder - Building property forumName
02:16:29.621 [main] DEBUG org.hibernate.cfg.Ejb3Column - Binding column: Ejb3Column{table=org.hibernate.mapping.Table(Forum), mappingColumn=loginname, insertable=true, updatable=true, unique=false}
02:16:29.621 [main] DEBUG org.hibernate.cfg.annotations.PropertyBinder - MetadataSourceProcessor property loginname with lazy=false
02:16:29.621 [main] DEBUG org.hibernate.cfg.AbstractPropertyHolder - Attempting to locate auto-apply AttributeConverter for property [com.ashutosh.socialhub.domain.Forum:loginname]
02:16:29.621 [main] DEBUG org.hibernate.cfg.annotations.SimpleValueBinder - building SimpleValue for loginname
02:16:29.621 [main] DEBUG org.hibernate.cfg.annotations.PropertyBinder - Building property loginname
02:16:29.621 [main] DEBUG org.hibernate.cfg.Ejb3Column - Binding column: Ejb3Column{table=org.hibernate.mapping.Table(Forum), mappingColumn=status, insertable=true, updatable=true, unique=false}
02:16:29.621 [main] DEBUG org.hibernate.cfg.annotations.PropertyBinder - MetadataSourceProcessor property status with lazy=false
02:16:29.621 [main] DEBUG org.hibernate.cfg.AbstractPropertyHolder - Attempting to locate auto-apply AttributeConverter for property [com.ashutosh.socialhub.domain.Forum:status]
02:16:29.621 [main] DEBUG org.hibernate.cfg.annotations.SimpleValueBinder - building SimpleValue for status
02:16:29.621 [main] DEBUG org.hibernate.cfg.annotations.PropertyBinder - Building property status
02:16:29.622 [main] DEBUG org.hibernate.cfg.AnnotationBinder - Binding entity from annotated class: com.ashutosh.socialhub.domain.ForumComment
02:16:29.622 [main] DEBUG org.hibernate.cfg.Ejb3Column - Binding column: Ejb3DiscriminatorColumn{logicalColumnName&apos;DTYPE&apos;, discriminatorTypeName=&apos;string&apos;}
02:16:29.622 [main] DEBUG org.hibernate.cfg.annotations.EntityBinder - Import with entity name ForumComment
02:16:29.622 [main] DEBUG org.hibernate.cfg.annotations.EntityBinder - Bind entity com.ashutosh.socialhub.domain.ForumComment on table ForumComment
02:16:29.642 [main] DEBUG org.hibernate.cfg.Ejb3Column - Binding column: Ejb3Column{table=org.hibernate.mapping.Table(ForumComment), mappingColumn=commentid, insertable=true, updatable=true, unique=false}
02:16:29.643 [main] DEBUG org.hibernate.cfg.annotations.PropertyBinder - MetadataSourceProcessor property commentid with lazy=false
02:16:29.643 [main] DEBUG org.hibernate.cfg.AbstractPropertyHolder - Attempting to locate auto-apply AttributeConverter for property [com.ashutosh.socialhub.domain.ForumComment:commentid]
02:16:29.643 [main] DEBUG org.hibernate.cfg.annotations.SimpleValueBinder - building SimpleValue for commentid
02:16:29.644 [main] DEBUG org.hibernate.cfg.annotations.PropertyBinder - Building property commentid
02:16:29.644 [main] DEBUG org.hibernate.cfg.Ejb3Column - Binding column: Ejb3Column{table=org.hibernate.mapping.Table(ForumComment), mappingColumn=discussionDate, insertable=true, updatable=true, unique=false}
02:16:29.644 [main] DEBUG org.hibernate.cfg.annotations.PropertyBinder - MetadataSourceProcessor property discussionDate with lazy=false
02:16:29.645 [main] DEBUG org.hibernate.cfg.AbstractPropertyHolder - Attempting to locate auto-apply AttributeConverter for property [com.ashutosh.socialhub.domain.ForumComment:discussionDate]
02:16:29.645 [main] DEBUG org.hibernate.cfg.annotations.SimpleValueBinder - building SimpleValue for discussionDate
02:16:29.645 [main] DEBUG org.hibernate.cfg.annotations.PropertyBinder - Building property discussionDate
02:16:29.645 [main] DEBUG org.hibernate.cfg.Ejb3Column - Binding column: Ejb3Column{table=org.hibernate.mapping.Table(ForumComment), mappingColumn=discussiontext, insertable=true, updatable=true, unique=false}
02:16:29.645 [main] DEBUG org.hibernate.cfg.annotations.PropertyBinder - MetadataSourceProcessor property discussiontext with lazy=false
02:16:29.646 [main] DEBUG org.hibernate.cfg.AbstractPropertyHolder - Attempting to locate auto-apply AttributeConverter for property [com.ashutosh.socialhub.domain.ForumComment:discussiontext]
02:16:29.646 [main] DEBUG org.hibernate.cfg.annotations.SimpleValueBinder - building SimpleValue for discussiontext
02:16:29.646 [main] DEBUG org.hibernate.cfg.annotations.PropertyBinder - Building property discussiontext
02:16:29.646 [main] DEBUG org.hibernate.cfg.Ejb3Column - Binding column: Ejb3Column{table=org.hibernate.mapping.Table(ForumComment), mappingColumn=forumid, insertable=true, updatable=true, unique=false}
02:16:29.647 [main] DEBUG org.hibernate.cfg.annotations.PropertyBinder - MetadataSourceProcessor property forumid with lazy=false
02:16:29.647 [main] DEBUG org.hibernate.cfg.AbstractPropertyHolder - Attempting to locate auto-apply AttributeConverter for property [com.ashutosh.socialhub.domain.ForumComment:forumid]
02:16:29.647 [main] DEBUG org.hibernate.cfg.annotations.SimpleValueBinder - building SimpleValue for forumid
02:16:29.647 [main] DEBUG org.hibernate.cfg.annotations.PropertyBinder - Building property forumid
02:16:29.647 [main] DEBUG org.hibernate.cfg.Ejb3Column - Binding column: Ejb3Column{table=org.hibernate.mapping.Table(ForumComment), mappingColumn=loginname, insertable=true, updatable=true, unique=false}
02:16:29.648 [main] DEBUG org.hibernate.cfg.annotations.PropertyBinder - MetadataSourceProcessor property loginname with lazy=false
02:16:29.648 [main] DEBUG org.hibernate.cfg.AbstractPropertyHolder - Attempting to locate auto-apply AttributeConverter for property [com.ashutosh.socialhub.domain.ForumComment:loginname]
02:16:29.648 [main] DEBUG org.hibernate.cfg.annotations.SimpleValueBinder - building SimpleValue for loginname
02:16:29.648 [main] DEBUG org.hibernate.cfg.annotations.PropertyBinder - Building property loginname
02:16:29.648 [main] DEBUG org.hibernate.cfg.AnnotationBinder - Binding entity from annotated class: com.ashutosh.socialhub.domain.Friend
02:16:29.648 [main] DEBUG org.hibernate.cfg.Ejb3Column - Binding column: Ejb3DiscriminatorColumn{logicalColumnName&apos;DTYPE&apos;, discriminatorTypeName=&apos;string&apos;}
02:16:29.648 [main] DEBUG org.hibernate.cfg.annotations.EntityBinder - Import with entity name Friend
02:16:29.648 [main] DEBUG org.hibernate.cfg.annotations.EntityBinder - Bind entity com.ashutosh.socialhub.domain.Friend on table Friend
02:16:29.649 [main] DEBUG org.hibernate.cfg.Ejb3Column - Binding column: Ejb3Column{table=org.hibernate.mapping.Table(Friend), mappingColumn=friendid, insertable=true, updatable=true, unique=false}
02:16:29.650 [main] DEBUG org.hibernate.cfg.annotations.PropertyBinder - MetadataSourceProcessor property friendid with lazy=false
02:16:29.650 [main] DEBUG org.hibernate.cfg.AbstractPropertyHolder - Attempting to locate auto-apply AttributeConverter for property [com.ashutosh.socialhub.domain.Friend:friendid]
02:16:29.650 [main] DEBUG org.hibernate.cfg.annotations.SimpleValueBinder - building SimpleValue for friendid
02:16:29.650 [main] DEBUG org.hibernate.cfg.annotations.PropertyBinder - Building property friendid
02:16:29.650 [main] DEBUG org.hibernate.cfg.Ejb3Column - Binding column: Ejb3Column{table=org.hibernate.mapping.Table(Friend), mappingColumn=friendname, insertable=true, updatable=true, unique=false}
02:16:29.650 [main] DEBUG org.hibernate.cfg.annotations.PropertyBinder - MetadataSourceProcessor property friendname with lazy=false
02:16:29.651 [main] DEBUG org.hibernate.cfg.AbstractPropertyHolder - Attempting to locate auto-apply AttributeConverter for property [com.ashutosh.socialhub.domain.Friend:friendname]
02:16:29.651 [main] DEBUG org.hibernate.cfg.annotations.SimpleValueBinder - building SimpleValue for friendname
02:16:29.651 [main] DEBUG org.hibernate.cfg.annotations.PropertyBinder - Building property friendname
02:16:29.651 [main] DEBUG org.hibernate.cfg.Ejb3Column - Binding column: Ejb3Column{table=org.hibernate.mapping.Table(Friend), mappingColumn=loginname, insertable=true, updatable=true, unique=false}
02:16:29.651 [main] DEBUG org.hibernate.cfg.annotations.PropertyBinder - MetadataSourceProcessor property loginname with lazy=false
02:16:29.652 [main] DEBUG org.hibernate.cfg.AbstractPropertyHolder - Attempting to locate auto-apply AttributeConverter for property [com.ashutosh.socialhub.domain.Friend:loginname]
02:16:29.652 [main] DEBUG org.hibernate.cfg.annotations.SimpleValueBinder - building SimpleValue for loginname
02:16:29.652 [main] DEBUG org.hibernate.cfg.annotations.PropertyBinder - Building property loginname
02:16:29.654 [main] DEBUG org.hibernate.cfg.Ejb3Column - Binding column: Ejb3Column{table=org.hibernate.mapping.Table(Friend), mappingColumn=status, insertable=true, updatable=true, unique=false}
02:16:29.654 [main] DEBUG org.hibernate.cfg.annotations.PropertyBinder - MetadataSourceProcessor property status with lazy=false
02:16:29.655 [main] DEBUG org.hibernate.cfg.AbstractPropertyHolder - Attempting to locate auto-apply AttributeConverter for property [com.ashutosh.socialhub.domain.Friend:status]
02:16:29.655 [main] DEBUG org.hibernate.cfg.annotations.SimpleValueBinder - building SimpleValue for status
02:16:29.655 [main] DEBUG org.hibernate.cfg.annotations.PropertyBinder - Building property status
02:16:29.655 [main] DEBUG org.hibernate.cfg.AnnotationBinder - Binding entity from annotated class: com.ashutosh.socialhub.domain.JobApplication
02:16:29.656 [main] DEBUG org.hibernate.cfg.Ejb3Column - Binding column: Ejb3DiscriminatorColumn{logicalColumnName&apos;DTYPE&apos;, discriminatorTypeName=&apos;string&apos;}
02:16:29.656 [main] DEBUG org.hibernate.cfg.annotations.EntityBinder - Import with entity name JobApplication
02:16:29.656 [main] DEBUG org.hibernate.cfg.annotations.EntityBinder - Bind entity com.ashutosh.socialhub.domain.JobApplication on table JobApplication
02:16:29.657 [main] DEBUG org.hibernate.cfg.Ejb3Column - Binding column: Ejb3Column{table=org.hibernate.mapping.Table(JobApplication), mappingColumn=jobappid, insertable=true, updatable=true, unique=false}
02:16:29.657 [main] DEBUG org.hibernate.cfg.annotations.PropertyBinder - MetadataSourceProcessor property jobappid with lazy=false
02:16:29.657 [main] DEBUG org.hibernate.cfg.AbstractPropertyHolder - Attempting to locate auto-apply AttributeConverter for property [com.ashutosh.socialhub.domain.JobApplication:jobappid]
02:16:29.658 [main] DEBUG org.hibernate.cfg.annotations.SimpleValueBinder - building SimpleValue for jobappid
02:16:29.658 [main] DEBUG org.hibernate.cfg.annotations.PropertyBinder - Building property jobappid
02:16:29.658 [main] DEBUG org.hibernate.cfg.Ejb3Column - Binding column: Ejb3Column{table=org.hibernate.mapping.Table(JobApplication), mappingColumn=applied_date, insertable=true, updatable=true, unique=false}
02:16:29.658 [main] DEBUG org.hibernate.cfg.annotations.PropertyBinder - MetadataSourceProcessor property applied_date with lazy=false
02:16:29.659 [main] DEBUG org.hibernate.cfg.AbstractPropertyHolder - Attempting to locate auto-apply AttributeConverter for property [com.ashutosh.socialhub.domain.JobApplication:applied_date]
02:16:29.659 [main] DEBUG org.hibernate.cfg.annotations.SimpleValueBinder - building SimpleValue for applied_date
02:16:29.659 [main] DEBUG org.hibernate.cfg.annotations.PropertyBinder - Building property applied_date
02:16:29.659 [main] DEBUG org.hibernate.cfg.Ejb3Column - Binding column: Ejb3Column{table=org.hibernate.mapping.Table(JobApplication), mappingColumn=emailid, insertable=true, updatable=true, unique=false}
02:16:29.659 [main] DEBUG org.hibernate.cfg.annotations.PropertyBinder - MetadataSourceProcessor property emailid with lazy=false
02:16:29.659 [main] DEBUG org.hibernate.cfg.AbstractPropertyHolder - Attempting to locate auto-apply AttributeConverter for property [com.ashutosh.socialhub.domain.JobApplication:emailid]
02:16:29.660 [main] DEBUG org.hibernate.cfg.annotations.SimpleValueBinder - building SimpleValue for emailid
02:16:29.660 [main] DEBUG org.hibernate.cfg.annotations.PropertyBinder - Building property emailid
02:16:29.660 [main] DEBUG org.hibernate.cfg.Ejb3Column - Binding column: Ejb3Column{table=org.hibernate.mapping.Table(JobApplication), mappingColumn=jobappstatus, insertable=true, updatable=true, unique=false}
02:16:29.660 [main] DEBUG org.hibernate.cfg.annotations.PropertyBinder - MetadataSourceProcessor property jobappstatus with lazy=false
02:16:29.660 [main] DEBUG org.hibernate.cfg.AbstractPropertyHolder - Attempting to locate auto-apply AttributeConverter for property [com.ashutosh.socialhub.domain.JobApplication:jobappstatus]
02:16:29.660 [main] DEBUG org.hibernate.cfg.annotations.SimpleValueBinder - building SimpleValue for jobappstatus
02:16:29.661 [main] DEBUG org.hibernate.cfg.annotations.PropertyBinder - Building property jobappstatus
02:16:29.661 [main] DEBUG org.hibernate.cfg.Ejb3Column - Binding column: Ejb3Column{table=org.hibernate.mapping.Table(JobApplication), mappingColumn=jobdescription, insertable=true, updatable=true, unique=false}
02:16:29.661 [main] DEBUG org.hibernate.cfg.annotations.PropertyBinder - MetadataSourceProcessor property jobdescription with lazy=false
02:16:29.661 [main] DEBUG org.hibernate.cfg.AbstractPropertyHolder - Attempting to locate auto-apply AttributeConverter for property [com.ashutosh.socialhub.domain.JobApplication:jobdescription]
02:16:29.661 [main] DEBUG org.hibernate.cfg.annotations.SimpleValueBinder - building SimpleValue for jobdescription
02:16:29.661 [main] DEBUG org.hibernate.cfg.annotations.PropertyBinder - Building property jobdescription
02:16:29.661 [main] DEBUG org.hibernate.cfg.Ejb3Column - Binding column: Ejb3Column{table=org.hibernate.mapping.Table(JobApplication), mappingColumn=jobid, insertable=true, updatable=true, unique=false}
02:16:29.661 [main] DEBUG org.hibernate.cfg.annotations.PropertyBinder - MetadataSourceProcessor property jobid with lazy=false
02:16:29.661 [main] DEBUG org.hibernate.cfg.AbstractPropertyHolder - Attempting to locate auto-apply AttributeConverter for property [com.ashutosh.socialhub.domain.JobApplication:jobid]
02:16:29.661 [main] DEBUG org.hibernate.cfg.annotations.SimpleValueBinder - building SimpleValue for jobid
02:16:29.662 [main] DEBUG org.hibernate.cfg.annotations.PropertyBinder - Building property jobid
02:16:29.662 [main] DEBUG org.hibernate.cfg.Ejb3Column - Binding column: Ejb3Column{table=org.hibernate.mapping.Table(JobApplication), mappingColumn=jobtitle, insertable=true, updatable=true, unique=false}
02:16:29.662 [main] DEBUG org.hibernate.cfg.annotations.PropertyBinder - MetadataSourceProcessor property jobtitle with lazy=false
02:16:29.662 [main] DEBUG org.hibernate.cfg.AbstractPropertyHolder - Attempting to locate auto-apply AttributeConverter for property [com.ashutosh.socialhub.domain.JobApplication:jobtitle]
02:16:29.662 [main] DEBUG org.hibernate.cfg.annotations.SimpleValueBinder - building SimpleValue for jobtitle
02:16:29.662 [main] DEBUG org.hibernate.cfg.annotations.PropertyBinder - Building property jobtitle
02:16:29.662 [main] DEBUG org.hibernate.cfg.Ejb3Column - Binding column: Ejb3Column{table=org.hibernate.mapping.Table(JobApplication), mappingColumn=loginname, insertable=true, updatable=true, unique=false}
02:16:29.662 [main] DEBUG org.hibernate.cfg.annotations.PropertyBinder - MetadataSourceProcessor property loginname with lazy=false
02:16:29.662 [main] DEBUG org.hibernate.cfg.AbstractPropertyHolder - Attempting to locate auto-apply AttributeConverter for property [com.ashutosh.socialhub.domain.JobApplication:loginname]
02:16:29.663 [main] DEBUG org.hibernate.cfg.annotations.SimpleValueBinder - building SimpleValue for loginname
02:16:29.663 [main] DEBUG org.hibernate.cfg.annotations.PropertyBinder - Building property loginname
02:16:29.663 [main] DEBUG org.hibernate.cfg.Ejb3Column - Binding column: Ejb3Column{table=org.hibernate.mapping.Table(JobApplication), mappingColumn=reason, insertable=true, updatable=true, unique=false}
02:16:29.663 [main] DEBUG org.hibernate.cfg.annotations.PropertyBinder - MetadataSourceProcessor property reason with lazy=false
02:16:29.663 [main] DEBUG org.hibernate.cfg.AbstractPropertyHolder - Attempting to locate auto-apply AttributeConverter for property [com.ashutosh.socialhub.domain.JobApplication:reason]
02:16:29.663 [main] DEBUG org.hibernate.cfg.annotations.SimpleValueBinder - building SimpleValue for reason
02:16:29.664 [main] DEBUG org.hibernate.cfg.annotations.PropertyBinder - Building property reason
02:16:29.664 [main] DEBUG org.hibernate.cfg.AnnotationBinder - Binding entity from annotated class: com.ashutosh.socialhub.domain.JobDetail
02:16:29.664 [main] DEBUG org.hibernate.cfg.Ejb3Column - Binding column: Ejb3DiscriminatorColumn{logicalColumnName&apos;DTYPE&apos;, discriminatorTypeName=&apos;string&apos;}
02:16:29.664 [main] DEBUG org.hibernate.cfg.annotations.EntityBinder - Import with entity name JobDetail
02:16:29.664 [main] DEBUG org.hibernate.cfg.annotations.EntityBinder - Bind entity com.ashutosh.socialhub.domain.JobDetail on table JobDetail
02:16:29.665 [main] DEBUG org.hibernate.cfg.Ejb3Column - Binding column: Ejb3Column{table=org.hibernate.mapping.Table(JobDetail), mappingColumn=jobId, insertable=true, updatable=true, unique=false}
02:16:29.666 [main] DEBUG org.hibernate.cfg.annotations.PropertyBinder - MetadataSourceProcessor property jobId with lazy=false
02:16:29.666 [main] DEBUG org.hibernate.cfg.AbstractPropertyHolder - Attempting to locate auto-apply AttributeConverter for property [com.ashutosh.socialhub.domain.JobDetail:jobId]
02:16:29.666 [main] DEBUG org.hibernate.cfg.annotations.SimpleValueBinder - building SimpleValue for jobId
02:16:29.666 [main] DEBUG org.hibernate.cfg.annotations.PropertyBinder - Building property jobId
02:16:29.666 [main] DEBUG org.hibernate.cfg.Ejb3Column - Binding column: Ejb3Column{table=org.hibernate.mapping.Table(JobDetail), mappingColumn=Designation, insertable=true, updatable=true, unique=false}
02:16:29.667 [main] DEBUG org.hibernate.cfg.annotations.PropertyBinder - MetadataSourceProcessor property Designation with lazy=false
02:16:29.667 [main] DEBUG org.hibernate.cfg.AbstractPropertyHolder - Attempting to locate auto-apply AttributeConverter for property [com.ashutosh.socialhub.domain.JobDetail:Designation]
02:16:29.667 [main] DEBUG org.hibernate.cfg.annotations.SimpleValueBinder - building SimpleValue for Designation
02:16:29.667 [main] DEBUG org.hibernate.cfg.annotations.PropertyBinder - Building property Designation
02:16:29.667 [main] DEBUG org.hibernate.cfg.Ejb3Column - Binding column: Ejb3Column{table=org.hibernate.mapping.Table(JobDetail), mappingColumn=LastDate, insertable=true, updatable=true, unique=false}
02:16:29.667 [main] DEBUG org.hibernate.cfg.annotations.PropertyBinder - MetadataSourceProcessor property LastDate with lazy=false
02:16:29.667 [main] DEBUG org.hibernate.cfg.AbstractPropertyHolder - Attempting to locate auto-apply AttributeConverter for property [com.ashutosh.socialhub.domain.JobDetail:LastDate]
02:16:29.668 [main] DEBUG org.hibernate.cfg.annotations.SimpleValueBinder - building SimpleValue for LastDate
02:16:29.668 [main] DEBUG org.hibernate.cfg.annotations.PropertyBinder - Building property LastDate
02:16:29.668 [main] DEBUG org.hibernate.cfg.Ejb3Column - Binding column: Ejb3Column{table=org.hibernate.mapping.Table(JobDetail), mappingColumn=company, insertable=true, updatable=true, unique=false}
02:16:29.668 [main] DEBUG org.hibernate.cfg.annotations.PropertyBinder - MetadataSourceProcessor property company with lazy=false
02:16:29.668 [main] DEBUG org.hibernate.cfg.AbstractPropertyHolder - Attempting to locate auto-apply AttributeConverter for property [com.ashutosh.socialhub.domain.JobDetail:company]
02:16:29.670 [main] DEBUG org.hibernate.cfg.annotations.SimpleValueBinder - building SimpleValue for company
02:16:29.670 [main] DEBUG org.hibernate.cfg.annotations.PropertyBinder - Building property company
02:16:29.671 [main] DEBUG org.hibernate.cfg.Ejb3Column - Binding column: Ejb3Column{table=org.hibernate.mapping.Table(JobDetail), mappingColumn=ctc, insertable=true, updatable=true, unique=false}
02:16:29.671 [main] DEBUG org.hibernate.cfg.annotations.PropertyBinder - MetadataSourceProcessor property ctc with lazy=false
02:16:29.671 [main] DEBUG org.hibernate.cfg.AbstractPropertyHolder - Attempting to locate auto-apply AttributeConverter for property [com.ashutosh.socialhub.domain.JobDetail:ctc]
02:16:29.671 [main] DEBUG org.hibernate.cfg.annotations.SimpleValueBinder - building SimpleValue for ctc
02:16:29.671 [main] DEBUG org.hibernate.cfg.annotations.PropertyBinder - Building property ctc
02:16:29.671 [main] DEBUG org.hibernate.cfg.Ejb3Column - Binding column: Ejb3Column{table=org.hibernate.mapping.Table(JobDetail), mappingColumn=location, insertable=true, updatable=true, unique=false}
02:16:29.672 [main] DEBUG org.hibernate.cfg.annotations.PropertyBinder - MetadataSourceProcessor property location with lazy=false
02:16:29.672 [main] DEBUG org.hibernate.cfg.AbstractPropertyHolder - Attempting to locate auto-apply AttributeConverter for property [com.ashutosh.socialhub.domain.JobDetail:location]
02:16:29.672 [main] DEBUG org.hibernate.cfg.annotations.SimpleValueBinder - building SimpleValue for location
02:16:29.672 [main] DEBUG org.hibernate.cfg.annotations.PropertyBinder - Building property location
02:16:29.672 [main] DEBUG org.hibernate.cfg.Ejb3Column - Binding column: Ejb3Column{table=org.hibernate.mapping.Table(JobDetail), mappingColumn=roles, insertable=true, updatable=true, unique=false}
02:16:29.673 [main] DEBUG org.hibernate.cfg.annotations.PropertyBinder - MetadataSourceProcessor property roles with lazy=false
02:16:29.673 [main] DEBUG org.hibernate.cfg.AbstractPropertyHolder - Attempting to locate auto-apply AttributeConverter for property [com.ashutosh.socialhub.domain.JobDetail:roles]
02:16:29.673 [main] DEBUG org.hibernate.cfg.annotations.SimpleValueBinder - building SimpleValue for roles
02:16:29.673 [main] DEBUG org.hibernate.cfg.annotations.PropertyBinder - Building property roles
02:16:29.673 [main] DEBUG org.hibernate.cfg.Ejb3Column - Binding column: Ejb3Column{table=org.hibernate.mapping.Table(JobDetail), mappingColumn=skills, insertable=true, updatable=true, unique=false}
02:16:29.673 [main] DEBUG org.hibernate.cfg.annotations.PropertyBinder - MetadataSourceProcessor property skills with lazy=false
02:16:29.674 [main] DEBUG org.hibernate.cfg.AbstractPropertyHolder - Attempting to locate auto-apply AttributeConverter for property [com.ashutosh.socialhub.domain.JobDetail:skills]
02:16:29.674 [main] DEBUG org.hibernate.cfg.annotations.SimpleValueBinder - building SimpleValue for skills
02:16:29.674 [main] DEBUG org.hibernate.cfg.annotations.PropertyBinder - Building property skills
02:16:29.674 [main] DEBUG org.hibernate.cfg.AnnotationBinder - Binding entity from annotated class: com.ashutosh.socialhub.domain.ProfileImage
02:16:29.675 [main] DEBUG org.hibernate.cfg.Ejb3Column - Binding column: Ejb3DiscriminatorColumn{logicalColumnName&apos;DTYPE&apos;, discriminatorTypeName=&apos;string&apos;}
02:16:29.675 [main] DEBUG org.hibernate.cfg.annotations.EntityBinder - Import with entity name ProfileImage
02:16:29.675 [main] DEBUG org.hibernate.cfg.annotations.EntityBinder - Bind entity com.ashutosh.socialhub.domain.ProfileImage on table ProfileImage
02:16:29.676 [main] DEBUG org.hibernate.cfg.Ejb3Column - Binding column: Ejb3Column{table=org.hibernate.mapping.Table(ProfileImage), mappingColumn=loginname, insertable=true, updatable=true, unique=false}
02:16:29.676 [main] DEBUG org.hibernate.cfg.annotations.PropertyBinder - MetadataSourceProcessor property loginname with lazy=false
02:16:29.676 [main] DEBUG org.hibernate.cfg.AbstractPropertyHolder - Attempting to locate auto-apply AttributeConverter for property [com.ashutosh.socialhub.domain.ProfileImage:loginname]
02:16:29.676 [main] DEBUG org.hibernate.cfg.annotations.SimpleValueBinder - building SimpleValue for loginname
02:16:29.676 [main] DEBUG org.hibernate.cfg.annotations.PropertyBinder - Building property loginname
02:16:29.677 [main] DEBUG org.hibernate.cfg.Ejb3Column - Binding column: Ejb3Column{table=org.hibernate.mapping.Table(ProfileImage), mappingColumn=picture, insertable=true, updatable=true, unique=false}
02:16:29.677 [main] DEBUG org.hibernate.cfg.annotations.PropertyBinder - MetadataSourceProcessor property picture with lazy=false
02:16:29.677 [main] DEBUG org.hibernate.cfg.AbstractPropertyHolder - Attempting to locate auto-apply AttributeConverter for property [com.ashutosh.socialhub.domain.ProfileImage:picture]
02:16:29.677 [main] DEBUG org.hibernate.cfg.annotations.SimpleValueBinder - building SimpleValue for picture
02:16:29.677 [main] DEBUG org.hibernate.cfg.annotations.PropertyBinder - Building property picture
02:16:29.677 [main] DEBUG org.hibernate.cfg.AnnotationBinder - Binding entity from annotated class: com.ashutosh.socialhub.domain.Suggestion
02:16:29.677 [main] DEBUG org.hibernate.cfg.Ejb3Column - Binding column: Ejb3DiscriminatorColumn{logicalColumnName&apos;DTYPE&apos;, discriminatorTypeName=&apos;string&apos;}
02:16:29.677 [main] DEBUG org.hibernate.cfg.annotations.EntityBinder - Import with entity name Suggestion
02:16:29.677 [main] DEBUG org.hibernate.cfg.annotations.EntityBinder - Bind entity com.ashutosh.socialhub.domain.Suggestion on table Suggestion
02:16:29.678 [main] WARN org.springframework.context.annotation.AnnotationConfigApplicationContext - Exception encountered during context initialization - cancelling refresh attempt: org.springframework.beans.factory.UnsatisfiedDependencyException: Error creating bean with name &apos;blogcommentDAO&apos;: Unsatisfied dependency expressed through field &apos;sessionFactory&apos;; nested exception is org.springframework.beans.factory.BeanCreationException: Error creating bean with name &apos;sessionFactory&apos; defined in com.ashutosh.socialhub.config.ApplicationContextConfig: Bean instantiation via factory method failed; nested exception is org.springframework.beans.BeanInstantiationException: Failed to instantiate [org.hibernate.SessionFactory]: Factory method &apos;getSessionFactory&apos; threw exception; nested exception is org.hibernate.AnnotationException: No identifier specified for entity: com.ashutosh.socialhub.domain.Suggestion
02:16:29.678 [main] DEBUG org.springframework.beans.factory.support.DefaultListableBeanFactory - Destroying singletons in org.springframework.beans.factory.support.DefaultListableBeanFactory@ff23ae7: defining beans [org.springframework.context.annotation.internalConfigurationAnnotationProcessor,org.springframework.context.annotation.internalAutowiredAnnotationProcessor,org.springframework.context.annotation.internalRequiredAnnotationProcessor,org.springframework.context.annotation.internalPersistenceAnnotationProcessor,org.springframework.context.event.internalEventListenerProcessor,org.springframework.context.event.internalEventListenerFactory,applicationContextConfig,blogcommentDAO,blogDAO,forumcommentDAO,forumDAO,friendDAO,jobappDAO,jobdetailDAO,profilepictureDAO,suggestionDAO,userDAO,blog,blogcomment,forum,forumComment,friend,jobApplication,jobDetail,profileImage,suggestion,userDetail,org.springframework.transaction.annotation.ProxyTransactionManagementConfiguration,org.springframework.transaction.config.internalTransactionAdvisor,transactionAttributeSource,transactionInterceptor,org.springframework.transaction.config.internalTransactionalEventListenerFactory,dataSource,sessionFactory,transactionManager,org.springframework.aop.config.internalAutoProxyCreator]; root of factory hierarchy
</system-out>
  </testcase>
</testsuite>